/home/rosbot/dev_ws/install/base/lib/python3.6/site-packages/base/drivetrain.py
/home/rosbot/dev_ws/install/base/lib/python3.6/site-packages/base/pca.py
/home/rosbot/dev_ws/install/base/lib/python3.6/site-packages/base/__init__.py
/home/rosbot/dev_ws/install/base/lib/python3.6/site-packages/base/tester.py
/home/rosbot/dev_ws/install/base/lib/python3.6/site-packages/base/__pycache__/drivetrain.cpython-36.pyc
/home/rosbot/dev_ws/install/base/lib/python3.6/site-packages/base/__pycache__/pca.cpython-36.pyc
/home/rosbot/dev_ws/install/base/lib/python3.6/site-packages/base/__pycache__/__init__.cpython-36.pyc
/home/rosbot/dev_ws/install/base/lib/python3.6/site-packages/base/__pycache__/tester.cpython-36.pyc
/home/rosbot/dev_ws/install/base/share/ament_index/resource_index/packages/base
/home/rosbot/dev_ws/install/base/share/base/package.xml
/home/rosbot/dev_ws/install/base/lib/python3.6/site-packages/base-0.0.0-py3.6.egg-info/SOURCES.txt
/home/rosbot/dev_ws/install/base/lib/python3.6/site-packages/base-0.0.0-py3.6.egg-info/PKG-INFO
/home/rosbot/dev_ws/install/base/lib/python3.6/site-packages/base-0.0.0-py3.6.egg-info/top_level.txt
/home/rosbot/dev_ws/install/base/lib/python3.6/site-packages/base-0.0.0-py3.6.egg-info/entry_points.txt
/home/rosbot/dev_ws/install/base/lib/python3.6/site-packages/base-0.0.0-py3.6.egg-info/zip-safe
/home/rosbot/dev_ws/install/base/lib/python3.6/site-packages/base-0.0.0-py3.6.egg-info/dependency_links.txt
/home/rosbot/dev_ws/install/base/lib/python3.6/site-packages/base-0.0.0-py3.6.egg-info/requires.txt
/home/rosbot/dev_ws/install/base/lib/base/drivetrain
/home/rosbot/dev_ws/install/base/lib/base/pca
/home/rosbot/dev_ws/install/base/lib/base/tester
