[0.511s] Invoking command in '/home/rosbot/dev_ws/build/rosbridge_library': AMENT_PREFIX_PATH=/home/rosbot/dev_ws/install/rosbridge_test_msgs:${AMENT_PREFIX_PATH} CMAKE_PREFIX_PATH=/home/rosbot/dev_ws/install/rosbridge_test_msgs:/opt/ros/eloquent LD_LIBRARY_PATH=/home/rosbot/dev_ws/install/rosbridge_test_msgs/lib:${LD_LIBRARY_PATH} PYTHONPATH=/home/rosbot/dev_ws/install/rosbridge_test_msgs/lib/python3.6/site-packages:${PYTHONPATH} /usr/bin/cmake --build /home/rosbot/dev_ws/build/rosbridge_library -- -j4 -l4
[2.697s] Invoked command in '/home/rosbot/dev_ws/build/rosbridge_library' returned '0': AMENT_PREFIX_PATH=/home/rosbot/dev_ws/install/rosbridge_test_msgs:${AMENT_PREFIX_PATH} CMAKE_PREFIX_PATH=/home/rosbot/dev_ws/install/rosbridge_test_msgs:/opt/ros/eloquent LD_LIBRARY_PATH=/home/rosbot/dev_ws/install/rosbridge_test_msgs/lib:${LD_LIBRARY_PATH} PYTHONPATH=/home/rosbot/dev_ws/install/rosbridge_test_msgs/lib/python3.6/site-packages:${PYTHONPATH} /usr/bin/cmake --build /home/rosbot/dev_ws/build/rosbridge_library -- -j4 -l4
[2.801s] Invoking command in '/home/rosbot/dev_ws/build/rosbridge_library': AMENT_PREFIX_PATH=/home/rosbot/dev_ws/install/rosbridge_test_msgs:${AMENT_PREFIX_PATH} CMAKE_PREFIX_PATH=/home/rosbot/dev_ws/install/rosbridge_test_msgs:/opt/ros/eloquent LD_LIBRARY_PATH=/home/rosbot/dev_ws/install/rosbridge_test_msgs/lib:${LD_LIBRARY_PATH} PYTHONPATH=/home/rosbot/dev_ws/install/rosbridge_test_msgs/lib/python3.6/site-packages:${PYTHONPATH} /usr/bin/cmake --build /home/rosbot/dev_ws/build/rosbridge_library --target install -- -j4 -l4
[3.015s] [36mInstall the project...[0m
[3.053s] -- Install configuration: ""
[3.054s] -- Execute custom install script
[3.055s] -- Up-to-date symlink: /home/rosbot/dev_ws/install/rosbridge_library/share/rosbridge_library/environment/pythonpath.sh
[3.061s] -- Up-to-date symlink: /home/rosbot/dev_ws/install/rosbridge_library/share/rosbridge_library/environment/pythonpath.dsv
[3.068s] -- Up-to-date symlink: /home/rosbot/dev_ws/install/rosbridge_library/lib/python3.6/site-packages/rosbridge_library/__init__.py
[3.068s] -- Up-to-date symlink: /home/rosbot/dev_ws/install/rosbridge_library/lib/python3.6/site-packages/rosbridge_library/capabilities/__init__.py
[3.069s] -- Up-to-date symlink: /home/rosbot/dev_ws/install/rosbridge_library/lib/python3.6/site-packages/rosbridge_library/capabilities/advertise.py
[3.070s] -- Up-to-date symlink: /home/rosbot/dev_ws/install/rosbridge_library/lib/python3.6/site-packages/rosbridge_library/capabilities/advertise_service.py
[3.070s] -- Up-to-date symlink: /home/rosbot/dev_ws/install/rosbridge_library/lib/python3.6/site-packages/rosbridge_library/capabilities/call_service.py
[3.071s] -- Up-to-date symlink: /home/rosbot/dev_ws/install/rosbridge_library/lib/python3.6/site-packages/rosbridge_library/capabilities/defragmentation.py
[3.072s] -- Up-to-date symlink: /home/rosbot/dev_ws/install/rosbridge_library/lib/python3.6/site-packages/rosbridge_library/capabilities/fragmentation.py
[3.078s] -- Up-to-date symlink: /home/rosbot/dev_ws/install/rosbridge_library/lib/python3.6/site-packages/rosbridge_library/capabilities/publish.py
[3.078s] -- Up-to-date symlink: /home/rosbot/dev_ws/install/rosbridge_library/lib/python3.6/site-packages/rosbridge_library/capabilities/service_response.py
[3.079s] -- Up-to-date symlink: /home/rosbot/dev_ws/install/rosbridge_library/lib/python3.6/site-packages/rosbridge_library/capabilities/subscribe.py
[3.080s] -- Up-to-date symlink: /home/rosbot/dev_ws/install/rosbridge_library/lib/python3.6/site-packages/rosbridge_library/capabilities/unadvertise_service.py
[3.080s] -- Up-to-date symlink: /home/rosbot/dev_ws/install/rosbridge_library/lib/python3.6/site-packages/rosbridge_library/capability.py
[3.081s] -- Up-to-date symlink: /home/rosbot/dev_ws/install/rosbridge_library/lib/python3.6/site-packages/rosbridge_library/internal/__init__.py
[3.082s] -- Up-to-date symlink: /home/rosbot/dev_ws/install/rosbridge_library/lib/python3.6/site-packages/rosbridge_library/internal/cbor_conversion.py
[3.083s] -- Up-to-date symlink: /home/rosbot/dev_ws/install/rosbridge_library/lib/python3.6/site-packages/rosbridge_library/internal/exceptions.py
[3.089s] -- Up-to-date symlink: /home/rosbot/dev_ws/install/rosbridge_library/lib/python3.6/site-packages/rosbridge_library/internal/message_conversion.py
[3.090s] -- Up-to-date symlink: /home/rosbot/dev_ws/install/rosbridge_library/lib/python3.6/site-packages/rosbridge_library/internal/outgoing_message.py
[3.091s] -- Up-to-date symlink: /home/rosbot/dev_ws/install/rosbridge_library/lib/python3.6/site-packages/rosbridge_library/internal/pngcompression.py
[3.091s] -- Up-to-date symlink: /home/rosbot/dev_ws/install/rosbridge_library/lib/python3.6/site-packages/rosbridge_library/internal/publishers.py
[3.092s] -- Up-to-date symlink: /home/rosbot/dev_ws/install/rosbridge_library/lib/python3.6/site-packages/rosbridge_library/internal/ros_loader.py
[3.092s] -- Up-to-date symlink: /home/rosbot/dev_ws/install/rosbridge_library/lib/python3.6/site-packages/rosbridge_library/internal/services.py
[3.093s] -- Up-to-date symlink: /home/rosbot/dev_ws/install/rosbridge_library/lib/python3.6/site-packages/rosbridge_library/internal/subscribers.py
[3.100s] -- Up-to-date symlink: /home/rosbot/dev_ws/install/rosbridge_library/lib/python3.6/site-packages/rosbridge_library/internal/subscription_modifiers.py
[3.100s] -- Up-to-date symlink: /home/rosbot/dev_ws/install/rosbridge_library/lib/python3.6/site-packages/rosbridge_library/internal/topics.py
[3.101s] -- Up-to-date symlink: /home/rosbot/dev_ws/install/rosbridge_library/lib/python3.6/site-packages/rosbridge_library/protocol.py
[3.102s] -- Up-to-date symlink: /home/rosbot/dev_ws/install/rosbridge_library/lib/python3.6/site-packages/rosbridge_library/rosbridge_protocol.py
[3.102s] -- Up-to-date symlink: /home/rosbot/dev_ws/install/rosbridge_library/lib/python3.6/site-packages/rosbridge_library/util/__init__.py
[3.103s] -- Up-to-date symlink: /home/rosbot/dev_ws/install/rosbridge_library/lib/python3.6/site-packages/rosbridge_library/util/cbor.py
[3.104s] -- Up-to-date symlink: /home/rosbot/dev_ws/install/rosbridge_library/share/ament_index/resource_index/package_run_dependencies/rosbridge_library
[3.111s] -- Up-to-date symlink: /home/rosbot/dev_ws/install/rosbridge_library/share/ament_index/resource_index/parent_prefix_path/rosbridge_library
[3.112s] -- Up-to-date symlink: /home/rosbot/dev_ws/install/rosbridge_library/share/rosbridge_library/environment/ament_prefix_path.sh
[3.112s] -- Up-to-date symlink: /home/rosbot/dev_ws/install/rosbridge_library/share/rosbridge_library/environment/ament_prefix_path.dsv
[3.113s] -- Up-to-date symlink: /home/rosbot/dev_ws/install/rosbridge_library/share/rosbridge_library/environment/path.sh
[3.114s] -- Up-to-date symlink: /home/rosbot/dev_ws/install/rosbridge_library/share/rosbridge_library/environment/path.dsv
[3.121s] -- Up-to-date symlink: /home/rosbot/dev_ws/install/rosbridge_library/share/rosbridge_library/local_setup.bash
[3.121s] -- Up-to-date symlink: /home/rosbot/dev_ws/install/rosbridge_library/share/rosbridge_library/local_setup.sh
[3.122s] -- Up-to-date symlink: /home/rosbot/dev_ws/install/rosbridge_library/share/rosbridge_library/local_setup.zsh
[3.122s] -- Up-to-date symlink: /home/rosbot/dev_ws/install/rosbridge_library/share/rosbridge_library/local_setup.dsv
[3.123s] -- Symlinking: /home/rosbot/dev_ws/install/rosbridge_library/share/rosbridge_library/package.dsv
[3.168s] -- Up-to-date symlink: /home/rosbot/dev_ws/install/rosbridge_library/share/ament_index/resource_index/packages/rosbridge_library
[3.169s] -- Up-to-date symlink: /home/rosbot/dev_ws/install/rosbridge_library/share/rosbridge_library/cmake/rosbridge_libraryConfig.cmake
[3.169s] -- Up-to-date symlink: /home/rosbot/dev_ws/install/rosbridge_library/share/rosbridge_library/cmake/rosbridge_libraryConfig-version.cmake
[3.170s] -- Up-to-date symlink: /home/rosbot/dev_ws/install/rosbridge_library/share/rosbridge_library/package.xml
[3.347s] Listing '/home/rosbot/dev_ws/install/rosbridge_library/lib/python3.6/site-packages/rosbridge_library'...
[3.348s] Listing '/home/rosbot/dev_ws/install/rosbridge_library/lib/python3.6/site-packages/rosbridge_library/capabilities'...
[3.348s] Listing '/home/rosbot/dev_ws/install/rosbridge_library/lib/python3.6/site-packages/rosbridge_library/internal'...
[3.349s] Listing '/home/rosbot/dev_ws/install/rosbridge_library/lib/python3.6/site-packages/rosbridge_library/util'...
[3.500s] Invoked command in '/home/rosbot/dev_ws/build/rosbridge_library' returned '0': AMENT_PREFIX_PATH=/home/rosbot/dev_ws/install/rosbridge_test_msgs:${AMENT_PREFIX_PATH} CMAKE_PREFIX_PATH=/home/rosbot/dev_ws/install/rosbridge_test_msgs:/opt/ros/eloquent LD_LIBRARY_PATH=/home/rosbot/dev_ws/install/rosbridge_test_msgs/lib:${LD_LIBRARY_PATH} PYTHONPATH=/home/rosbot/dev_ws/install/rosbridge_test_msgs/lib/python3.6/site-packages:${PYTHONPATH} /usr/bin/cmake --build /home/rosbot/dev_ws/build/rosbridge_library --target install -- -j4 -l4
