[4.216s] DEBUG:colcon:Command line arguments: ['/home/rosbot/.local/bin/colcon', 'build', '--packages-select', 'base']
[4.216s] DEBUG:colcon:Parsed command line arguments: Namespace(ament_cmake_args=None, base_paths=['.'], build_base='build', catkin_cmake_args=None, catkin_skip_building_tests=False, cmake_args=None, cmake_clean_cache=False, cmake_clean_first=False, cmake_force_configure=False, cmake_target=None, cmake_target_skip_unavailable=False, continue_on_error=False, event_handlers=None, executor='parallel', ignore_user_meta=False, install_base='install', log_base=None, log_level=None, main=<bound method BuildVerb.main of <colcon_core.verb.build.BuildVerb object at 0x7f7c527a90>>, merge_install=False, metas=['./colcon.meta'], packages_above=None, packages_above_and_dependencies=None, packages_above_depth=None, packages_end=None, packages_ignore=None, packages_ignore_regex=None, packages_select=['base'], packages_select_build_failed=False, packages_select_by_dep=None, packages_select_regex=None, packages_select_test_failures=False, packages_skip=None, packages_skip_build_finished=False, packages_skip_by_dep=None, packages_skip_regex=None, packages_skip_test_passed=False, packages_skip_up_to=None, packages_start=None, packages_up_to=None, packages_up_to_regex=None, parallel_workers=4, paths=None, symlink_install=False, test_result_base=None, verb_extension=<colcon_core.verb.build.BuildVerb object at 0x7f7c527a90>, verb_name='build', verb_parser=<colcon_defaults.argument_parser.defaults.DefaultArgumentsDecorator object at 0x7f7c4974e0>)
[4.465s] Level 1:colcon.colcon_core.package_discovery:discover_packages(colcon_meta) check parameters
[4.465s] Level 1:colcon.colcon_core.package_discovery:discover_packages(recursive) check parameters
[4.465s] Level 1:colcon.colcon_core.package_discovery:discover_packages(ignore) check parameters
[4.466s] Level 1:colcon.colcon_core.package_discovery:discover_packages(path) check parameters
[4.466s] Level 1:colcon.colcon_core.package_discovery:discover_packages(colcon_meta) discover
[4.467s] Level 1:colcon.colcon_core.package_discovery:discover_packages(recursive) discover
[4.468s] INFO:colcon.colcon_core.package_discovery:Crawling recursively for packages in '/home/rosbot/dev_ws'
[4.468s] Level 1:colcon.colcon_core.package_identification:_identify(.) by extensions ['ignore', 'ignore_ament_install']
[4.469s] Level 1:colcon.colcon_core.package_identification:_identify(.) by extension 'ignore'
[4.469s] Level 1:colcon.colcon_core.package_identification:_identify(.) by extension 'ignore_ament_install'
[4.469s] Level 1:colcon.colcon_core.package_identification:_identify(.) by extensions ['colcon_pkg']
[4.469s] Level 1:colcon.colcon_core.package_identification:_identify(.) by extension 'colcon_pkg'
[4.470s] Level 1:colcon.colcon_core.package_identification:_identify(.) by extensions ['colcon_meta']
[4.470s] Level 1:colcon.colcon_core.package_identification:_identify(.) by extension 'colcon_meta'
[4.470s] Level 1:colcon.colcon_core.package_identification:_identify(.) by extensions ['ros']
[4.470s] Level 1:colcon.colcon_core.package_identification:_identify(.) by extension 'ros'
[4.645s] Level 1:colcon.colcon_core.package_identification:_identify(.) by extensions ['cmake', 'python']
[4.645s] Level 1:colcon.colcon_core.package_identification:_identify(.) by extension 'cmake'
[4.646s] Level 1:colcon.colcon_core.package_identification:_identify(.) by extension 'python'
[4.646s] Level 1:colcon.colcon_core.package_identification:_identify(.) by extensions ['python_setup_py']
[4.646s] Level 1:colcon.colcon_core.package_identification:_identify(.) by extension 'python_setup_py'
[4.647s] Level 1:colcon.colcon_core.package_identification:_identify(build) by extensions ['ignore', 'ignore_ament_install']
[4.647s] Level 1:colcon.colcon_core.package_identification:_identify(build) by extension 'ignore'
[4.647s] Level 1:colcon.colcon_core.package_identification:_identify(build) ignored
[4.649s] Level 1:colcon.colcon_core.package_identification:_identify(install) by extensions ['ignore', 'ignore_ament_install']
[4.650s] Level 1:colcon.colcon_core.package_identification:_identify(install) by extension 'ignore'
[4.650s] Level 1:colcon.colcon_core.package_identification:_identify(install) ignored
[4.651s] Level 1:colcon.colcon_core.package_identification:_identify(log) by extensions ['ignore', 'ignore_ament_install']
[4.651s] Level 1:colcon.colcon_core.package_identification:_identify(log) by extension 'ignore'
[4.652s] Level 1:colcon.colcon_core.package_identification:_identify(log) ignored
[4.652s] Level 1:colcon.colcon_core.package_identification:_identify(src) by extensions ['ignore', 'ignore_ament_install']
[4.653s] Level 1:colcon.colcon_core.package_identification:_identify(src) by extension 'ignore'
[4.653s] Level 1:colcon.colcon_core.package_identification:_identify(src) by extension 'ignore_ament_install'
[4.653s] Level 1:colcon.colcon_core.package_identification:_identify(src) by extensions ['colcon_pkg']
[4.654s] Level 1:colcon.colcon_core.package_identification:_identify(src) by extension 'colcon_pkg'
[4.654s] Level 1:colcon.colcon_core.package_identification:_identify(src) by extensions ['colcon_meta']
[4.654s] Level 1:colcon.colcon_core.package_identification:_identify(src) by extension 'colcon_meta'
[4.654s] Level 1:colcon.colcon_core.package_identification:_identify(src) by extensions ['ros']
[4.655s] Level 1:colcon.colcon_core.package_identification:_identify(src) by extension 'ros'
[4.655s] Level 1:colcon.colcon_core.package_identification:_identify(src) by extensions ['cmake', 'python']
[4.655s] Level 1:colcon.colcon_core.package_identification:_identify(src) by extension 'cmake'
[4.655s] Level 1:colcon.colcon_core.package_identification:_identify(src) by extension 'python'
[4.656s] Level 1:colcon.colcon_core.package_identification:_identify(src) by extensions ['python_setup_py']
[4.656s] Level 1:colcon.colcon_core.package_identification:_identify(src) by extension 'python_setup_py'
[4.656s] Level 1:colcon.colcon_core.package_identification:_identify(src/base) by extensions ['ignore', 'ignore_ament_install']
[4.657s] Level 1:colcon.colcon_core.package_identification:_identify(src/base) by extension 'ignore'
[4.657s] Level 1:colcon.colcon_core.package_identification:_identify(src/base) by extension 'ignore_ament_install'
[4.657s] Level 1:colcon.colcon_core.package_identification:_identify(src/base) by extensions ['colcon_pkg']
[4.658s] Level 1:colcon.colcon_core.package_identification:_identify(src/base) by extension 'colcon_pkg'
[4.658s] Level 1:colcon.colcon_core.package_identification:_identify(src/base) by extensions ['colcon_meta']
[4.658s] Level 1:colcon.colcon_core.package_identification:_identify(src/base) by extension 'colcon_meta'
[4.659s] Level 1:colcon.colcon_core.package_identification:_identify(src/base) by extensions ['ros']
[4.659s] Level 1:colcon.colcon_core.package_identification:_identify(src/base) by extension 'ros'
[4.671s] DEBUG:colcon.colcon_core.package_identification:Package 'src/base' with type 'ros.ament_python' and name 'base'
[4.671s] Level 1:colcon.colcon_core.package_identification:_identify(src/interfaces) by extensions ['ignore', 'ignore_ament_install']
[4.672s] Level 1:colcon.colcon_core.package_identification:_identify(src/interfaces) by extension 'ignore'
[4.672s] Level 1:colcon.colcon_core.package_identification:_identify(src/interfaces) by extension 'ignore_ament_install'
[4.673s] Level 1:colcon.colcon_core.package_identification:_identify(src/interfaces) by extensions ['colcon_pkg']
[4.673s] Level 1:colcon.colcon_core.package_identification:_identify(src/interfaces) by extension 'colcon_pkg'
[4.673s] Level 1:colcon.colcon_core.package_identification:_identify(src/interfaces) by extensions ['colcon_meta']
[4.673s] Level 1:colcon.colcon_core.package_identification:_identify(src/interfaces) by extension 'colcon_meta'
[4.674s] Level 1:colcon.colcon_core.package_identification:_identify(src/interfaces) by extensions ['ros']
[4.674s] Level 1:colcon.colcon_core.package_identification:_identify(src/interfaces) by extension 'ros'
[4.676s] DEBUG:colcon.colcon_core.package_identification:Package 'src/interfaces' with type 'ros.ament_cmake' and name 'interfaces'
[4.677s] Level 1:colcon.colcon_core.package_identification:_identify(src/my_package) by extensions ['ignore', 'ignore_ament_install']
[4.677s] Level 1:colcon.colcon_core.package_identification:_identify(src/my_package) by extension 'ignore'
[4.678s] Level 1:colcon.colcon_core.package_identification:_identify(src/my_package) by extension 'ignore_ament_install'
[4.678s] Level 1:colcon.colcon_core.package_identification:_identify(src/my_package) by extensions ['colcon_pkg']
[4.678s] Level 1:colcon.colcon_core.package_identification:_identify(src/my_package) by extension 'colcon_pkg'
[4.678s] Level 1:colcon.colcon_core.package_identification:_identify(src/my_package) by extensions ['colcon_meta']
[4.679s] Level 1:colcon.colcon_core.package_identification:_identify(src/my_package) by extension 'colcon_meta'
[4.679s] Level 1:colcon.colcon_core.package_identification:_identify(src/my_package) by extensions ['ros']
[4.679s] Level 1:colcon.colcon_core.package_identification:_identify(src/my_package) by extension 'ros'
[4.681s] DEBUG:colcon.colcon_core.package_identification:Package 'src/my_package' with type 'ros.ament_python' and name 'my_package'
[4.682s] Level 1:colcon.colcon_core.package_identification:_identify(src/py_pubsub) by extensions ['ignore', 'ignore_ament_install']
[4.682s] Level 1:colcon.colcon_core.package_identification:_identify(src/py_pubsub) by extension 'ignore'
[4.683s] Level 1:colcon.colcon_core.package_identification:_identify(src/py_pubsub) by extension 'ignore_ament_install'
[4.683s] Level 1:colcon.colcon_core.package_identification:_identify(src/py_pubsub) by extensions ['colcon_pkg']
[4.683s] Level 1:colcon.colcon_core.package_identification:_identify(src/py_pubsub) by extension 'colcon_pkg'
[4.683s] Level 1:colcon.colcon_core.package_identification:_identify(src/py_pubsub) by extensions ['colcon_meta']
[4.684s] Level 1:colcon.colcon_core.package_identification:_identify(src/py_pubsub) by extension 'colcon_meta'
[4.684s] Level 1:colcon.colcon_core.package_identification:_identify(src/py_pubsub) by extensions ['ros']
[4.684s] Level 1:colcon.colcon_core.package_identification:_identify(src/py_pubsub) by extension 'ros'
[4.687s] DEBUG:colcon.colcon_core.package_identification:Package 'src/py_pubsub' with type 'ros.ament_python' and name 'py_pubsub'
[4.687s] Level 1:colcon.colcon_core.package_discovery:discover_packages(recursive) using defaults
[4.689s] Level 1:colcon.colcon_core.package_discovery:discover_packages(ignore) discover
[4.689s] Level 1:colcon.colcon_core.package_discovery:discover_packages(ignore) using defaults
[4.689s] Level 1:colcon.colcon_core.package_discovery:discover_packages(path) discover
[4.689s] Level 1:colcon.colcon_core.package_discovery:discover_packages(path) using defaults
[4.978s] INFO:colcon.colcon_core.package_selection:Skipping not selected package 'interfaces' in 'src/interfaces'
[4.979s] INFO:colcon.colcon_core.package_selection:Skipping not selected package 'my_package' in 'src/my_package'
[4.979s] INFO:colcon.colcon_core.package_selection:Skipping not selected package 'py_pubsub' in 'src/py_pubsub'
[5.070s] Level 5:colcon.colcon_core.verb:set package 'base' build argument 'cmake_args' from command line to 'None'
[5.070s] Level 5:colcon.colcon_core.verb:set package 'base' build argument 'cmake_target' from command line to 'None'
[5.071s] Level 5:colcon.colcon_core.verb:set package 'base' build argument 'cmake_target_skip_unavailable' from command line to 'False'
[5.071s] Level 5:colcon.colcon_core.verb:set package 'base' build argument 'cmake_clean_cache' from command line to 'False'
[5.071s] Level 5:colcon.colcon_core.verb:set package 'base' build argument 'cmake_clean_first' from command line to 'False'
[5.071s] Level 5:colcon.colcon_core.verb:set package 'base' build argument 'cmake_force_configure' from command line to 'False'
[5.071s] Level 5:colcon.colcon_core.verb:set package 'base' build argument 'ament_cmake_args' from command line to 'None'
[5.071s] Level 5:colcon.colcon_core.verb:set package 'base' build argument 'catkin_cmake_args' from command line to 'None'
[5.072s] Level 5:colcon.colcon_core.verb:set package 'base' build argument 'catkin_skip_building_tests' from command line to 'False'
[5.072s] DEBUG:colcon.colcon_core.verb:Building package 'base' with the following arguments: {'ament_cmake_args': None, 'build_base': '/home/rosbot/dev_ws/build/base', 'catkin_cmake_args': None, 'catkin_skip_building_tests': False, 'cmake_args': None, 'cmake_clean_cache': False, 'cmake_clean_first': False, 'cmake_force_configure': False, 'cmake_target': None, 'cmake_target_skip_unavailable': False, 'install_base': '/home/rosbot/dev_ws/install/base', 'merge_install': False, 'path': '/home/rosbot/dev_ws/src/base', 'symlink_install': False, 'test_result_base': None}
[5.094s] INFO:colcon.colcon_core.executor:Executing jobs using 'parallel' executor
[5.247s] DEBUG:colcon.colcon_parallel_executor.executor.parallel:run_until_complete
[5.248s] INFO:colcon.colcon_ros.task.ament_python.build:Building ROS package in '/home/rosbot/dev_ws/src/base' with build type 'ament_python'
[5.249s] Level 1:colcon.colcon_core.shell:create_environment_hook('base', 'ament_prefix_path')
[5.334s] INFO:colcon.colcon_core.plugin_system:Skipping extension 'colcon_core.shell.bat': Not used on non-Windows systems
[5.336s] INFO:colcon.colcon_core.shell:Creating environment hook '/home/rosbot/dev_ws/install/base/share/base/hook/ament_prefix_path.ps1'
[5.339s] INFO:colcon.colcon_core.shell:Creating environment descriptor '/home/rosbot/dev_ws/install/base/share/base/hook/ament_prefix_path.dsv'
[5.341s] INFO:colcon.colcon_core.shell:Creating environment hook '/home/rosbot/dev_ws/install/base/share/base/hook/ament_prefix_path.sh'
[5.411s] INFO:colcon.colcon_core.shell:Skip shell extension 'powershell' for command environment: Not usable outside of PowerShell
[5.411s] DEBUG:colcon.colcon_core.shell:Skip shell extension 'dsv' for command environment
[7.056s] INFO:colcon.colcon_core.task.python.build:Building Python package in '/home/rosbot/dev_ws/src/base'
[7.121s] INFO:colcon.colcon_core.shell:Skip shell extension 'powershell' for command environment: Not usable outside of PowerShell
[7.122s] DEBUG:colcon.colcon_core.shell:Skip shell extension 'dsv' for command environment
[9.130s] DEBUG:colcon.colcon_core.event_handler.log_command:Invoking command in '/home/rosbot/dev_ws/build/base': PYTHONPATH=/home/rosbot/dev_ws/install/base/lib/python3.6/site-packages:${PYTHONPATH} /usr/bin/python3 setup.py develop --prefix /home/rosbot/dev_ws/install/base --uninstall --editable --build-directory /home/rosbot/dev_ws/build/base/build
[11.457s] DEBUG:colcon.colcon_core.event_handler.log_command:Invoked command in '/home/rosbot/dev_ws/build/base' returned '0': PYTHONPATH=/home/rosbot/dev_ws/install/base/lib/python3.6/site-packages:${PYTHONPATH} /usr/bin/python3 setup.py develop --prefix /home/rosbot/dev_ws/install/base --uninstall --editable --build-directory /home/rosbot/dev_ws/build/base/build
[11.460s] DEBUG:colcon.colcon_core.event_handler.log_command:Invoking command in '/home/rosbot/dev_ws/src/base': PYTHONPATH=/home/rosbot/dev_ws/install/base/lib/python3.6/site-packages:${PYTHONPATH} /usr/bin/python3 setup.py egg_info --egg-base ../../build/base build --build-base /home/rosbot/dev_ws/build/base/build install --prefix /home/rosbot/dev_ws/install/base --record /home/rosbot/dev_ws/build/base/install.log --single-version-externally-managed
[13.151s] DEBUG:colcon.colcon_core.event_handler.log_command:Invoked command in '/home/rosbot/dev_ws/src/base' returned '0': PYTHONPATH=/home/rosbot/dev_ws/install/base/lib/python3.6/site-packages:${PYTHONPATH} /usr/bin/python3 setup.py egg_info --egg-base ../../build/base build --build-base /home/rosbot/dev_ws/build/base/build install --prefix /home/rosbot/dev_ws/install/base --record /home/rosbot/dev_ws/build/base/install.log --single-version-externally-managed
[13.228s] Level 1:colcon.colcon_core.environment:checking '/home/rosbot/dev_ws/install/base' for CMake module files
[13.231s] Level 1:colcon.colcon_core.environment:checking '/home/rosbot/dev_ws/install/base' for CMake config files
[13.236s] Level 1:colcon.colcon_core.environment:checking '/home/rosbot/dev_ws/install/base/lib'
[13.237s] Level 1:colcon.colcon_core.environment:checking '/home/rosbot/dev_ws/install/base/bin'
[13.237s] Level 1:colcon.colcon_core.environment:checking '/home/rosbot/dev_ws/install/base/lib/pkgconfig/base.pc'
[13.238s] Level 1:colcon.colcon_core.environment:checking '/home/rosbot/dev_ws/install/base/lib/python3.6/site-packages'
[13.238s] Level 1:colcon.colcon_core.shell:create_environment_hook('base', 'pythonpath')
[13.304s] INFO:colcon.colcon_core.shell:Creating environment hook '/home/rosbot/dev_ws/install/base/share/base/hook/pythonpath.ps1'
[13.308s] INFO:colcon.colcon_core.shell:Creating environment descriptor '/home/rosbot/dev_ws/install/base/share/base/hook/pythonpath.dsv'
[13.309s] INFO:colcon.colcon_core.shell:Creating environment hook '/home/rosbot/dev_ws/install/base/share/base/hook/pythonpath.sh'
[13.312s] Level 1:colcon.colcon_core.environment:checking '/home/rosbot/dev_ws/install/base/bin'
[13.312s] Level 1:colcon.colcon_core.environment:create_environment_scripts_only(base)
[13.379s] INFO:colcon.colcon_core.shell:Creating package script '/home/rosbot/dev_ws/install/base/share/base/package.ps1'
[13.384s] INFO:colcon.colcon_core.shell:Creating package descriptor '/home/rosbot/dev_ws/install/base/share/base/package.dsv'
[13.387s] INFO:colcon.colcon_core.shell:Creating package script '/home/rosbot/dev_ws/install/base/share/base/package.sh'
[13.391s] INFO:colcon.colcon_core.shell:Creating package script '/home/rosbot/dev_ws/install/base/share/base/package.bash'
[13.396s] INFO:colcon.colcon_core.shell:Creating package script '/home/rosbot/dev_ws/install/base/share/base/package.zsh'
[13.399s] Level 1:colcon.colcon_core.environment:create_file_with_runtime_dependencies(/home/rosbot/dev_ws/install/base/share/colcon-core/packages/base)
[13.402s] DEBUG:colcon.colcon_parallel_executor.executor.parallel:closing loop
[13.404s] DEBUG:colcon.colcon_parallel_executor.executor.parallel:loop closed
[13.404s] DEBUG:colcon.colcon_parallel_executor.executor.parallel:run_until_complete finished with '0'
[13.405s] DEBUG:colcon.colcon_core.event_reactor:joining thread
[13.484s] INFO:colcon.colcon_core.plugin_system:Skipping extension 'colcon_notification.desktop_notification.terminal_notifier': Not used on non-Darwin systems
[13.484s] INFO:colcon.colcon_core.plugin_system:Skipping extension 'colcon_notification.desktop_notification.win32': Not used on non-Windows systems
[13.484s] INFO:colcon.colcon_notification.desktop_notification:Sending desktop notification using 'notify2'
[13.532s] DEBUG:colcon.colcon_core.event_reactor:joined thread
[13.604s] INFO:colcon.colcon_core.shell:Creating prefix script '/home/rosbot/dev_ws/install/local_setup.ps1'
[13.610s] INFO:colcon.colcon_core.shell:Creating prefix util module '/home/rosbot/dev_ws/install/_local_setup_util_ps1.py'
[13.620s] INFO:colcon.colcon_core.shell:Creating prefix chain script '/home/rosbot/dev_ws/install/setup.ps1'
[13.676s] INFO:colcon.colcon_core.shell:Creating prefix script '/home/rosbot/dev_ws/install/local_setup.sh'
[13.679s] INFO:colcon.colcon_core.shell:Creating prefix util module '/home/rosbot/dev_ws/install/_local_setup_util_sh.py'
[13.681s] INFO:colcon.colcon_core.shell:Creating prefix chain script '/home/rosbot/dev_ws/install/setup.sh'
[13.736s] INFO:colcon.colcon_core.shell:Creating prefix script '/home/rosbot/dev_ws/install/local_setup.bash'
[13.739s] INFO:colcon.colcon_core.shell:Creating prefix chain script '/home/rosbot/dev_ws/install/setup.bash'
[13.789s] INFO:colcon.colcon_core.shell:Creating prefix script '/home/rosbot/dev_ws/install/local_setup.zsh'
[13.792s] INFO:colcon.colcon_core.shell:Creating prefix chain script '/home/rosbot/dev_ws/install/setup.zsh'
