[0.172s] Invoking command in '/home/rosbot/dev_ws/build/rosbridge_suite': AMENT_PREFIX_PATH=/home/rosbot/dev_ws/install/rosapi:/home/rosbot/dev_ws/install/rosbridge_library:/home/rosbot/dev_ws/install/rosbridge_msgs:/home/rosbot/dev_ws/install/rosapi_msgs:${AMENT_PREFIX_PATH} CMAKE_PREFIX_PATH=/home/rosbot/dev_ws/install/rosapi:/home/rosbot/dev_ws/install/rosbridge_library:/home/rosbot/dev_ws/install/rosbridge_msgs:/home/rosbot/dev_ws/install/rosapi_msgs:/opt/ros/eloquent LD_LIBRARY_PATH=/home/rosbot/dev_ws/install/rosbridge_msgs/lib:/home/rosbot/dev_ws/install/rosapi_msgs/lib:${LD_LIBRARY_PATH} PYTHONPATH=/home/rosbot/dev_ws/install/rosapi/lib/python3.6/site-packages:/home/rosbot/dev_ws/install/rosbridge_library/lib/python3.6/site-packages:/home/rosbot/dev_ws/install/rosbridge_msgs/lib/python3.6/site-packages:/home/rosbot/dev_ws/install/rosapi_msgs/lib/python3.6/site-packages:${PYTHONPATH} /usr/bin/cmake /home/rosbot/dev_ws/src/rosbridge_suite/rosbridge_suite -DCMAKE_INSTALL_PREFIX=/home/rosbot/dev_ws/install/rosbridge_suite
[0.238s] -- Found ament_cmake_core: 0.8.3 (/opt/ros/eloquent/share/ament_cmake_core/cmake)
[0.347s] -- Found PythonInterp: /usr/bin/python3 (found suitable version "3.6.9", minimum required is "3") 
[0.348s] -- Using PYTHON_EXECUTABLE: /usr/bin/python3
[1.933s] -- Configuring done
[1.941s] -- Generating done
[1.942s] -- Build files have been written to: /home/rosbot/dev_ws/build/rosbridge_suite
[1.948s] Invoked command in '/home/rosbot/dev_ws/build/rosbridge_suite' returned '0': AMENT_PREFIX_PATH=/home/rosbot/dev_ws/install/rosapi:/home/rosbot/dev_ws/install/rosbridge_library:/home/rosbot/dev_ws/install/rosbridge_msgs:/home/rosbot/dev_ws/install/rosapi_msgs:${AMENT_PREFIX_PATH} CMAKE_PREFIX_PATH=/home/rosbot/dev_ws/install/rosapi:/home/rosbot/dev_ws/install/rosbridge_library:/home/rosbot/dev_ws/install/rosbridge_msgs:/home/rosbot/dev_ws/install/rosapi_msgs:/opt/ros/eloquent LD_LIBRARY_PATH=/home/rosbot/dev_ws/install/rosbridge_msgs/lib:/home/rosbot/dev_ws/install/rosapi_msgs/lib:${LD_LIBRARY_PATH} PYTHONPATH=/home/rosbot/dev_ws/install/rosapi/lib/python3.6/site-packages:/home/rosbot/dev_ws/install/rosbridge_library/lib/python3.6/site-packages:/home/rosbot/dev_ws/install/rosbridge_msgs/lib/python3.6/site-packages:/home/rosbot/dev_ws/install/rosapi_msgs/lib/python3.6/site-packages:${PYTHONPATH} /usr/bin/cmake /home/rosbot/dev_ws/src/rosbridge_suite/rosbridge_suite -DCMAKE_INSTALL_PREFIX=/home/rosbot/dev_ws/install/rosbridge_suite
[1.958s] Invoking command in '/home/rosbot/dev_ws/build/rosbridge_suite': AMENT_PREFIX_PATH=/home/rosbot/dev_ws/install/rosapi:/home/rosbot/dev_ws/install/rosbridge_library:/home/rosbot/dev_ws/install/rosbridge_msgs:/home/rosbot/dev_ws/install/rosapi_msgs:${AMENT_PREFIX_PATH} CMAKE_PREFIX_PATH=/home/rosbot/dev_ws/install/rosapi:/home/rosbot/dev_ws/install/rosbridge_library:/home/rosbot/dev_ws/install/rosbridge_msgs:/home/rosbot/dev_ws/install/rosapi_msgs:/opt/ros/eloquent LD_LIBRARY_PATH=/home/rosbot/dev_ws/install/rosbridge_msgs/lib:/home/rosbot/dev_ws/install/rosapi_msgs/lib:${LD_LIBRARY_PATH} PYTHONPATH=/home/rosbot/dev_ws/install/rosapi/lib/python3.6/site-packages:/home/rosbot/dev_ws/install/rosbridge_library/lib/python3.6/site-packages:/home/rosbot/dev_ws/install/rosbridge_msgs/lib/python3.6/site-packages:/home/rosbot/dev_ws/install/rosapi_msgs/lib/python3.6/site-packages:${PYTHONPATH} /usr/bin/cmake --build /home/rosbot/dev_ws/build/rosbridge_suite -- -j4 -l4
[2.097s] Invoked command in '/home/rosbot/dev_ws/build/rosbridge_suite' returned '0': AMENT_PREFIX_PATH=/home/rosbot/dev_ws/install/rosapi:/home/rosbot/dev_ws/install/rosbridge_library:/home/rosbot/dev_ws/install/rosbridge_msgs:/home/rosbot/dev_ws/install/rosapi_msgs:${AMENT_PREFIX_PATH} CMAKE_PREFIX_PATH=/home/rosbot/dev_ws/install/rosapi:/home/rosbot/dev_ws/install/rosbridge_library:/home/rosbot/dev_ws/install/rosbridge_msgs:/home/rosbot/dev_ws/install/rosapi_msgs:/opt/ros/eloquent LD_LIBRARY_PATH=/home/rosbot/dev_ws/install/rosbridge_msgs/lib:/home/rosbot/dev_ws/install/rosapi_msgs/lib:${LD_LIBRARY_PATH} PYTHONPATH=/home/rosbot/dev_ws/install/rosapi/lib/python3.6/site-packages:/home/rosbot/dev_ws/install/rosbridge_library/lib/python3.6/site-packages:/home/rosbot/dev_ws/install/rosbridge_msgs/lib/python3.6/site-packages:/home/rosbot/dev_ws/install/rosapi_msgs/lib/python3.6/site-packages:${PYTHONPATH} /usr/bin/cmake --build /home/rosbot/dev_ws/build/rosbridge_suite -- -j4 -l4
[2.204s] Invoking command in '/home/rosbot/dev_ws/build/rosbridge_suite': AMENT_PREFIX_PATH=/home/rosbot/dev_ws/install/rosapi:/home/rosbot/dev_ws/install/rosbridge_library:/home/rosbot/dev_ws/install/rosbridge_msgs:/home/rosbot/dev_ws/install/rosapi_msgs:${AMENT_PREFIX_PATH} CMAKE_PREFIX_PATH=/home/rosbot/dev_ws/install/rosapi:/home/rosbot/dev_ws/install/rosbridge_library:/home/rosbot/dev_ws/install/rosbridge_msgs:/home/rosbot/dev_ws/install/rosapi_msgs:/opt/ros/eloquent LD_LIBRARY_PATH=/home/rosbot/dev_ws/install/rosbridge_msgs/lib:/home/rosbot/dev_ws/install/rosapi_msgs/lib:${LD_LIBRARY_PATH} PYTHONPATH=/home/rosbot/dev_ws/install/rosapi/lib/python3.6/site-packages:/home/rosbot/dev_ws/install/rosbridge_library/lib/python3.6/site-packages:/home/rosbot/dev_ws/install/rosbridge_msgs/lib/python3.6/site-packages:/home/rosbot/dev_ws/install/rosapi_msgs/lib/python3.6/site-packages:${PYTHONPATH} /usr/bin/cmake --build /home/rosbot/dev_ws/build/rosbridge_suite --target install -- -j4 -l4
[2.372s] [36mInstall the project...[0m
[2.406s] -- Install configuration: ""
[2.406s] -- Installing: /home/rosbot/dev_ws/install/rosbridge_suite/share/ament_index/resource_index/package_run_dependencies/rosbridge_suite
[2.407s] -- Installing: /home/rosbot/dev_ws/install/rosbridge_suite/share/ament_index/resource_index/parent_prefix_path/rosbridge_suite
[2.408s] -- Installing: /home/rosbot/dev_ws/install/rosbridge_suite/share/rosbridge_suite/environment/ament_prefix_path.sh
[2.409s] -- Installing: /home/rosbot/dev_ws/install/rosbridge_suite/share/rosbridge_suite/environment/ament_prefix_path.dsv
[2.409s] -- Installing: /home/rosbot/dev_ws/install/rosbridge_suite/share/rosbridge_suite/environment/path.sh
[2.410s] -- Installing: /home/rosbot/dev_ws/install/rosbridge_suite/share/rosbridge_suite/environment/path.dsv
[2.410s] -- Installing: /home/rosbot/dev_ws/install/rosbridge_suite/share/rosbridge_suite/local_setup.bash
[2.411s] -- Installing: /home/rosbot/dev_ws/install/rosbridge_suite/share/rosbridge_suite/local_setup.sh
[2.411s] -- Installing: /home/rosbot/dev_ws/install/rosbridge_suite/share/rosbridge_suite/local_setup.zsh
[2.412s] -- Installing: /home/rosbot/dev_ws/install/rosbridge_suite/share/rosbridge_suite/local_setup.dsv
[2.412s] -- Installing: /home/rosbot/dev_ws/install/rosbridge_suite/share/rosbridge_suite/package.dsv
[2.413s] -- Installing: /home/rosbot/dev_ws/install/rosbridge_suite/share/ament_index/resource_index/packages/rosbridge_suite
[2.413s] -- Installing: /home/rosbot/dev_ws/install/rosbridge_suite/share/rosbridge_suite/cmake/rosbridge_suiteConfig.cmake
[2.414s] -- Installing: /home/rosbot/dev_ws/install/rosbridge_suite/share/rosbridge_suite/cmake/rosbridge_suiteConfig-version.cmake
[2.414s] -- Installing: /home/rosbot/dev_ws/install/rosbridge_suite/share/rosbridge_suite/package.xml
[2.428s] Invoked command in '/home/rosbot/dev_ws/build/rosbridge_suite' returned '0': AMENT_PREFIX_PATH=/home/rosbot/dev_ws/install/rosapi:/home/rosbot/dev_ws/install/rosbridge_library:/home/rosbot/dev_ws/install/rosbridge_msgs:/home/rosbot/dev_ws/install/rosapi_msgs:${AMENT_PREFIX_PATH} CMAKE_PREFIX_PATH=/home/rosbot/dev_ws/install/rosapi:/home/rosbot/dev_ws/install/rosbridge_library:/home/rosbot/dev_ws/install/rosbridge_msgs:/home/rosbot/dev_ws/install/rosapi_msgs:/opt/ros/eloquent LD_LIBRARY_PATH=/home/rosbot/dev_ws/install/rosbridge_msgs/lib:/home/rosbot/dev_ws/install/rosapi_msgs/lib:${LD_LIBRARY_PATH} PYTHONPATH=/home/rosbot/dev_ws/install/rosapi/lib/python3.6/site-packages:/home/rosbot/dev_ws/install/rosbridge_library/lib/python3.6/site-packages:/home/rosbot/dev_ws/install/rosbridge_msgs/lib/python3.6/site-packages:/home/rosbot/dev_ws/install/rosapi_msgs/lib/python3.6/site-packages:${PYTHONPATH} /usr/bin/cmake --build /home/rosbot/dev_ws/build/rosbridge_suite --target install -- -j4 -l4
