[0.930s] Invoking command in '/home/rosbot/dev_ws/build/rosbridge_msgs': CMAKE_PREFIX_PATH=${CMAKE_PREFIX_PATH}:/home/rosbot/dev_ws/install/py_pubsub:/home/rosbot/dev_ws/install/my_package:/home/rosbot/dev_ws/install/base:/opt/ros/eloquent /usr/bin/cmake --build /home/rosbot/dev_ws/build/rosbridge_msgs -- -j4 -l4
[3.321s] [ 10%] Built target rosbridge_msgs__rosidl_generator_c
[3.323s] [ 13%] Built target rosbridge_msgs__cpp
[3.323s] [ 24%] Built target rosbridge_msgs__rosidl_typesupport_introspection_cpp
[3.324s] [ 35%] Built target rosbridge_msgs__rosidl_typesupport_introspection_c
[3.324s] [ 45%] Built target rosbridge_msgs__rosidl_typesupport_fastrtps_cpp
[3.325s] [ 56%] Built target rosbridge_msgs__rosidl_typesupport_cpp
[3.326s] [ 67%] Built target rosbridge_msgs__rosidl_typesupport_fastrtps_c
[3.326s] [ 78%] Built target rosbridge_msgs__rosidl_typesupport_c
[3.327s] [ 78%] Built target rosbridge_msgs
[3.327s] [ 81%] Built target rosbridge_msgs__py
[3.328s] [ 89%] Built target rosbridge_msgs__python
[3.328s] [ 94%] Built target rosbridge_msgs__rosidl_typesupport_c__pyext
[3.329s] [100%] Built target rosbridge_msgs__rosidl_typesupport_fastrtps_c__pyext
[3.340s] Invoked command in '/home/rosbot/dev_ws/build/rosbridge_msgs' returned '0': CMAKE_PREFIX_PATH=${CMAKE_PREFIX_PATH}:/home/rosbot/dev_ws/install/py_pubsub:/home/rosbot/dev_ws/install/my_package:/home/rosbot/dev_ws/install/base:/opt/ros/eloquent /usr/bin/cmake --build /home/rosbot/dev_ws/build/rosbridge_msgs -- -j4 -l4
[3.731s] Invoking command in '/home/rosbot/dev_ws/build/rosbridge_msgs': CMAKE_PREFIX_PATH=${CMAKE_PREFIX_PATH}:/home/rosbot/dev_ws/install/py_pubsub:/home/rosbot/dev_ws/install/my_package:/home/rosbot/dev_ws/install/base:/opt/ros/eloquent /usr/bin/cmake --build /home/rosbot/dev_ws/build/rosbridge_msgs --target install -- -j4 -l4
[3.991s] [  2%] Built target rosbridge_msgs__cpp
[4.012s] [ 13%] Built target rosbridge_msgs__rosidl_generator_c
[4.148s] [ 24%] Built target rosbridge_msgs__rosidl_typesupport_fastrtps_cpp
[4.154s] [ 35%] Built target rosbridge_msgs__rosidl_typesupport_introspection_cpp
[4.173s] [ 45%] Built target rosbridge_msgs__rosidl_typesupport_introspection_c
[4.290s] [ 56%] Built target rosbridge_msgs__rosidl_typesupport_cpp
[4.320s] [ 67%] Built target rosbridge_msgs__rosidl_typesupport_fastrtps_c
[4.448s] [ 78%] Built target rosbridge_msgs__rosidl_typesupport_c
[4.541s] [ 78%] Built target rosbridge_msgs
[4.638s] [ 81%] Built target rosbridge_msgs__py
[4.769s] [ 89%] Built target rosbridge_msgs__python
[4.924s] [100%] Built target rosbridge_msgs__rosidl_typesupport_c__pyext
[4.925s] [100%] Built target rosbridge_msgs__rosidl_typesupport_fastrtps_c__pyext
[5.010s] [36mInstall the project...[0m
[5.051s] -- Install configuration: ""
[5.054s] -- Execute custom install script
[5.056s] -- Up-to-date symlink: /home/rosbot/dev_ws/install/rosbridge_msgs/share/ament_index/resource_index/rosidl_interfaces/rosbridge_msgs
[5.059s] -- Up-to-date symlink: /home/rosbot/dev_ws/install/rosbridge_msgs/include/rosbridge_msgs/msg/connected_client.hpp
[5.060s] -- Up-to-date symlink: /home/rosbot/dev_ws/install/rosbridge_msgs/include/rosbridge_msgs/msg/connected_client__struct.hpp
[5.061s] -- Up-to-date symlink: /home/rosbot/dev_ws/install/rosbridge_msgs/include/rosbridge_msgs/msg/connected_client__traits.hpp
[5.062s] -- Up-to-date symlink: /home/rosbot/dev_ws/install/rosbridge_msgs/include/rosbridge_msgs/msg/connected_clients.hpp
[5.064s] -- Up-to-date symlink: /home/rosbot/dev_ws/install/rosbridge_msgs/include/rosbridge_msgs/msg/connected_clients__struct.hpp
[5.066s] -- Up-to-date symlink: /home/rosbot/dev_ws/install/rosbridge_msgs/include/rosbridge_msgs/msg/connected_clients__traits.hpp
[5.066s] -- Up-to-date symlink: /home/rosbot/dev_ws/install/rosbridge_msgs/include/rosbridge_msgs/msg/connected_client.h
[5.067s] -- Up-to-date symlink: /home/rosbot/dev_ws/install/rosbridge_msgs/include/rosbridge_msgs/msg/connected_client__functions.h
[5.068s] -- Up-to-date symlink: /home/rosbot/dev_ws/install/rosbridge_msgs/include/rosbridge_msgs/msg/connected_client__struct.h
[5.071s] -- Up-to-date symlink: /home/rosbot/dev_ws/install/rosbridge_msgs/include/rosbridge_msgs/msg/connected_client__type_support.h
[5.072s] -- Up-to-date symlink: /home/rosbot/dev_ws/install/rosbridge_msgs/include/rosbridge_msgs/msg/connected_clients.h
[5.074s] -- Up-to-date symlink: /home/rosbot/dev_ws/install/rosbridge_msgs/include/rosbridge_msgs/msg/connected_clients__functions.h
[5.075s] -- Up-to-date symlink: /home/rosbot/dev_ws/install/rosbridge_msgs/include/rosbridge_msgs/msg/connected_clients__struct.h
[5.077s] -- Up-to-date symlink: /home/rosbot/dev_ws/install/rosbridge_msgs/include/rosbridge_msgs/msg/connected_clients__type_support.h
[5.078s] -- Up-to-date symlink: /home/rosbot/dev_ws/install/rosbridge_msgs/include/rosbridge_msgs/msg/rosidl_generator_c__visibility_control.h
[5.079s] -- Up-to-date symlink: /home/rosbot/dev_ws/install/rosbridge_msgs/share/rosbridge_msgs/environment/library_path.sh
[5.080s] -- Up-to-date symlink: /home/rosbot/dev_ws/install/rosbridge_msgs/share/rosbridge_msgs/environment/library_path.dsv
[5.081s] -- Up-to-date symlink: /home/rosbot/dev_ws/install/rosbridge_msgs/lib/librosbridge_msgs__rosidl_generator_c.so
[5.081s] -- Up-to-date symlink: /home/rosbot/dev_ws/install/rosbridge_msgs/lib/librosbridge_msgs__rosidl_typesupport_c.so
[5.084s] -- Up-to-date symlink: /home/rosbot/dev_ws/install/rosbridge_msgs/lib/librosbridge_msgs__rosidl_typesupport_cpp.so
[5.085s] -- Up-to-date symlink: /home/rosbot/dev_ws/install/rosbridge_msgs/include/rosbridge_msgs/msg/connected_client__rosidl_typesupport_introspection_c.h
[5.086s] -- Up-to-date symlink: /home/rosbot/dev_ws/install/rosbridge_msgs/include/rosbridge_msgs/msg/connected_clients__rosidl_typesupport_introspection_c.h
[5.087s] -- Up-to-date symlink: /home/rosbot/dev_ws/install/rosbridge_msgs/include/rosbridge_msgs/msg/rosidl_typesupport_introspection_c__visibility_control.h
[5.089s] -- Up-to-date symlink: /home/rosbot/dev_ws/install/rosbridge_msgs/lib/librosbridge_msgs__rosidl_typesupport_introspection_c.so
[5.091s] -- Up-to-date symlink: /home/rosbot/dev_ws/install/rosbridge_msgs/include/rosbridge_msgs/msg/connected_client__rosidl_typesupport_introspection_cpp.hpp
[5.092s] -- Up-to-date symlink: /home/rosbot/dev_ws/install/rosbridge_msgs/include/rosbridge_msgs/msg/connected_clients__rosidl_typesupport_introspection_cpp.hpp
[5.095s] -- Up-to-date symlink: /home/rosbot/dev_ws/install/rosbridge_msgs/lib/librosbridge_msgs__rosidl_typesupport_introspection_cpp.so
[5.098s] -- Up-to-date symlink: /home/rosbot/dev_ws/install/rosbridge_msgs/include/rosbridge_msgs/msg/connected_client__rosidl_typesupport_fastrtps_c.h
[5.101s] -- Up-to-date symlink: /home/rosbot/dev_ws/install/rosbridge_msgs/include/rosbridge_msgs/msg/connected_clients__rosidl_typesupport_fastrtps_c.h
[5.101s] -- Up-to-date symlink: /home/rosbot/dev_ws/install/rosbridge_msgs/include/rosbridge_msgs/msg/rosidl_typesupport_fastrtps_c__visibility_control.h
[5.102s] -- Up-to-date symlink: /home/rosbot/dev_ws/install/rosbridge_msgs/lib/librosbridge_msgs__rosidl_typesupport_fastrtps_c.so
[5.106s] -- Up-to-date symlink: /home/rosbot/dev_ws/install/rosbridge_msgs/include/rosbridge_msgs/msg/connected_client__rosidl_typesupport_fastrtps_cpp.hpp
[5.106s] -- Up-to-date symlink: /home/rosbot/dev_ws/install/rosbridge_msgs/include/rosbridge_msgs/msg/connected_clients__rosidl_typesupport_fastrtps_cpp.hpp
[5.107s] -- Up-to-date symlink: /home/rosbot/dev_ws/install/rosbridge_msgs/include/rosbridge_msgs/msg/rosidl_typesupport_fastrtps_cpp__visibility_control.h
[5.109s] -- Up-to-date symlink: /home/rosbot/dev_ws/install/rosbridge_msgs/lib/librosbridge_msgs__rosidl_typesupport_fastrtps_cpp.so
[5.110s] -- Up-to-date symlink: /home/rosbot/dev_ws/install/rosbridge_msgs/share/rosbridge_msgs/environment/pythonpath.sh
[5.111s] -- Up-to-date symlink: /home/rosbot/dev_ws/install/rosbridge_msgs/share/rosbridge_msgs/environment/pythonpath.dsv
[5.113s] -- Up-to-date symlink: /home/rosbot/dev_ws/install/rosbridge_msgs/lib/python3.6/site-packages/rosbridge_msgs/__init__.py
[5.115s] -- Up-to-date symlink: /home/rosbot/dev_ws/install/rosbridge_msgs/lib/python3.6/site-packages/rosbridge_msgs/msg/__init__.py
[5.117s] -- Up-to-date symlink: /home/rosbot/dev_ws/install/rosbridge_msgs/lib/python3.6/site-packages/rosbridge_msgs/msg/_connected_client.py
[5.118s] -- Up-to-date symlink: /home/rosbot/dev_ws/install/rosbridge_msgs/lib/python3.6/site-packages/rosbridge_msgs/msg/_connected_clients.py
[5.120s] -- Up-to-date symlink: /home/rosbot/dev_ws/install/rosbridge_msgs/lib/python3.6/site-packages/rosbridge_msgs/rosbridge_msgs_s__rosidl_typesupport_c.cpython-36m-aarch64-linux-gnu.so
[5.123s] -- Up-to-date symlink: /home/rosbot/dev_ws/install/rosbridge_msgs/lib/python3.6/site-packages/rosbridge_msgs/rosbridge_msgs_s__rosidl_typesupport_fastrtps_c.cpython-36m-aarch64-linux-gnu.so
[5.125s] -- Up-to-date symlink: /home/rosbot/dev_ws/install/rosbridge_msgs/lib/librosbridge_msgs__python.so
[5.126s] -- Up-to-date symlink: /home/rosbot/dev_ws/install/rosbridge_msgs/share/rosbridge_msgs/msg/ConnectedClient.idl
[5.127s] -- Up-to-date symlink: /home/rosbot/dev_ws/install/rosbridge_msgs/share/rosbridge_msgs/msg/ConnectedClients.idl
[5.129s] -- Up-to-date symlink: /home/rosbot/dev_ws/install/rosbridge_msgs/share/rosbridge_msgs/msg/ConnectedClient.msg
[5.130s] -- Up-to-date symlink: /home/rosbot/dev_ws/install/rosbridge_msgs/share/rosbridge_msgs/msg/ConnectedClients.msg
[5.131s] -- Up-to-date symlink: /home/rosbot/dev_ws/install/rosbridge_msgs/share/ament_index/resource_index/package_run_dependencies/rosbridge_msgs
[5.133s] -- Up-to-date symlink: /home/rosbot/dev_ws/install/rosbridge_msgs/share/ament_index/resource_index/parent_prefix_path/rosbridge_msgs
[5.134s] -- Up-to-date symlink: /home/rosbot/dev_ws/install/rosbridge_msgs/share/rosbridge_msgs/environment/ament_prefix_path.sh
[5.135s] -- Up-to-date symlink: /home/rosbot/dev_ws/install/rosbridge_msgs/share/rosbridge_msgs/environment/ament_prefix_path.dsv
[5.136s] -- Up-to-date symlink: /home/rosbot/dev_ws/install/rosbridge_msgs/share/rosbridge_msgs/environment/path.sh
[5.137s] -- Up-to-date symlink: /home/rosbot/dev_ws/install/rosbridge_msgs/share/rosbridge_msgs/environment/path.dsv
[5.139s] -- Up-to-date symlink: /home/rosbot/dev_ws/install/rosbridge_msgs/share/rosbridge_msgs/local_setup.bash
[5.140s] -- Up-to-date symlink: /home/rosbot/dev_ws/install/rosbridge_msgs/share/rosbridge_msgs/local_setup.sh
[5.141s] -- Up-to-date symlink: /home/rosbot/dev_ws/install/rosbridge_msgs/share/rosbridge_msgs/local_setup.zsh
[5.142s] -- Up-to-date symlink: /home/rosbot/dev_ws/install/rosbridge_msgs/share/rosbridge_msgs/local_setup.dsv
[5.143s] -- Symlinking: /home/rosbot/dev_ws/install/rosbridge_msgs/share/rosbridge_msgs/package.dsv
[5.188s] -- Up-to-date symlink: /home/rosbot/dev_ws/install/rosbridge_msgs/share/ament_index/resource_index/packages/rosbridge_msgs
[5.189s] -- Up-to-date symlink: /home/rosbot/dev_ws/install/rosbridge_msgs/share/rosbridge_msgs/cmake/rosidl_cmake-extras.cmake
[5.191s] -- Up-to-date symlink: /home/rosbot/dev_ws/install/rosbridge_msgs/share/rosbridge_msgs/cmake/ament_cmake_export_dependencies-extras.cmake
[5.193s] -- Up-to-date symlink: /home/rosbot/dev_ws/install/rosbridge_msgs/share/rosbridge_msgs/cmake/ament_cmake_export_include_directories-extras.cmake
[5.193s] -- Up-to-date symlink: /home/rosbot/dev_ws/install/rosbridge_msgs/share/rosbridge_msgs/cmake/ament_cmake_export_libraries-extras.cmake
[5.194s] -- Up-to-date symlink: /home/rosbot/dev_ws/install/rosbridge_msgs/share/rosbridge_msgs/cmake/rosbridge_msgsConfig.cmake
[5.196s] -- Up-to-date symlink: /home/rosbot/dev_ws/install/rosbridge_msgs/share/rosbridge_msgs/cmake/rosbridge_msgsConfig-version.cmake
[5.197s] -- Up-to-date symlink: /home/rosbot/dev_ws/install/rosbridge_msgs/share/rosbridge_msgs/package.xml
[5.459s] Invoked command in '/home/rosbot/dev_ws/build/rosbridge_msgs' returned '0': CMAKE_PREFIX_PATH=${CMAKE_PREFIX_PATH}:/home/rosbot/dev_ws/install/py_pubsub:/home/rosbot/dev_ws/install/my_package:/home/rosbot/dev_ws/install/base:/opt/ros/eloquent /usr/bin/cmake --build /home/rosbot/dev_ws/build/rosbridge_msgs --target install -- -j4 -l4
