[0.147s] Invoking command in '/home/rosbot/dev_ws/build/rosbridge_server': AMENT_PREFIX_PATH=/home/rosbot/dev_ws/install/rosapi:/home/rosbot/dev_ws/install/rosbridge_library:/home/rosbot/dev_ws/install/rosbridge_msgs:/home/rosbot/dev_ws/install/rosapi_msgs:${AMENT_PREFIX_PATH} CMAKE_PREFIX_PATH=/home/rosbot/dev_ws/install/rosapi:/home/rosbot/dev_ws/install/rosbridge_library:/home/rosbot/dev_ws/install/rosbridge_msgs:/home/rosbot/dev_ws/install/rosapi_msgs:/opt/ros/eloquent LD_LIBRARY_PATH=/home/rosbot/dev_ws/install/rosbridge_msgs/lib:/home/rosbot/dev_ws/install/rosapi_msgs/lib:${LD_LIBRARY_PATH} PYTHONPATH=/home/rosbot/dev_ws/install/rosapi/lib/python3.6/site-packages:/home/rosbot/dev_ws/install/rosbridge_library/lib/python3.6/site-packages:/home/rosbot/dev_ws/install/rosbridge_msgs/lib/python3.6/site-packages:/home/rosbot/dev_ws/install/rosapi_msgs/lib/python3.6/site-packages:${PYTHONPATH} /usr/bin/cmake /home/rosbot/dev_ws/src/rosbridge_suite/rosbridge_server -DAMENT_CMAKE_SYMLINK_INSTALL=1 -DCMAKE_INSTALL_PREFIX=/home/rosbot/dev_ws/install/rosbridge_server
[0.194s] -- Found ament_cmake_ros: 0.8.0 (/opt/ros/eloquent/share/ament_cmake_ros/cmake)
[0.318s] -- Using PYTHON_EXECUTABLE: /usr/bin/python3
[1.454s] -- Override CMake install command with custom implementation using symlinks instead of copying resources
[1.985s] -- Found launch_testing_ament_cmake: 0.9.7 (/opt/ros/eloquent/share/launch_testing_ament_cmake/cmake)
[1.995s] -- Found python_cmake_module: 0.8.0 (/opt/ros/eloquent/share/python_cmake_module/cmake)
[2.112s] -- Found PythonInterp: /usr/bin/python3 (found suitable version "3.6.9", minimum required is "3.5") 
[2.154s] -- Found PythonLibs: /usr/lib/aarch64-linux-gnu/libpython3.6m.so (found suitable version "3.6.9", minimum required is "3.5") 
[2.155s] -- Using PYTHON_EXECUTABLE: /usr/bin/python3
[2.155s] -- Using PYTHON_INCLUDE_DIRS: /usr/include/python3.6m
[2.156s] -- Using PYTHON_LIBRARIES: /usr/lib/aarch64-linux-gnu/libpython3.6m.so
[2.267s] -- Found PythonExtra: .so  
[2.278s] -- Configuring done
[2.286s] -- Generating done
[2.290s] -- Build files have been written to: /home/rosbot/dev_ws/build/rosbridge_server
[2.299s] Invoked command in '/home/rosbot/dev_ws/build/rosbridge_server' returned '0': AMENT_PREFIX_PATH=/home/rosbot/dev_ws/install/rosapi:/home/rosbot/dev_ws/install/rosbridge_library:/home/rosbot/dev_ws/install/rosbridge_msgs:/home/rosbot/dev_ws/install/rosapi_msgs:${AMENT_PREFIX_PATH} CMAKE_PREFIX_PATH=/home/rosbot/dev_ws/install/rosapi:/home/rosbot/dev_ws/install/rosbridge_library:/home/rosbot/dev_ws/install/rosbridge_msgs:/home/rosbot/dev_ws/install/rosapi_msgs:/opt/ros/eloquent LD_LIBRARY_PATH=/home/rosbot/dev_ws/install/rosbridge_msgs/lib:/home/rosbot/dev_ws/install/rosapi_msgs/lib:${LD_LIBRARY_PATH} PYTHONPATH=/home/rosbot/dev_ws/install/rosapi/lib/python3.6/site-packages:/home/rosbot/dev_ws/install/rosbridge_library/lib/python3.6/site-packages:/home/rosbot/dev_ws/install/rosbridge_msgs/lib/python3.6/site-packages:/home/rosbot/dev_ws/install/rosapi_msgs/lib/python3.6/site-packages:${PYTHONPATH} /usr/bin/cmake /home/rosbot/dev_ws/src/rosbridge_suite/rosbridge_server -DAMENT_CMAKE_SYMLINK_INSTALL=1 -DCMAKE_INSTALL_PREFIX=/home/rosbot/dev_ws/install/rosbridge_server
[2.308s] Invoking command in '/home/rosbot/dev_ws/build/rosbridge_server': AMENT_PREFIX_PATH=/home/rosbot/dev_ws/install/rosapi:/home/rosbot/dev_ws/install/rosbridge_library:/home/rosbot/dev_ws/install/rosbridge_msgs:/home/rosbot/dev_ws/install/rosapi_msgs:${AMENT_PREFIX_PATH} CMAKE_PREFIX_PATH=/home/rosbot/dev_ws/install/rosapi:/home/rosbot/dev_ws/install/rosbridge_library:/home/rosbot/dev_ws/install/rosbridge_msgs:/home/rosbot/dev_ws/install/rosapi_msgs:/opt/ros/eloquent LD_LIBRARY_PATH=/home/rosbot/dev_ws/install/rosbridge_msgs/lib:/home/rosbot/dev_ws/install/rosapi_msgs/lib:${LD_LIBRARY_PATH} PYTHONPATH=/home/rosbot/dev_ws/install/rosapi/lib/python3.6/site-packages:/home/rosbot/dev_ws/install/rosbridge_library/lib/python3.6/site-packages:/home/rosbot/dev_ws/install/rosbridge_msgs/lib/python3.6/site-packages:/home/rosbot/dev_ws/install/rosapi_msgs/lib/python3.6/site-packages:${PYTHONPATH} /usr/bin/cmake --build /home/rosbot/dev_ws/build/rosbridge_server -- -j4 -l4
[2.462s] Invoked command in '/home/rosbot/dev_ws/build/rosbridge_server' returned '0': AMENT_PREFIX_PATH=/home/rosbot/dev_ws/install/rosapi:/home/rosbot/dev_ws/install/rosbridge_library:/home/rosbot/dev_ws/install/rosbridge_msgs:/home/rosbot/dev_ws/install/rosapi_msgs:${AMENT_PREFIX_PATH} CMAKE_PREFIX_PATH=/home/rosbot/dev_ws/install/rosapi:/home/rosbot/dev_ws/install/rosbridge_library:/home/rosbot/dev_ws/install/rosbridge_msgs:/home/rosbot/dev_ws/install/rosapi_msgs:/opt/ros/eloquent LD_LIBRARY_PATH=/home/rosbot/dev_ws/install/rosbridge_msgs/lib:/home/rosbot/dev_ws/install/rosapi_msgs/lib:${LD_LIBRARY_PATH} PYTHONPATH=/home/rosbot/dev_ws/install/rosapi/lib/python3.6/site-packages:/home/rosbot/dev_ws/install/rosbridge_library/lib/python3.6/site-packages:/home/rosbot/dev_ws/install/rosbridge_msgs/lib/python3.6/site-packages:/home/rosbot/dev_ws/install/rosapi_msgs/lib/python3.6/site-packages:${PYTHONPATH} /usr/bin/cmake --build /home/rosbot/dev_ws/build/rosbridge_server -- -j4 -l4
[2.546s] Invoking command in '/home/rosbot/dev_ws/build/rosbridge_server': AMENT_PREFIX_PATH=/home/rosbot/dev_ws/install/rosapi:/home/rosbot/dev_ws/install/rosbridge_library:/home/rosbot/dev_ws/install/rosbridge_msgs:/home/rosbot/dev_ws/install/rosapi_msgs:${AMENT_PREFIX_PATH} CMAKE_PREFIX_PATH=/home/rosbot/dev_ws/install/rosapi:/home/rosbot/dev_ws/install/rosbridge_library:/home/rosbot/dev_ws/install/rosbridge_msgs:/home/rosbot/dev_ws/install/rosapi_msgs:/opt/ros/eloquent LD_LIBRARY_PATH=/home/rosbot/dev_ws/install/rosbridge_msgs/lib:/home/rosbot/dev_ws/install/rosapi_msgs/lib:${LD_LIBRARY_PATH} PYTHONPATH=/home/rosbot/dev_ws/install/rosapi/lib/python3.6/site-packages:/home/rosbot/dev_ws/install/rosbridge_library/lib/python3.6/site-packages:/home/rosbot/dev_ws/install/rosbridge_msgs/lib/python3.6/site-packages:/home/rosbot/dev_ws/install/rosapi_msgs/lib/python3.6/site-packages:${PYTHONPATH} /usr/bin/cmake --build /home/rosbot/dev_ws/build/rosbridge_server --target install -- -j4 -l4
[2.732s] [36mInstall the project...[0m
[2.765s] -- Install configuration: ""
[2.767s] -- Execute custom install script
[2.768s] -- Symlinking: /home/rosbot/dev_ws/install/rosbridge_server/share/rosbridge_server/environment/pythonpath.sh
[2.803s] -- Symlinking: /home/rosbot/dev_ws/install/rosbridge_server/share/rosbridge_server/environment/pythonpath.dsv
[2.839s] -- Symlinking: /home/rosbot/dev_ws/install/rosbridge_server/lib/python3.6/site-packages/rosbridge_server/__init__.py
[2.873s] -- Symlinking: /home/rosbot/dev_ws/install/rosbridge_server/lib/python3.6/site-packages/rosbridge_server/client_mananger.py
[2.907s] -- Symlinking: /home/rosbot/dev_ws/install/rosbridge_server/lib/python3.6/site-packages/rosbridge_server/websocket_handler.py
[2.942s] -- Symlinking: /home/rosbot/dev_ws/install/rosbridge_server/share/ament_index/resource_index/package_run_dependencies/rosbridge_server
[2.976s] -- Symlinking: /home/rosbot/dev_ws/install/rosbridge_server/share/ament_index/resource_index/parent_prefix_path/rosbridge_server
[3.011s] -- Symlinking: /home/rosbot/dev_ws/install/rosbridge_server/share/rosbridge_server/environment/ament_prefix_path.sh
[3.045s] -- Symlinking: /home/rosbot/dev_ws/install/rosbridge_server/share/rosbridge_server/environment/ament_prefix_path.dsv
[3.080s] -- Symlinking: /home/rosbot/dev_ws/install/rosbridge_server/share/rosbridge_server/environment/path.sh
[3.114s] -- Symlinking: /home/rosbot/dev_ws/install/rosbridge_server/share/rosbridge_server/environment/path.dsv
[3.149s] -- Symlinking: /home/rosbot/dev_ws/install/rosbridge_server/share/rosbridge_server/local_setup.bash
[3.184s] -- Symlinking: /home/rosbot/dev_ws/install/rosbridge_server/share/rosbridge_server/local_setup.sh
[3.219s] -- Symlinking: /home/rosbot/dev_ws/install/rosbridge_server/share/rosbridge_server/local_setup.zsh
[3.253s] -- Symlinking: /home/rosbot/dev_ws/install/rosbridge_server/share/rosbridge_server/local_setup.dsv
[3.291s] -- Symlinking: /home/rosbot/dev_ws/install/rosbridge_server/share/rosbridge_server/package.dsv
[3.328s] -- Symlinking: /home/rosbot/dev_ws/install/rosbridge_server/share/ament_index/resource_index/packages/rosbridge_server
[3.363s] -- Symlinking: /home/rosbot/dev_ws/install/rosbridge_server/share/rosbridge_server/cmake/rosbridge_serverConfig.cmake
[3.398s] -- Symlinking: /home/rosbot/dev_ws/install/rosbridge_server/share/rosbridge_server/cmake/rosbridge_serverConfig-version.cmake
[3.438s] -- Symlinking: /home/rosbot/dev_ws/install/rosbridge_server/share/rosbridge_server/package.xml
[3.473s] -- Symlinking: /home/rosbot/dev_ws/install/rosbridge_server/lib/rosbridge_server/rosbridge_websocket.py
[3.508s] -- Symlinking: /home/rosbot/dev_ws/install/rosbridge_server/lib/rosbridge_server/rosbridge_websocket
[3.545s] -- Symlinking: /home/rosbot/dev_ws/install/rosbridge_server/share/rosbridge_server/launch/rosbridge_websocket_launch.xml
[3.764s] Listing '/home/rosbot/dev_ws/install/rosbridge_server/lib/python3.6/site-packages/rosbridge_server'...
[3.764s] Compiling '/home/rosbot/dev_ws/install/rosbridge_server/lib/python3.6/site-packages/rosbridge_server/__init__.py'...
[3.765s] Compiling '/home/rosbot/dev_ws/install/rosbridge_server/lib/python3.6/site-packages/rosbridge_server/client_mananger.py'...
[3.765s] Compiling '/home/rosbot/dev_ws/install/rosbridge_server/lib/python3.6/site-packages/rosbridge_server/websocket_handler.py'...
[3.802s] Invoked command in '/home/rosbot/dev_ws/build/rosbridge_server' returned '0': AMENT_PREFIX_PATH=/home/rosbot/dev_ws/install/rosapi:/home/rosbot/dev_ws/install/rosbridge_library:/home/rosbot/dev_ws/install/rosbridge_msgs:/home/rosbot/dev_ws/install/rosapi_msgs:${AMENT_PREFIX_PATH} CMAKE_PREFIX_PATH=/home/rosbot/dev_ws/install/rosapi:/home/rosbot/dev_ws/install/rosbridge_library:/home/rosbot/dev_ws/install/rosbridge_msgs:/home/rosbot/dev_ws/install/rosapi_msgs:/opt/ros/eloquent LD_LIBRARY_PATH=/home/rosbot/dev_ws/install/rosbridge_msgs/lib:/home/rosbot/dev_ws/install/rosapi_msgs/lib:${LD_LIBRARY_PATH} PYTHONPATH=/home/rosbot/dev_ws/install/rosapi/lib/python3.6/site-packages:/home/rosbot/dev_ws/install/rosbridge_library/lib/python3.6/site-packages:/home/rosbot/dev_ws/install/rosbridge_msgs/lib/python3.6/site-packages:/home/rosbot/dev_ws/install/rosapi_msgs/lib/python3.6/site-packages:${PYTHONPATH} /usr/bin/cmake --build /home/rosbot/dev_ws/build/rosbridge_server --target install -- -j4 -l4
