[4.199s] DEBUG:colcon:Command line arguments: ['/home/rosbot/.local/bin/colcon', 'build', '--symlink-install']
[4.199s] DEBUG:colcon:Parsed command line arguments: Namespace(ament_cmake_args=None, base_paths=['.'], build_base='build', catkin_cmake_args=None, catkin_skip_building_tests=False, cmake_args=None, cmake_clean_cache=False, cmake_clean_first=False, cmake_force_configure=False, cmake_target=None, cmake_target_skip_unavailable=False, continue_on_error=False, event_handlers=None, executor='parallel', ignore_user_meta=False, install_base='install', log_base=None, log_level=None, main=<bound method BuildVerb.main of <colcon_core.verb.build.BuildVerb object at 0x7fb33b7f28>>, merge_install=False, metas=['./colcon.meta'], packages_above=None, packages_above_and_dependencies=None, packages_above_depth=None, packages_end=None, packages_ignore=None, packages_ignore_regex=None, packages_select=None, packages_select_build_failed=False, packages_select_by_dep=None, packages_select_regex=None, packages_select_test_failures=False, packages_skip=None, packages_skip_build_finished=False, packages_skip_by_dep=None, packages_skip_regex=None, packages_skip_test_passed=False, packages_skip_up_to=None, packages_start=None, packages_up_to=None, packages_up_to_regex=None, parallel_workers=4, paths=None, symlink_install=True, test_result_base=None, verb_extension=<colcon_core.verb.build.BuildVerb object at 0x7fb33b7f28>, verb_name='build', verb_parser=<colcon_defaults.argument_parser.defaults.DefaultArgumentsDecorator object at 0x7fb3337a90>)
[4.444s] Level 1:colcon.colcon_core.package_discovery:discover_packages(colcon_meta) check parameters
[4.445s] Level 1:colcon.colcon_core.package_discovery:discover_packages(recursive) check parameters
[4.445s] Level 1:colcon.colcon_core.package_discovery:discover_packages(ignore) check parameters
[4.445s] Level 1:colcon.colcon_core.package_discovery:discover_packages(path) check parameters
[4.445s] Level 1:colcon.colcon_core.package_discovery:discover_packages(colcon_meta) discover
[4.447s] Level 1:colcon.colcon_core.package_discovery:discover_packages(recursive) discover
[4.447s] INFO:colcon.colcon_core.package_discovery:Crawling recursively for packages in '/home/rosbot/dev_ws'
[4.447s] Level 1:colcon.colcon_core.package_identification:_identify(.) by extensions ['ignore', 'ignore_ament_install']
[4.448s] Level 1:colcon.colcon_core.package_identification:_identify(.) by extension 'ignore'
[4.448s] Level 1:colcon.colcon_core.package_identification:_identify(.) by extension 'ignore_ament_install'
[4.449s] Level 1:colcon.colcon_core.package_identification:_identify(.) by extensions ['colcon_pkg']
[4.449s] Level 1:colcon.colcon_core.package_identification:_identify(.) by extension 'colcon_pkg'
[4.449s] Level 1:colcon.colcon_core.package_identification:_identify(.) by extensions ['colcon_meta']
[4.449s] Level 1:colcon.colcon_core.package_identification:_identify(.) by extension 'colcon_meta'
[4.449s] Level 1:colcon.colcon_core.package_identification:_identify(.) by extensions ['ros']
[4.450s] Level 1:colcon.colcon_core.package_identification:_identify(.) by extension 'ros'
[4.622s] Level 1:colcon.colcon_core.package_identification:_identify(.) by extensions ['cmake', 'python']
[4.623s] Level 1:colcon.colcon_core.package_identification:_identify(.) by extension 'cmake'
[4.623s] Level 1:colcon.colcon_core.package_identification:_identify(.) by extension 'python'
[4.623s] Level 1:colcon.colcon_core.package_identification:_identify(.) by extensions ['python_setup_py']
[4.624s] Level 1:colcon.colcon_core.package_identification:_identify(.) by extension 'python_setup_py'
[4.624s] Level 1:colcon.colcon_core.package_identification:_identify(build) by extensions ['ignore', 'ignore_ament_install']
[4.625s] Level 1:colcon.colcon_core.package_identification:_identify(build) by extension 'ignore'
[4.625s] Level 1:colcon.colcon_core.package_identification:_identify(build) ignored
[4.627s] Level 1:colcon.colcon_core.package_identification:_identify(install) by extensions ['ignore', 'ignore_ament_install']
[4.627s] Level 1:colcon.colcon_core.package_identification:_identify(install) by extension 'ignore'
[4.627s] Level 1:colcon.colcon_core.package_identification:_identify(install) ignored
[4.628s] Level 1:colcon.colcon_core.package_identification:_identify(log) by extensions ['ignore', 'ignore_ament_install']
[4.628s] Level 1:colcon.colcon_core.package_identification:_identify(log) by extension 'ignore'
[4.629s] Level 1:colcon.colcon_core.package_identification:_identify(log) ignored
[4.629s] Level 1:colcon.colcon_core.package_identification:_identify(src) by extensions ['ignore', 'ignore_ament_install']
[4.630s] Level 1:colcon.colcon_core.package_identification:_identify(src) by extension 'ignore'
[4.630s] Level 1:colcon.colcon_core.package_identification:_identify(src) by extension 'ignore_ament_install'
[4.630s] Level 1:colcon.colcon_core.package_identification:_identify(src) by extensions ['colcon_pkg']
[4.630s] Level 1:colcon.colcon_core.package_identification:_identify(src) by extension 'colcon_pkg'
[4.631s] Level 1:colcon.colcon_core.package_identification:_identify(src) by extensions ['colcon_meta']
[4.631s] Level 1:colcon.colcon_core.package_identification:_identify(src) by extension 'colcon_meta'
[4.631s] Level 1:colcon.colcon_core.package_identification:_identify(src) by extensions ['ros']
[4.631s] Level 1:colcon.colcon_core.package_identification:_identify(src) by extension 'ros'
[4.632s] Level 1:colcon.colcon_core.package_identification:_identify(src) by extensions ['cmake', 'python']
[4.632s] Level 1:colcon.colcon_core.package_identification:_identify(src) by extension 'cmake'
[4.632s] Level 1:colcon.colcon_core.package_identification:_identify(src) by extension 'python'
[4.632s] Level 1:colcon.colcon_core.package_identification:_identify(src) by extensions ['python_setup_py']
[4.633s] Level 1:colcon.colcon_core.package_identification:_identify(src) by extension 'python_setup_py'
[4.633s] Level 1:colcon.colcon_core.package_identification:_identify(src/my_package) by extensions ['ignore', 'ignore_ament_install']
[4.634s] Level 1:colcon.colcon_core.package_identification:_identify(src/my_package) by extension 'ignore'
[4.634s] Level 1:colcon.colcon_core.package_identification:_identify(src/my_package) by extension 'ignore_ament_install'
[4.634s] Level 1:colcon.colcon_core.package_identification:_identify(src/my_package) by extensions ['colcon_pkg']
[4.634s] Level 1:colcon.colcon_core.package_identification:_identify(src/my_package) by extension 'colcon_pkg'
[4.635s] Level 1:colcon.colcon_core.package_identification:_identify(src/my_package) by extensions ['colcon_meta']
[4.635s] Level 1:colcon.colcon_core.package_identification:_identify(src/my_package) by extension 'colcon_meta'
[4.635s] Level 1:colcon.colcon_core.package_identification:_identify(src/my_package) by extensions ['ros']
[4.635s] Level 1:colcon.colcon_core.package_identification:_identify(src/my_package) by extension 'ros'
[4.647s] DEBUG:colcon.colcon_core.package_identification:Package 'src/my_package' with type 'ros.ament_python' and name 'my_package'
[4.648s] Level 1:colcon.colcon_core.package_identification:_identify(src/py_pubsub) by extensions ['ignore', 'ignore_ament_install']
[4.648s] Level 1:colcon.colcon_core.package_identification:_identify(src/py_pubsub) by extension 'ignore'
[4.648s] Level 1:colcon.colcon_core.package_identification:_identify(src/py_pubsub) by extension 'ignore_ament_install'
[4.649s] Level 1:colcon.colcon_core.package_identification:_identify(src/py_pubsub) by extensions ['colcon_pkg']
[4.649s] Level 1:colcon.colcon_core.package_identification:_identify(src/py_pubsub) by extension 'colcon_pkg'
[4.650s] Level 1:colcon.colcon_core.package_identification:_identify(src/py_pubsub) by extensions ['colcon_meta']
[4.650s] Level 1:colcon.colcon_core.package_identification:_identify(src/py_pubsub) by extension 'colcon_meta'
[4.650s] Level 1:colcon.colcon_core.package_identification:_identify(src/py_pubsub) by extensions ['ros']
[4.650s] Level 1:colcon.colcon_core.package_identification:_identify(src/py_pubsub) by extension 'ros'
[4.653s] DEBUG:colcon.colcon_core.package_identification:Package 'src/py_pubsub' with type 'ros.ament_python' and name 'py_pubsub'
[4.653s] Level 1:colcon.colcon_core.package_discovery:discover_packages(recursive) using defaults
[4.654s] Level 1:colcon.colcon_core.package_discovery:discover_packages(ignore) discover
[4.654s] Level 1:colcon.colcon_core.package_discovery:discover_packages(ignore) using defaults
[4.655s] Level 1:colcon.colcon_core.package_discovery:discover_packages(path) discover
[4.655s] Level 1:colcon.colcon_core.package_discovery:discover_packages(path) using defaults
[5.021s] Level 5:colcon.colcon_core.verb:set package 'my_package' build argument 'cmake_args' from command line to 'None'
[5.022s] Level 5:colcon.colcon_core.verb:set package 'my_package' build argument 'cmake_target' from command line to 'None'
[5.022s] Level 5:colcon.colcon_core.verb:set package 'my_package' build argument 'cmake_target_skip_unavailable' from command line to 'False'
[5.022s] Level 5:colcon.colcon_core.verb:set package 'my_package' build argument 'cmake_clean_cache' from command line to 'False'
[5.022s] Level 5:colcon.colcon_core.verb:set package 'my_package' build argument 'cmake_clean_first' from command line to 'False'
[5.023s] Level 5:colcon.colcon_core.verb:set package 'my_package' build argument 'cmake_force_configure' from command line to 'False'
[5.023s] Level 5:colcon.colcon_core.verb:set package 'my_package' build argument 'ament_cmake_args' from command line to 'None'
[5.023s] Level 5:colcon.colcon_core.verb:set package 'my_package' build argument 'catkin_cmake_args' from command line to 'None'
[5.023s] Level 5:colcon.colcon_core.verb:set package 'my_package' build argument 'catkin_skip_building_tests' from command line to 'False'
[5.023s] DEBUG:colcon.colcon_core.verb:Building package 'my_package' with the following arguments: {'ament_cmake_args': None, 'build_base': '/home/rosbot/dev_ws/build/my_package', 'catkin_cmake_args': None, 'catkin_skip_building_tests': False, 'cmake_args': None, 'cmake_clean_cache': False, 'cmake_clean_first': False, 'cmake_force_configure': False, 'cmake_target': None, 'cmake_target_skip_unavailable': False, 'install_base': '/home/rosbot/dev_ws/install/my_package', 'merge_install': False, 'path': '/home/rosbot/dev_ws/src/my_package', 'symlink_install': True, 'test_result_base': None}
[5.114s] Level 5:colcon.colcon_core.verb:set package 'py_pubsub' build argument 'cmake_args' from command line to 'None'
[5.114s] Level 5:colcon.colcon_core.verb:set package 'py_pubsub' build argument 'cmake_target' from command line to 'None'
[5.115s] Level 5:colcon.colcon_core.verb:set package 'py_pubsub' build argument 'cmake_target_skip_unavailable' from command line to 'False'
[5.115s] Level 5:colcon.colcon_core.verb:set package 'py_pubsub' build argument 'cmake_clean_cache' from command line to 'False'
[5.115s] Level 5:colcon.colcon_core.verb:set package 'py_pubsub' build argument 'cmake_clean_first' from command line to 'False'
[5.115s] Level 5:colcon.colcon_core.verb:set package 'py_pubsub' build argument 'cmake_force_configure' from command line to 'False'
[5.115s] Level 5:colcon.colcon_core.verb:set package 'py_pubsub' build argument 'ament_cmake_args' from command line to 'None'
[5.116s] Level 5:colcon.colcon_core.verb:set package 'py_pubsub' build argument 'catkin_cmake_args' from command line to 'None'
[5.116s] Level 5:colcon.colcon_core.verb:set package 'py_pubsub' build argument 'catkin_skip_building_tests' from command line to 'False'
[5.116s] DEBUG:colcon.colcon_core.verb:Building package 'py_pubsub' with the following arguments: {'ament_cmake_args': None, 'build_base': '/home/rosbot/dev_ws/build/py_pubsub', 'catkin_cmake_args': None, 'catkin_skip_building_tests': False, 'cmake_args': None, 'cmake_clean_cache': False, 'cmake_clean_first': False, 'cmake_force_configure': False, 'cmake_target': None, 'cmake_target_skip_unavailable': False, 'install_base': '/home/rosbot/dev_ws/install/py_pubsub', 'merge_install': False, 'path': '/home/rosbot/dev_ws/src/py_pubsub', 'symlink_install': True, 'test_result_base': None}
[5.138s] INFO:colcon.colcon_core.executor:Executing jobs using 'parallel' executor
[5.289s] DEBUG:colcon.colcon_parallel_executor.executor.parallel:run_until_complete
[5.290s] INFO:colcon.colcon_ros.task.ament_python.build:Building ROS package in '/home/rosbot/dev_ws/src/my_package' with build type 'ament_python'
[5.292s] Level 1:colcon.colcon_core.shell:create_environment_hook('my_package', 'ament_prefix_path')
[5.375s] INFO:colcon.colcon_core.plugin_system:Skipping extension 'colcon_core.shell.bat': Not used on non-Windows systems
[5.376s] INFO:colcon.colcon_core.shell:Creating environment hook '/home/rosbot/dev_ws/install/my_package/share/my_package/hook/ament_prefix_path.ps1'
[5.380s] INFO:colcon.colcon_core.shell:Creating environment descriptor '/home/rosbot/dev_ws/install/my_package/share/my_package/hook/ament_prefix_path.dsv'
[5.382s] INFO:colcon.colcon_core.shell:Creating environment hook '/home/rosbot/dev_ws/install/my_package/share/my_package/hook/ament_prefix_path.sh'
[5.451s] INFO:colcon.colcon_core.shell:Skip shell extension 'powershell' for command environment: Not usable outside of PowerShell
[5.451s] DEBUG:colcon.colcon_core.shell:Skip shell extension 'dsv' for command environment
[5.605s] INFO:colcon.colcon_ros.task.ament_python.build:Building ROS package in '/home/rosbot/dev_ws/src/py_pubsub' with build type 'ament_python'
[5.606s] Level 1:colcon.colcon_core.shell:create_environment_hook('py_pubsub', 'ament_prefix_path')
[5.675s] INFO:colcon.colcon_core.shell:Creating environment hook '/home/rosbot/dev_ws/install/py_pubsub/share/py_pubsub/hook/ament_prefix_path.ps1'
[5.677s] INFO:colcon.colcon_core.shell:Creating environment descriptor '/home/rosbot/dev_ws/install/py_pubsub/share/py_pubsub/hook/ament_prefix_path.dsv'
[5.678s] INFO:colcon.colcon_core.shell:Creating environment hook '/home/rosbot/dev_ws/install/py_pubsub/share/py_pubsub/hook/ament_prefix_path.sh'
[5.743s] INFO:colcon.colcon_core.shell:Skip shell extension 'powershell' for command environment: Not usable outside of PowerShell
[5.743s] DEBUG:colcon.colcon_core.shell:Skip shell extension 'dsv' for command environment
[7.403s] INFO:colcon.colcon_core.task.python.build:Building Python package in '/home/rosbot/dev_ws/src/my_package'
[7.470s] INFO:colcon.colcon_core.shell:Skip shell extension 'powershell' for command environment: Not usable outside of PowerShell
[7.470s] DEBUG:colcon.colcon_core.shell:Skip shell extension 'dsv' for command environment
[9.115s] INFO:colcon.colcon_core.task.python.build:Building Python package in '/home/rosbot/dev_ws/src/py_pubsub'
[9.180s] INFO:colcon.colcon_core.shell:Skip shell extension 'powershell' for command environment: Not usable outside of PowerShell
[9.181s] DEBUG:colcon.colcon_core.shell:Skip shell extension 'dsv' for command environment
[11.231s] DEBUG:colcon.colcon_core.event_handler.log_command:Invoking command in '/home/rosbot/dev_ws/build/py_pubsub': PYTHONPATH=/home/rosbot/dev_ws/install/py_pubsub/lib/python3.6/site-packages:${PYTHONPATH} /usr/bin/python3 setup.py develop --prefix /home/rosbot/dev_ws/install/py_pubsub --editable --build-directory /home/rosbot/dev_ws/build/py_pubsub/build --no-deps install_data --install-dir /home/rosbot/dev_ws/install/py_pubsub
[11.260s] DEBUG:colcon.colcon_core.event_handler.log_command:Invoking command in '/home/rosbot/dev_ws/build/my_package': PYTHONPATH=/home/rosbot/dev_ws/install/my_package/lib/python3.6/site-packages:${PYTHONPATH} /usr/bin/python3 setup.py develop --prefix /home/rosbot/dev_ws/install/my_package --editable --build-directory /home/rosbot/dev_ws/build/my_package/build --no-deps install_data --install-dir /home/rosbot/dev_ws/install/my_package
[13.654s] Level 1:colcon.colcon_core.shell:create_environment_hook('py_pubsub', 'pythonpath_develop')
[13.677s] DEBUG:colcon.colcon_core.event_handler.log_command:Invoked command in '/home/rosbot/dev_ws/build/py_pubsub' returned '0': PYTHONPATH=/home/rosbot/dev_ws/install/py_pubsub/lib/python3.6/site-packages:${PYTHONPATH} /usr/bin/python3 setup.py develop --prefix /home/rosbot/dev_ws/install/py_pubsub --editable --build-directory /home/rosbot/dev_ws/build/py_pubsub/build --no-deps install_data --install-dir /home/rosbot/dev_ws/install/py_pubsub
[13.726s] INFO:colcon.colcon_core.shell:Creating environment hook '/home/rosbot/dev_ws/build/py_pubsub/share/py_pubsub/hook/pythonpath_develop.ps1'
[13.728s] INFO:colcon.colcon_core.shell:Creating environment descriptor '/home/rosbot/dev_ws/build/py_pubsub/share/py_pubsub/hook/pythonpath_develop.dsv'
[13.730s] INFO:colcon.colcon_core.shell:Creating environment hook '/home/rosbot/dev_ws/build/py_pubsub/share/py_pubsub/hook/pythonpath_develop.sh'
[13.820s] Level 1:colcon.colcon_core.environment:checking '/home/rosbot/dev_ws/install/py_pubsub' for CMake module files
[13.823s] Level 1:colcon.colcon_core.environment:checking '/home/rosbot/dev_ws/install/py_pubsub' for CMake config files
[13.827s] Level 1:colcon.colcon_core.environment:checking '/home/rosbot/dev_ws/install/py_pubsub/lib'
[13.828s] Level 1:colcon.colcon_core.environment:checking '/home/rosbot/dev_ws/install/py_pubsub/bin'
[13.829s] Level 1:colcon.colcon_core.environment:checking '/home/rosbot/dev_ws/install/py_pubsub/lib/pkgconfig/py_pubsub.pc'
[13.829s] Level 1:colcon.colcon_core.environment:checking '/home/rosbot/dev_ws/install/py_pubsub/lib/python3.6/site-packages'
[13.830s] Level 1:colcon.colcon_core.shell:create_environment_hook('py_pubsub', 'pythonpath')
[13.893s] INFO:colcon.colcon_core.shell:Creating environment hook '/home/rosbot/dev_ws/install/py_pubsub/share/py_pubsub/hook/pythonpath.ps1'
[13.895s] INFO:colcon.colcon_core.shell:Creating environment descriptor '/home/rosbot/dev_ws/install/py_pubsub/share/py_pubsub/hook/pythonpath.dsv'
[13.897s] INFO:colcon.colcon_core.shell:Creating environment hook '/home/rosbot/dev_ws/install/py_pubsub/share/py_pubsub/hook/pythonpath.sh'
[13.899s] Level 1:colcon.colcon_core.environment:checking '/home/rosbot/dev_ws/install/py_pubsub/bin'
[13.900s] Level 1:colcon.colcon_core.environment:create_environment_scripts_only(py_pubsub)
[13.968s] INFO:colcon.colcon_core.shell:Creating package script '/home/rosbot/dev_ws/install/py_pubsub/share/py_pubsub/package.ps1'
[13.974s] INFO:colcon.colcon_core.shell:Creating package descriptor '/home/rosbot/dev_ws/install/py_pubsub/share/py_pubsub/package.dsv'
[13.977s] INFO:colcon.colcon_core.shell:Creating package script '/home/rosbot/dev_ws/install/py_pubsub/share/py_pubsub/package.sh'
[13.983s] INFO:colcon.colcon_core.shell:Creating package script '/home/rosbot/dev_ws/install/py_pubsub/share/py_pubsub/package.bash'
[13.987s] INFO:colcon.colcon_core.shell:Creating package script '/home/rosbot/dev_ws/install/py_pubsub/share/py_pubsub/package.zsh'
[13.991s] Level 1:colcon.colcon_core.environment:create_file_with_runtime_dependencies(/home/rosbot/dev_ws/install/py_pubsub/share/colcon-core/packages/py_pubsub)
[13.997s] Level 1:colcon.colcon_core.shell:create_environment_hook('my_package', 'pythonpath_develop')
[14.058s] DEBUG:colcon.colcon_core.event_handler.log_command:Invoked command in '/home/rosbot/dev_ws/build/my_package' returned '0': PYTHONPATH=/home/rosbot/dev_ws/install/my_package/lib/python3.6/site-packages:${PYTHONPATH} /usr/bin/python3 setup.py develop --prefix /home/rosbot/dev_ws/install/my_package --editable --build-directory /home/rosbot/dev_ws/build/my_package/build --no-deps install_data --install-dir /home/rosbot/dev_ws/install/my_package
[14.068s] INFO:colcon.colcon_core.shell:Creating environment hook '/home/rosbot/dev_ws/build/my_package/share/my_package/hook/pythonpath_develop.ps1'
[14.070s] INFO:colcon.colcon_core.shell:Creating environment descriptor '/home/rosbot/dev_ws/build/my_package/share/my_package/hook/pythonpath_develop.dsv'
[14.072s] INFO:colcon.colcon_core.shell:Creating environment hook '/home/rosbot/dev_ws/build/my_package/share/my_package/hook/pythonpath_develop.sh'
[14.152s] Level 1:colcon.colcon_core.environment:checking '/home/rosbot/dev_ws/install/my_package' for CMake module files
[14.155s] Level 1:colcon.colcon_core.environment:checking '/home/rosbot/dev_ws/install/my_package' for CMake config files
[14.158s] Level 1:colcon.colcon_core.environment:checking '/home/rosbot/dev_ws/install/my_package/lib'
[14.159s] Level 1:colcon.colcon_core.environment:checking '/home/rosbot/dev_ws/install/my_package/bin'
[14.159s] Level 1:colcon.colcon_core.environment:checking '/home/rosbot/dev_ws/install/my_package/lib/pkgconfig/my_package.pc'
[14.160s] Level 1:colcon.colcon_core.environment:checking '/home/rosbot/dev_ws/install/my_package/lib/python3.6/site-packages'
[14.160s] Level 1:colcon.colcon_core.shell:create_environment_hook('my_package', 'pythonpath')
[14.225s] INFO:colcon.colcon_core.shell:Creating environment hook '/home/rosbot/dev_ws/install/my_package/share/my_package/hook/pythonpath.ps1'
[14.227s] INFO:colcon.colcon_core.shell:Creating environment descriptor '/home/rosbot/dev_ws/install/my_package/share/my_package/hook/pythonpath.dsv'
[14.228s] INFO:colcon.colcon_core.shell:Creating environment hook '/home/rosbot/dev_ws/install/my_package/share/my_package/hook/pythonpath.sh'
[14.231s] Level 1:colcon.colcon_core.environment:checking '/home/rosbot/dev_ws/install/my_package/bin'
[14.231s] Level 1:colcon.colcon_core.environment:create_environment_scripts_only(my_package)
[14.298s] INFO:colcon.colcon_core.shell:Creating package script '/home/rosbot/dev_ws/install/my_package/share/my_package/package.ps1'
[14.301s] INFO:colcon.colcon_core.shell:Creating package descriptor '/home/rosbot/dev_ws/install/my_package/share/my_package/package.dsv'
[14.303s] INFO:colcon.colcon_core.shell:Creating package script '/home/rosbot/dev_ws/install/my_package/share/my_package/package.sh'
[14.305s] INFO:colcon.colcon_core.shell:Creating package script '/home/rosbot/dev_ws/install/my_package/share/my_package/package.bash'
[14.306s] INFO:colcon.colcon_core.shell:Creating package script '/home/rosbot/dev_ws/install/my_package/share/my_package/package.zsh'
[14.308s] Level 1:colcon.colcon_core.environment:create_file_with_runtime_dependencies(/home/rosbot/dev_ws/install/my_package/share/colcon-core/packages/my_package)
[14.309s] DEBUG:colcon.colcon_parallel_executor.executor.parallel:closing loop
[14.310s] DEBUG:colcon.colcon_parallel_executor.executor.parallel:loop closed
[14.311s] DEBUG:colcon.colcon_parallel_executor.executor.parallel:run_until_complete finished with '0'
[14.311s] DEBUG:colcon.colcon_core.event_reactor:joining thread
[14.382s] INFO:colcon.colcon_core.plugin_system:Skipping extension 'colcon_notification.desktop_notification.terminal_notifier': Not used on non-Darwin systems
[14.383s] INFO:colcon.colcon_core.plugin_system:Skipping extension 'colcon_notification.desktop_notification.win32': Not used on non-Windows systems
[14.383s] INFO:colcon.colcon_notification.desktop_notification:Sending desktop notification using 'notify2'
[14.423s] DEBUG:colcon.colcon_core.event_reactor:joined thread
[14.493s] INFO:colcon.colcon_core.shell:Creating prefix script '/home/rosbot/dev_ws/install/local_setup.ps1'
[14.499s] INFO:colcon.colcon_core.shell:Creating prefix util module '/home/rosbot/dev_ws/install/_local_setup_util_ps1.py'
[14.509s] INFO:colcon.colcon_core.shell:Creating prefix chain script '/home/rosbot/dev_ws/install/setup.ps1'
[14.564s] INFO:colcon.colcon_core.shell:Creating prefix script '/home/rosbot/dev_ws/install/local_setup.sh'
[14.567s] INFO:colcon.colcon_core.shell:Creating prefix util module '/home/rosbot/dev_ws/install/_local_setup_util_sh.py'
[14.569s] INFO:colcon.colcon_core.shell:Creating prefix chain script '/home/rosbot/dev_ws/install/setup.sh'
[14.624s] INFO:colcon.colcon_core.shell:Creating prefix script '/home/rosbot/dev_ws/install/local_setup.bash'
[14.627s] INFO:colcon.colcon_core.shell:Creating prefix chain script '/home/rosbot/dev_ws/install/setup.bash'
[14.677s] INFO:colcon.colcon_core.shell:Creating prefix script '/home/rosbot/dev_ws/install/local_setup.zsh'
[14.680s] INFO:colcon.colcon_core.shell:Creating prefix chain script '/home/rosbot/dev_ws/install/setup.zsh'
