[4.114s] DEBUG:colcon:Command line arguments: ['/home/rosbot/.local/bin/colcon', 'build', '--packages-select', 'rosbridge_suite']
[4.114s] DEBUG:colcon:Parsed command line arguments: Namespace(ament_cmake_args=None, base_paths=['.'], build_base='build', catkin_cmake_args=None, catkin_skip_building_tests=False, cmake_args=None, cmake_clean_cache=False, cmake_clean_first=False, cmake_force_configure=False, cmake_target=None, cmake_target_skip_unavailable=False, continue_on_error=False, event_handlers=None, executor='parallel', ignore_user_meta=False, install_base='install', log_base=None, log_level=None, main=<bound method BuildVerb.main of <colcon_core.verb.build.BuildVerb object at 0x7f88059e80>>, merge_install=False, metas=['./colcon.meta'], packages_above=None, packages_above_and_dependencies=None, packages_above_depth=None, packages_end=None, packages_ignore=None, packages_ignore_regex=None, packages_select=['rosbridge_suite'], packages_select_build_failed=False, packages_select_by_dep=None, packages_select_regex=None, packages_select_test_failures=False, packages_skip=None, packages_skip_build_finished=False, packages_skip_by_dep=None, packages_skip_regex=None, packages_skip_test_passed=False, packages_skip_up_to=None, packages_start=None, packages_up_to=None, packages_up_to_regex=None, parallel_workers=4, paths=None, symlink_install=False, test_result_base=None, verb_extension=<colcon_core.verb.build.BuildVerb object at 0x7f88059e80>, verb_name='build', verb_parser=<colcon_defaults.argument_parser.defaults.DefaultArgumentsDecorator object at 0x7f88018dd8>)
[4.355s] Level 1:colcon.colcon_core.package_discovery:discover_packages(colcon_meta) check parameters
[4.355s] Level 1:colcon.colcon_core.package_discovery:discover_packages(recursive) check parameters
[4.355s] Level 1:colcon.colcon_core.package_discovery:discover_packages(ignore) check parameters
[4.356s] Level 1:colcon.colcon_core.package_discovery:discover_packages(path) check parameters
[4.356s] Level 1:colcon.colcon_core.package_discovery:discover_packages(colcon_meta) discover
[4.357s] Level 1:colcon.colcon_core.package_discovery:discover_packages(recursive) discover
[4.357s] INFO:colcon.colcon_core.package_discovery:Crawling recursively for packages in '/home/rosbot/dev_ws'
[4.358s] Level 1:colcon.colcon_core.package_identification:_identify(.) by extensions ['ignore', 'ignore_ament_install']
[4.358s] Level 1:colcon.colcon_core.package_identification:_identify(.) by extension 'ignore'
[4.359s] Level 1:colcon.colcon_core.package_identification:_identify(.) by extension 'ignore_ament_install'
[4.359s] Level 1:colcon.colcon_core.package_identification:_identify(.) by extensions ['colcon_pkg']
[4.359s] Level 1:colcon.colcon_core.package_identification:_identify(.) by extension 'colcon_pkg'
[4.359s] Level 1:colcon.colcon_core.package_identification:_identify(.) by extensions ['colcon_meta']
[4.360s] Level 1:colcon.colcon_core.package_identification:_identify(.) by extension 'colcon_meta'
[4.360s] Level 1:colcon.colcon_core.package_identification:_identify(.) by extensions ['ros']
[4.360s] Level 1:colcon.colcon_core.package_identification:_identify(.) by extension 'ros'
[4.534s] Level 1:colcon.colcon_core.package_identification:_identify(.) by extensions ['cmake', 'python']
[4.534s] Level 1:colcon.colcon_core.package_identification:_identify(.) by extension 'cmake'
[4.534s] Level 1:colcon.colcon_core.package_identification:_identify(.) by extension 'python'
[4.535s] Level 1:colcon.colcon_core.package_identification:_identify(.) by extensions ['python_setup_py']
[4.535s] Level 1:colcon.colcon_core.package_identification:_identify(.) by extension 'python_setup_py'
[4.536s] Level 1:colcon.colcon_core.package_identification:_identify(build) by extensions ['ignore', 'ignore_ament_install']
[4.536s] Level 1:colcon.colcon_core.package_identification:_identify(build) by extension 'ignore'
[4.536s] Level 1:colcon.colcon_core.package_identification:_identify(build) ignored
[4.538s] Level 1:colcon.colcon_core.package_identification:_identify(install) by extensions ['ignore', 'ignore_ament_install']
[4.539s] Level 1:colcon.colcon_core.package_identification:_identify(install) by extension 'ignore'
[4.539s] Level 1:colcon.colcon_core.package_identification:_identify(install) ignored
[4.540s] Level 1:colcon.colcon_core.package_identification:_identify(log) by extensions ['ignore', 'ignore_ament_install']
[4.540s] Level 1:colcon.colcon_core.package_identification:_identify(log) by extension 'ignore'
[4.540s] Level 1:colcon.colcon_core.package_identification:_identify(log) ignored
[4.541s] Level 1:colcon.colcon_core.package_identification:_identify(src) by extensions ['ignore', 'ignore_ament_install']
[4.541s] Level 1:colcon.colcon_core.package_identification:_identify(src) by extension 'ignore'
[4.541s] Level 1:colcon.colcon_core.package_identification:_identify(src) by extension 'ignore_ament_install'
[4.542s] Level 1:colcon.colcon_core.package_identification:_identify(src) by extensions ['colcon_pkg']
[4.542s] Level 1:colcon.colcon_core.package_identification:_identify(src) by extension 'colcon_pkg'
[4.542s] Level 1:colcon.colcon_core.package_identification:_identify(src) by extensions ['colcon_meta']
[4.542s] Level 1:colcon.colcon_core.package_identification:_identify(src) by extension 'colcon_meta'
[4.543s] Level 1:colcon.colcon_core.package_identification:_identify(src) by extensions ['ros']
[4.543s] Level 1:colcon.colcon_core.package_identification:_identify(src) by extension 'ros'
[4.543s] Level 1:colcon.colcon_core.package_identification:_identify(src) by extensions ['cmake', 'python']
[4.543s] Level 1:colcon.colcon_core.package_identification:_identify(src) by extension 'cmake'
[4.544s] Level 1:colcon.colcon_core.package_identification:_identify(src) by extension 'python'
[4.544s] Level 1:colcon.colcon_core.package_identification:_identify(src) by extensions ['python_setup_py']
[4.544s] Level 1:colcon.colcon_core.package_identification:_identify(src) by extension 'python_setup_py'
[4.545s] Level 1:colcon.colcon_core.package_identification:_identify(src/base) by extensions ['ignore', 'ignore_ament_install']
[4.545s] Level 1:colcon.colcon_core.package_identification:_identify(src/base) by extension 'ignore'
[4.545s] Level 1:colcon.colcon_core.package_identification:_identify(src/base) by extension 'ignore_ament_install'
[4.546s] Level 1:colcon.colcon_core.package_identification:_identify(src/base) by extensions ['colcon_pkg']
[4.546s] Level 1:colcon.colcon_core.package_identification:_identify(src/base) by extension 'colcon_pkg'
[4.546s] Level 1:colcon.colcon_core.package_identification:_identify(src/base) by extensions ['colcon_meta']
[4.546s] Level 1:colcon.colcon_core.package_identification:_identify(src/base) by extension 'colcon_meta'
[4.546s] Level 1:colcon.colcon_core.package_identification:_identify(src/base) by extensions ['ros']
[4.547s] Level 1:colcon.colcon_core.package_identification:_identify(src/base) by extension 'ros'
[4.559s] DEBUG:colcon.colcon_core.package_identification:Package 'src/base' with type 'ros.ament_python' and name 'base'
[4.559s] Level 1:colcon.colcon_core.package_identification:_identify(src/interfaces) by extensions ['ignore', 'ignore_ament_install']
[4.560s] Level 1:colcon.colcon_core.package_identification:_identify(src/interfaces) by extension 'ignore'
[4.560s] Level 1:colcon.colcon_core.package_identification:_identify(src/interfaces) by extension 'ignore_ament_install'
[4.560s] Level 1:colcon.colcon_core.package_identification:_identify(src/interfaces) by extensions ['colcon_pkg']
[4.561s] Level 1:colcon.colcon_core.package_identification:_identify(src/interfaces) by extension 'colcon_pkg'
[4.561s] Level 1:colcon.colcon_core.package_identification:_identify(src/interfaces) by extensions ['colcon_meta']
[4.561s] Level 1:colcon.colcon_core.package_identification:_identify(src/interfaces) by extension 'colcon_meta'
[4.561s] Level 1:colcon.colcon_core.package_identification:_identify(src/interfaces) by extensions ['ros']
[4.561s] Level 1:colcon.colcon_core.package_identification:_identify(src/interfaces) by extension 'ros'
[4.564s] DEBUG:colcon.colcon_core.package_identification:Package 'src/interfaces' with type 'ros.ament_cmake' and name 'interfaces'
[4.565s] Level 1:colcon.colcon_core.package_identification:_identify(src/my_package) by extensions ['ignore', 'ignore_ament_install']
[4.565s] Level 1:colcon.colcon_core.package_identification:_identify(src/my_package) by extension 'ignore'
[4.565s] Level 1:colcon.colcon_core.package_identification:_identify(src/my_package) by extension 'ignore_ament_install'
[4.566s] Level 1:colcon.colcon_core.package_identification:_identify(src/my_package) by extensions ['colcon_pkg']
[4.566s] Level 1:colcon.colcon_core.package_identification:_identify(src/my_package) by extension 'colcon_pkg'
[4.566s] Level 1:colcon.colcon_core.package_identification:_identify(src/my_package) by extensions ['colcon_meta']
[4.566s] Level 1:colcon.colcon_core.package_identification:_identify(src/my_package) by extension 'colcon_meta'
[4.567s] Level 1:colcon.colcon_core.package_identification:_identify(src/my_package) by extensions ['ros']
[4.567s] Level 1:colcon.colcon_core.package_identification:_identify(src/my_package) by extension 'ros'
[4.569s] DEBUG:colcon.colcon_core.package_identification:Package 'src/my_package' with type 'ros.ament_python' and name 'my_package'
[4.570s] Level 1:colcon.colcon_core.package_identification:_identify(src/py_pubsub) by extensions ['ignore', 'ignore_ament_install']
[4.570s] Level 1:colcon.colcon_core.package_identification:_identify(src/py_pubsub) by extension 'ignore'
[4.570s] Level 1:colcon.colcon_core.package_identification:_identify(src/py_pubsub) by extension 'ignore_ament_install'
[4.571s] Level 1:colcon.colcon_core.package_identification:_identify(src/py_pubsub) by extensions ['colcon_pkg']
[4.571s] Level 1:colcon.colcon_core.package_identification:_identify(src/py_pubsub) by extension 'colcon_pkg'
[4.571s] Level 1:colcon.colcon_core.package_identification:_identify(src/py_pubsub) by extensions ['colcon_meta']
[4.571s] Level 1:colcon.colcon_core.package_identification:_identify(src/py_pubsub) by extension 'colcon_meta'
[4.571s] Level 1:colcon.colcon_core.package_identification:_identify(src/py_pubsub) by extensions ['ros']
[4.572s] Level 1:colcon.colcon_core.package_identification:_identify(src/py_pubsub) by extension 'ros'
[4.574s] DEBUG:colcon.colcon_core.package_identification:Package 'src/py_pubsub' with type 'ros.ament_python' and name 'py_pubsub'
[4.575s] Level 1:colcon.colcon_core.package_identification:_identify(src/rosbridge_suite) by extensions ['ignore', 'ignore_ament_install']
[4.575s] Level 1:colcon.colcon_core.package_identification:_identify(src/rosbridge_suite) by extension 'ignore'
[4.575s] Level 1:colcon.colcon_core.package_identification:_identify(src/rosbridge_suite) by extension 'ignore_ament_install'
[4.576s] Level 1:colcon.colcon_core.package_identification:_identify(src/rosbridge_suite) by extensions ['colcon_pkg']
[4.576s] Level 1:colcon.colcon_core.package_identification:_identify(src/rosbridge_suite) by extension 'colcon_pkg'
[4.576s] Level 1:colcon.colcon_core.package_identification:_identify(src/rosbridge_suite) by extensions ['colcon_meta']
[4.576s] Level 1:colcon.colcon_core.package_identification:_identify(src/rosbridge_suite) by extension 'colcon_meta'
[4.577s] Level 1:colcon.colcon_core.package_identification:_identify(src/rosbridge_suite) by extensions ['ros']
[4.577s] Level 1:colcon.colcon_core.package_identification:_identify(src/rosbridge_suite) by extension 'ros'
[4.577s] Level 1:colcon.colcon_core.package_identification:_identify(src/rosbridge_suite) by extensions ['cmake', 'python']
[4.577s] Level 1:colcon.colcon_core.package_identification:_identify(src/rosbridge_suite) by extension 'cmake'
[4.578s] Level 1:colcon.colcon_core.package_identification:_identify(src/rosbridge_suite) by extension 'python'
[4.578s] Level 1:colcon.colcon_core.package_identification:_identify(src/rosbridge_suite) by extensions ['python_setup_py']
[4.578s] Level 1:colcon.colcon_core.package_identification:_identify(src/rosbridge_suite) by extension 'python_setup_py'
[4.579s] Level 1:colcon.colcon_core.package_identification:_identify(src/rosbridge_suite/rosapi) by extensions ['ignore', 'ignore_ament_install']
[4.579s] Level 1:colcon.colcon_core.package_identification:_identify(src/rosbridge_suite/rosapi) by extension 'ignore'
[4.579s] Level 1:colcon.colcon_core.package_identification:_identify(src/rosbridge_suite/rosapi) by extension 'ignore_ament_install'
[4.580s] Level 1:colcon.colcon_core.package_identification:_identify(src/rosbridge_suite/rosapi) by extensions ['colcon_pkg']
[4.580s] Level 1:colcon.colcon_core.package_identification:_identify(src/rosbridge_suite/rosapi) by extension 'colcon_pkg'
[4.580s] Level 1:colcon.colcon_core.package_identification:_identify(src/rosbridge_suite/rosapi) by extensions ['colcon_meta']
[4.580s] Level 1:colcon.colcon_core.package_identification:_identify(src/rosbridge_suite/rosapi) by extension 'colcon_meta'
[4.581s] Level 1:colcon.colcon_core.package_identification:_identify(src/rosbridge_suite/rosapi) by extensions ['ros']
[4.581s] Level 1:colcon.colcon_core.package_identification:_identify(src/rosbridge_suite/rosapi) by extension 'ros'
[4.585s] DEBUG:colcon.colcon_core.package_identification:Package 'src/rosbridge_suite/rosapi' with type 'ros.ament_cmake' and name 'rosapi'
[4.586s] Level 1:colcon.colcon_core.package_identification:_identify(src/rosbridge_suite/rosapi_msgs) by extensions ['ignore', 'ignore_ament_install']
[4.586s] Level 1:colcon.colcon_core.package_identification:_identify(src/rosbridge_suite/rosapi_msgs) by extension 'ignore'
[4.587s] Level 1:colcon.colcon_core.package_identification:_identify(src/rosbridge_suite/rosapi_msgs) by extension 'ignore_ament_install'
[4.587s] Level 1:colcon.colcon_core.package_identification:_identify(src/rosbridge_suite/rosapi_msgs) by extensions ['colcon_pkg']
[4.587s] Level 1:colcon.colcon_core.package_identification:_identify(src/rosbridge_suite/rosapi_msgs) by extension 'colcon_pkg'
[4.587s] Level 1:colcon.colcon_core.package_identification:_identify(src/rosbridge_suite/rosapi_msgs) by extensions ['colcon_meta']
[4.588s] Level 1:colcon.colcon_core.package_identification:_identify(src/rosbridge_suite/rosapi_msgs) by extension 'colcon_meta'
[4.588s] Level 1:colcon.colcon_core.package_identification:_identify(src/rosbridge_suite/rosapi_msgs) by extensions ['ros']
[4.588s] Level 1:colcon.colcon_core.package_identification:_identify(src/rosbridge_suite/rosapi_msgs) by extension 'ros'
[4.591s] DEBUG:colcon.colcon_core.package_identification:Package 'src/rosbridge_suite/rosapi_msgs' with type 'ros.ament_cmake' and name 'rosapi_msgs'
[4.592s] Level 1:colcon.colcon_core.package_identification:_identify(src/rosbridge_suite/rosbridge_library) by extensions ['ignore', 'ignore_ament_install']
[4.592s] Level 1:colcon.colcon_core.package_identification:_identify(src/rosbridge_suite/rosbridge_library) by extension 'ignore'
[4.593s] Level 1:colcon.colcon_core.package_identification:_identify(src/rosbridge_suite/rosbridge_library) by extension 'ignore_ament_install'
[4.593s] Level 1:colcon.colcon_core.package_identification:_identify(src/rosbridge_suite/rosbridge_library) by extensions ['colcon_pkg']
[4.593s] Level 1:colcon.colcon_core.package_identification:_identify(src/rosbridge_suite/rosbridge_library) by extension 'colcon_pkg'
[4.593s] Level 1:colcon.colcon_core.package_identification:_identify(src/rosbridge_suite/rosbridge_library) by extensions ['colcon_meta']
[4.593s] Level 1:colcon.colcon_core.package_identification:_identify(src/rosbridge_suite/rosbridge_library) by extension 'colcon_meta'
[4.594s] Level 1:colcon.colcon_core.package_identification:_identify(src/rosbridge_suite/rosbridge_library) by extensions ['ros']
[4.594s] Level 1:colcon.colcon_core.package_identification:_identify(src/rosbridge_suite/rosbridge_library) by extension 'ros'
[4.599s] DEBUG:colcon.colcon_core.package_identification:Package 'src/rosbridge_suite/rosbridge_library' with type 'ros.ament_cmake' and name 'rosbridge_library'
[4.599s] Level 1:colcon.colcon_core.package_identification:_identify(src/rosbridge_suite/rosbridge_msgs) by extensions ['ignore', 'ignore_ament_install']
[4.600s] Level 1:colcon.colcon_core.package_identification:_identify(src/rosbridge_suite/rosbridge_msgs) by extension 'ignore'
[4.600s] Level 1:colcon.colcon_core.package_identification:_identify(src/rosbridge_suite/rosbridge_msgs) by extension 'ignore_ament_install'
[4.600s] Level 1:colcon.colcon_core.package_identification:_identify(src/rosbridge_suite/rosbridge_msgs) by extensions ['colcon_pkg']
[4.600s] Level 1:colcon.colcon_core.package_identification:_identify(src/rosbridge_suite/rosbridge_msgs) by extension 'colcon_pkg'
[4.601s] Level 1:colcon.colcon_core.package_identification:_identify(src/rosbridge_suite/rosbridge_msgs) by extensions ['colcon_meta']
[4.601s] Level 1:colcon.colcon_core.package_identification:_identify(src/rosbridge_suite/rosbridge_msgs) by extension 'colcon_meta'
[4.601s] Level 1:colcon.colcon_core.package_identification:_identify(src/rosbridge_suite/rosbridge_msgs) by extensions ['ros']
[4.601s] Level 1:colcon.colcon_core.package_identification:_identify(src/rosbridge_suite/rosbridge_msgs) by extension 'ros'
[4.604s] DEBUG:colcon.colcon_core.package_identification:Package 'src/rosbridge_suite/rosbridge_msgs' with type 'ros.ament_cmake' and name 'rosbridge_msgs'
[4.605s] Level 1:colcon.colcon_core.package_identification:_identify(src/rosbridge_suite/rosbridge_server) by extensions ['ignore', 'ignore_ament_install']
[4.605s] Level 1:colcon.colcon_core.package_identification:_identify(src/rosbridge_suite/rosbridge_server) by extension 'ignore'
[4.606s] Level 1:colcon.colcon_core.package_identification:_identify(src/rosbridge_suite/rosbridge_server) by extension 'ignore_ament_install'
[4.606s] Level 1:colcon.colcon_core.package_identification:_identify(src/rosbridge_suite/rosbridge_server) by extensions ['colcon_pkg']
[4.606s] Level 1:colcon.colcon_core.package_identification:_identify(src/rosbridge_suite/rosbridge_server) by extension 'colcon_pkg'
[4.606s] Level 1:colcon.colcon_core.package_identification:_identify(src/rosbridge_suite/rosbridge_server) by extensions ['colcon_meta']
[4.607s] Level 1:colcon.colcon_core.package_identification:_identify(src/rosbridge_suite/rosbridge_server) by extension 'colcon_meta'
[4.607s] Level 1:colcon.colcon_core.package_identification:_identify(src/rosbridge_suite/rosbridge_server) by extensions ['ros']
[4.607s] Level 1:colcon.colcon_core.package_identification:_identify(src/rosbridge_suite/rosbridge_server) by extension 'ros'
[4.611s] DEBUG:colcon.colcon_core.package_identification:Package 'src/rosbridge_suite/rosbridge_server' with type 'ros.ament_cmake' and name 'rosbridge_server'
[4.611s] Level 1:colcon.colcon_core.package_identification:_identify(src/rosbridge_suite/rosbridge_suite) by extensions ['ignore', 'ignore_ament_install']
[4.612s] Level 1:colcon.colcon_core.package_identification:_identify(src/rosbridge_suite/rosbridge_suite) by extension 'ignore'
[4.612s] Level 1:colcon.colcon_core.package_identification:_identify(src/rosbridge_suite/rosbridge_suite) by extension 'ignore_ament_install'
[4.612s] Level 1:colcon.colcon_core.package_identification:_identify(src/rosbridge_suite/rosbridge_suite) by extensions ['colcon_pkg']
[4.613s] Level 1:colcon.colcon_core.package_identification:_identify(src/rosbridge_suite/rosbridge_suite) by extension 'colcon_pkg'
[4.613s] Level 1:colcon.colcon_core.package_identification:_identify(src/rosbridge_suite/rosbridge_suite) by extensions ['colcon_meta']
[4.613s] Level 1:colcon.colcon_core.package_identification:_identify(src/rosbridge_suite/rosbridge_suite) by extension 'colcon_meta'
[4.613s] Level 1:colcon.colcon_core.package_identification:_identify(src/rosbridge_suite/rosbridge_suite) by extensions ['ros']
[4.614s] Level 1:colcon.colcon_core.package_identification:_identify(src/rosbridge_suite/rosbridge_suite) by extension 'ros'
[4.616s] DEBUG:colcon.colcon_core.package_identification:Package 'src/rosbridge_suite/rosbridge_suite' with type 'ros.ament_cmake' and name 'rosbridge_suite'
[4.617s] Level 1:colcon.colcon_core.package_identification:_identify(src/rosbridge_suite/rosbridge_test_msgs) by extensions ['ignore', 'ignore_ament_install']
[4.617s] Level 1:colcon.colcon_core.package_identification:_identify(src/rosbridge_suite/rosbridge_test_msgs) by extension 'ignore'
[4.618s] Level 1:colcon.colcon_core.package_identification:_identify(src/rosbridge_suite/rosbridge_test_msgs) by extension 'ignore_ament_install'
[4.618s] Level 1:colcon.colcon_core.package_identification:_identify(src/rosbridge_suite/rosbridge_test_msgs) by extensions ['colcon_pkg']
[4.618s] Level 1:colcon.colcon_core.package_identification:_identify(src/rosbridge_suite/rosbridge_test_msgs) by extension 'colcon_pkg'
[4.618s] Level 1:colcon.colcon_core.package_identification:_identify(src/rosbridge_suite/rosbridge_test_msgs) by extensions ['colcon_meta']
[4.619s] Level 1:colcon.colcon_core.package_identification:_identify(src/rosbridge_suite/rosbridge_test_msgs) by extension 'colcon_meta'
[4.619s] Level 1:colcon.colcon_core.package_identification:_identify(src/rosbridge_suite/rosbridge_test_msgs) by extensions ['ros']
[4.619s] Level 1:colcon.colcon_core.package_identification:_identify(src/rosbridge_suite/rosbridge_test_msgs) by extension 'ros'
[4.624s] DEBUG:colcon.colcon_core.package_identification:Package 'src/rosbridge_suite/rosbridge_test_msgs' with type 'ros.ament_cmake' and name 'rosbridge_test_msgs'
[4.625s] Level 1:colcon.colcon_core.package_discovery:discover_packages(recursive) using defaults
[4.626s] Level 1:colcon.colcon_core.package_discovery:discover_packages(ignore) discover
[4.626s] Level 1:colcon.colcon_core.package_discovery:discover_packages(ignore) using defaults
[4.626s] Level 1:colcon.colcon_core.package_discovery:discover_packages(path) discover
[4.626s] Level 1:colcon.colcon_core.package_discovery:discover_packages(path) using defaults
[4.903s] INFO:colcon.colcon_core.package_selection:Skipping not selected package 'base' in 'src/base'
[4.903s] INFO:colcon.colcon_core.package_selection:Skipping not selected package 'interfaces' in 'src/interfaces'
[4.903s] INFO:colcon.colcon_core.package_selection:Skipping not selected package 'my_package' in 'src/my_package'
[4.903s] INFO:colcon.colcon_core.package_selection:Skipping not selected package 'py_pubsub' in 'src/py_pubsub'
[4.903s] INFO:colcon.colcon_core.package_selection:Skipping not selected package 'rosapi_msgs' in 'src/rosbridge_suite/rosapi_msgs'
[4.904s] INFO:colcon.colcon_core.package_selection:Skipping not selected package 'rosbridge_msgs' in 'src/rosbridge_suite/rosbridge_msgs'
[4.904s] INFO:colcon.colcon_core.package_selection:Skipping not selected package 'rosbridge_test_msgs' in 'src/rosbridge_suite/rosbridge_test_msgs'
[4.904s] INFO:colcon.colcon_core.package_selection:Skipping not selected package 'rosbridge_library' in 'src/rosbridge_suite/rosbridge_library'
[4.904s] INFO:colcon.colcon_core.package_selection:Skipping not selected package 'rosapi' in 'src/rosbridge_suite/rosapi'
[4.904s] INFO:colcon.colcon_core.package_selection:Skipping not selected package 'rosbridge_server' in 'src/rosbridge_suite/rosbridge_server'
[4.990s] Level 5:colcon.colcon_core.verb:set package 'rosbridge_suite' build argument 'cmake_args' from command line to 'None'
[4.990s] Level 5:colcon.colcon_core.verb:set package 'rosbridge_suite' build argument 'cmake_target' from command line to 'None'
[4.991s] Level 5:colcon.colcon_core.verb:set package 'rosbridge_suite' build argument 'cmake_target_skip_unavailable' from command line to 'False'
[4.991s] Level 5:colcon.colcon_core.verb:set package 'rosbridge_suite' build argument 'cmake_clean_cache' from command line to 'False'
[4.991s] Level 5:colcon.colcon_core.verb:set package 'rosbridge_suite' build argument 'cmake_clean_first' from command line to 'False'
[4.991s] Level 5:colcon.colcon_core.verb:set package 'rosbridge_suite' build argument 'cmake_force_configure' from command line to 'False'
[4.991s] Level 5:colcon.colcon_core.verb:set package 'rosbridge_suite' build argument 'ament_cmake_args' from command line to 'None'
[4.991s] Level 5:colcon.colcon_core.verb:set package 'rosbridge_suite' build argument 'catkin_cmake_args' from command line to 'None'
[4.992s] Level 5:colcon.colcon_core.verb:set package 'rosbridge_suite' build argument 'catkin_skip_building_tests' from command line to 'False'
[4.992s] DEBUG:colcon.colcon_core.verb:Building package 'rosbridge_suite' with the following arguments: {'ament_cmake_args': None, 'build_base': '/home/rosbot/dev_ws/build/rosbridge_suite', 'catkin_cmake_args': None, 'catkin_skip_building_tests': False, 'cmake_args': None, 'cmake_clean_cache': False, 'cmake_clean_first': False, 'cmake_force_configure': False, 'cmake_target': None, 'cmake_target_skip_unavailable': False, 'install_base': '/home/rosbot/dev_ws/install/rosbridge_suite', 'merge_install': False, 'path': '/home/rosbot/dev_ws/src/rosbridge_suite/rosbridge_suite', 'symlink_install': False, 'test_result_base': None}
[5.013s] INFO:colcon.colcon_core.executor:Executing jobs using 'parallel' executor
[5.159s] DEBUG:colcon.colcon_parallel_executor.executor.parallel:run_until_complete
[5.160s] INFO:colcon.colcon_ros.task.ament_cmake.build:Building ROS package in '/home/rosbot/dev_ws/src/rosbridge_suite/rosbridge_suite' with build type 'ament_cmake'
[5.161s] INFO:colcon.colcon_cmake.task.cmake.build:Building CMake package in '/home/rosbot/dev_ws/src/rosbridge_suite/rosbridge_suite'
[5.244s] INFO:colcon.colcon_core.plugin_system:Skipping extension 'colcon_core.shell.bat': Not used on non-Windows systems
[5.246s] INFO:colcon.colcon_core.shell:Skip shell extension 'powershell' for command environment: Not usable outside of PowerShell
[5.246s] DEBUG:colcon.colcon_core.shell:Skip shell extension 'dsv' for command environment
[5.385s] DEBUG:colcon.colcon_core.event_handler.log_command:Invoking command in '/home/rosbot/dev_ws/build/rosbridge_suite': AMENT_PREFIX_PATH=/home/rosbot/dev_ws/install/rosapi:/home/rosbot/dev_ws/install/rosbridge_library:/home/rosbot/dev_ws/install/rosbridge_msgs:/home/rosbot/dev_ws/install/rosapi_msgs:${AMENT_PREFIX_PATH} CMAKE_PREFIX_PATH=/home/rosbot/dev_ws/install/rosapi:/home/rosbot/dev_ws/install/rosbridge_library:/home/rosbot/dev_ws/install/rosbridge_msgs:/home/rosbot/dev_ws/install/rosapi_msgs:/opt/ros/eloquent LD_LIBRARY_PATH=/home/rosbot/dev_ws/install/rosbridge_msgs/lib:/home/rosbot/dev_ws/install/rosapi_msgs/lib:${LD_LIBRARY_PATH} PYTHONPATH=/home/rosbot/dev_ws/install/rosapi/lib/python3.6/site-packages:/home/rosbot/dev_ws/install/rosbridge_library/lib/python3.6/site-packages:/home/rosbot/dev_ws/install/rosbridge_msgs/lib/python3.6/site-packages:/home/rosbot/dev_ws/install/rosapi_msgs/lib/python3.6/site-packages:${PYTHONPATH} /usr/bin/cmake /home/rosbot/dev_ws/src/rosbridge_suite/rosbridge_suite -DCMAKE_INSTALL_PREFIX=/home/rosbot/dev_ws/install/rosbridge_suite
[7.157s] DEBUG:colcon.colcon_core.event_handler.log_command:Invoked command in '/home/rosbot/dev_ws/build/rosbridge_suite' returned '0': AMENT_PREFIX_PATH=/home/rosbot/dev_ws/install/rosapi:/home/rosbot/dev_ws/install/rosbridge_library:/home/rosbot/dev_ws/install/rosbridge_msgs:/home/rosbot/dev_ws/install/rosapi_msgs:${AMENT_PREFIX_PATH} CMAKE_PREFIX_PATH=/home/rosbot/dev_ws/install/rosapi:/home/rosbot/dev_ws/install/rosbridge_library:/home/rosbot/dev_ws/install/rosbridge_msgs:/home/rosbot/dev_ws/install/rosapi_msgs:/opt/ros/eloquent LD_LIBRARY_PATH=/home/rosbot/dev_ws/install/rosbridge_msgs/lib:/home/rosbot/dev_ws/install/rosapi_msgs/lib:${LD_LIBRARY_PATH} PYTHONPATH=/home/rosbot/dev_ws/install/rosapi/lib/python3.6/site-packages:/home/rosbot/dev_ws/install/rosbridge_library/lib/python3.6/site-packages:/home/rosbot/dev_ws/install/rosbridge_msgs/lib/python3.6/site-packages:/home/rosbot/dev_ws/install/rosapi_msgs/lib/python3.6/site-packages:${PYTHONPATH} /usr/bin/cmake /home/rosbot/dev_ws/src/rosbridge_suite/rosbridge_suite -DCMAKE_INSTALL_PREFIX=/home/rosbot/dev_ws/install/rosbridge_suite
[7.167s] DEBUG:colcon.colcon_core.event_handler.log_command:Invoking command in '/home/rosbot/dev_ws/build/rosbridge_suite': AMENT_PREFIX_PATH=/home/rosbot/dev_ws/install/rosapi:/home/rosbot/dev_ws/install/rosbridge_library:/home/rosbot/dev_ws/install/rosbridge_msgs:/home/rosbot/dev_ws/install/rosapi_msgs:${AMENT_PREFIX_PATH} CMAKE_PREFIX_PATH=/home/rosbot/dev_ws/install/rosapi:/home/rosbot/dev_ws/install/rosbridge_library:/home/rosbot/dev_ws/install/rosbridge_msgs:/home/rosbot/dev_ws/install/rosapi_msgs:/opt/ros/eloquent LD_LIBRARY_PATH=/home/rosbot/dev_ws/install/rosbridge_msgs/lib:/home/rosbot/dev_ws/install/rosapi_msgs/lib:${LD_LIBRARY_PATH} PYTHONPATH=/home/rosbot/dev_ws/install/rosapi/lib/python3.6/site-packages:/home/rosbot/dev_ws/install/rosbridge_library/lib/python3.6/site-packages:/home/rosbot/dev_ws/install/rosbridge_msgs/lib/python3.6/site-packages:/home/rosbot/dev_ws/install/rosapi_msgs/lib/python3.6/site-packages:${PYTHONPATH} /usr/bin/cmake --build /home/rosbot/dev_ws/build/rosbridge_suite -- -j4 -l4
[7.307s] DEBUG:colcon.colcon_core.event_handler.log_command:Invoked command in '/home/rosbot/dev_ws/build/rosbridge_suite' returned '0': AMENT_PREFIX_PATH=/home/rosbot/dev_ws/install/rosapi:/home/rosbot/dev_ws/install/rosbridge_library:/home/rosbot/dev_ws/install/rosbridge_msgs:/home/rosbot/dev_ws/install/rosapi_msgs:${AMENT_PREFIX_PATH} CMAKE_PREFIX_PATH=/home/rosbot/dev_ws/install/rosapi:/home/rosbot/dev_ws/install/rosbridge_library:/home/rosbot/dev_ws/install/rosbridge_msgs:/home/rosbot/dev_ws/install/rosapi_msgs:/opt/ros/eloquent LD_LIBRARY_PATH=/home/rosbot/dev_ws/install/rosbridge_msgs/lib:/home/rosbot/dev_ws/install/rosapi_msgs/lib:${LD_LIBRARY_PATH} PYTHONPATH=/home/rosbot/dev_ws/install/rosapi/lib/python3.6/site-packages:/home/rosbot/dev_ws/install/rosbridge_library/lib/python3.6/site-packages:/home/rosbot/dev_ws/install/rosbridge_msgs/lib/python3.6/site-packages:/home/rosbot/dev_ws/install/rosapi_msgs/lib/python3.6/site-packages:${PYTHONPATH} /usr/bin/cmake --build /home/rosbot/dev_ws/build/rosbridge_suite -- -j4 -l4
[7.414s] DEBUG:colcon.colcon_core.event_handler.log_command:Invoking command in '/home/rosbot/dev_ws/build/rosbridge_suite': AMENT_PREFIX_PATH=/home/rosbot/dev_ws/install/rosapi:/home/rosbot/dev_ws/install/rosbridge_library:/home/rosbot/dev_ws/install/rosbridge_msgs:/home/rosbot/dev_ws/install/rosapi_msgs:${AMENT_PREFIX_PATH} CMAKE_PREFIX_PATH=/home/rosbot/dev_ws/install/rosapi:/home/rosbot/dev_ws/install/rosbridge_library:/home/rosbot/dev_ws/install/rosbridge_msgs:/home/rosbot/dev_ws/install/rosapi_msgs:/opt/ros/eloquent LD_LIBRARY_PATH=/home/rosbot/dev_ws/install/rosbridge_msgs/lib:/home/rosbot/dev_ws/install/rosapi_msgs/lib:${LD_LIBRARY_PATH} PYTHONPATH=/home/rosbot/dev_ws/install/rosapi/lib/python3.6/site-packages:/home/rosbot/dev_ws/install/rosbridge_library/lib/python3.6/site-packages:/home/rosbot/dev_ws/install/rosbridge_msgs/lib/python3.6/site-packages:/home/rosbot/dev_ws/install/rosapi_msgs/lib/python3.6/site-packages:${PYTHONPATH} /usr/bin/cmake --build /home/rosbot/dev_ws/build/rosbridge_suite --target install -- -j4 -l4
[7.631s] Level 1:colcon.colcon_core.environment:create_environment_scripts_only(rosbridge_suite)
[7.643s] DEBUG:colcon.colcon_core.event_handler.log_command:Invoked command in '/home/rosbot/dev_ws/build/rosbridge_suite' returned '0': AMENT_PREFIX_PATH=/home/rosbot/dev_ws/install/rosapi:/home/rosbot/dev_ws/install/rosbridge_library:/home/rosbot/dev_ws/install/rosbridge_msgs:/home/rosbot/dev_ws/install/rosapi_msgs:${AMENT_PREFIX_PATH} CMAKE_PREFIX_PATH=/home/rosbot/dev_ws/install/rosapi:/home/rosbot/dev_ws/install/rosbridge_library:/home/rosbot/dev_ws/install/rosbridge_msgs:/home/rosbot/dev_ws/install/rosapi_msgs:/opt/ros/eloquent LD_LIBRARY_PATH=/home/rosbot/dev_ws/install/rosbridge_msgs/lib:/home/rosbot/dev_ws/install/rosapi_msgs/lib:${LD_LIBRARY_PATH} PYTHONPATH=/home/rosbot/dev_ws/install/rosapi/lib/python3.6/site-packages:/home/rosbot/dev_ws/install/rosbridge_library/lib/python3.6/site-packages:/home/rosbot/dev_ws/install/rosbridge_msgs/lib/python3.6/site-packages:/home/rosbot/dev_ws/install/rosapi_msgs/lib/python3.6/site-packages:${PYTHONPATH} /usr/bin/cmake --build /home/rosbot/dev_ws/build/rosbridge_suite --target install -- -j4 -l4
[7.720s] Level 1:colcon.colcon_core.environment:checking '/home/rosbot/dev_ws/install/rosbridge_suite' for CMake module files
[7.724s] Level 1:colcon.colcon_core.environment:checking '/home/rosbot/dev_ws/install/rosbridge_suite' for CMake config files
[7.724s] Level 1:colcon.colcon_core.shell:create_environment_hook('rosbridge_suite', 'cmake_prefix_path')
[7.786s] INFO:colcon.colcon_core.shell:Creating environment hook '/home/rosbot/dev_ws/install/rosbridge_suite/share/rosbridge_suite/hook/cmake_prefix_path.ps1'
[7.790s] INFO:colcon.colcon_core.shell:Creating environment descriptor '/home/rosbot/dev_ws/install/rosbridge_suite/share/rosbridge_suite/hook/cmake_prefix_path.dsv'
[7.792s] INFO:colcon.colcon_core.shell:Creating environment hook '/home/rosbot/dev_ws/install/rosbridge_suite/share/rosbridge_suite/hook/cmake_prefix_path.sh'
[7.798s] Level 1:colcon.colcon_core.environment:checking '/home/rosbot/dev_ws/install/rosbridge_suite/bin'
[7.798s] Level 1:colcon.colcon_core.environment:checking '/home/rosbot/dev_ws/install/rosbridge_suite/lib/pkgconfig/rosbridge_suite.pc'
[7.799s] Level 1:colcon.colcon_core.environment:checking '/home/rosbot/dev_ws/install/rosbridge_suite/lib/python3.6/site-packages'
[7.800s] Level 1:colcon.colcon_core.environment:checking '/home/rosbot/dev_ws/install/rosbridge_suite/bin'
[7.862s] INFO:colcon.colcon_core.shell:Creating package script '/home/rosbot/dev_ws/install/rosbridge_suite/share/rosbridge_suite/package.ps1'
[7.866s] INFO:colcon.colcon_core.shell:Creating package descriptor '/home/rosbot/dev_ws/install/rosbridge_suite/share/rosbridge_suite/package.dsv'
[7.869s] INFO:colcon.colcon_core.shell:Creating package script '/home/rosbot/dev_ws/install/rosbridge_suite/share/rosbridge_suite/package.sh'
[7.873s] INFO:colcon.colcon_core.shell:Creating package script '/home/rosbot/dev_ws/install/rosbridge_suite/share/rosbridge_suite/package.bash'
[7.878s] INFO:colcon.colcon_core.shell:Creating package script '/home/rosbot/dev_ws/install/rosbridge_suite/share/rosbridge_suite/package.zsh'
[7.881s] Level 1:colcon.colcon_core.environment:create_file_with_runtime_dependencies(/home/rosbot/dev_ws/install/rosbridge_suite/share/colcon-core/packages/rosbridge_suite)
[8.012s] Level 1:colcon.colcon_core.environment:create_environment_scripts_only(rosbridge_suite)
[8.085s] Level 1:colcon.colcon_core.environment:checking '/home/rosbot/dev_ws/install/rosbridge_suite' for CMake module files
[8.088s] Level 1:colcon.colcon_core.environment:checking '/home/rosbot/dev_ws/install/rosbridge_suite' for CMake config files
[8.089s] Level 1:colcon.colcon_core.shell:create_environment_hook('rosbridge_suite', 'cmake_prefix_path')
[8.152s] INFO:colcon.colcon_core.shell:Creating environment hook '/home/rosbot/dev_ws/install/rosbridge_suite/share/rosbridge_suite/hook/cmake_prefix_path.ps1'
[8.154s] INFO:colcon.colcon_core.shell:Creating environment descriptor '/home/rosbot/dev_ws/install/rosbridge_suite/share/rosbridge_suite/hook/cmake_prefix_path.dsv'
[8.155s] INFO:colcon.colcon_core.shell:Creating environment hook '/home/rosbot/dev_ws/install/rosbridge_suite/share/rosbridge_suite/hook/cmake_prefix_path.sh'
[8.159s] Level 1:colcon.colcon_core.environment:checking '/home/rosbot/dev_ws/install/rosbridge_suite/bin'
[8.159s] Level 1:colcon.colcon_core.environment:checking '/home/rosbot/dev_ws/install/rosbridge_suite/lib/pkgconfig/rosbridge_suite.pc'
[8.160s] Level 1:colcon.colcon_core.environment:checking '/home/rosbot/dev_ws/install/rosbridge_suite/lib/python3.6/site-packages'
[8.161s] Level 1:colcon.colcon_core.environment:checking '/home/rosbot/dev_ws/install/rosbridge_suite/bin'
[8.224s] INFO:colcon.colcon_core.shell:Creating package script '/home/rosbot/dev_ws/install/rosbridge_suite/share/rosbridge_suite/package.ps1'
[8.227s] INFO:colcon.colcon_core.shell:Creating package descriptor '/home/rosbot/dev_ws/install/rosbridge_suite/share/rosbridge_suite/package.dsv'
[8.229s] INFO:colcon.colcon_core.shell:Creating package script '/home/rosbot/dev_ws/install/rosbridge_suite/share/rosbridge_suite/package.sh'
[8.230s] INFO:colcon.colcon_core.shell:Creating package script '/home/rosbot/dev_ws/install/rosbridge_suite/share/rosbridge_suite/package.bash'
[8.232s] INFO:colcon.colcon_core.shell:Creating package script '/home/rosbot/dev_ws/install/rosbridge_suite/share/rosbridge_suite/package.zsh'
[8.234s] Level 1:colcon.colcon_core.environment:create_file_with_runtime_dependencies(/home/rosbot/dev_ws/install/rosbridge_suite/share/colcon-core/packages/rosbridge_suite)
[8.235s] DEBUG:colcon.colcon_parallel_executor.executor.parallel:closing loop
[8.237s] DEBUG:colcon.colcon_parallel_executor.executor.parallel:loop closed
[8.238s] DEBUG:colcon.colcon_parallel_executor.executor.parallel:run_until_complete finished with '0'
[8.239s] DEBUG:colcon.colcon_core.event_reactor:joining thread
[8.306s] INFO:colcon.colcon_core.plugin_system:Skipping extension 'colcon_notification.desktop_notification.terminal_notifier': Not used on non-Darwin systems
[8.306s] INFO:colcon.colcon_core.plugin_system:Skipping extension 'colcon_notification.desktop_notification.win32': Not used on non-Windows systems
[8.307s] INFO:colcon.colcon_notification.desktop_notification:Sending desktop notification using 'notify2'
[8.355s] DEBUG:colcon.colcon_core.event_reactor:joined thread
[8.425s] INFO:colcon.colcon_core.shell:Creating prefix script '/home/rosbot/dev_ws/install/local_setup.ps1'
[8.433s] INFO:colcon.colcon_core.shell:Creating prefix util module '/home/rosbot/dev_ws/install/_local_setup_util_ps1.py'
[8.442s] INFO:colcon.colcon_core.shell:Creating prefix chain script '/home/rosbot/dev_ws/install/setup.ps1'
[8.495s] INFO:colcon.colcon_core.shell:Creating prefix script '/home/rosbot/dev_ws/install/local_setup.sh'
[8.499s] INFO:colcon.colcon_core.shell:Creating prefix util module '/home/rosbot/dev_ws/install/_local_setup_util_sh.py'
[8.502s] INFO:colcon.colcon_core.shell:Creating prefix chain script '/home/rosbot/dev_ws/install/setup.sh'
[8.555s] INFO:colcon.colcon_core.shell:Creating prefix script '/home/rosbot/dev_ws/install/local_setup.bash'
[8.558s] INFO:colcon.colcon_core.shell:Creating prefix chain script '/home/rosbot/dev_ws/install/setup.bash'
[8.606s] INFO:colcon.colcon_core.shell:Creating prefix script '/home/rosbot/dev_ws/install/local_setup.zsh'
[8.609s] INFO:colcon.colcon_core.shell:Creating prefix chain script '/home/rosbot/dev_ws/install/setup.zsh'
