/home/rosbot/.local/lib/python3.6/site-packages/setuptools/dist.py:726: UserWarning: Usage of dash-separated 'script-dir' will not be supported in future versions. Please use the underscore name 'script_dir' instead
  % (opt, underscore_opt)
/home/rosbot/.local/lib/python3.6/site-packages/setuptools/dist.py:726: UserWarning: Usage of dash-separated 'install-scripts' will not be supported in future versions. Please use the underscore name 'install_scripts' instead
  % (opt, underscore_opt)
running develop
/home/rosbot/.local/lib/python3.6/site-packages/setuptools/command/easy_install.py:159: EasyInstallDeprecationWarning: easy_install command is deprecated. Use build and pip and other standards-based tools.
  EasyInstallDeprecationWarning,
/home/rosbot/.local/lib/python3.6/site-packages/setuptools/command/install.py:37: SetuptoolsDeprecationWarning: setup.py install is deprecated. Use build and pip and other standards-based tools.
  setuptools.SetuptoolsDeprecationWarning,
/home/rosbot/.local/lib/python3.6/site-packages/pkg_resources/__init__.py:119: PkgResourcesDeprecationWarning: 0.18ubuntu0.18.04.1 is an invalid version and will not be supported in a future release
  PkgResourcesDeprecationWarning,
running egg_info
writing base.egg-info/PKG-INFO
writing dependency_links to base.egg-info/dependency_links.txt
writing entry points to base.egg-info/entry_points.txt
writing requirements to base.egg-info/requires.txt
writing top-level names to base.egg-info/top_level.txt
reading manifest file 'base.egg-info/SOURCES.txt'
writing manifest file 'base.egg-info/SOURCES.txt'
running build_ext
Creating /home/rosbot/dev_ws/install/base/lib/python3.6/site-packages/base.egg-link (link to .)
Installing pca script to /home/rosbot/dev_ws/install/base/lib/base
Installing tester script to /home/rosbot/dev_ws/install/base/lib/base

Installed /home/rosbot/dev_ws/build/base
running install_data
creating /home/rosbot/dev_ws/install/base/share/ament_index
creating /home/rosbot/dev_ws/install/base/share/ament_index/resource_index
creating /home/rosbot/dev_ws/install/base/share/ament_index/resource_index/packages
copying resource/base -> /home/rosbot/dev_ws/install/base/share/ament_index/resource_index/packages
copying package.xml -> /home/rosbot/dev_ws/install/base/share/base
