[4.145s] DEBUG:colcon:Command line arguments: ['/home/rosbot/.local/bin/colcon', 'build', '--packages-select', 'interfaces']
[4.145s] DEBUG:colcon:Parsed command line arguments: Namespace(ament_cmake_args=None, base_paths=['.'], build_base='build', catkin_cmake_args=None, catkin_skip_building_tests=False, cmake_args=None, cmake_clean_cache=False, cmake_clean_first=False, cmake_force_configure=False, cmake_target=None, cmake_target_skip_unavailable=False, continue_on_error=False, event_handlers=None, executor='parallel', ignore_user_meta=False, install_base='install', log_base=None, log_level=None, main=<bound method BuildVerb.main of <colcon_core.verb.build.BuildVerb object at 0x7f899097f0>>, merge_install=False, metas=['./colcon.meta'], packages_above=None, packages_above_and_dependencies=None, packages_above_depth=None, packages_end=None, packages_ignore=None, packages_ignore_regex=None, packages_select=['interfaces'], packages_select_build_failed=False, packages_select_by_dep=None, packages_select_regex=None, packages_select_test_failures=False, packages_skip=None, packages_skip_build_finished=False, packages_skip_by_dep=None, packages_skip_regex=None, packages_skip_test_passed=False, packages_skip_up_to=None, packages_start=None, packages_up_to=None, packages_up_to_regex=None, parallel_workers=4, paths=None, symlink_install=False, test_result_base=None, verb_extension=<colcon_core.verb.build.BuildVerb object at 0x7f899097f0>, verb_name='build', verb_parser=<colcon_defaults.argument_parser.defaults.DefaultArgumentsDecorator object at 0x7f898c9dd8>)
[4.387s] Level 1:colcon.colcon_core.package_discovery:discover_packages(colcon_meta) check parameters
[4.387s] Level 1:colcon.colcon_core.package_discovery:discover_packages(recursive) check parameters
[4.388s] Level 1:colcon.colcon_core.package_discovery:discover_packages(ignore) check parameters
[4.388s] Level 1:colcon.colcon_core.package_discovery:discover_packages(path) check parameters
[4.388s] Level 1:colcon.colcon_core.package_discovery:discover_packages(colcon_meta) discover
[4.389s] Level 1:colcon.colcon_core.package_discovery:discover_packages(recursive) discover
[4.390s] INFO:colcon.colcon_core.package_discovery:Crawling recursively for packages in '/home/rosbot/dev_ws'
[4.390s] Level 1:colcon.colcon_core.package_identification:_identify(.) by extensions ['ignore', 'ignore_ament_install']
[4.391s] Level 1:colcon.colcon_core.package_identification:_identify(.) by extension 'ignore'
[4.391s] Level 1:colcon.colcon_core.package_identification:_identify(.) by extension 'ignore_ament_install'
[4.391s] Level 1:colcon.colcon_core.package_identification:_identify(.) by extensions ['colcon_pkg']
[4.391s] Level 1:colcon.colcon_core.package_identification:_identify(.) by extension 'colcon_pkg'
[4.392s] Level 1:colcon.colcon_core.package_identification:_identify(.) by extensions ['colcon_meta']
[4.392s] Level 1:colcon.colcon_core.package_identification:_identify(.) by extension 'colcon_meta'
[4.392s] Level 1:colcon.colcon_core.package_identification:_identify(.) by extensions ['ros']
[4.392s] Level 1:colcon.colcon_core.package_identification:_identify(.) by extension 'ros'
[4.563s] Level 1:colcon.colcon_core.package_identification:_identify(.) by extensions ['cmake', 'python']
[4.564s] Level 1:colcon.colcon_core.package_identification:_identify(.) by extension 'cmake'
[4.564s] Level 1:colcon.colcon_core.package_identification:_identify(.) by extension 'python'
[4.564s] Level 1:colcon.colcon_core.package_identification:_identify(.) by extensions ['python_setup_py']
[4.564s] Level 1:colcon.colcon_core.package_identification:_identify(.) by extension 'python_setup_py'
[4.565s] Level 1:colcon.colcon_core.package_identification:_identify(build) by extensions ['ignore', 'ignore_ament_install']
[4.566s] Level 1:colcon.colcon_core.package_identification:_identify(build) by extension 'ignore'
[4.566s] Level 1:colcon.colcon_core.package_identification:_identify(build) ignored
[4.568s] Level 1:colcon.colcon_core.package_identification:_identify(install) by extensions ['ignore', 'ignore_ament_install']
[4.568s] Level 1:colcon.colcon_core.package_identification:_identify(install) by extension 'ignore'
[4.568s] Level 1:colcon.colcon_core.package_identification:_identify(install) ignored
[4.569s] Level 1:colcon.colcon_core.package_identification:_identify(log) by extensions ['ignore', 'ignore_ament_install']
[4.569s] Level 1:colcon.colcon_core.package_identification:_identify(log) by extension 'ignore'
[4.570s] Level 1:colcon.colcon_core.package_identification:_identify(log) ignored
[4.570s] Level 1:colcon.colcon_core.package_identification:_identify(src) by extensions ['ignore', 'ignore_ament_install']
[4.570s] Level 1:colcon.colcon_core.package_identification:_identify(src) by extension 'ignore'
[4.571s] Level 1:colcon.colcon_core.package_identification:_identify(src) by extension 'ignore_ament_install'
[4.571s] Level 1:colcon.colcon_core.package_identification:_identify(src) by extensions ['colcon_pkg']
[4.571s] Level 1:colcon.colcon_core.package_identification:_identify(src) by extension 'colcon_pkg'
[4.571s] Level 1:colcon.colcon_core.package_identification:_identify(src) by extensions ['colcon_meta']
[4.572s] Level 1:colcon.colcon_core.package_identification:_identify(src) by extension 'colcon_meta'
[4.572s] Level 1:colcon.colcon_core.package_identification:_identify(src) by extensions ['ros']
[4.572s] Level 1:colcon.colcon_core.package_identification:_identify(src) by extension 'ros'
[4.573s] Level 1:colcon.colcon_core.package_identification:_identify(src) by extensions ['cmake', 'python']
[4.573s] Level 1:colcon.colcon_core.package_identification:_identify(src) by extension 'cmake'
[4.573s] Level 1:colcon.colcon_core.package_identification:_identify(src) by extension 'python'
[4.573s] Level 1:colcon.colcon_core.package_identification:_identify(src) by extensions ['python_setup_py']
[4.573s] Level 1:colcon.colcon_core.package_identification:_identify(src) by extension 'python_setup_py'
[4.574s] Level 1:colcon.colcon_core.package_identification:_identify(src/base) by extensions ['ignore', 'ignore_ament_install']
[4.574s] Level 1:colcon.colcon_core.package_identification:_identify(src/base) by extension 'ignore'
[4.575s] Level 1:colcon.colcon_core.package_identification:_identify(src/base) by extension 'ignore_ament_install'
[4.575s] Level 1:colcon.colcon_core.package_identification:_identify(src/base) by extensions ['colcon_pkg']
[4.575s] Level 1:colcon.colcon_core.package_identification:_identify(src/base) by extension 'colcon_pkg'
[4.575s] Level 1:colcon.colcon_core.package_identification:_identify(src/base) by extensions ['colcon_meta']
[4.576s] Level 1:colcon.colcon_core.package_identification:_identify(src/base) by extension 'colcon_meta'
[4.576s] Level 1:colcon.colcon_core.package_identification:_identify(src/base) by extensions ['ros']
[4.576s] Level 1:colcon.colcon_core.package_identification:_identify(src/base) by extension 'ros'
[4.588s] DEBUG:colcon.colcon_core.package_identification:Package 'src/base' with type 'ros.ament_python' and name 'base'
[4.589s] Level 1:colcon.colcon_core.package_identification:_identify(src/interfaces) by extensions ['ignore', 'ignore_ament_install']
[4.589s] Level 1:colcon.colcon_core.package_identification:_identify(src/interfaces) by extension 'ignore'
[4.589s] Level 1:colcon.colcon_core.package_identification:_identify(src/interfaces) by extension 'ignore_ament_install'
[4.590s] Level 1:colcon.colcon_core.package_identification:_identify(src/interfaces) by extensions ['colcon_pkg']
[4.590s] Level 1:colcon.colcon_core.package_identification:_identify(src/interfaces) by extension 'colcon_pkg'
[4.590s] Level 1:colcon.colcon_core.package_identification:_identify(src/interfaces) by extensions ['colcon_meta']
[4.590s] Level 1:colcon.colcon_core.package_identification:_identify(src/interfaces) by extension 'colcon_meta'
[4.591s] Level 1:colcon.colcon_core.package_identification:_identify(src/interfaces) by extensions ['ros']
[4.591s] Level 1:colcon.colcon_core.package_identification:_identify(src/interfaces) by extension 'ros'
[4.593s] DEBUG:colcon.colcon_core.package_identification:Package 'src/interfaces' with type 'ros.ament_cmake' and name 'interfaces'
[4.594s] Level 1:colcon.colcon_core.package_identification:_identify(src/my_package) by extensions ['ignore', 'ignore_ament_install']
[4.594s] Level 1:colcon.colcon_core.package_identification:_identify(src/my_package) by extension 'ignore'
[4.595s] Level 1:colcon.colcon_core.package_identification:_identify(src/my_package) by extension 'ignore_ament_install'
[4.595s] Level 1:colcon.colcon_core.package_identification:_identify(src/my_package) by extensions ['colcon_pkg']
[4.595s] Level 1:colcon.colcon_core.package_identification:_identify(src/my_package) by extension 'colcon_pkg'
[4.596s] Level 1:colcon.colcon_core.package_identification:_identify(src/my_package) by extensions ['colcon_meta']
[4.596s] Level 1:colcon.colcon_core.package_identification:_identify(src/my_package) by extension 'colcon_meta'
[4.596s] Level 1:colcon.colcon_core.package_identification:_identify(src/my_package) by extensions ['ros']
[4.596s] Level 1:colcon.colcon_core.package_identification:_identify(src/my_package) by extension 'ros'
[4.598s] DEBUG:colcon.colcon_core.package_identification:Package 'src/my_package' with type 'ros.ament_python' and name 'my_package'
[4.599s] Level 1:colcon.colcon_core.package_identification:_identify(src/py_pubsub) by extensions ['ignore', 'ignore_ament_install']
[4.599s] Level 1:colcon.colcon_core.package_identification:_identify(src/py_pubsub) by extension 'ignore'
[4.600s] Level 1:colcon.colcon_core.package_identification:_identify(src/py_pubsub) by extension 'ignore_ament_install'
[4.600s] Level 1:colcon.colcon_core.package_identification:_identify(src/py_pubsub) by extensions ['colcon_pkg']
[4.600s] Level 1:colcon.colcon_core.package_identification:_identify(src/py_pubsub) by extension 'colcon_pkg'
[4.600s] Level 1:colcon.colcon_core.package_identification:_identify(src/py_pubsub) by extensions ['colcon_meta']
[4.601s] Level 1:colcon.colcon_core.package_identification:_identify(src/py_pubsub) by extension 'colcon_meta'
[4.601s] Level 1:colcon.colcon_core.package_identification:_identify(src/py_pubsub) by extensions ['ros']
[4.601s] Level 1:colcon.colcon_core.package_identification:_identify(src/py_pubsub) by extension 'ros'
[4.604s] DEBUG:colcon.colcon_core.package_identification:Package 'src/py_pubsub' with type 'ros.ament_python' and name 'py_pubsub'
[4.604s] Level 1:colcon.colcon_core.package_discovery:discover_packages(recursive) using defaults
[4.605s] Level 1:colcon.colcon_core.package_discovery:discover_packages(ignore) discover
[4.605s] Level 1:colcon.colcon_core.package_discovery:discover_packages(ignore) using defaults
[4.605s] Level 1:colcon.colcon_core.package_discovery:discover_packages(path) discover
[4.606s] Level 1:colcon.colcon_core.package_discovery:discover_packages(path) using defaults
[4.881s] INFO:colcon.colcon_core.package_selection:Skipping not selected package 'base' in 'src/base'
[4.881s] INFO:colcon.colcon_core.package_selection:Skipping not selected package 'my_package' in 'src/my_package'
[4.882s] INFO:colcon.colcon_core.package_selection:Skipping not selected package 'py_pubsub' in 'src/py_pubsub'
[4.974s] Level 5:colcon.colcon_core.verb:set package 'interfaces' build argument 'cmake_args' from command line to 'None'
[4.975s] Level 5:colcon.colcon_core.verb:set package 'interfaces' build argument 'cmake_target' from command line to 'None'
[4.975s] Level 5:colcon.colcon_core.verb:set package 'interfaces' build argument 'cmake_target_skip_unavailable' from command line to 'False'
[4.975s] Level 5:colcon.colcon_core.verb:set package 'interfaces' build argument 'cmake_clean_cache' from command line to 'False'
[4.975s] Level 5:colcon.colcon_core.verb:set package 'interfaces' build argument 'cmake_clean_first' from command line to 'False'
[4.975s] Level 5:colcon.colcon_core.verb:set package 'interfaces' build argument 'cmake_force_configure' from command line to 'False'
[4.976s] Level 5:colcon.colcon_core.verb:set package 'interfaces' build argument 'ament_cmake_args' from command line to 'None'
[4.976s] Level 5:colcon.colcon_core.verb:set package 'interfaces' build argument 'catkin_cmake_args' from command line to 'None'
[4.976s] Level 5:colcon.colcon_core.verb:set package 'interfaces' build argument 'catkin_skip_building_tests' from command line to 'False'
[4.976s] DEBUG:colcon.colcon_core.verb:Building package 'interfaces' with the following arguments: {'ament_cmake_args': None, 'build_base': '/home/rosbot/dev_ws/build/interfaces', 'catkin_cmake_args': None, 'catkin_skip_building_tests': False, 'cmake_args': None, 'cmake_clean_cache': False, 'cmake_clean_first': False, 'cmake_force_configure': False, 'cmake_target': None, 'cmake_target_skip_unavailable': False, 'install_base': '/home/rosbot/dev_ws/install/interfaces', 'merge_install': False, 'path': '/home/rosbot/dev_ws/src/interfaces', 'symlink_install': False, 'test_result_base': None}
[4.998s] INFO:colcon.colcon_core.executor:Executing jobs using 'parallel' executor
[5.150s] DEBUG:colcon.colcon_parallel_executor.executor.parallel:run_until_complete
[5.151s] INFO:colcon.colcon_ros.task.ament_cmake.build:Building ROS package in '/home/rosbot/dev_ws/src/interfaces' with build type 'ament_cmake'
[5.151s] INFO:colcon.colcon_cmake.task.cmake.build:Building CMake package in '/home/rosbot/dev_ws/src/interfaces'
[5.235s] INFO:colcon.colcon_core.plugin_system:Skipping extension 'colcon_core.shell.bat': Not used on non-Windows systems
[5.236s] INFO:colcon.colcon_core.shell:Skip shell extension 'powershell' for command environment: Not usable outside of PowerShell
[5.237s] DEBUG:colcon.colcon_core.shell:Skip shell extension 'dsv' for command environment
[5.357s] DEBUG:colcon.colcon_core.event_handler.log_command:Invoking command in '/home/rosbot/dev_ws/build/interfaces': CMAKE_PREFIX_PATH=/opt/ros/eloquent /usr/bin/cmake /home/rosbot/dev_ws/src/interfaces -DCMAKE_INSTALL_PREFIX=/home/rosbot/dev_ws/install/interfaces
[13.926s] DEBUG:colcon.colcon_core.event_handler.log_command:Invoked command in '/home/rosbot/dev_ws/build/interfaces' returned '0': CMAKE_PREFIX_PATH=/opt/ros/eloquent /usr/bin/cmake /home/rosbot/dev_ws/src/interfaces -DCMAKE_INSTALL_PREFIX=/home/rosbot/dev_ws/install/interfaces
[13.937s] DEBUG:colcon.colcon_core.event_handler.log_command:Invoking command in '/home/rosbot/dev_ws/build/interfaces': CMAKE_PREFIX_PATH=/opt/ros/eloquent /usr/bin/cmake --build /home/rosbot/dev_ws/build/interfaces -- -j4 -l4
[27.326s] DEBUG:colcon.colcon_core.event_handler.log_command:Invoked command in '/home/rosbot/dev_ws/build/interfaces' returned '0': CMAKE_PREFIX_PATH=/opt/ros/eloquent /usr/bin/cmake --build /home/rosbot/dev_ws/build/interfaces -- -j4 -l4
[27.535s] DEBUG:colcon.colcon_core.event_handler.log_command:Invoking command in '/home/rosbot/dev_ws/build/interfaces': CMAKE_PREFIX_PATH=/opt/ros/eloquent /usr/bin/cmake --build /home/rosbot/dev_ws/build/interfaces --target install -- -j4 -l4
[28.708s] Level 1:colcon.colcon_core.environment:create_environment_scripts_only(interfaces)
[28.728s] DEBUG:colcon.colcon_core.event_handler.log_command:Invoked command in '/home/rosbot/dev_ws/build/interfaces' returned '0': CMAKE_PREFIX_PATH=/opt/ros/eloquent /usr/bin/cmake --build /home/rosbot/dev_ws/build/interfaces --target install -- -j4 -l4
[28.816s] Level 1:colcon.colcon_core.environment:checking '/home/rosbot/dev_ws/install/interfaces' for CMake module files
[28.820s] Level 1:colcon.colcon_core.environment:checking '/home/rosbot/dev_ws/install/interfaces' for CMake config files
[28.822s] Level 1:colcon.colcon_core.shell:create_environment_hook('interfaces', 'cmake_prefix_path')
[28.889s] INFO:colcon.colcon_core.shell:Creating environment hook '/home/rosbot/dev_ws/install/interfaces/share/interfaces/hook/cmake_prefix_path.ps1'
[28.894s] INFO:colcon.colcon_core.shell:Creating environment descriptor '/home/rosbot/dev_ws/install/interfaces/share/interfaces/hook/cmake_prefix_path.dsv'
[28.896s] INFO:colcon.colcon_core.shell:Creating environment hook '/home/rosbot/dev_ws/install/interfaces/share/interfaces/hook/cmake_prefix_path.sh'
[28.903s] Level 1:colcon.colcon_core.environment:checking '/home/rosbot/dev_ws/install/interfaces/lib'
[28.904s] Level 1:colcon.colcon_core.shell:create_environment_hook('interfaces', 'ld_library_path_lib')
[28.967s] INFO:colcon.colcon_core.shell:Creating environment hook '/home/rosbot/dev_ws/install/interfaces/share/interfaces/hook/ld_library_path_lib.ps1'
[28.969s] INFO:colcon.colcon_core.shell:Creating environment descriptor '/home/rosbot/dev_ws/install/interfaces/share/interfaces/hook/ld_library_path_lib.dsv'
[28.971s] INFO:colcon.colcon_core.shell:Creating environment hook '/home/rosbot/dev_ws/install/interfaces/share/interfaces/hook/ld_library_path_lib.sh'
[28.972s] Level 1:colcon.colcon_core.environment:checking '/home/rosbot/dev_ws/install/interfaces/bin'
[28.973s] Level 1:colcon.colcon_core.environment:checking '/home/rosbot/dev_ws/install/interfaces/lib/pkgconfig/interfaces.pc'
[28.974s] Level 1:colcon.colcon_core.environment:checking '/home/rosbot/dev_ws/install/interfaces/lib/python3.6/site-packages'
[28.974s] Level 1:colcon.colcon_core.shell:create_environment_hook('interfaces', 'pythonpath')
[29.037s] INFO:colcon.colcon_core.shell:Creating environment hook '/home/rosbot/dev_ws/install/interfaces/share/interfaces/hook/pythonpath.ps1'
[29.039s] INFO:colcon.colcon_core.shell:Creating environment descriptor '/home/rosbot/dev_ws/install/interfaces/share/interfaces/hook/pythonpath.dsv'
[29.041s] INFO:colcon.colcon_core.shell:Creating environment hook '/home/rosbot/dev_ws/install/interfaces/share/interfaces/hook/pythonpath.sh'
[29.043s] Level 1:colcon.colcon_core.environment:checking '/home/rosbot/dev_ws/install/interfaces/bin'
[29.109s] INFO:colcon.colcon_core.shell:Creating package script '/home/rosbot/dev_ws/install/interfaces/share/interfaces/package.ps1'
[29.115s] INFO:colcon.colcon_core.shell:Creating package descriptor '/home/rosbot/dev_ws/install/interfaces/share/interfaces/package.dsv'
[29.119s] INFO:colcon.colcon_core.shell:Creating package script '/home/rosbot/dev_ws/install/interfaces/share/interfaces/package.sh'
[29.127s] INFO:colcon.colcon_core.shell:Creating package script '/home/rosbot/dev_ws/install/interfaces/share/interfaces/package.bash'
[29.131s] INFO:colcon.colcon_core.shell:Creating package script '/home/rosbot/dev_ws/install/interfaces/share/interfaces/package.zsh'
[29.136s] Level 1:colcon.colcon_core.environment:create_file_with_runtime_dependencies(/home/rosbot/dev_ws/install/interfaces/share/colcon-core/packages/interfaces)
[29.366s] Level 1:colcon.colcon_core.environment:create_environment_scripts_only(interfaces)
[29.443s] Level 1:colcon.colcon_core.environment:checking '/home/rosbot/dev_ws/install/interfaces' for CMake module files
[29.447s] Level 1:colcon.colcon_core.environment:checking '/home/rosbot/dev_ws/install/interfaces' for CMake config files
[29.449s] Level 1:colcon.colcon_core.shell:create_environment_hook('interfaces', 'cmake_prefix_path')
[29.514s] INFO:colcon.colcon_core.shell:Creating environment hook '/home/rosbot/dev_ws/install/interfaces/share/interfaces/hook/cmake_prefix_path.ps1'
[29.517s] INFO:colcon.colcon_core.shell:Creating environment descriptor '/home/rosbot/dev_ws/install/interfaces/share/interfaces/hook/cmake_prefix_path.dsv'
[29.518s] INFO:colcon.colcon_core.shell:Creating environment hook '/home/rosbot/dev_ws/install/interfaces/share/interfaces/hook/cmake_prefix_path.sh'
[29.522s] Level 1:colcon.colcon_core.environment:checking '/home/rosbot/dev_ws/install/interfaces/lib'
[29.522s] Level 1:colcon.colcon_core.shell:create_environment_hook('interfaces', 'ld_library_path_lib')
[29.586s] INFO:colcon.colcon_core.shell:Creating environment hook '/home/rosbot/dev_ws/install/interfaces/share/interfaces/hook/ld_library_path_lib.ps1'
[29.587s] INFO:colcon.colcon_core.shell:Creating environment descriptor '/home/rosbot/dev_ws/install/interfaces/share/interfaces/hook/ld_library_path_lib.dsv'
[29.589s] INFO:colcon.colcon_core.shell:Creating environment hook '/home/rosbot/dev_ws/install/interfaces/share/interfaces/hook/ld_library_path_lib.sh'
[29.591s] Level 1:colcon.colcon_core.environment:checking '/home/rosbot/dev_ws/install/interfaces/bin'
[29.591s] Level 1:colcon.colcon_core.environment:checking '/home/rosbot/dev_ws/install/interfaces/lib/pkgconfig/interfaces.pc'
[29.592s] Level 1:colcon.colcon_core.environment:checking '/home/rosbot/dev_ws/install/interfaces/lib/python3.6/site-packages'
[29.592s] Level 1:colcon.colcon_core.shell:create_environment_hook('interfaces', 'pythonpath')
[29.657s] INFO:colcon.colcon_core.shell:Creating environment hook '/home/rosbot/dev_ws/install/interfaces/share/interfaces/hook/pythonpath.ps1'
[29.659s] INFO:colcon.colcon_core.shell:Creating environment descriptor '/home/rosbot/dev_ws/install/interfaces/share/interfaces/hook/pythonpath.dsv'
[29.660s] INFO:colcon.colcon_core.shell:Creating environment hook '/home/rosbot/dev_ws/install/interfaces/share/interfaces/hook/pythonpath.sh'
[29.663s] Level 1:colcon.colcon_core.environment:checking '/home/rosbot/dev_ws/install/interfaces/bin'
[29.728s] INFO:colcon.colcon_core.shell:Creating package script '/home/rosbot/dev_ws/install/interfaces/share/interfaces/package.ps1'
[29.732s] INFO:colcon.colcon_core.shell:Creating package descriptor '/home/rosbot/dev_ws/install/interfaces/share/interfaces/package.dsv'
[29.734s] INFO:colcon.colcon_core.shell:Creating package script '/home/rosbot/dev_ws/install/interfaces/share/interfaces/package.sh'
[29.737s] INFO:colcon.colcon_core.shell:Creating package script '/home/rosbot/dev_ws/install/interfaces/share/interfaces/package.bash'
[29.739s] INFO:colcon.colcon_core.shell:Creating package script '/home/rosbot/dev_ws/install/interfaces/share/interfaces/package.zsh'
[29.740s] Level 1:colcon.colcon_core.environment:create_file_with_runtime_dependencies(/home/rosbot/dev_ws/install/interfaces/share/colcon-core/packages/interfaces)
[29.741s] DEBUG:colcon.colcon_parallel_executor.executor.parallel:closing loop
[29.744s] DEBUG:colcon.colcon_parallel_executor.executor.parallel:loop closed
[29.744s] DEBUG:colcon.colcon_parallel_executor.executor.parallel:run_until_complete finished with '0'
[29.744s] DEBUG:colcon.colcon_core.event_reactor:joining thread
[29.820s] INFO:colcon.colcon_core.plugin_system:Skipping extension 'colcon_notification.desktop_notification.terminal_notifier': Not used on non-Darwin systems
[29.821s] INFO:colcon.colcon_core.plugin_system:Skipping extension 'colcon_notification.desktop_notification.win32': Not used on non-Windows systems
[29.821s] INFO:colcon.colcon_notification.desktop_notification:Sending desktop notification using 'notify2'
[29.863s] DEBUG:colcon.colcon_core.event_reactor:joined thread
[29.933s] INFO:colcon.colcon_core.shell:Creating prefix script '/home/rosbot/dev_ws/install/local_setup.ps1'
[29.941s] INFO:colcon.colcon_core.shell:Creating prefix util module '/home/rosbot/dev_ws/install/_local_setup_util_ps1.py'
[29.951s] INFO:colcon.colcon_core.shell:Creating prefix chain script '/home/rosbot/dev_ws/install/setup.ps1'
[30.003s] INFO:colcon.colcon_core.shell:Creating prefix script '/home/rosbot/dev_ws/install/local_setup.sh'
[30.007s] INFO:colcon.colcon_core.shell:Creating prefix util module '/home/rosbot/dev_ws/install/_local_setup_util_sh.py'
[30.009s] INFO:colcon.colcon_core.shell:Creating prefix chain script '/home/rosbot/dev_ws/install/setup.sh'
[30.064s] INFO:colcon.colcon_core.shell:Creating prefix script '/home/rosbot/dev_ws/install/local_setup.bash'
[30.068s] INFO:colcon.colcon_core.shell:Creating prefix chain script '/home/rosbot/dev_ws/install/setup.bash'
[30.119s] INFO:colcon.colcon_core.shell:Creating prefix script '/home/rosbot/dev_ws/install/local_setup.zsh'
[30.123s] INFO:colcon.colcon_core.shell:Creating prefix chain script '/home/rosbot/dev_ws/install/setup.zsh'
