[6.123s] Invoking command in '/home/rosbot/dev_ws/build/my_package': PYTHONPATH=/home/rosbot/dev_ws/install/my_package/lib/python3.6/site-packages:${PYTHONPATH} /usr/bin/python3 setup.py develop --prefix /home/rosbot/dev_ws/install/my_package --editable --build-directory /home/rosbot/dev_ws/build/my_package/build --no-deps install_data --install-dir /home/rosbot/dev_ws/install/my_package
[7.456s] /home/rosbot/.local/lib/python3.6/site-packages/setuptools/dist.py:726: UserWarning: Usage of dash-separated 'script-dir' will not be supported in future versions. Please use the underscore name 'script_dir' instead
[7.457s]   % (opt, underscore_opt)
[7.462s] /home/rosbot/.local/lib/python3.6/site-packages/setuptools/dist.py:726: UserWarning: Usage of dash-separated 'install-scripts' will not be supported in future versions. Please use the underscore name 'install_scripts' instead
[7.478s]   % (opt, underscore_opt)
[7.716s] running develop
[7.717s] /home/rosbot/.local/lib/python3.6/site-packages/setuptools/command/easy_install.py:159: EasyInstallDeprecationWarning: easy_install command is deprecated. Use build and pip and other standards-based tools.
[7.718s]   EasyInstallDeprecationWarning,
[7.718s] /home/rosbot/.local/lib/python3.6/site-packages/setuptools/command/install.py:37: SetuptoolsDeprecationWarning: setup.py install is deprecated. Use build and pip and other standards-based tools.
[7.721s]   setuptools.SetuptoolsDeprecationWarning,
[8.007s] /home/rosbot/.local/lib/python3.6/site-packages/pkg_resources/__init__.py:119: PkgResourcesDeprecationWarning: 0.18ubuntu0.18.04.1 is an invalid version and will not be supported in a future release
[8.008s]   PkgResourcesDeprecationWarning,
[8.536s] running egg_info
[8.537s] writing my_package.egg-info/PKG-INFO
[8.538s] writing dependency_links to my_package.egg-info/dependency_links.txt
[8.550s] writing entry points to my_package.egg-info/entry_points.txt
[8.573s] writing requirements to my_package.egg-info/requires.txt
[8.594s] writing top-level names to my_package.egg-info/top_level.txt
[8.627s] reading manifest file 'my_package.egg-info/SOURCES.txt'
[8.628s] writing manifest file 'my_package.egg-info/SOURCES.txt'
[8.630s] running build_ext
[8.632s] Creating /home/rosbot/dev_ws/install/my_package/lib/python3.6/site-packages/my-package.egg-link (link to .)
[8.634s] Installing my_node script to /home/rosbot/dev_ws/install/my_package/lib/my_package
[8.635s] 
[8.636s] Installed /home/rosbot/dev_ws/build/my_package
[8.637s] running install_data
[8.834s] Invoked command in '/home/rosbot/dev_ws/build/my_package' returned '0': PYTHONPATH=/home/rosbot/dev_ws/install/my_package/lib/python3.6/site-packages:${PYTHONPATH} /usr/bin/python3 setup.py develop --prefix /home/rosbot/dev_ws/install/my_package --editable --build-directory /home/rosbot/dev_ws/build/my_package/build --no-deps install_data --install-dir /home/rosbot/dev_ws/install/my_package
