[4.559s] Invoking command in '/home/rosbot/dev_ws/build/py_pubsub': PYTHONPATH=/home/rosbot/dev_ws/install/py_pubsub/lib/python3.6/site-packages:${PYTHONPATH} /usr/bin/python3 setup.py develop --prefix /home/rosbot/dev_ws/install/py_pubsub --editable --build-directory /home/rosbot/dev_ws/build/py_pubsub/build --no-deps install_data --install-dir /home/rosbot/dev_ws/install/py_pubsub
[5.911s] /home/rosbot/.local/lib/python3.6/site-packages/setuptools/dist.py:726: UserWarning: Usage of dash-separated 'script-dir' will not be supported in future versions. Please use the underscore name 'script_dir' instead
[5.939s]   % (opt, underscore_opt)
[5.941s] /home/rosbot/.local/lib/python3.6/site-packages/setuptools/dist.py:726: UserWarning: Usage of dash-separated 'install-scripts' will not be supported in future versions. Please use the underscore name 'install_scripts' instead
[5.943s]   % (opt, underscore_opt)
[6.147s] running develop
[6.148s] /home/rosbot/.local/lib/python3.6/site-packages/setuptools/command/easy_install.py:159: EasyInstallDeprecationWarning: easy_install command is deprecated. Use build and pip and other standards-based tools.
[6.148s]   EasyInstallDeprecationWarning,
[6.153s] /home/rosbot/.local/lib/python3.6/site-packages/setuptools/command/install.py:37: SetuptoolsDeprecationWarning: setup.py install is deprecated. Use build and pip and other standards-based tools.
[6.154s]   setuptools.SetuptoolsDeprecationWarning,
[6.447s] /home/rosbot/.local/lib/python3.6/site-packages/pkg_resources/__init__.py:119: PkgResourcesDeprecationWarning: 0.18ubuntu0.18.04.1 is an invalid version and will not be supported in a future release
[6.448s]   PkgResourcesDeprecationWarning,
[6.962s] running egg_info
[6.963s] writing py_pubsub.egg-info/PKG-INFO
[6.963s] writing dependency_links to py_pubsub.egg-info/dependency_links.txt
[6.964s] writing entry points to py_pubsub.egg-info/entry_points.txt
[6.964s] writing requirements to py_pubsub.egg-info/requires.txt
[6.965s] writing top-level names to py_pubsub.egg-info/top_level.txt
[6.969s] reading manifest file 'py_pubsub.egg-info/SOURCES.txt'
[7.005s] writing manifest file 'py_pubsub.egg-info/SOURCES.txt'
[7.021s] running build_ext
[7.043s] Creating /home/rosbot/dev_ws/install/py_pubsub/lib/python3.6/site-packages/py-pubsub.egg-link (link to .)
[7.056s] Installing listener script to /home/rosbot/dev_ws/install/py_pubsub/lib/py_pubsub
[7.058s] Installing talker script to /home/rosbot/dev_ws/install/py_pubsub/lib/py_pubsub
[7.059s] 
[7.060s] Installed /home/rosbot/dev_ws/build/py_pubsub
[7.061s] running install_data
[7.251s] Invoked command in '/home/rosbot/dev_ws/build/py_pubsub' returned '0': PYTHONPATH=/home/rosbot/dev_ws/install/py_pubsub/lib/python3.6/site-packages:${PYTHONPATH} /usr/bin/python3 setup.py develop --prefix /home/rosbot/dev_ws/install/py_pubsub --editable --build-directory /home/rosbot/dev_ws/build/py_pubsub/build --no-deps install_data --install-dir /home/rosbot/dev_ws/install/py_pubsub
