[0.149s] Invoking command in '/home/rosbot/dev_ws/build/rosapi': AMENT_PREFIX_PATH=/home/rosbot/dev_ws/install/rosbridge_library:/home/rosbot/dev_ws/install/rosapi_msgs:${AMENT_PREFIX_PATH} CMAKE_PREFIX_PATH=/home/rosbot/dev_ws/install/rosbridge_library:/home/rosbot/dev_ws/install/rosapi_msgs:/opt/ros/eloquent LD_LIBRARY_PATH=/home/rosbot/dev_ws/install/rosapi_msgs/lib:${LD_LIBRARY_PATH} PYTHONPATH=/home/rosbot/dev_ws/install/rosbridge_library/lib/python3.6/site-packages:/home/rosbot/dev_ws/install/rosapi_msgs/lib/python3.6/site-packages:${PYTHONPATH} /usr/bin/cmake --build /home/rosbot/dev_ws/build/rosapi -- -j4 -l4
[0.307s] Invoked command in '/home/rosbot/dev_ws/build/rosapi' returned '0': AMENT_PREFIX_PATH=/home/rosbot/dev_ws/install/rosbridge_library:/home/rosbot/dev_ws/install/rosapi_msgs:${AMENT_PREFIX_PATH} CMAKE_PREFIX_PATH=/home/rosbot/dev_ws/install/rosbridge_library:/home/rosbot/dev_ws/install/rosapi_msgs:/opt/ros/eloquent LD_LIBRARY_PATH=/home/rosbot/dev_ws/install/rosapi_msgs/lib:${LD_LIBRARY_PATH} PYTHONPATH=/home/rosbot/dev_ws/install/rosbridge_library/lib/python3.6/site-packages:/home/rosbot/dev_ws/install/rosapi_msgs/lib/python3.6/site-packages:${PYTHONPATH} /usr/bin/cmake --build /home/rosbot/dev_ws/build/rosapi -- -j4 -l4
[0.400s] Invoking command in '/home/rosbot/dev_ws/build/rosapi': AMENT_PREFIX_PATH=/home/rosbot/dev_ws/install/rosbridge_library:/home/rosbot/dev_ws/install/rosapi_msgs:${AMENT_PREFIX_PATH} CMAKE_PREFIX_PATH=/home/rosbot/dev_ws/install/rosbridge_library:/home/rosbot/dev_ws/install/rosapi_msgs:/opt/ros/eloquent LD_LIBRARY_PATH=/home/rosbot/dev_ws/install/rosapi_msgs/lib:${LD_LIBRARY_PATH} PYTHONPATH=/home/rosbot/dev_ws/install/rosbridge_library/lib/python3.6/site-packages:/home/rosbot/dev_ws/install/rosapi_msgs/lib/python3.6/site-packages:${PYTHONPATH} /usr/bin/cmake --build /home/rosbot/dev_ws/build/rosapi --target install -- -j4 -l4
[0.584s] [36mInstall the project...[0m
[0.620s] -- Install configuration: ""
[0.623s] -- Execute custom install script
[0.624s] -- Up-to-date symlink: /home/rosbot/dev_ws/install/rosapi/share/rosapi/environment/pythonpath.sh
[0.627s] -- Up-to-date symlink: /home/rosbot/dev_ws/install/rosapi/share/rosapi/environment/pythonpath.dsv
[0.628s] -- Up-to-date symlink: /home/rosbot/dev_ws/install/rosapi/lib/python3.6/site-packages/rosapi/__init__.py
[0.629s] -- Up-to-date symlink: /home/rosbot/dev_ws/install/rosapi/lib/python3.6/site-packages/rosapi/glob_helper.py
[0.631s] -- Up-to-date symlink: /home/rosbot/dev_ws/install/rosapi/lib/python3.6/site-packages/rosapi/objectutils.py
[0.632s] -- Up-to-date symlink: /home/rosbot/dev_ws/install/rosapi/lib/python3.6/site-packages/rosapi/params.py
[0.633s] -- Up-to-date symlink: /home/rosbot/dev_ws/install/rosapi/lib/python3.6/site-packages/rosapi/proxy.py
[0.634s] -- Up-to-date symlink: /home/rosbot/dev_ws/install/rosapi/lib/python3.6/site-packages/rosapi/stringify_field_types.py
[0.635s] -- Up-to-date symlink: /home/rosbot/dev_ws/install/rosapi/share/ament_index/resource_index/package_run_dependencies/rosapi
[0.637s] -- Up-to-date symlink: /home/rosbot/dev_ws/install/rosapi/share/ament_index/resource_index/parent_prefix_path/rosapi
[0.638s] -- Up-to-date symlink: /home/rosbot/dev_ws/install/rosapi/share/rosapi/environment/ament_prefix_path.sh
[0.639s] -- Up-to-date symlink: /home/rosbot/dev_ws/install/rosapi/share/rosapi/environment/ament_prefix_path.dsv
[0.640s] -- Up-to-date symlink: /home/rosbot/dev_ws/install/rosapi/share/rosapi/environment/path.sh
[0.641s] -- Up-to-date symlink: /home/rosbot/dev_ws/install/rosapi/share/rosapi/environment/path.dsv
[0.642s] -- Up-to-date symlink: /home/rosbot/dev_ws/install/rosapi/share/rosapi/local_setup.bash
[0.644s] -- Up-to-date symlink: /home/rosbot/dev_ws/install/rosapi/share/rosapi/local_setup.sh
[0.645s] -- Up-to-date symlink: /home/rosbot/dev_ws/install/rosapi/share/rosapi/local_setup.zsh
[0.647s] -- Up-to-date symlink: /home/rosbot/dev_ws/install/rosapi/share/rosapi/local_setup.dsv
[0.648s] -- Symlinking: /home/rosbot/dev_ws/install/rosapi/share/rosapi/package.dsv
[0.683s] -- Up-to-date symlink: /home/rosbot/dev_ws/install/rosapi/share/ament_index/resource_index/packages/rosapi
[0.684s] -- Up-to-date symlink: /home/rosbot/dev_ws/install/rosapi/share/rosapi/cmake/rosapiConfig.cmake
[0.685s] -- Up-to-date symlink: /home/rosbot/dev_ws/install/rosapi/share/rosapi/cmake/rosapiConfig-version.cmake
[0.687s] -- Up-to-date symlink: /home/rosbot/dev_ws/install/rosapi/share/rosapi/package.xml
[0.688s] -- Up-to-date symlink: /home/rosbot/dev_ws/install/rosapi/lib/rosapi/rosapi_node
[0.689s] -- Up-to-date symlink: /home/rosbot/dev_ws/install/rosapi/share/rosapi/mapping_rules.yaml
[0.850s] Listing '/home/rosbot/dev_ws/install/rosapi/lib/python3.6/site-packages/rosapi'...
[0.892s] Invoked command in '/home/rosbot/dev_ws/build/rosapi' returned '0': AMENT_PREFIX_PATH=/home/rosbot/dev_ws/install/rosbridge_library:/home/rosbot/dev_ws/install/rosapi_msgs:${AMENT_PREFIX_PATH} CMAKE_PREFIX_PATH=/home/rosbot/dev_ws/install/rosbridge_library:/home/rosbot/dev_ws/install/rosapi_msgs:/opt/ros/eloquent LD_LIBRARY_PATH=/home/rosbot/dev_ws/install/rosapi_msgs/lib:${LD_LIBRARY_PATH} PYTHONPATH=/home/rosbot/dev_ws/install/rosbridge_library/lib/python3.6/site-packages:/home/rosbot/dev_ws/install/rosapi_msgs/lib/python3.6/site-packages:${PYTHONPATH} /usr/bin/cmake --build /home/rosbot/dev_ws/build/rosapi --target install -- -j4 -l4
