[0.771s] Invoking command in '/home/rosbot/dev_ws/build/rosapi_msgs': CMAKE_PREFIX_PATH=/opt/ros/eloquent /usr/bin/cmake /home/rosbot/dev_ws/src/rosbridge_suite/rosapi_msgs -DAMENT_CMAKE_SYMLINK_INSTALL=1 -DCMAKE_INSTALL_PREFIX=/home/rosbot/dev_ws/install/rosapi_msgs
[2.831s] -- The C compiler identification is GNU 7.5.0
[2.833s] -- The CXX compiler identification is GNU 7.5.0
[2.834s] -- Check for working C compiler: /usr/bin/cc
[2.835s] -- Check for working C compiler: /usr/bin/cc -- works
[2.836s] -- Detecting C compiler ABI info
[2.837s] -- Detecting C compiler ABI info - done
[2.837s] -- Detecting C compile features
[3.317s] -- Detecting C compile features - done
[3.327s] -- Check for working CXX compiler: /usr/bin/c++
[3.646s] -- Check for working CXX compiler: /usr/bin/c++ -- works
[3.648s] -- Detecting CXX compiler ABI info
[3.955s] -- Detecting CXX compiler ABI info - done
[3.978s] -- Detecting CXX compile features
[5.379s] -- Detecting CXX compile features - done
[5.391s] -- Found ament_cmake_ros: 0.8.0 (/opt/ros/eloquent/share/ament_cmake_ros/cmake)
[5.566s] -- Found PythonInterp: /usr/bin/python3 (found suitable version "3.6.9", minimum required is "3") 
[5.567s] -- Using PYTHON_EXECUTABLE: /usr/bin/python3
[6.785s] -- Override CMake install command with custom implementation using symlinks instead of copying resources
[6.911s] -- Found builtin_interfaces: 0.8.0 (/opt/ros/eloquent/share/builtin_interfaces/cmake)
[6.970s] -- Found rosidl_adapter: 0.8.3 (/opt/ros/eloquent/share/rosidl_adapter/cmake)
[7.134s] -- Found rosidl_default_generators: 0.8.0 (/opt/ros/eloquent/share/rosidl_default_generators/cmake)
[7.488s] -- Found OpenSSL: /usr/lib/aarch64-linux-gnu/libcrypto.so (found version "1.1.1") 
[7.603s] -- Found FastRTPS: /opt/ros/eloquent/include  
[8.089s] -- Found PythonInterp: /usr/bin/python3 (found version "3.6.9") 
[10.696s] -- Using single matching rosidl_typesupport_c: rosidl_typesupport_fastrtps_c
[10.734s] -- Using single matching rosidl_typesupport_cpp: rosidl_typesupport_fastrtps_cpp
[11.307s] -- Found rmw_implementation_cmake: 0.8.1 (/opt/ros/eloquent/share/rmw_implementation_cmake/cmake)
[11.433s] -- Found PythonInterp: /usr/bin/python3 (found suitable version "3.6.9", minimum required is "3.5") 
[11.452s] -- Found python_cmake_module: 0.8.0 (/opt/ros/eloquent/share/python_cmake_module/cmake)
[11.623s] -- Found PythonLibs: /usr/lib/aarch64-linux-gnu/libpython3.6m.so (found suitable version "3.6.9", minimum required is "3.5") 
[11.625s] -- Using PYTHON_EXECUTABLE: /usr/bin/python3
[11.626s] -- Using PYTHON_INCLUDE_DIRS: /usr/include/python3.6m
[11.627s] -- Using PYTHON_LIBRARIES: /usr/lib/aarch64-linux-gnu/libpython3.6m.so
[11.745s] -- Found PythonExtra: .so  
[12.876s] -- Configuring done
[13.467s] -- Generating done
[13.482s] -- Build files have been written to: /home/rosbot/dev_ws/build/rosapi_msgs
[13.519s] Invoked command in '/home/rosbot/dev_ws/build/rosapi_msgs' returned '0': CMAKE_PREFIX_PATH=/opt/ros/eloquent /usr/bin/cmake /home/rosbot/dev_ws/src/rosbridge_suite/rosapi_msgs -DAMENT_CMAKE_SYMLINK_INSTALL=1 -DCMAKE_INSTALL_PREFIX=/home/rosbot/dev_ws/install/rosapi_msgs
[13.522s] Invoking command in '/home/rosbot/dev_ws/build/rosapi_msgs': CMAKE_PREFIX_PATH=/opt/ros/eloquent /usr/bin/cmake --build /home/rosbot/dev_ws/build/rosapi_msgs -- -j4 -l4
[13.856s] [35m[1mScanning dependencies of target rosapi_msgs__cpp[0m
[13.912s] [  1%] [34m[1mGenerating C code for ROS interfaces[0m
[13.938s] [  1%] [34m[1mGenerating C++ code for ROS interfaces[0m
[36.869s] [  1%] Built target rosapi_msgs__cpp
[37.053s] [  1%] [34m[1mGenerating C++ type support for eProsima Fast-RTPS[0m
[37.069s] [  2%] [34m[1mGenerating C++ introspection for ROS interfaces[0m
[53.275s] [35m[1mScanning dependencies of target rosapi_msgs__rosidl_generator_c[0m
[53.550s] [  2%] [32mBuilding C object CMakeFiles/rosapi_msgs__rosidl_generator_c.dir/rosidl_generator_c/rosapi_msgs/msg/type_def__functions.c.o[0m
[54.064s] [  3%] [32mBuilding C object CMakeFiles/rosapi_msgs__rosidl_generator_c.dir/rosidl_generator_c/rosapi_msgs/srv/delete_param__functions.c.o[0m
[54.445s] [  3%] [32mBuilding C object CMakeFiles/rosapi_msgs__rosidl_generator_c.dir/rosidl_generator_c/rosapi_msgs/srv/get_action_servers__functions.c.o[0m
[54.963s] [  3%] [32mBuilding C object CMakeFiles/rosapi_msgs__rosidl_generator_c.dir/rosidl_generator_c/rosapi_msgs/srv/get_param__functions.c.o[0m
[55.366s] [  4%] [32mBuilding C object CMakeFiles/rosapi_msgs__rosidl_generator_c.dir/rosidl_generator_c/rosapi_msgs/srv/get_param_names__functions.c.o[0m
[55.816s] [  4%] [32mBuilding C object CMakeFiles/rosapi_msgs__rosidl_generator_c.dir/rosidl_generator_c/rosapi_msgs/srv/get_ros_version__functions.c.o[0m
[56.362s] [  5%] [32mBuilding C object CMakeFiles/rosapi_msgs__rosidl_generator_c.dir/rosidl_generator_c/rosapi_msgs/srv/get_time__functions.c.o[0m
[56.900s] [  5%] [32mBuilding C object CMakeFiles/rosapi_msgs__rosidl_generator_c.dir/rosidl_generator_c/rosapi_msgs/srv/has_param__functions.c.o[0m
[57.365s] [  6%] [32mBuilding C object CMakeFiles/rosapi_msgs__rosidl_generator_c.dir/rosidl_generator_c/rosapi_msgs/srv/message_details__functions.c.o[0m
[57.682s] [  6%] [32mBuilding C object CMakeFiles/rosapi_msgs__rosidl_generator_c.dir/rosidl_generator_c/rosapi_msgs/srv/nodes__functions.c.o[0m
[58.038s] [  7%] [32mBuilding C object CMakeFiles/rosapi_msgs__rosidl_generator_c.dir/rosidl_generator_c/rosapi_msgs/srv/node_details__functions.c.o[0m
[58.343s] [  7%] [32mBuilding C object CMakeFiles/rosapi_msgs__rosidl_generator_c.dir/rosidl_generator_c/rosapi_msgs/srv/publishers__functions.c.o[0m
[58.565s] [  8%] [32mBuilding C object CMakeFiles/rosapi_msgs__rosidl_generator_c.dir/rosidl_generator_c/rosapi_msgs/srv/service_node__functions.c.o[0m
[58.810s] [  8%] [32mBuilding C object CMakeFiles/rosapi_msgs__rosidl_generator_c.dir/rosidl_generator_c/rosapi_msgs/srv/service_providers__functions.c.o[0m
[58.824s] [35m[1mScanning dependencies of target rosapi_msgs__rosidl_typesupport_introspection_cpp[0m
[59.066s] [  8%] [32mBuilding CXX object CMakeFiles/rosapi_msgs__rosidl_typesupport_introspection_cpp.dir/rosidl_typesupport_introspection_cpp/rosapi_msgs/msg/type_def__type_support.cpp.o[0m
[59.149s] [  8%] [32mBuilding C object CMakeFiles/rosapi_msgs__rosidl_generator_c.dir/rosidl_generator_c/rosapi_msgs/srv/service_request_details__functions.c.o[0m
[59.508s] [  9%] [32mBuilding C object CMakeFiles/rosapi_msgs__rosidl_generator_c.dir/rosidl_generator_c/rosapi_msgs/srv/service_response_details__functions.c.o[0m
[60.031s] [  9%] [32mBuilding C object CMakeFiles/rosapi_msgs__rosidl_generator_c.dir/rosidl_generator_c/rosapi_msgs/srv/services__functions.c.o[0m
[60.423s] [ 10%] [32mBuilding C object CMakeFiles/rosapi_msgs__rosidl_generator_c.dir/rosidl_generator_c/rosapi_msgs/srv/services_for_type__functions.c.o[0m
[60.519s] [ 11%] [32mBuilding CXX object CMakeFiles/rosapi_msgs__rosidl_typesupport_introspection_cpp.dir/rosidl_typesupport_introspection_cpp/rosapi_msgs/srv/delete_param__type_support.cpp.o[0m
[60.662s] [ 11%] [32mBuilding C object CMakeFiles/rosapi_msgs__rosidl_generator_c.dir/rosidl_generator_c/rosapi_msgs/srv/service_type__functions.c.o[0m
[61.121s] [ 12%] [32mBuilding C object CMakeFiles/rosapi_msgs__rosidl_generator_c.dir/rosidl_generator_c/rosapi_msgs/srv/set_param__functions.c.o[0m
[61.263s] [35m[1mScanning dependencies of target rosapi_msgs__rosidl_typesupport_fastrtps_cpp[0m
[61.528s] [ 12%] [32mBuilding C object CMakeFiles/rosapi_msgs__rosidl_generator_c.dir/rosidl_generator_c/rosapi_msgs/srv/subscribers__functions.c.o[0m
[61.728s] [ 13%] [32mBuilding CXX object CMakeFiles/rosapi_msgs__rosidl_typesupport_fastrtps_cpp.dir/rosidl_typesupport_fastrtps_cpp/rosapi_msgs/msg/dds_fastrtps/type_def__type_support.cpp.o[0m
[61.735s] [ 13%] [32mBuilding CXX object CMakeFiles/rosapi_msgs__rosidl_typesupport_introspection_cpp.dir/rosidl_typesupport_introspection_cpp/rosapi_msgs/srv/get_action_servers__type_support.cpp.o[0m
[61.789s] [ 14%] [32mBuilding C object CMakeFiles/rosapi_msgs__rosidl_generator_c.dir/rosidl_generator_c/rosapi_msgs/srv/topics__functions.c.o[0m
[62.127s] [ 14%] [32mBuilding C object CMakeFiles/rosapi_msgs__rosidl_generator_c.dir/rosidl_generator_c/rosapi_msgs/srv/topics_and_raw_types__functions.c.o[0m
[62.427s] [ 14%] [32mBuilding C object CMakeFiles/rosapi_msgs__rosidl_generator_c.dir/rosidl_generator_c/rosapi_msgs/srv/topics_for_type__functions.c.o[0m
[62.839s] [ 15%] [32mBuilding C object CMakeFiles/rosapi_msgs__rosidl_generator_c.dir/rosidl_generator_c/rosapi_msgs/srv/topic_type__functions.c.o[0m
[63.185s] [ 16%] [32mBuilding CXX object CMakeFiles/rosapi_msgs__rosidl_typesupport_introspection_cpp.dir/rosidl_typesupport_introspection_cpp/rosapi_msgs/srv/get_param__type_support.cpp.o[0m
[63.310s] [ 16%] [32m[1mLinking C shared library librosapi_msgs__rosidl_generator_c.so[0m
[63.748s] [ 16%] Built target rosapi_msgs__rosidl_generator_c
[64.025s] [ 16%] [32mBuilding CXX object CMakeFiles/rosapi_msgs__rosidl_typesupport_fastrtps_cpp.dir/rosidl_typesupport_fastrtps_cpp/rosapi_msgs/srv/dds_fastrtps/delete_param__type_support.cpp.o[0m
[64.740s] [ 16%] [32mBuilding CXX object CMakeFiles/rosapi_msgs__rosidl_typesupport_introspection_cpp.dir/rosidl_typesupport_introspection_cpp/rosapi_msgs/srv/get_param_names__type_support.cpp.o[0m
[65.680s] [ 17%] [32mBuilding CXX object CMakeFiles/rosapi_msgs__rosidl_typesupport_fastrtps_cpp.dir/rosidl_typesupport_fastrtps_cpp/rosapi_msgs/srv/dds_fastrtps/get_action_servers__type_support.cpp.o[0m
[66.086s] [ 17%] [32mBuilding CXX object CMakeFiles/rosapi_msgs__rosidl_typesupport_introspection_cpp.dir/rosidl_typesupport_introspection_cpp/rosapi_msgs/srv/get_ros_version__type_support.cpp.o[0m
[67.089s] [ 18%] [32mBuilding CXX object CMakeFiles/rosapi_msgs__rosidl_typesupport_introspection_cpp.dir/rosidl_typesupport_introspection_cpp/rosapi_msgs/srv/get_time__type_support.cpp.o[0m
[67.420s] [ 18%] [32mBuilding CXX object CMakeFiles/rosapi_msgs__rosidl_typesupport_fastrtps_cpp.dir/rosidl_typesupport_fastrtps_cpp/rosapi_msgs/srv/dds_fastrtps/get_param__type_support.cpp.o[0m
[68.130s] [ 18%] [32mBuilding CXX object CMakeFiles/rosapi_msgs__rosidl_typesupport_introspection_cpp.dir/rosidl_typesupport_introspection_cpp/rosapi_msgs/srv/has_param__type_support.cpp.o[0m
[68.931s] [ 19%] [32mBuilding CXX object CMakeFiles/rosapi_msgs__rosidl_typesupport_fastrtps_cpp.dir/rosidl_typesupport_fastrtps_cpp/rosapi_msgs/srv/dds_fastrtps/get_param_names__type_support.cpp.o[0m
[69.146s] [ 20%] [32mBuilding CXX object CMakeFiles/rosapi_msgs__rosidl_typesupport_introspection_cpp.dir/rosidl_typesupport_introspection_cpp/rosapi_msgs/srv/message_details__type_support.cpp.o[0m
[70.477s] [ 20%] [32mBuilding CXX object CMakeFiles/rosapi_msgs__rosidl_typesupport_introspection_cpp.dir/rosidl_typesupport_introspection_cpp/rosapi_msgs/srv/nodes__type_support.cpp.o[0m
[70.615s] [ 20%] [32mBuilding CXX object CMakeFiles/rosapi_msgs__rosidl_typesupport_fastrtps_cpp.dir/rosidl_typesupport_fastrtps_cpp/rosapi_msgs/srv/dds_fastrtps/get_ros_version__type_support.cpp.o[0m
[71.638s] [ 21%] [32mBuilding CXX object CMakeFiles/rosapi_msgs__rosidl_typesupport_introspection_cpp.dir/rosidl_typesupport_introspection_cpp/rosapi_msgs/srv/node_details__type_support.cpp.o[0m
[72.131s] [ 21%] [32mBuilding CXX object CMakeFiles/rosapi_msgs__rosidl_typesupport_fastrtps_cpp.dir/rosidl_typesupport_fastrtps_cpp/rosapi_msgs/srv/dds_fastrtps/get_time__type_support.cpp.o[0m
[72.844s] [ 21%] [32mBuilding CXX object CMakeFiles/rosapi_msgs__rosidl_typesupport_introspection_cpp.dir/rosidl_typesupport_introspection_cpp/rosapi_msgs/srv/publishers__type_support.cpp.o[0m
[73.637s] [ 22%] [32mBuilding CXX object CMakeFiles/rosapi_msgs__rosidl_typesupport_fastrtps_cpp.dir/rosidl_typesupport_fastrtps_cpp/rosapi_msgs/srv/dds_fastrtps/has_param__type_support.cpp.o[0m
[73.988s] [ 23%] [32mBuilding CXX object CMakeFiles/rosapi_msgs__rosidl_typesupport_introspection_cpp.dir/rosidl_typesupport_introspection_cpp/rosapi_msgs/srv/service_node__type_support.cpp.o[0m
[74.996s] [ 23%] [32mBuilding CXX object CMakeFiles/rosapi_msgs__rosidl_typesupport_introspection_cpp.dir/rosidl_typesupport_introspection_cpp/rosapi_msgs/srv/service_providers__type_support.cpp.o[0m
[75.159s] [ 23%] [32mBuilding CXX object CMakeFiles/rosapi_msgs__rosidl_typesupport_fastrtps_cpp.dir/rosidl_typesupport_fastrtps_cpp/rosapi_msgs/srv/dds_fastrtps/message_details__type_support.cpp.o[0m
[76.154s] [ 24%] [32mBuilding CXX object CMakeFiles/rosapi_msgs__rosidl_typesupport_introspection_cpp.dir/rosidl_typesupport_introspection_cpp/rosapi_msgs/srv/service_request_details__type_support.cpp.o[0m
[76.978s] [ 25%] [32mBuilding CXX object CMakeFiles/rosapi_msgs__rosidl_typesupport_fastrtps_cpp.dir/rosidl_typesupport_fastrtps_cpp/rosapi_msgs/srv/dds_fastrtps/nodes__type_support.cpp.o[0m
[77.498s] [ 25%] [32mBuilding CXX object CMakeFiles/rosapi_msgs__rosidl_typesupport_introspection_cpp.dir/rosidl_typesupport_introspection_cpp/rosapi_msgs/srv/service_response_details__type_support.cpp.o[0m
[78.628s] [ 25%] [32mBuilding CXX object CMakeFiles/rosapi_msgs__rosidl_typesupport_fastrtps_cpp.dir/rosidl_typesupport_fastrtps_cpp/rosapi_msgs/srv/dds_fastrtps/node_details__type_support.cpp.o[0m
[78.799s] [ 25%] [32mBuilding CXX object CMakeFiles/rosapi_msgs__rosidl_typesupport_introspection_cpp.dir/rosidl_typesupport_introspection_cpp/rosapi_msgs/srv/services__type_support.cpp.o[0m
[79.847s] [ 26%] [32mBuilding CXX object CMakeFiles/rosapi_msgs__rosidl_typesupport_introspection_cpp.dir/rosidl_typesupport_introspection_cpp/rosapi_msgs/srv/services_for_type__type_support.cpp.o[0m
[80.208s] [ 27%] [32mBuilding CXX object CMakeFiles/rosapi_msgs__rosidl_typesupport_fastrtps_cpp.dir/rosidl_typesupport_fastrtps_cpp/rosapi_msgs/srv/dds_fastrtps/publishers__type_support.cpp.o[0m
[80.919s] [ 27%] [32mBuilding CXX object CMakeFiles/rosapi_msgs__rosidl_typesupport_introspection_cpp.dir/rosidl_typesupport_introspection_cpp/rosapi_msgs/srv/service_type__type_support.cpp.o[0m
[81.785s] [ 27%] [32mBuilding CXX object CMakeFiles/rosapi_msgs__rosidl_typesupport_fastrtps_cpp.dir/rosidl_typesupport_fastrtps_cpp/rosapi_msgs/srv/dds_fastrtps/service_node__type_support.cpp.o[0m
[81.875s] [ 28%] [32mBuilding CXX object CMakeFiles/rosapi_msgs__rosidl_typesupport_introspection_cpp.dir/rosidl_typesupport_introspection_cpp/rosapi_msgs/srv/set_param__type_support.cpp.o[0m
[82.797s] [ 28%] [32mBuilding CXX object CMakeFiles/rosapi_msgs__rosidl_typesupport_introspection_cpp.dir/rosidl_typesupport_introspection_cpp/rosapi_msgs/srv/subscribers__type_support.cpp.o[0m
[83.220s] [ 29%] [32mBuilding CXX object CMakeFiles/rosapi_msgs__rosidl_typesupport_fastrtps_cpp.dir/rosidl_typesupport_fastrtps_cpp/rosapi_msgs/srv/dds_fastrtps/service_providers__type_support.cpp.o[0m
[83.865s] [ 30%] [32mBuilding CXX object CMakeFiles/rosapi_msgs__rosidl_typesupport_introspection_cpp.dir/rosidl_typesupport_introspection_cpp/rosapi_msgs/srv/topics__type_support.cpp.o[0m
[84.801s] [ 30%] [32mBuilding CXX object CMakeFiles/rosapi_msgs__rosidl_typesupport_fastrtps_cpp.dir/rosidl_typesupport_fastrtps_cpp/rosapi_msgs/srv/dds_fastrtps/service_request_details__type_support.cpp.o[0m
[84.956s] [ 30%] [32mBuilding CXX object CMakeFiles/rosapi_msgs__rosidl_typesupport_introspection_cpp.dir/rosidl_typesupport_introspection_cpp/rosapi_msgs/srv/topics_and_raw_types__type_support.cpp.o[0m
[86.023s] [ 31%] [32mBuilding CXX object CMakeFiles/rosapi_msgs__rosidl_typesupport_introspection_cpp.dir/rosidl_typesupport_introspection_cpp/rosapi_msgs/srv/topics_for_type__type_support.cpp.o[0m
[86.519s] [ 32%] [32mBuilding CXX object CMakeFiles/rosapi_msgs__rosidl_typesupport_fastrtps_cpp.dir/rosidl_typesupport_fastrtps_cpp/rosapi_msgs/srv/dds_fastrtps/service_response_details__type_support.cpp.o[0m
[87.097s] [ 32%] [32mBuilding CXX object CMakeFiles/rosapi_msgs__rosidl_typesupport_introspection_cpp.dir/rosidl_typesupport_introspection_cpp/rosapi_msgs/srv/topic_type__type_support.cpp.o[0m
[88.032s] [ 33%] [32m[1mLinking CXX shared library librosapi_msgs__rosidl_typesupport_introspection_cpp.so[0m
[88.289s] [ 33%] [32mBuilding CXX object CMakeFiles/rosapi_msgs__rosidl_typesupport_fastrtps_cpp.dir/rosidl_typesupport_fastrtps_cpp/rosapi_msgs/srv/dds_fastrtps/services__type_support.cpp.o[0m
[88.398s] [ 33%] Built target rosapi_msgs__rosidl_typesupport_introspection_cpp
[89.847s] [ 34%] [32mBuilding CXX object CMakeFiles/rosapi_msgs__rosidl_typesupport_fastrtps_cpp.dir/rosidl_typesupport_fastrtps_cpp/rosapi_msgs/srv/dds_fastrtps/service_type__type_support.cpp.o[0m
[91.160s] [ 34%] [32mBuilding CXX object CMakeFiles/rosapi_msgs__rosidl_typesupport_fastrtps_cpp.dir/rosidl_typesupport_fastrtps_cpp/rosapi_msgs/srv/dds_fastrtps/set_param__type_support.cpp.o[0m
[92.481s] [ 35%] [32mBuilding CXX object CMakeFiles/rosapi_msgs__rosidl_typesupport_fastrtps_cpp.dir/rosidl_typesupport_fastrtps_cpp/rosapi_msgs/srv/dds_fastrtps/subscribers__type_support.cpp.o[0m
[93.941s] [ 35%] [32mBuilding CXX object CMakeFiles/rosapi_msgs__rosidl_typesupport_fastrtps_cpp.dir/rosidl_typesupport_fastrtps_cpp/rosapi_msgs/srv/dds_fastrtps/topics__type_support.cpp.o[0m
[95.390s] [ 36%] [32mBuilding CXX object CMakeFiles/rosapi_msgs__rosidl_typesupport_fastrtps_cpp.dir/rosidl_typesupport_fastrtps_cpp/rosapi_msgs/srv/dds_fastrtps/topics_and_raw_types__type_support.cpp.o[0m
[96.846s] [ 36%] [32mBuilding CXX object CMakeFiles/rosapi_msgs__rosidl_typesupport_fastrtps_cpp.dir/rosidl_typesupport_fastrtps_cpp/rosapi_msgs/srv/dds_fastrtps/topics_for_type__type_support.cpp.o[0m
[98.362s] [ 37%] [32mBuilding CXX object CMakeFiles/rosapi_msgs__rosidl_typesupport_fastrtps_cpp.dir/rosidl_typesupport_fastrtps_cpp/rosapi_msgs/srv/dds_fastrtps/topic_type__type_support.cpp.o[0m
[99.793s] [ 37%] [32mBuilding CXX object CMakeFiles/rosapi_msgs__rosidl_typesupport_fastrtps_cpp.dir/rosidl_typesupport_fastrtps_cpp/rosapi_msgs/srv/dds_fastrtps/services_for_type__type_support.cpp.o[0m
[101.349s] [ 37%] [32m[1mLinking CXX shared library librosapi_msgs__rosidl_typesupport_fastrtps_cpp.so[0m
[101.753s] [ 37%] Built target rosapi_msgs__rosidl_typesupport_fastrtps_cpp
[101.798s] [ 38%] [34m[1mGenerating C introspection for ROS interfaces[0m
[115.553s] [35m[1mScanning dependencies of target rosapi_msgs__rosidl_typesupport_introspection_c[0m
[115.673s] [ 38%] [32mBuilding C object CMakeFiles/rosapi_msgs__rosidl_typesupport_introspection_c.dir/rosidl_typesupport_introspection_c/rosapi_msgs/msg/type_def__type_support.c.o[0m
[115.796s] [ 38%] [32mBuilding C object CMakeFiles/rosapi_msgs__rosidl_typesupport_introspection_c.dir/rosidl_typesupport_introspection_c/rosapi_msgs/srv/delete_param__type_support.c.o[0m
[115.922s] [ 39%] [32mBuilding C object CMakeFiles/rosapi_msgs__rosidl_typesupport_introspection_c.dir/rosidl_typesupport_introspection_c/rosapi_msgs/srv/get_action_servers__type_support.c.o[0m
[116.043s] [ 39%] [32mBuilding C object CMakeFiles/rosapi_msgs__rosidl_typesupport_introspection_c.dir/rosidl_typesupport_introspection_c/rosapi_msgs/srv/get_param__type_support.c.o[0m
[116.162s] [ 40%] [32mBuilding C object CMakeFiles/rosapi_msgs__rosidl_typesupport_introspection_c.dir/rosidl_typesupport_introspection_c/rosapi_msgs/srv/get_param_names__type_support.c.o[0m
[116.281s] [ 40%] [32mBuilding C object CMakeFiles/rosapi_msgs__rosidl_typesupport_introspection_c.dir/rosidl_typesupport_introspection_c/rosapi_msgs/srv/get_ros_version__type_support.c.o[0m
[116.402s] [ 41%] [32mBuilding C object CMakeFiles/rosapi_msgs__rosidl_typesupport_introspection_c.dir/rosidl_typesupport_introspection_c/rosapi_msgs/srv/get_time__type_support.c.o[0m
[116.522s] [ 41%] [32mBuilding C object CMakeFiles/rosapi_msgs__rosidl_typesupport_introspection_c.dir/rosidl_typesupport_introspection_c/rosapi_msgs/srv/has_param__type_support.c.o[0m
[116.643s] [ 42%] [32mBuilding C object CMakeFiles/rosapi_msgs__rosidl_typesupport_introspection_c.dir/rosidl_typesupport_introspection_c/rosapi_msgs/srv/message_details__type_support.c.o[0m
[116.772s] [ 42%] [32mBuilding C object CMakeFiles/rosapi_msgs__rosidl_typesupport_introspection_c.dir/rosidl_typesupport_introspection_c/rosapi_msgs/srv/nodes__type_support.c.o[0m
[116.890s] [ 42%] [32mBuilding C object CMakeFiles/rosapi_msgs__rosidl_typesupport_introspection_c.dir/rosidl_typesupport_introspection_c/rosapi_msgs/srv/node_details__type_support.c.o[0m
[117.013s] [ 43%] [32mBuilding C object CMakeFiles/rosapi_msgs__rosidl_typesupport_introspection_c.dir/rosidl_typesupport_introspection_c/rosapi_msgs/srv/publishers__type_support.c.o[0m
[117.133s] [ 43%] [32mBuilding C object CMakeFiles/rosapi_msgs__rosidl_typesupport_introspection_c.dir/rosidl_typesupport_introspection_c/rosapi_msgs/srv/service_node__type_support.c.o[0m
[117.253s] [ 44%] [32mBuilding C object CMakeFiles/rosapi_msgs__rosidl_typesupport_introspection_c.dir/rosidl_typesupport_introspection_c/rosapi_msgs/srv/service_providers__type_support.c.o[0m
[117.375s] [ 44%] [32mBuilding C object CMakeFiles/rosapi_msgs__rosidl_typesupport_introspection_c.dir/rosidl_typesupport_introspection_c/rosapi_msgs/srv/service_request_details__type_support.c.o[0m
[117.505s] [ 45%] [32mBuilding C object CMakeFiles/rosapi_msgs__rosidl_typesupport_introspection_c.dir/rosidl_typesupport_introspection_c/rosapi_msgs/srv/service_response_details__type_support.c.o[0m
[117.631s] [ 45%] [32mBuilding C object CMakeFiles/rosapi_msgs__rosidl_typesupport_introspection_c.dir/rosidl_typesupport_introspection_c/rosapi_msgs/srv/services__type_support.c.o[0m
[117.750s] [ 46%] [32mBuilding C object CMakeFiles/rosapi_msgs__rosidl_typesupport_introspection_c.dir/rosidl_typesupport_introspection_c/rosapi_msgs/srv/services_for_type__type_support.c.o[0m
[117.871s] [ 46%] [32mBuilding C object CMakeFiles/rosapi_msgs__rosidl_typesupport_introspection_c.dir/rosidl_typesupport_introspection_c/rosapi_msgs/srv/service_type__type_support.c.o[0m
[117.991s] [ 47%] [32mBuilding C object CMakeFiles/rosapi_msgs__rosidl_typesupport_introspection_c.dir/rosidl_typesupport_introspection_c/rosapi_msgs/srv/set_param__type_support.c.o[0m
[118.112s] [ 47%] [32mBuilding C object CMakeFiles/rosapi_msgs__rosidl_typesupport_introspection_c.dir/rosidl_typesupport_introspection_c/rosapi_msgs/srv/subscribers__type_support.c.o[0m
[118.232s] [ 47%] [32mBuilding C object CMakeFiles/rosapi_msgs__rosidl_typesupport_introspection_c.dir/rosidl_typesupport_introspection_c/rosapi_msgs/srv/topics__type_support.c.o[0m
[118.352s] [ 48%] [32mBuilding C object CMakeFiles/rosapi_msgs__rosidl_typesupport_introspection_c.dir/rosidl_typesupport_introspection_c/rosapi_msgs/srv/topics_and_raw_types__type_support.c.o[0m
[118.475s] [ 48%] [32mBuilding C object CMakeFiles/rosapi_msgs__rosidl_typesupport_introspection_c.dir/rosidl_typesupport_introspection_c/rosapi_msgs/srv/topics_for_type__type_support.c.o[0m
[118.596s] [ 49%] [32mBuilding C object CMakeFiles/rosapi_msgs__rosidl_typesupport_introspection_c.dir/rosidl_typesupport_introspection_c/rosapi_msgs/srv/topic_type__type_support.c.o[0m
[118.725s] [ 49%] [32m[1mLinking C shared library librosapi_msgs__rosidl_typesupport_introspection_c.so[0m
[118.847s] [ 49%] Built target rosapi_msgs__rosidl_typesupport_introspection_c
[118.892s] [ 49%] [34m[1mGenerating C type support for eProsima Fast-RTPS[0m
[133.603s] [35m[1mScanning dependencies of target rosapi_msgs__rosidl_typesupport_fastrtps_c[0m
[133.851s] [ 49%] [32mBuilding CXX object CMakeFiles/rosapi_msgs__rosidl_typesupport_fastrtps_c.dir/rosidl_typesupport_fastrtps_c/rosapi_msgs/srv/delete_param__type_support_c.cpp.o[0m
[133.931s] [ 50%] [32mBuilding CXX object CMakeFiles/rosapi_msgs__rosidl_typesupport_fastrtps_c.dir/rosidl_typesupport_fastrtps_c/rosapi_msgs/srv/get_action_servers__type_support_c.cpp.o[0m
[133.933s] [ 51%] [32mBuilding CXX object CMakeFiles/rosapi_msgs__rosidl_typesupport_fastrtps_c.dir/rosidl_typesupport_fastrtps_c/rosapi_msgs/msg/type_def__type_support_c.cpp.o[0m
[136.031s] [ 51%] [32mBuilding CXX object CMakeFiles/rosapi_msgs__rosidl_typesupport_fastrtps_c.dir/rosidl_typesupport_fastrtps_c/rosapi_msgs/srv/get_param__type_support_c.cpp.o[0m
[136.071s] [ 51%] [32mBuilding CXX object CMakeFiles/rosapi_msgs__rosidl_typesupport_fastrtps_c.dir/rosidl_typesupport_fastrtps_c/rosapi_msgs/srv/get_param_names__type_support_c.cpp.o[0m
[136.341s] [ 52%] [32mBuilding CXX object CMakeFiles/rosapi_msgs__rosidl_typesupport_fastrtps_c.dir/rosidl_typesupport_fastrtps_c/rosapi_msgs/srv/get_ros_version__type_support_c.cpp.o[0m
[138.084s] [ 52%] [32mBuilding CXX object CMakeFiles/rosapi_msgs__rosidl_typesupport_fastrtps_c.dir/rosidl_typesupport_fastrtps_c/rosapi_msgs/srv/get_time__type_support_c.cpp.o[0m
[138.685s] [ 53%] [32mBuilding CXX object CMakeFiles/rosapi_msgs__rosidl_typesupport_fastrtps_c.dir/rosidl_typesupport_fastrtps_c/rosapi_msgs/srv/has_param__type_support_c.cpp.o[0m
[138.861s] [ 53%] [32mBuilding CXX object CMakeFiles/rosapi_msgs__rosidl_typesupport_fastrtps_c.dir/rosidl_typesupport_fastrtps_c/rosapi_msgs/srv/message_details__type_support_c.cpp.o[0m
[140.801s] [ 53%] [32mBuilding CXX object CMakeFiles/rosapi_msgs__rosidl_typesupport_fastrtps_c.dir/rosidl_typesupport_fastrtps_c/rosapi_msgs/srv/node_details__type_support_c.cpp.o[0m
[142.040s] [ 54%] [32mBuilding CXX object CMakeFiles/rosapi_msgs__rosidl_typesupport_fastrtps_c.dir/rosidl_typesupport_fastrtps_c/rosapi_msgs/srv/publishers__type_support_c.cpp.o[0m
[143.234s] [ 54%] [32mBuilding CXX object CMakeFiles/rosapi_msgs__rosidl_typesupport_fastrtps_c.dir/rosidl_typesupport_fastrtps_c/rosapi_msgs/srv/service_node__type_support_c.cpp.o[0m
[144.397s] [ 55%] [32mBuilding CXX object CMakeFiles/rosapi_msgs__rosidl_typesupport_fastrtps_c.dir/rosidl_typesupport_fastrtps_c/rosapi_msgs/srv/service_providers__type_support_c.cpp.o[0m
[145.570s] [ 55%] [32mBuilding CXX object CMakeFiles/rosapi_msgs__rosidl_typesupport_fastrtps_c.dir/rosidl_typesupport_fastrtps_c/rosapi_msgs/srv/service_request_details__type_support_c.cpp.o[0m
[146.742s] [ 55%] [32mBuilding CXX object CMakeFiles/rosapi_msgs__rosidl_typesupport_fastrtps_c.dir/rosidl_typesupport_fastrtps_c/rosapi_msgs/srv/service_response_details__type_support_c.cpp.o[0m
[147.938s] [ 56%] [32mBuilding CXX object CMakeFiles/rosapi_msgs__rosidl_typesupport_fastrtps_c.dir/rosidl_typesupport_fastrtps_c/rosapi_msgs/srv/services__type_support_c.cpp.o[0m
[149.164s] [ 56%] [32mBuilding CXX object CMakeFiles/rosapi_msgs__rosidl_typesupport_fastrtps_c.dir/rosidl_typesupport_fastrtps_c/rosapi_msgs/srv/services_for_type__type_support_c.cpp.o[0m
[150.201s] [ 57%] [32mBuilding CXX object CMakeFiles/rosapi_msgs__rosidl_typesupport_fastrtps_c.dir/rosidl_typesupport_fastrtps_c/rosapi_msgs/srv/service_type__type_support_c.cpp.o[0m
[150.406s] [ 58%] [32mBuilding CXX object CMakeFiles/rosapi_msgs__rosidl_typesupport_fastrtps_c.dir/rosidl_typesupport_fastrtps_c/rosapi_msgs/srv/nodes__type_support_c.cpp.o[0m
[151.443s] [ 58%] [32mBuilding CXX object CMakeFiles/rosapi_msgs__rosidl_typesupport_fastrtps_c.dir/rosidl_typesupport_fastrtps_c/rosapi_msgs/srv/set_param__type_support_c.cpp.o[0m
[151.462s] [ 59%] [32mBuilding CXX object CMakeFiles/rosapi_msgs__rosidl_typesupport_fastrtps_c.dir/rosidl_typesupport_fastrtps_c/rosapi_msgs/srv/subscribers__type_support_c.cpp.o[0m
[151.679s] [ 59%] [32mBuilding CXX object CMakeFiles/rosapi_msgs__rosidl_typesupport_fastrtps_c.dir/rosidl_typesupport_fastrtps_c/rosapi_msgs/srv/topics__type_support_c.cpp.o[0m
[152.732s] [ 60%] [32mBuilding CXX object CMakeFiles/rosapi_msgs__rosidl_typesupport_fastrtps_c.dir/rosidl_typesupport_fastrtps_c/rosapi_msgs/srv/topics_and_raw_types__type_support_c.cpp.o[0m
[152.765s] [ 60%] [32mBuilding CXX object CMakeFiles/rosapi_msgs__rosidl_typesupport_fastrtps_c.dir/rosidl_typesupport_fastrtps_c/rosapi_msgs/srv/topics_for_type__type_support_c.cpp.o[0m
[153.048s] [ 60%] [32mBuilding CXX object CMakeFiles/rosapi_msgs__rosidl_typesupport_fastrtps_c.dir/rosidl_typesupport_fastrtps_c/rosapi_msgs/srv/topic_type__type_support_c.cpp.o[0m
[154.309s] [ 61%] [32m[1mLinking CXX shared library librosapi_msgs__rosidl_typesupport_fastrtps_c.so[0m
[154.634s] [ 61%] Built target rosapi_msgs__rosidl_typesupport_fastrtps_c
[154.679s] [ 62%] [34m[1mGenerating C type support dispatch for ROS interfaces[0m
[154.679s] [ 62%] [34m[1mGenerating C++ type support dispatch for ROS interfaces[0m
[162.406s] [35m[1mScanning dependencies of target rosapi_msgs__rosidl_typesupport_c[0m
[162.497s] [ 62%] [32mBuilding CXX object CMakeFiles/rosapi_msgs__rosidl_typesupport_c.dir/rosidl_typesupport_c/rosapi_msgs/msg/type_def__type_support.cpp.o[0m
[162.505s] [ 63%] [32mBuilding CXX object CMakeFiles/rosapi_msgs__rosidl_typesupport_c.dir/rosidl_typesupport_c/rosapi_msgs/srv/delete_param__type_support.cpp.o[0m
[162.616s] [ 63%] [32mBuilding CXX object CMakeFiles/rosapi_msgs__rosidl_typesupport_c.dir/rosidl_typesupport_c/rosapi_msgs/srv/get_action_servers__type_support.cpp.o[0m
[162.633s] [ 64%] [32mBuilding CXX object CMakeFiles/rosapi_msgs__rosidl_typesupport_c.dir/rosidl_typesupport_c/rosapi_msgs/srv/get_param__type_support.cpp.o[0m
[162.731s] [ 64%] [32mBuilding CXX object CMakeFiles/rosapi_msgs__rosidl_typesupport_c.dir/rosidl_typesupport_c/rosapi_msgs/srv/get_param_names__type_support.cpp.o[0m
[162.753s] [35m[1mScanning dependencies of target rosapi_msgs__rosidl_typesupport_cpp[0m
[162.755s] [ 65%] [32mBuilding CXX object CMakeFiles/rosapi_msgs__rosidl_typesupport_c.dir/rosidl_typesupport_c/rosapi_msgs/srv/get_ros_version__type_support.cpp.o[0m
[162.849s] [ 65%] [32mBuilding CXX object CMakeFiles/rosapi_msgs__rosidl_typesupport_c.dir/rosidl_typesupport_c/rosapi_msgs/srv/get_time__type_support.cpp.o[0m
[162.875s] [ 65%] [32mBuilding CXX object CMakeFiles/rosapi_msgs__rosidl_typesupport_c.dir/rosidl_typesupport_c/rosapi_msgs/srv/has_param__type_support.cpp.o[0m
[162.944s] [ 65%] [32mBuilding CXX object CMakeFiles/rosapi_msgs__rosidl_typesupport_cpp.dir/rosidl_typesupport_cpp/rosapi_msgs/msg/type_def__type_support.cpp.o[0m
[162.981s] [ 66%] [32mBuilding CXX object CMakeFiles/rosapi_msgs__rosidl_typesupport_c.dir/rosidl_typesupport_c/rosapi_msgs/srv/message_details__type_support.cpp.o[0m
[162.986s] [ 66%] [32mBuilding CXX object CMakeFiles/rosapi_msgs__rosidl_typesupport_c.dir/rosidl_typesupport_c/rosapi_msgs/srv/nodes__type_support.cpp.o[0m
[163.099s] [ 67%] [32mBuilding CXX object CMakeFiles/rosapi_msgs__rosidl_typesupport_c.dir/rosidl_typesupport_c/rosapi_msgs/srv/node_details__type_support.cpp.o[0m
[163.100s] [ 67%] [32mBuilding CXX object CMakeFiles/rosapi_msgs__rosidl_typesupport_c.dir/rosidl_typesupport_c/rosapi_msgs/srv/publishers__type_support.cpp.o[0m
[163.208s] [ 68%] [32mBuilding CXX object CMakeFiles/rosapi_msgs__rosidl_typesupport_c.dir/rosidl_typesupport_c/rosapi_msgs/srv/service_node__type_support.cpp.o[0m
[163.213s] [ 68%] [32mBuilding CXX object CMakeFiles/rosapi_msgs__rosidl_typesupport_c.dir/rosidl_typesupport_c/rosapi_msgs/srv/service_providers__type_support.cpp.o[0m
[163.322s] [ 69%] [32mBuilding CXX object CMakeFiles/rosapi_msgs__rosidl_typesupport_c.dir/rosidl_typesupport_c/rosapi_msgs/srv/service_request_details__type_support.cpp.o[0m
[163.326s] [ 69%] [32mBuilding CXX object CMakeFiles/rosapi_msgs__rosidl_typesupport_c.dir/rosidl_typesupport_c/rosapi_msgs/srv/service_response_details__type_support.cpp.o[0m
[163.432s] [ 70%] [32mBuilding CXX object CMakeFiles/rosapi_msgs__rosidl_typesupport_c.dir/rosidl_typesupport_c/rosapi_msgs/srv/services__type_support.cpp.o[0m
[163.446s] [ 70%] [32mBuilding CXX object CMakeFiles/rosapi_msgs__rosidl_typesupport_c.dir/rosidl_typesupport_c/rosapi_msgs/srv/services_for_type__type_support.cpp.o[0m
[163.549s] [ 71%] [32mBuilding CXX object CMakeFiles/rosapi_msgs__rosidl_typesupport_cpp.dir/rosidl_typesupport_cpp/rosapi_msgs/srv/delete_param__type_support.cpp.o[0m
[163.565s] [ 71%] [32mBuilding CXX object CMakeFiles/rosapi_msgs__rosidl_typesupport_c.dir/rosidl_typesupport_c/rosapi_msgs/srv/service_type__type_support.cpp.o[0m
[163.631s] [ 72%] [32mBuilding CXX object CMakeFiles/rosapi_msgs__rosidl_typesupport_c.dir/rosidl_typesupport_c/rosapi_msgs/srv/set_param__type_support.cpp.o[0m
[163.702s] [ 72%] [32mBuilding CXX object CMakeFiles/rosapi_msgs__rosidl_typesupport_c.dir/rosidl_typesupport_c/rosapi_msgs/srv/subscribers__type_support.cpp.o[0m
[163.867s] [ 73%] [32mBuilding CXX object CMakeFiles/rosapi_msgs__rosidl_typesupport_c.dir/rosidl_typesupport_c/rosapi_msgs/srv/topics__type_support.cpp.o[0m
[163.982s] [ 73%] [32mBuilding CXX object CMakeFiles/rosapi_msgs__rosidl_typesupport_c.dir/rosidl_typesupport_c/rosapi_msgs/srv/topics_and_raw_types__type_support.cpp.o[0m
[164.097s] [ 74%] [32mBuilding CXX object CMakeFiles/rosapi_msgs__rosidl_typesupport_c.dir/rosidl_typesupport_c/rosapi_msgs/srv/topics_for_type__type_support.cpp.o[0m
[164.235s] [ 74%] [32mBuilding CXX object CMakeFiles/rosapi_msgs__rosidl_typesupport_c.dir/rosidl_typesupport_c/rosapi_msgs/srv/topic_type__type_support.cpp.o[0m
[164.352s] [ 75%] [32m[1mLinking CXX shared library librosapi_msgs__rosidl_typesupport_c.so[0m
[164.382s] [ 75%] [32mBuilding CXX object CMakeFiles/rosapi_msgs__rosidl_typesupport_cpp.dir/rosidl_typesupport_cpp/rosapi_msgs/srv/get_action_servers__type_support.cpp.o[0m
[164.453s] [ 76%] [32mBuilding CXX object CMakeFiles/rosapi_msgs__rosidl_typesupport_cpp.dir/rosidl_typesupport_cpp/rosapi_msgs/srv/get_param__type_support.cpp.o[0m
[164.623s] [ 76%] Built target rosapi_msgs__rosidl_typesupport_c
[165.031s] [ 76%] [32mBuilding CXX object CMakeFiles/rosapi_msgs__rosidl_typesupport_cpp.dir/rosidl_typesupport_cpp/rosapi_msgs/srv/get_param_names__type_support.cpp.o[0m
[165.873s] [ 77%] [32mBuilding CXX object CMakeFiles/rosapi_msgs__rosidl_typesupport_cpp.dir/rosidl_typesupport_cpp/rosapi_msgs/srv/get_ros_version__type_support.cpp.o[0m
[165.974s] [ 77%] [32mBuilding CXX object CMakeFiles/rosapi_msgs__rosidl_typesupport_cpp.dir/rosidl_typesupport_cpp/rosapi_msgs/srv/get_time__type_support.cpp.o[0m
[166.448s] [ 78%] [32mBuilding CXX object CMakeFiles/rosapi_msgs__rosidl_typesupport_cpp.dir/rosidl_typesupport_cpp/rosapi_msgs/srv/has_param__type_support.cpp.o[0m
[167.309s] [ 78%] [32mBuilding CXX object CMakeFiles/rosapi_msgs__rosidl_typesupport_cpp.dir/rosidl_typesupport_cpp/rosapi_msgs/srv/message_details__type_support.cpp.o[0m
[167.392s] [ 78%] [32mBuilding CXX object CMakeFiles/rosapi_msgs__rosidl_typesupport_cpp.dir/rosidl_typesupport_cpp/rosapi_msgs/srv/nodes__type_support.cpp.o[0m
[167.472s] [ 79%] [32mBuilding CXX object CMakeFiles/rosapi_msgs__rosidl_typesupport_cpp.dir/rosidl_typesupport_cpp/rosapi_msgs/srv/node_details__type_support.cpp.o[0m
[167.980s] [ 79%] [32mBuilding CXX object CMakeFiles/rosapi_msgs__rosidl_typesupport_cpp.dir/rosidl_typesupport_cpp/rosapi_msgs/srv/publishers__type_support.cpp.o[0m
[169.105s] [ 80%] [32mBuilding CXX object CMakeFiles/rosapi_msgs__rosidl_typesupport_cpp.dir/rosidl_typesupport_cpp/rosapi_msgs/srv/service_node__type_support.cpp.o[0m
[169.317s] [ 80%] [32mBuilding CXX object CMakeFiles/rosapi_msgs__rosidl_typesupport_cpp.dir/rosidl_typesupport_cpp/rosapi_msgs/srv/service_providers__type_support.cpp.o[0m
[169.589s] [ 81%] [32mBuilding CXX object CMakeFiles/rosapi_msgs__rosidl_typesupport_cpp.dir/rosidl_typesupport_cpp/rosapi_msgs/srv/service_request_details__type_support.cpp.o[0m
[169.694s] [ 81%] [32mBuilding CXX object CMakeFiles/rosapi_msgs__rosidl_typesupport_cpp.dir/rosidl_typesupport_cpp/rosapi_msgs/srv/service_response_details__type_support.cpp.o[0m
[170.983s] [ 82%] [32mBuilding CXX object CMakeFiles/rosapi_msgs__rosidl_typesupport_cpp.dir/rosidl_typesupport_cpp/rosapi_msgs/srv/services__type_support.cpp.o[0m
[171.333s] [ 83%] [32mBuilding CXX object CMakeFiles/rosapi_msgs__rosidl_typesupport_cpp.dir/rosidl_typesupport_cpp/rosapi_msgs/srv/service_type__type_support.cpp.o[0m
[171.343s] [ 83%] [32mBuilding CXX object CMakeFiles/rosapi_msgs__rosidl_typesupport_cpp.dir/rosidl_typesupport_cpp/rosapi_msgs/srv/services_for_type__type_support.cpp.o[0m
[171.616s] [ 83%] [32mBuilding CXX object CMakeFiles/rosapi_msgs__rosidl_typesupport_cpp.dir/rosidl_typesupport_cpp/rosapi_msgs/srv/set_param__type_support.cpp.o[0m
[172.797s] [ 83%] [32mBuilding CXX object CMakeFiles/rosapi_msgs__rosidl_typesupport_cpp.dir/rosidl_typesupport_cpp/rosapi_msgs/srv/subscribers__type_support.cpp.o[0m
[173.057s] [ 84%] [32mBuilding CXX object CMakeFiles/rosapi_msgs__rosidl_typesupport_cpp.dir/rosidl_typesupport_cpp/rosapi_msgs/srv/topics__type_support.cpp.o[0m
[173.265s] [ 84%] [32mBuilding CXX object CMakeFiles/rosapi_msgs__rosidl_typesupport_cpp.dir/rosidl_typesupport_cpp/rosapi_msgs/srv/topics_and_raw_types__type_support.cpp.o[0m
[173.486s] [ 85%] [32mBuilding CXX object CMakeFiles/rosapi_msgs__rosidl_typesupport_cpp.dir/rosidl_typesupport_cpp/rosapi_msgs/srv/topics_for_type__type_support.cpp.o[0m
[174.438s] [ 85%] [32mBuilding CXX object CMakeFiles/rosapi_msgs__rosidl_typesupport_cpp.dir/rosidl_typesupport_cpp/rosapi_msgs/srv/topic_type__type_support.cpp.o[0m
[176.037s] [ 86%] [32m[1mLinking CXX shared library librosapi_msgs__rosidl_typesupport_cpp.so[0m
[176.387s] [ 86%] Built target rosapi_msgs__rosidl_typesupport_cpp
[176.426s] [35m[1mScanning dependencies of target rosapi_msgs[0m
[176.470s] [ 86%] Built target rosapi_msgs
[176.518s] [35m[1mScanning dependencies of target rosapi_msgs__py[0m
[176.560s] [ 86%] [34m[1mGenerating Python code for ROS interfaces[0m
[207.136s] [ 86%] Built target rosapi_msgs__py
[207.181s] [35m[1mScanning dependencies of target rosapi_msgs__python[0m
[207.581s] [ 87%] [32mBuilding C object CMakeFiles/rosapi_msgs__python.dir/rosidl_generator_py/rosapi_msgs/msg/_type_def_s.c.o[0m
[207.582s] [ 87%] [32mBuilding C object CMakeFiles/rosapi_msgs__python.dir/rosidl_generator_py/rosapi_msgs/srv/_delete_param_s.c.o[0m
[207.595s] [ 88%] [32mBuilding C object CMakeFiles/rosapi_msgs__python.dir/rosidl_generator_py/rosapi_msgs/srv/_get_action_servers_s.c.o[0m
[207.607s] [ 88%] [32mBuilding C object CMakeFiles/rosapi_msgs__python.dir/rosidl_generator_py/rosapi_msgs/srv/_get_param_s.c.o[0m
[207.958s] [ 89%] [32mBuilding C object CMakeFiles/rosapi_msgs__python.dir/rosidl_generator_py/rosapi_msgs/srv/_get_param_names_s.c.o[0m
[208.066s] [ 89%] [32mBuilding C object CMakeFiles/rosapi_msgs__python.dir/rosidl_generator_py/rosapi_msgs/srv/_get_ros_version_s.c.o[0m
[208.095s] [ 90%] [32mBuilding C object CMakeFiles/rosapi_msgs__python.dir/rosidl_generator_py/rosapi_msgs/srv/_get_time_s.c.o[0m
[208.195s] [ 90%] [32mBuilding C object CMakeFiles/rosapi_msgs__python.dir/rosidl_generator_py/rosapi_msgs/srv/_has_param_s.c.o[0m
[208.407s] [ 90%] [32mBuilding C object CMakeFiles/rosapi_msgs__python.dir/rosidl_generator_py/rosapi_msgs/srv/_message_details_s.c.o[0m
[208.470s] [ 91%] [32mBuilding C object CMakeFiles/rosapi_msgs__python.dir/rosidl_generator_py/rosapi_msgs/srv/_nodes_s.c.o[0m
[208.519s] [ 91%] [32mBuilding C object CMakeFiles/rosapi_msgs__python.dir/rosidl_generator_py/rosapi_msgs/srv/_node_details_s.c.o[0m
[208.709s] [ 92%] [32mBuilding C object CMakeFiles/rosapi_msgs__python.dir/rosidl_generator_py/rosapi_msgs/srv/_publishers_s.c.o[0m
[208.884s] [ 92%] [32mBuilding C object CMakeFiles/rosapi_msgs__python.dir/rosidl_generator_py/rosapi_msgs/srv/_service_node_s.c.o[0m
[208.945s] [ 93%] [32mBuilding C object CMakeFiles/rosapi_msgs__python.dir/rosidl_generator_py/rosapi_msgs/srv/_service_providers_s.c.o[0m
[209.073s] [ 93%] [32mBuilding C object CMakeFiles/rosapi_msgs__python.dir/rosidl_generator_py/rosapi_msgs/srv/_service_request_details_s.c.o[0m
[209.253s] [ 94%] [32mBuilding C object CMakeFiles/rosapi_msgs__python.dir/rosidl_generator_py/rosapi_msgs/srv/_service_response_details_s.c.o[0m
[209.308s] [ 94%] [32mBuilding C object CMakeFiles/rosapi_msgs__python.dir/rosidl_generator_py/rosapi_msgs/srv/_services_s.c.o[0m
[209.405s] [ 95%] [32mBuilding C object CMakeFiles/rosapi_msgs__python.dir/rosidl_generator_py/rosapi_msgs/srv/_services_for_type_s.c.o[0m
[209.616s] [ 95%] [32mBuilding C object CMakeFiles/rosapi_msgs__python.dir/rosidl_generator_py/rosapi_msgs/srv/_service_type_s.c.o[0m
[209.660s] [ 95%] [32mBuilding C object CMakeFiles/rosapi_msgs__python.dir/rosidl_generator_py/rosapi_msgs/srv/_set_param_s.c.o[0m
[209.741s] [ 96%] [32mBuilding C object CMakeFiles/rosapi_msgs__python.dir/rosidl_generator_py/rosapi_msgs/srv/_subscribers_s.c.o[0m
[209.981s] [ 96%] [32mBuilding C object CMakeFiles/rosapi_msgs__python.dir/rosidl_generator_py/rosapi_msgs/srv/_topics_s.c.o[0m
[210.063s] [ 96%] [32mBuilding C object CMakeFiles/rosapi_msgs__python.dir/rosidl_generator_py/rosapi_msgs/srv/_topics_for_type_s.c.o[0m
[210.080s] [ 97%] [32mBuilding C object CMakeFiles/rosapi_msgs__python.dir/rosidl_generator_py/rosapi_msgs/srv/_topics_and_raw_types_s.c.o[0m
[210.324s] [ 98%] [32mBuilding C object CMakeFiles/rosapi_msgs__python.dir/rosidl_generator_py/rosapi_msgs/srv/_topic_type_s.c.o[0m
[210.733s] [ 98%] [32m[1mLinking CXX shared library rosidl_generator_py/rosapi_msgs/librosapi_msgs__python.so[0m
[211.007s] [ 98%] Built target rosapi_msgs__python
[211.031s] [35m[1mScanning dependencies of target rosapi_msgs__rosidl_typesupport_fastrtps_c__pyext[0m
[211.032s] [35m[1mScanning dependencies of target rosapi_msgs__rosidl_typesupport_c__pyext[0m
[211.121s] [ 98%] [32mBuilding C object CMakeFiles/rosapi_msgs__rosidl_typesupport_fastrtps_c__pyext.dir/rosidl_generator_py/rosapi_msgs/_rosapi_msgs_s.ep.rosidl_typesupport_fastrtps_c.c.o[0m
[211.131s] [ 98%] [32mBuilding C object CMakeFiles/rosapi_msgs__rosidl_typesupport_c__pyext.dir/rosidl_generator_py/rosapi_msgs/_rosapi_msgs_s.ep.rosidl_typesupport_c.c.o[0m
[212.400s] [ 99%] [32m[1mLinking CXX shared library rosidl_generator_py/rosapi_msgs/rosapi_msgs_s__rosidl_typesupport_fastrtps_c.cpython-36m-aarch64-linux-gnu.so[0m
[212.405s] [100%] [32m[1mLinking CXX shared library rosidl_generator_py/rosapi_msgs/rosapi_msgs_s__rosidl_typesupport_c.cpython-36m-aarch64-linux-gnu.so[0m
[212.663s] [100%] Built target rosapi_msgs__rosidl_typesupport_fastrtps_c__pyext
[212.669s] [100%] Built target rosapi_msgs__rosidl_typesupport_c__pyext
[212.718s] Invoked command in '/home/rosbot/dev_ws/build/rosapi_msgs' returned '0': CMAKE_PREFIX_PATH=/opt/ros/eloquent /usr/bin/cmake --build /home/rosbot/dev_ws/build/rosapi_msgs -- -j4 -l4
[214.180s] Invoking command in '/home/rosbot/dev_ws/build/rosapi_msgs': CMAKE_PREFIX_PATH=/opt/ros/eloquent /usr/bin/cmake --build /home/rosbot/dev_ws/build/rosapi_msgs --target install -- -j4 -l4
[214.414s] [  0%] Built target rosapi_msgs__cpp
[214.466s] [ 12%] Built target rosapi_msgs__rosidl_generator_c
[214.539s] [ 25%] Built target rosapi_msgs__rosidl_typesupport_introspection_cpp
[214.592s] [ 37%] Built target rosapi_msgs__rosidl_typesupport_introspection_c
[214.597s] [ 49%] Built target rosapi_msgs__rosidl_typesupport_fastrtps_cpp
[214.759s] [ 61%] Built target rosapi_msgs__rosidl_typesupport_cpp
[214.780s] [ 73%] Built target rosapi_msgs__rosidl_typesupport_fastrtps_c
[214.909s] [ 86%] Built target rosapi_msgs__rosidl_typesupport_c
[214.985s] [ 86%] Built target rosapi_msgs
[215.064s] [ 86%] Built target rosapi_msgs__py
[215.247s] [ 98%] Built target rosapi_msgs__python
[215.361s] [100%] Built target rosapi_msgs__rosidl_typesupport_c__pyext
[215.362s] [100%] Built target rosapi_msgs__rosidl_typesupport_fastrtps_c__pyext
[215.433s] [36mInstall the project...[0m
[215.464s] -- Install configuration: ""
[215.467s] -- Execute custom install script
[215.469s] -- Symlinking: /home/rosbot/dev_ws/install/rosapi_msgs/share/ament_index/resource_index/rosidl_interfaces/rosapi_msgs
[215.505s] -- Symlinking: /home/rosbot/dev_ws/install/rosapi_msgs/include/rosapi_msgs/msg/type_def.hpp
[215.537s] -- Symlinking: /home/rosbot/dev_ws/install/rosapi_msgs/include/rosapi_msgs/msg/type_def__struct.hpp
[215.569s] -- Symlinking: /home/rosbot/dev_ws/install/rosapi_msgs/include/rosapi_msgs/msg/type_def__traits.hpp
[215.601s] -- Symlinking: /home/rosbot/dev_ws/install/rosapi_msgs/include/rosapi_msgs/srv/delete_param.hpp
[215.634s] -- Symlinking: /home/rosbot/dev_ws/install/rosapi_msgs/include/rosapi_msgs/srv/delete_param__struct.hpp
[215.665s] -- Symlinking: /home/rosbot/dev_ws/install/rosapi_msgs/include/rosapi_msgs/srv/delete_param__traits.hpp
[215.696s] -- Symlinking: /home/rosbot/dev_ws/install/rosapi_msgs/include/rosapi_msgs/srv/get_action_servers.hpp
[215.728s] -- Symlinking: /home/rosbot/dev_ws/install/rosapi_msgs/include/rosapi_msgs/srv/get_action_servers__struct.hpp
[215.760s] -- Symlinking: /home/rosbot/dev_ws/install/rosapi_msgs/include/rosapi_msgs/srv/get_action_servers__traits.hpp
[215.793s] -- Symlinking: /home/rosbot/dev_ws/install/rosapi_msgs/include/rosapi_msgs/srv/get_param.hpp
[215.825s] -- Symlinking: /home/rosbot/dev_ws/install/rosapi_msgs/include/rosapi_msgs/srv/get_param__struct.hpp
[215.857s] -- Symlinking: /home/rosbot/dev_ws/install/rosapi_msgs/include/rosapi_msgs/srv/get_param__traits.hpp
[215.889s] -- Symlinking: /home/rosbot/dev_ws/install/rosapi_msgs/include/rosapi_msgs/srv/get_param_names.hpp
[215.921s] -- Symlinking: /home/rosbot/dev_ws/install/rosapi_msgs/include/rosapi_msgs/srv/get_param_names__struct.hpp
[215.952s] -- Symlinking: /home/rosbot/dev_ws/install/rosapi_msgs/include/rosapi_msgs/srv/get_param_names__traits.hpp
[215.985s] -- Symlinking: /home/rosbot/dev_ws/install/rosapi_msgs/include/rosapi_msgs/srv/get_ros_version.hpp
[216.017s] -- Symlinking: /home/rosbot/dev_ws/install/rosapi_msgs/include/rosapi_msgs/srv/get_ros_version__struct.hpp
[216.050s] -- Symlinking: /home/rosbot/dev_ws/install/rosapi_msgs/include/rosapi_msgs/srv/get_ros_version__traits.hpp
[216.082s] -- Symlinking: /home/rosbot/dev_ws/install/rosapi_msgs/include/rosapi_msgs/srv/get_time.hpp
[216.115s] -- Symlinking: /home/rosbot/dev_ws/install/rosapi_msgs/include/rosapi_msgs/srv/get_time__struct.hpp
[216.147s] -- Symlinking: /home/rosbot/dev_ws/install/rosapi_msgs/include/rosapi_msgs/srv/get_time__traits.hpp
[216.179s] -- Symlinking: /home/rosbot/dev_ws/install/rosapi_msgs/include/rosapi_msgs/srv/has_param.hpp
[216.211s] -- Symlinking: /home/rosbot/dev_ws/install/rosapi_msgs/include/rosapi_msgs/srv/has_param__struct.hpp
[216.244s] -- Symlinking: /home/rosbot/dev_ws/install/rosapi_msgs/include/rosapi_msgs/srv/has_param__traits.hpp
[216.276s] -- Symlinking: /home/rosbot/dev_ws/install/rosapi_msgs/include/rosapi_msgs/srv/message_details.hpp
[216.308s] -- Symlinking: /home/rosbot/dev_ws/install/rosapi_msgs/include/rosapi_msgs/srv/message_details__struct.hpp
[216.340s] -- Symlinking: /home/rosbot/dev_ws/install/rosapi_msgs/include/rosapi_msgs/srv/message_details__traits.hpp
[216.372s] -- Symlinking: /home/rosbot/dev_ws/install/rosapi_msgs/include/rosapi_msgs/srv/node_details.hpp
[216.404s] -- Symlinking: /home/rosbot/dev_ws/install/rosapi_msgs/include/rosapi_msgs/srv/node_details__struct.hpp
[216.436s] -- Symlinking: /home/rosbot/dev_ws/install/rosapi_msgs/include/rosapi_msgs/srv/node_details__traits.hpp
[216.469s] -- Symlinking: /home/rosbot/dev_ws/install/rosapi_msgs/include/rosapi_msgs/srv/nodes.hpp
[216.500s] -- Symlinking: /home/rosbot/dev_ws/install/rosapi_msgs/include/rosapi_msgs/srv/nodes__struct.hpp
[216.532s] -- Symlinking: /home/rosbot/dev_ws/install/rosapi_msgs/include/rosapi_msgs/srv/nodes__traits.hpp
[216.564s] -- Symlinking: /home/rosbot/dev_ws/install/rosapi_msgs/include/rosapi_msgs/srv/publishers.hpp
[216.596s] -- Symlinking: /home/rosbot/dev_ws/install/rosapi_msgs/include/rosapi_msgs/srv/publishers__struct.hpp
[216.628s] -- Symlinking: /home/rosbot/dev_ws/install/rosapi_msgs/include/rosapi_msgs/srv/publishers__traits.hpp
[216.660s] -- Symlinking: /home/rosbot/dev_ws/install/rosapi_msgs/include/rosapi_msgs/srv/service_node.hpp
[216.692s] -- Symlinking: /home/rosbot/dev_ws/install/rosapi_msgs/include/rosapi_msgs/srv/service_node__struct.hpp
[216.724s] -- Symlinking: /home/rosbot/dev_ws/install/rosapi_msgs/include/rosapi_msgs/srv/service_node__traits.hpp
[216.756s] -- Symlinking: /home/rosbot/dev_ws/install/rosapi_msgs/include/rosapi_msgs/srv/service_providers.hpp
[216.789s] -- Symlinking: /home/rosbot/dev_ws/install/rosapi_msgs/include/rosapi_msgs/srv/service_providers__struct.hpp
[216.820s] -- Symlinking: /home/rosbot/dev_ws/install/rosapi_msgs/include/rosapi_msgs/srv/service_providers__traits.hpp
[216.852s] -- Symlinking: /home/rosbot/dev_ws/install/rosapi_msgs/include/rosapi_msgs/srv/service_request_details.hpp
[216.884s] -- Symlinking: /home/rosbot/dev_ws/install/rosapi_msgs/include/rosapi_msgs/srv/service_request_details__struct.hpp
[216.916s] -- Symlinking: /home/rosbot/dev_ws/install/rosapi_msgs/include/rosapi_msgs/srv/service_request_details__traits.hpp
[216.948s] -- Symlinking: /home/rosbot/dev_ws/install/rosapi_msgs/include/rosapi_msgs/srv/service_response_details.hpp
[216.980s] -- Symlinking: /home/rosbot/dev_ws/install/rosapi_msgs/include/rosapi_msgs/srv/service_response_details__struct.hpp
[217.012s] -- Symlinking: /home/rosbot/dev_ws/install/rosapi_msgs/include/rosapi_msgs/srv/service_response_details__traits.hpp
[217.044s] -- Symlinking: /home/rosbot/dev_ws/install/rosapi_msgs/include/rosapi_msgs/srv/service_type.hpp
[217.077s] -- Symlinking: /home/rosbot/dev_ws/install/rosapi_msgs/include/rosapi_msgs/srv/service_type__struct.hpp
[217.109s] -- Symlinking: /home/rosbot/dev_ws/install/rosapi_msgs/include/rosapi_msgs/srv/service_type__traits.hpp
[217.141s] -- Symlinking: /home/rosbot/dev_ws/install/rosapi_msgs/include/rosapi_msgs/srv/services.hpp
[217.173s] -- Symlinking: /home/rosbot/dev_ws/install/rosapi_msgs/include/rosapi_msgs/srv/services__struct.hpp
[217.205s] -- Symlinking: /home/rosbot/dev_ws/install/rosapi_msgs/include/rosapi_msgs/srv/services__traits.hpp
[217.238s] -- Symlinking: /home/rosbot/dev_ws/install/rosapi_msgs/include/rosapi_msgs/srv/services_for_type.hpp
[217.270s] -- Symlinking: /home/rosbot/dev_ws/install/rosapi_msgs/include/rosapi_msgs/srv/services_for_type__struct.hpp
[217.301s] -- Symlinking: /home/rosbot/dev_ws/install/rosapi_msgs/include/rosapi_msgs/srv/services_for_type__traits.hpp
[217.334s] -- Symlinking: /home/rosbot/dev_ws/install/rosapi_msgs/include/rosapi_msgs/srv/set_param.hpp
[217.366s] -- Symlinking: /home/rosbot/dev_ws/install/rosapi_msgs/include/rosapi_msgs/srv/set_param__struct.hpp
[217.398s] -- Symlinking: /home/rosbot/dev_ws/install/rosapi_msgs/include/rosapi_msgs/srv/set_param__traits.hpp
[217.430s] -- Symlinking: /home/rosbot/dev_ws/install/rosapi_msgs/include/rosapi_msgs/srv/subscribers.hpp
[217.461s] -- Symlinking: /home/rosbot/dev_ws/install/rosapi_msgs/include/rosapi_msgs/srv/subscribers__struct.hpp
[217.493s] -- Symlinking: /home/rosbot/dev_ws/install/rosapi_msgs/include/rosapi_msgs/srv/subscribers__traits.hpp
[217.525s] -- Symlinking: /home/rosbot/dev_ws/install/rosapi_msgs/include/rosapi_msgs/srv/topic_type.hpp
[217.558s] -- Symlinking: /home/rosbot/dev_ws/install/rosapi_msgs/include/rosapi_msgs/srv/topic_type__struct.hpp
[217.590s] -- Symlinking: /home/rosbot/dev_ws/install/rosapi_msgs/include/rosapi_msgs/srv/topic_type__traits.hpp
[217.622s] -- Symlinking: /home/rosbot/dev_ws/install/rosapi_msgs/include/rosapi_msgs/srv/topics.hpp
[217.654s] -- Symlinking: /home/rosbot/dev_ws/install/rosapi_msgs/include/rosapi_msgs/srv/topics__struct.hpp
[217.685s] -- Symlinking: /home/rosbot/dev_ws/install/rosapi_msgs/include/rosapi_msgs/srv/topics__traits.hpp
[217.717s] -- Symlinking: /home/rosbot/dev_ws/install/rosapi_msgs/include/rosapi_msgs/srv/topics_and_raw_types.hpp
[217.749s] -- Symlinking: /home/rosbot/dev_ws/install/rosapi_msgs/include/rosapi_msgs/srv/topics_and_raw_types__struct.hpp
[217.781s] -- Symlinking: /home/rosbot/dev_ws/install/rosapi_msgs/include/rosapi_msgs/srv/topics_and_raw_types__traits.hpp
[217.812s] -- Symlinking: /home/rosbot/dev_ws/install/rosapi_msgs/include/rosapi_msgs/srv/topics_for_type.hpp
[217.845s] -- Symlinking: /home/rosbot/dev_ws/install/rosapi_msgs/include/rosapi_msgs/srv/topics_for_type__struct.hpp
[217.877s] -- Symlinking: /home/rosbot/dev_ws/install/rosapi_msgs/include/rosapi_msgs/srv/topics_for_type__traits.hpp
[217.914s] -- Symlinking: /home/rosbot/dev_ws/install/rosapi_msgs/include/rosapi_msgs/msg/rosidl_generator_c__visibility_control.h
[217.946s] -- Symlinking: /home/rosbot/dev_ws/install/rosapi_msgs/include/rosapi_msgs/msg/type_def.h
[217.978s] -- Symlinking: /home/rosbot/dev_ws/install/rosapi_msgs/include/rosapi_msgs/msg/type_def__functions.h
[218.011s] -- Symlinking: /home/rosbot/dev_ws/install/rosapi_msgs/include/rosapi_msgs/msg/type_def__struct.h
[218.043s] -- Symlinking: /home/rosbot/dev_ws/install/rosapi_msgs/include/rosapi_msgs/msg/type_def__type_support.h
[218.075s] -- Symlinking: /home/rosbot/dev_ws/install/rosapi_msgs/include/rosapi_msgs/srv/delete_param.h
[218.107s] -- Symlinking: /home/rosbot/dev_ws/install/rosapi_msgs/include/rosapi_msgs/srv/delete_param__functions.h
[218.139s] -- Symlinking: /home/rosbot/dev_ws/install/rosapi_msgs/include/rosapi_msgs/srv/delete_param__struct.h
[218.171s] -- Symlinking: /home/rosbot/dev_ws/install/rosapi_msgs/include/rosapi_msgs/srv/delete_param__type_support.h
[218.203s] -- Symlinking: /home/rosbot/dev_ws/install/rosapi_msgs/include/rosapi_msgs/srv/get_action_servers.h
[218.235s] -- Symlinking: /home/rosbot/dev_ws/install/rosapi_msgs/include/rosapi_msgs/srv/get_action_servers__functions.h
[218.267s] -- Symlinking: /home/rosbot/dev_ws/install/rosapi_msgs/include/rosapi_msgs/srv/get_action_servers__struct.h
[218.299s] -- Symlinking: /home/rosbot/dev_ws/install/rosapi_msgs/include/rosapi_msgs/srv/get_action_servers__type_support.h
[218.331s] -- Symlinking: /home/rosbot/dev_ws/install/rosapi_msgs/include/rosapi_msgs/srv/get_param.h
[218.362s] -- Symlinking: /home/rosbot/dev_ws/install/rosapi_msgs/include/rosapi_msgs/srv/get_param__functions.h
[218.395s] -- Symlinking: /home/rosbot/dev_ws/install/rosapi_msgs/include/rosapi_msgs/srv/get_param__struct.h
[218.427s] -- Symlinking: /home/rosbot/dev_ws/install/rosapi_msgs/include/rosapi_msgs/srv/get_param__type_support.h
[218.458s] -- Symlinking: /home/rosbot/dev_ws/install/rosapi_msgs/include/rosapi_msgs/srv/get_param_names.h
[218.491s] -- Symlinking: /home/rosbot/dev_ws/install/rosapi_msgs/include/rosapi_msgs/srv/get_param_names__functions.h
[218.523s] -- Symlinking: /home/rosbot/dev_ws/install/rosapi_msgs/include/rosapi_msgs/srv/get_param_names__struct.h
[218.555s] -- Symlinking: /home/rosbot/dev_ws/install/rosapi_msgs/include/rosapi_msgs/srv/get_param_names__type_support.h
[218.587s] -- Symlinking: /home/rosbot/dev_ws/install/rosapi_msgs/include/rosapi_msgs/srv/get_ros_version.h
[218.619s] -- Symlinking: /home/rosbot/dev_ws/install/rosapi_msgs/include/rosapi_msgs/srv/get_ros_version__functions.h
[218.651s] -- Symlinking: /home/rosbot/dev_ws/install/rosapi_msgs/include/rosapi_msgs/srv/get_ros_version__struct.h
[218.684s] -- Symlinking: /home/rosbot/dev_ws/install/rosapi_msgs/include/rosapi_msgs/srv/get_ros_version__type_support.h
[218.716s] -- Symlinking: /home/rosbot/dev_ws/install/rosapi_msgs/include/rosapi_msgs/srv/get_time.h
[218.748s] -- Symlinking: /home/rosbot/dev_ws/install/rosapi_msgs/include/rosapi_msgs/srv/get_time__functions.h
[218.780s] -- Symlinking: /home/rosbot/dev_ws/install/rosapi_msgs/include/rosapi_msgs/srv/get_time__struct.h
[218.811s] -- Symlinking: /home/rosbot/dev_ws/install/rosapi_msgs/include/rosapi_msgs/srv/get_time__type_support.h
[218.843s] -- Symlinking: /home/rosbot/dev_ws/install/rosapi_msgs/include/rosapi_msgs/srv/has_param.h
[218.875s] -- Symlinking: /home/rosbot/dev_ws/install/rosapi_msgs/include/rosapi_msgs/srv/has_param__functions.h
[218.907s] -- Symlinking: /home/rosbot/dev_ws/install/rosapi_msgs/include/rosapi_msgs/srv/has_param__struct.h
[218.938s] -- Symlinking: /home/rosbot/dev_ws/install/rosapi_msgs/include/rosapi_msgs/srv/has_param__type_support.h
[218.970s] -- Symlinking: /home/rosbot/dev_ws/install/rosapi_msgs/include/rosapi_msgs/srv/message_details.h
[219.002s] -- Symlinking: /home/rosbot/dev_ws/install/rosapi_msgs/include/rosapi_msgs/srv/message_details__functions.h
[219.034s] -- Symlinking: /home/rosbot/dev_ws/install/rosapi_msgs/include/rosapi_msgs/srv/message_details__struct.h
[219.067s] -- Symlinking: /home/rosbot/dev_ws/install/rosapi_msgs/include/rosapi_msgs/srv/message_details__type_support.h
[219.100s] -- Symlinking: /home/rosbot/dev_ws/install/rosapi_msgs/include/rosapi_msgs/srv/node_details.h
[219.132s] -- Symlinking: /home/rosbot/dev_ws/install/rosapi_msgs/include/rosapi_msgs/srv/node_details__functions.h
[219.163s] -- Symlinking: /home/rosbot/dev_ws/install/rosapi_msgs/include/rosapi_msgs/srv/node_details__struct.h
[219.195s] -- Symlinking: /home/rosbot/dev_ws/install/rosapi_msgs/include/rosapi_msgs/srv/node_details__type_support.h
[219.227s] -- Symlinking: /home/rosbot/dev_ws/install/rosapi_msgs/include/rosapi_msgs/srv/nodes.h
[219.258s] -- Symlinking: /home/rosbot/dev_ws/install/rosapi_msgs/include/rosapi_msgs/srv/nodes__functions.h
[219.290s] -- Symlinking: /home/rosbot/dev_ws/install/rosapi_msgs/include/rosapi_msgs/srv/nodes__struct.h
[219.322s] -- Symlinking: /home/rosbot/dev_ws/install/rosapi_msgs/include/rosapi_msgs/srv/nodes__type_support.h
[219.354s] -- Symlinking: /home/rosbot/dev_ws/install/rosapi_msgs/include/rosapi_msgs/srv/publishers.h
[219.386s] -- Symlinking: /home/rosbot/dev_ws/install/rosapi_msgs/include/rosapi_msgs/srv/publishers__functions.h
[219.419s] -- Symlinking: /home/rosbot/dev_ws/install/rosapi_msgs/include/rosapi_msgs/srv/publishers__struct.h
[219.481s] -- Symlinking: /home/rosbot/dev_ws/install/rosapi_msgs/include/rosapi_msgs/srv/publishers__type_support.h
[219.514s] -- Symlinking: /home/rosbot/dev_ws/install/rosapi_msgs/include/rosapi_msgs/srv/service_node.h
[219.546s] -- Symlinking: /home/rosbot/dev_ws/install/rosapi_msgs/include/rosapi_msgs/srv/service_node__functions.h
[219.579s] -- Symlinking: /home/rosbot/dev_ws/install/rosapi_msgs/include/rosapi_msgs/srv/service_node__struct.h
[219.612s] -- Symlinking: /home/rosbot/dev_ws/install/rosapi_msgs/include/rosapi_msgs/srv/service_node__type_support.h
[219.644s] -- Symlinking: /home/rosbot/dev_ws/install/rosapi_msgs/include/rosapi_msgs/srv/service_providers.h
[219.676s] -- Symlinking: /home/rosbot/dev_ws/install/rosapi_msgs/include/rosapi_msgs/srv/service_providers__functions.h
[219.708s] -- Symlinking: /home/rosbot/dev_ws/install/rosapi_msgs/include/rosapi_msgs/srv/service_providers__struct.h
[219.740s] -- Symlinking: /home/rosbot/dev_ws/install/rosapi_msgs/include/rosapi_msgs/srv/service_providers__type_support.h
[219.772s] -- Symlinking: /home/rosbot/dev_ws/install/rosapi_msgs/include/rosapi_msgs/srv/service_request_details.h
[219.804s] -- Symlinking: /home/rosbot/dev_ws/install/rosapi_msgs/include/rosapi_msgs/srv/service_request_details__functions.h
[219.836s] -- Symlinking: /home/rosbot/dev_ws/install/rosapi_msgs/include/rosapi_msgs/srv/service_request_details__struct.h
[219.869s] -- Symlinking: /home/rosbot/dev_ws/install/rosapi_msgs/include/rosapi_msgs/srv/service_request_details__type_support.h
[219.901s] -- Symlinking: /home/rosbot/dev_ws/install/rosapi_msgs/include/rosapi_msgs/srv/service_response_details.h
[219.933s] -- Symlinking: /home/rosbot/dev_ws/install/rosapi_msgs/include/rosapi_msgs/srv/service_response_details__functions.h
[219.965s] -- Symlinking: /home/rosbot/dev_ws/install/rosapi_msgs/include/rosapi_msgs/srv/service_response_details__struct.h
[219.998s] -- Symlinking: /home/rosbot/dev_ws/install/rosapi_msgs/include/rosapi_msgs/srv/service_response_details__type_support.h
[220.030s] -- Symlinking: /home/rosbot/dev_ws/install/rosapi_msgs/include/rosapi_msgs/srv/service_type.h
[220.062s] -- Symlinking: /home/rosbot/dev_ws/install/rosapi_msgs/include/rosapi_msgs/srv/service_type__functions.h
[220.094s] -- Symlinking: /home/rosbot/dev_ws/install/rosapi_msgs/include/rosapi_msgs/srv/service_type__struct.h
[220.126s] -- Symlinking: /home/rosbot/dev_ws/install/rosapi_msgs/include/rosapi_msgs/srv/service_type__type_support.h
[220.158s] -- Symlinking: /home/rosbot/dev_ws/install/rosapi_msgs/include/rosapi_msgs/srv/services.h
[220.190s] -- Symlinking: /home/rosbot/dev_ws/install/rosapi_msgs/include/rosapi_msgs/srv/services__functions.h
[220.223s] -- Symlinking: /home/rosbot/dev_ws/install/rosapi_msgs/include/rosapi_msgs/srv/services__struct.h
[220.254s] -- Symlinking: /home/rosbot/dev_ws/install/rosapi_msgs/include/rosapi_msgs/srv/services__type_support.h
[220.286s] -- Symlinking: /home/rosbot/dev_ws/install/rosapi_msgs/include/rosapi_msgs/srv/services_for_type.h
[220.318s] -- Symlinking: /home/rosbot/dev_ws/install/rosapi_msgs/include/rosapi_msgs/srv/services_for_type__functions.h
[220.351s] -- Symlinking: /home/rosbot/dev_ws/install/rosapi_msgs/include/rosapi_msgs/srv/services_for_type__struct.h
[220.382s] -- Symlinking: /home/rosbot/dev_ws/install/rosapi_msgs/include/rosapi_msgs/srv/services_for_type__type_support.h
[220.414s] -- Symlinking: /home/rosbot/dev_ws/install/rosapi_msgs/include/rosapi_msgs/srv/set_param.h
[220.446s] -- Symlinking: /home/rosbot/dev_ws/install/rosapi_msgs/include/rosapi_msgs/srv/set_param__functions.h
[220.478s] -- Symlinking: /home/rosbot/dev_ws/install/rosapi_msgs/include/rosapi_msgs/srv/set_param__struct.h
[220.509s] -- Symlinking: /home/rosbot/dev_ws/install/rosapi_msgs/include/rosapi_msgs/srv/set_param__type_support.h
[220.542s] -- Symlinking: /home/rosbot/dev_ws/install/rosapi_msgs/include/rosapi_msgs/srv/subscribers.h
[220.574s] -- Symlinking: /home/rosbot/dev_ws/install/rosapi_msgs/include/rosapi_msgs/srv/subscribers__functions.h
[220.605s] -- Symlinking: /home/rosbot/dev_ws/install/rosapi_msgs/include/rosapi_msgs/srv/subscribers__struct.h
[220.639s] -- Symlinking: /home/rosbot/dev_ws/install/rosapi_msgs/include/rosapi_msgs/srv/subscribers__type_support.h
[220.671s] -- Symlinking: /home/rosbot/dev_ws/install/rosapi_msgs/include/rosapi_msgs/srv/topic_type.h
[220.703s] -- Symlinking: /home/rosbot/dev_ws/install/rosapi_msgs/include/rosapi_msgs/srv/topic_type__functions.h
[220.735s] -- Symlinking: /home/rosbot/dev_ws/install/rosapi_msgs/include/rosapi_msgs/srv/topic_type__struct.h
[220.768s] -- Symlinking: /home/rosbot/dev_ws/install/rosapi_msgs/include/rosapi_msgs/srv/topic_type__type_support.h
[220.799s] -- Symlinking: /home/rosbot/dev_ws/install/rosapi_msgs/include/rosapi_msgs/srv/topics.h
[220.832s] -- Symlinking: /home/rosbot/dev_ws/install/rosapi_msgs/include/rosapi_msgs/srv/topics__functions.h
[220.864s] -- Symlinking: /home/rosbot/dev_ws/install/rosapi_msgs/include/rosapi_msgs/srv/topics__struct.h
[220.896s] -- Symlinking: /home/rosbot/dev_ws/install/rosapi_msgs/include/rosapi_msgs/srv/topics__type_support.h
[220.928s] -- Symlinking: /home/rosbot/dev_ws/install/rosapi_msgs/include/rosapi_msgs/srv/topics_and_raw_types.h
[220.960s] -- Symlinking: /home/rosbot/dev_ws/install/rosapi_msgs/include/rosapi_msgs/srv/topics_and_raw_types__functions.h
[220.991s] -- Symlinking: /home/rosbot/dev_ws/install/rosapi_msgs/include/rosapi_msgs/srv/topics_and_raw_types__struct.h
[221.023s] -- Symlinking: /home/rosbot/dev_ws/install/rosapi_msgs/include/rosapi_msgs/srv/topics_and_raw_types__type_support.h
[221.055s] -- Symlinking: /home/rosbot/dev_ws/install/rosapi_msgs/include/rosapi_msgs/srv/topics_for_type.h
[221.087s] -- Symlinking: /home/rosbot/dev_ws/install/rosapi_msgs/include/rosapi_msgs/srv/topics_for_type__functions.h
[221.120s] -- Symlinking: /home/rosbot/dev_ws/install/rosapi_msgs/include/rosapi_msgs/srv/topics_for_type__struct.h
[221.152s] -- Symlinking: /home/rosbot/dev_ws/install/rosapi_msgs/include/rosapi_msgs/srv/topics_for_type__type_support.h
[221.185s] -- Symlinking: /home/rosbot/dev_ws/install/rosapi_msgs/share/rosapi_msgs/environment/library_path.sh
[221.217s] -- Symlinking: /home/rosbot/dev_ws/install/rosapi_msgs/share/rosapi_msgs/environment/library_path.dsv
[221.252s] -- Symlinking: /home/rosbot/dev_ws/install/rosapi_msgs/lib/librosapi_msgs__rosidl_generator_c.so
[221.285s] -- Symlinking: /home/rosbot/dev_ws/install/rosapi_msgs/lib/librosapi_msgs__rosidl_typesupport_c.so
[221.318s] -- Symlinking: /home/rosbot/dev_ws/install/rosapi_msgs/lib/librosapi_msgs__rosidl_typesupport_cpp.so
[221.352s] -- Symlinking: /home/rosbot/dev_ws/install/rosapi_msgs/include/rosapi_msgs/msg/rosidl_typesupport_introspection_c__visibility_control.h
[221.385s] -- Symlinking: /home/rosbot/dev_ws/install/rosapi_msgs/include/rosapi_msgs/msg/type_def__rosidl_typesupport_introspection_c.h
[221.417s] -- Symlinking: /home/rosbot/dev_ws/install/rosapi_msgs/include/rosapi_msgs/srv/delete_param__rosidl_typesupport_introspection_c.h
[221.450s] -- Symlinking: /home/rosbot/dev_ws/install/rosapi_msgs/include/rosapi_msgs/srv/get_action_servers__rosidl_typesupport_introspection_c.h
[221.482s] -- Symlinking: /home/rosbot/dev_ws/install/rosapi_msgs/include/rosapi_msgs/srv/get_param__rosidl_typesupport_introspection_c.h
[221.514s] -- Symlinking: /home/rosbot/dev_ws/install/rosapi_msgs/include/rosapi_msgs/srv/get_param_names__rosidl_typesupport_introspection_c.h
[221.546s] -- Symlinking: /home/rosbot/dev_ws/install/rosapi_msgs/include/rosapi_msgs/srv/get_ros_version__rosidl_typesupport_introspection_c.h
[221.578s] -- Symlinking: /home/rosbot/dev_ws/install/rosapi_msgs/include/rosapi_msgs/srv/get_time__rosidl_typesupport_introspection_c.h
[221.610s] -- Symlinking: /home/rosbot/dev_ws/install/rosapi_msgs/include/rosapi_msgs/srv/has_param__rosidl_typesupport_introspection_c.h
[221.642s] -- Symlinking: /home/rosbot/dev_ws/install/rosapi_msgs/include/rosapi_msgs/srv/message_details__rosidl_typesupport_introspection_c.h
[221.674s] -- Symlinking: /home/rosbot/dev_ws/install/rosapi_msgs/include/rosapi_msgs/srv/node_details__rosidl_typesupport_introspection_c.h
[221.706s] -- Symlinking: /home/rosbot/dev_ws/install/rosapi_msgs/include/rosapi_msgs/srv/nodes__rosidl_typesupport_introspection_c.h
[221.738s] -- Symlinking: /home/rosbot/dev_ws/install/rosapi_msgs/include/rosapi_msgs/srv/publishers__rosidl_typesupport_introspection_c.h
[221.770s] -- Symlinking: /home/rosbot/dev_ws/install/rosapi_msgs/include/rosapi_msgs/srv/service_node__rosidl_typesupport_introspection_c.h
[221.802s] -- Symlinking: /home/rosbot/dev_ws/install/rosapi_msgs/include/rosapi_msgs/srv/service_providers__rosidl_typesupport_introspection_c.h
[221.834s] -- Symlinking: /home/rosbot/dev_ws/install/rosapi_msgs/include/rosapi_msgs/srv/service_request_details__rosidl_typesupport_introspection_c.h
[221.866s] -- Symlinking: /home/rosbot/dev_ws/install/rosapi_msgs/include/rosapi_msgs/srv/service_response_details__rosidl_typesupport_introspection_c.h
[221.898s] -- Symlinking: /home/rosbot/dev_ws/install/rosapi_msgs/include/rosapi_msgs/srv/service_type__rosidl_typesupport_introspection_c.h
[221.929s] -- Symlinking: /home/rosbot/dev_ws/install/rosapi_msgs/include/rosapi_msgs/srv/services__rosidl_typesupport_introspection_c.h
[221.961s] -- Symlinking: /home/rosbot/dev_ws/install/rosapi_msgs/include/rosapi_msgs/srv/services_for_type__rosidl_typesupport_introspection_c.h
[221.993s] -- Symlinking: /home/rosbot/dev_ws/install/rosapi_msgs/include/rosapi_msgs/srv/set_param__rosidl_typesupport_introspection_c.h
[222.025s] -- Symlinking: /home/rosbot/dev_ws/install/rosapi_msgs/include/rosapi_msgs/srv/subscribers__rosidl_typesupport_introspection_c.h
[222.058s] -- Symlinking: /home/rosbot/dev_ws/install/rosapi_msgs/include/rosapi_msgs/srv/topic_type__rosidl_typesupport_introspection_c.h
[222.090s] -- Symlinking: /home/rosbot/dev_ws/install/rosapi_msgs/include/rosapi_msgs/srv/topics__rosidl_typesupport_introspection_c.h
[222.121s] -- Symlinking: /home/rosbot/dev_ws/install/rosapi_msgs/include/rosapi_msgs/srv/topics_and_raw_types__rosidl_typesupport_introspection_c.h
[222.154s] -- Symlinking: /home/rosbot/dev_ws/install/rosapi_msgs/include/rosapi_msgs/srv/topics_for_type__rosidl_typesupport_introspection_c.h
[222.186s] -- Symlinking: /home/rosbot/dev_ws/install/rosapi_msgs/lib/librosapi_msgs__rosidl_typesupport_introspection_c.so
[222.221s] -- Symlinking: /home/rosbot/dev_ws/install/rosapi_msgs/include/rosapi_msgs/msg/type_def__rosidl_typesupport_introspection_cpp.hpp
[222.253s] -- Symlinking: /home/rosbot/dev_ws/install/rosapi_msgs/include/rosapi_msgs/srv/delete_param__rosidl_typesupport_introspection_cpp.hpp
[222.285s] -- Symlinking: /home/rosbot/dev_ws/install/rosapi_msgs/include/rosapi_msgs/srv/get_action_servers__rosidl_typesupport_introspection_cpp.hpp
[222.317s] -- Symlinking: /home/rosbot/dev_ws/install/rosapi_msgs/include/rosapi_msgs/srv/get_param__rosidl_typesupport_introspection_cpp.hpp
[222.349s] -- Symlinking: /home/rosbot/dev_ws/install/rosapi_msgs/include/rosapi_msgs/srv/get_param_names__rosidl_typesupport_introspection_cpp.hpp
[222.382s] -- Symlinking: /home/rosbot/dev_ws/install/rosapi_msgs/include/rosapi_msgs/srv/get_ros_version__rosidl_typesupport_introspection_cpp.hpp
[222.414s] -- Symlinking: /home/rosbot/dev_ws/install/rosapi_msgs/include/rosapi_msgs/srv/get_time__rosidl_typesupport_introspection_cpp.hpp
[222.446s] -- Symlinking: /home/rosbot/dev_ws/install/rosapi_msgs/include/rosapi_msgs/srv/has_param__rosidl_typesupport_introspection_cpp.hpp
[222.478s] -- Symlinking: /home/rosbot/dev_ws/install/rosapi_msgs/include/rosapi_msgs/srv/message_details__rosidl_typesupport_introspection_cpp.hpp
[222.509s] -- Symlinking: /home/rosbot/dev_ws/install/rosapi_msgs/include/rosapi_msgs/srv/node_details__rosidl_typesupport_introspection_cpp.hpp
[222.541s] -- Symlinking: /home/rosbot/dev_ws/install/rosapi_msgs/include/rosapi_msgs/srv/nodes__rosidl_typesupport_introspection_cpp.hpp
[222.574s] -- Symlinking: /home/rosbot/dev_ws/install/rosapi_msgs/include/rosapi_msgs/srv/publishers__rosidl_typesupport_introspection_cpp.hpp
[222.606s] -- Symlinking: /home/rosbot/dev_ws/install/rosapi_msgs/include/rosapi_msgs/srv/service_node__rosidl_typesupport_introspection_cpp.hpp
[222.638s] -- Symlinking: /home/rosbot/dev_ws/install/rosapi_msgs/include/rosapi_msgs/srv/service_providers__rosidl_typesupport_introspection_cpp.hpp
[222.670s] -- Symlinking: /home/rosbot/dev_ws/install/rosapi_msgs/include/rosapi_msgs/srv/service_request_details__rosidl_typesupport_introspection_cpp.hpp
[222.706s] -- Symlinking: /home/rosbot/dev_ws/install/rosapi_msgs/include/rosapi_msgs/srv/service_response_details__rosidl_typesupport_introspection_cpp.hpp
[222.738s] -- Symlinking: /home/rosbot/dev_ws/install/rosapi_msgs/include/rosapi_msgs/srv/service_type__rosidl_typesupport_introspection_cpp.hpp
[222.770s] -- Symlinking: /home/rosbot/dev_ws/install/rosapi_msgs/include/rosapi_msgs/srv/services__rosidl_typesupport_introspection_cpp.hpp
[222.802s] -- Symlinking: /home/rosbot/dev_ws/install/rosapi_msgs/include/rosapi_msgs/srv/services_for_type__rosidl_typesupport_introspection_cpp.hpp
[222.834s] -- Symlinking: /home/rosbot/dev_ws/install/rosapi_msgs/include/rosapi_msgs/srv/set_param__rosidl_typesupport_introspection_cpp.hpp
[222.866s] -- Symlinking: /home/rosbot/dev_ws/install/rosapi_msgs/include/rosapi_msgs/srv/subscribers__rosidl_typesupport_introspection_cpp.hpp
[222.898s] -- Symlinking: /home/rosbot/dev_ws/install/rosapi_msgs/include/rosapi_msgs/srv/topic_type__rosidl_typesupport_introspection_cpp.hpp
[222.930s] -- Symlinking: /home/rosbot/dev_ws/install/rosapi_msgs/include/rosapi_msgs/srv/topics__rosidl_typesupport_introspection_cpp.hpp
[222.962s] -- Symlinking: /home/rosbot/dev_ws/install/rosapi_msgs/include/rosapi_msgs/srv/topics_and_raw_types__rosidl_typesupport_introspection_cpp.hpp
[222.994s] -- Symlinking: /home/rosbot/dev_ws/install/rosapi_msgs/include/rosapi_msgs/srv/topics_for_type__rosidl_typesupport_introspection_cpp.hpp
[223.026s] -- Symlinking: /home/rosbot/dev_ws/install/rosapi_msgs/lib/librosapi_msgs__rosidl_typesupport_introspection_cpp.so
[223.064s] -- Symlinking: /home/rosbot/dev_ws/install/rosapi_msgs/include/rosapi_msgs/msg/rosidl_typesupport_fastrtps_c__visibility_control.h
[223.095s] -- Symlinking: /home/rosbot/dev_ws/install/rosapi_msgs/include/rosapi_msgs/msg/type_def__rosidl_typesupport_fastrtps_c.h
[223.127s] -- Symlinking: /home/rosbot/dev_ws/install/rosapi_msgs/include/rosapi_msgs/srv/delete_param__rosidl_typesupport_fastrtps_c.h
[223.159s] -- Symlinking: /home/rosbot/dev_ws/install/rosapi_msgs/include/rosapi_msgs/srv/get_action_servers__rosidl_typesupport_fastrtps_c.h
[223.191s] -- Symlinking: /home/rosbot/dev_ws/install/rosapi_msgs/include/rosapi_msgs/srv/get_param__rosidl_typesupport_fastrtps_c.h
[223.223s] -- Symlinking: /home/rosbot/dev_ws/install/rosapi_msgs/include/rosapi_msgs/srv/get_param_names__rosidl_typesupport_fastrtps_c.h
[223.255s] -- Symlinking: /home/rosbot/dev_ws/install/rosapi_msgs/include/rosapi_msgs/srv/get_ros_version__rosidl_typesupport_fastrtps_c.h
[223.287s] -- Symlinking: /home/rosbot/dev_ws/install/rosapi_msgs/include/rosapi_msgs/srv/get_time__rosidl_typesupport_fastrtps_c.h
[223.319s] -- Symlinking: /home/rosbot/dev_ws/install/rosapi_msgs/include/rosapi_msgs/srv/has_param__rosidl_typesupport_fastrtps_c.h
[223.351s] -- Symlinking: /home/rosbot/dev_ws/install/rosapi_msgs/include/rosapi_msgs/srv/message_details__rosidl_typesupport_fastrtps_c.h
[223.383s] -- Symlinking: /home/rosbot/dev_ws/install/rosapi_msgs/include/rosapi_msgs/srv/node_details__rosidl_typesupport_fastrtps_c.h
[223.414s] -- Symlinking: /home/rosbot/dev_ws/install/rosapi_msgs/include/rosapi_msgs/srv/nodes__rosidl_typesupport_fastrtps_c.h
[223.446s] -- Symlinking: /home/rosbot/dev_ws/install/rosapi_msgs/include/rosapi_msgs/srv/publishers__rosidl_typesupport_fastrtps_c.h
[223.477s] -- Symlinking: /home/rosbot/dev_ws/install/rosapi_msgs/include/rosapi_msgs/srv/service_node__rosidl_typesupport_fastrtps_c.h
[223.509s] -- Symlinking: /home/rosbot/dev_ws/install/rosapi_msgs/include/rosapi_msgs/srv/service_providers__rosidl_typesupport_fastrtps_c.h
[223.542s] -- Symlinking: /home/rosbot/dev_ws/install/rosapi_msgs/include/rosapi_msgs/srv/service_request_details__rosidl_typesupport_fastrtps_c.h
[223.574s] -- Symlinking: /home/rosbot/dev_ws/install/rosapi_msgs/include/rosapi_msgs/srv/service_response_details__rosidl_typesupport_fastrtps_c.h
[223.606s] -- Symlinking: /home/rosbot/dev_ws/install/rosapi_msgs/include/rosapi_msgs/srv/service_type__rosidl_typesupport_fastrtps_c.h
[223.638s] -- Symlinking: /home/rosbot/dev_ws/install/rosapi_msgs/include/rosapi_msgs/srv/services__rosidl_typesupport_fastrtps_c.h
[223.670s] -- Symlinking: /home/rosbot/dev_ws/install/rosapi_msgs/include/rosapi_msgs/srv/services_for_type__rosidl_typesupport_fastrtps_c.h
[223.702s] -- Symlinking: /home/rosbot/dev_ws/install/rosapi_msgs/include/rosapi_msgs/srv/set_param__rosidl_typesupport_fastrtps_c.h
[223.734s] -- Symlinking: /home/rosbot/dev_ws/install/rosapi_msgs/include/rosapi_msgs/srv/subscribers__rosidl_typesupport_fastrtps_c.h
[223.767s] -- Symlinking: /home/rosbot/dev_ws/install/rosapi_msgs/include/rosapi_msgs/srv/topic_type__rosidl_typesupport_fastrtps_c.h
[223.800s] -- Symlinking: /home/rosbot/dev_ws/install/rosapi_msgs/include/rosapi_msgs/srv/topics__rosidl_typesupport_fastrtps_c.h
[223.832s] -- Symlinking: /home/rosbot/dev_ws/install/rosapi_msgs/include/rosapi_msgs/srv/topics_and_raw_types__rosidl_typesupport_fastrtps_c.h
[223.863s] -- Symlinking: /home/rosbot/dev_ws/install/rosapi_msgs/include/rosapi_msgs/srv/topics_for_type__rosidl_typesupport_fastrtps_c.h
[223.896s] -- Symlinking: /home/rosbot/dev_ws/install/rosapi_msgs/lib/librosapi_msgs__rosidl_typesupport_fastrtps_c.so
[223.934s] -- Symlinking: /home/rosbot/dev_ws/install/rosapi_msgs/include/rosapi_msgs/msg/rosidl_typesupport_fastrtps_cpp__visibility_control.h
[223.965s] -- Symlinking: /home/rosbot/dev_ws/install/rosapi_msgs/include/rosapi_msgs/msg/type_def__rosidl_typesupport_fastrtps_cpp.hpp
[223.999s] -- Symlinking: /home/rosbot/dev_ws/install/rosapi_msgs/include/rosapi_msgs/srv/delete_param__rosidl_typesupport_fastrtps_cpp.hpp
[224.031s] -- Symlinking: /home/rosbot/dev_ws/install/rosapi_msgs/include/rosapi_msgs/srv/get_action_servers__rosidl_typesupport_fastrtps_cpp.hpp
[224.064s] -- Symlinking: /home/rosbot/dev_ws/install/rosapi_msgs/include/rosapi_msgs/srv/get_param__rosidl_typesupport_fastrtps_cpp.hpp
[224.096s] -- Symlinking: /home/rosbot/dev_ws/install/rosapi_msgs/include/rosapi_msgs/srv/get_param_names__rosidl_typesupport_fastrtps_cpp.hpp
[224.128s] -- Symlinking: /home/rosbot/dev_ws/install/rosapi_msgs/include/rosapi_msgs/srv/get_ros_version__rosidl_typesupport_fastrtps_cpp.hpp
[224.161s] -- Symlinking: /home/rosbot/dev_ws/install/rosapi_msgs/include/rosapi_msgs/srv/get_time__rosidl_typesupport_fastrtps_cpp.hpp
[224.192s] -- Symlinking: /home/rosbot/dev_ws/install/rosapi_msgs/include/rosapi_msgs/srv/has_param__rosidl_typesupport_fastrtps_cpp.hpp
[224.224s] -- Symlinking: /home/rosbot/dev_ws/install/rosapi_msgs/include/rosapi_msgs/srv/message_details__rosidl_typesupport_fastrtps_cpp.hpp
[224.256s] -- Symlinking: /home/rosbot/dev_ws/install/rosapi_msgs/include/rosapi_msgs/srv/node_details__rosidl_typesupport_fastrtps_cpp.hpp
[224.288s] -- Symlinking: /home/rosbot/dev_ws/install/rosapi_msgs/include/rosapi_msgs/srv/nodes__rosidl_typesupport_fastrtps_cpp.hpp
[224.320s] -- Symlinking: /home/rosbot/dev_ws/install/rosapi_msgs/include/rosapi_msgs/srv/publishers__rosidl_typesupport_fastrtps_cpp.hpp
[224.352s] -- Symlinking: /home/rosbot/dev_ws/install/rosapi_msgs/include/rosapi_msgs/srv/service_node__rosidl_typesupport_fastrtps_cpp.hpp
[224.383s] -- Symlinking: /home/rosbot/dev_ws/install/rosapi_msgs/include/rosapi_msgs/srv/service_providers__rosidl_typesupport_fastrtps_cpp.hpp
[224.415s] -- Symlinking: /home/rosbot/dev_ws/install/rosapi_msgs/include/rosapi_msgs/srv/service_request_details__rosidl_typesupport_fastrtps_cpp.hpp
[224.446s] -- Symlinking: /home/rosbot/dev_ws/install/rosapi_msgs/include/rosapi_msgs/srv/service_response_details__rosidl_typesupport_fastrtps_cpp.hpp
[224.505s] -- Symlinking: /home/rosbot/dev_ws/install/rosapi_msgs/include/rosapi_msgs/srv/service_type__rosidl_typesupport_fastrtps_cpp.hpp
[224.537s] -- Symlinking: /home/rosbot/dev_ws/install/rosapi_msgs/include/rosapi_msgs/srv/services__rosidl_typesupport_fastrtps_cpp.hpp
[224.570s] -- Symlinking: /home/rosbot/dev_ws/install/rosapi_msgs/include/rosapi_msgs/srv/services_for_type__rosidl_typesupport_fastrtps_cpp.hpp
[224.602s] -- Symlinking: /home/rosbot/dev_ws/install/rosapi_msgs/include/rosapi_msgs/srv/set_param__rosidl_typesupport_fastrtps_cpp.hpp
[224.634s] -- Symlinking: /home/rosbot/dev_ws/install/rosapi_msgs/include/rosapi_msgs/srv/subscribers__rosidl_typesupport_fastrtps_cpp.hpp
[224.666s] -- Symlinking: /home/rosbot/dev_ws/install/rosapi_msgs/include/rosapi_msgs/srv/topic_type__rosidl_typesupport_fastrtps_cpp.hpp
[224.698s] -- Symlinking: /home/rosbot/dev_ws/install/rosapi_msgs/include/rosapi_msgs/srv/topics__rosidl_typesupport_fastrtps_cpp.hpp
[224.730s] -- Symlinking: /home/rosbot/dev_ws/install/rosapi_msgs/include/rosapi_msgs/srv/topics_and_raw_types__rosidl_typesupport_fastrtps_cpp.hpp
[224.762s] -- Symlinking: /home/rosbot/dev_ws/install/rosapi_msgs/include/rosapi_msgs/srv/topics_for_type__rosidl_typesupport_fastrtps_cpp.hpp
[224.796s] -- Symlinking: /home/rosbot/dev_ws/install/rosapi_msgs/lib/librosapi_msgs__rosidl_typesupport_fastrtps_cpp.so
[224.828s] -- Symlinking: /home/rosbot/dev_ws/install/rosapi_msgs/share/rosapi_msgs/environment/pythonpath.sh
[224.860s] -- Symlinking: /home/rosbot/dev_ws/install/rosapi_msgs/share/rosapi_msgs/environment/pythonpath.dsv
[224.893s] -- Symlinking: /home/rosbot/dev_ws/install/rosapi_msgs/lib/python3.6/site-packages/rosapi_msgs/__init__.py
[224.927s] -- Symlinking: /home/rosbot/dev_ws/install/rosapi_msgs/lib/python3.6/site-packages/rosapi_msgs/msg/__init__.py
[224.959s] -- Symlinking: /home/rosbot/dev_ws/install/rosapi_msgs/lib/python3.6/site-packages/rosapi_msgs/msg/_type_def.py
[224.993s] -- Symlinking: /home/rosbot/dev_ws/install/rosapi_msgs/lib/python3.6/site-packages/rosapi_msgs/srv/__init__.py
[225.026s] -- Symlinking: /home/rosbot/dev_ws/install/rosapi_msgs/lib/python3.6/site-packages/rosapi_msgs/srv/_delete_param.py
[225.058s] -- Symlinking: /home/rosbot/dev_ws/install/rosapi_msgs/lib/python3.6/site-packages/rosapi_msgs/srv/_get_action_servers.py
[225.089s] -- Symlinking: /home/rosbot/dev_ws/install/rosapi_msgs/lib/python3.6/site-packages/rosapi_msgs/srv/_get_param.py
[225.121s] -- Symlinking: /home/rosbot/dev_ws/install/rosapi_msgs/lib/python3.6/site-packages/rosapi_msgs/srv/_get_param_names.py
[225.153s] -- Symlinking: /home/rosbot/dev_ws/install/rosapi_msgs/lib/python3.6/site-packages/rosapi_msgs/srv/_get_ros_version.py
[225.185s] -- Symlinking: /home/rosbot/dev_ws/install/rosapi_msgs/lib/python3.6/site-packages/rosapi_msgs/srv/_get_time.py
[225.217s] -- Symlinking: /home/rosbot/dev_ws/install/rosapi_msgs/lib/python3.6/site-packages/rosapi_msgs/srv/_has_param.py
[225.249s] -- Symlinking: /home/rosbot/dev_ws/install/rosapi_msgs/lib/python3.6/site-packages/rosapi_msgs/srv/_message_details.py
[225.282s] -- Symlinking: /home/rosbot/dev_ws/install/rosapi_msgs/lib/python3.6/site-packages/rosapi_msgs/srv/_node_details.py
[225.314s] -- Symlinking: /home/rosbot/dev_ws/install/rosapi_msgs/lib/python3.6/site-packages/rosapi_msgs/srv/_nodes.py
[225.345s] -- Symlinking: /home/rosbot/dev_ws/install/rosapi_msgs/lib/python3.6/site-packages/rosapi_msgs/srv/_publishers.py
[225.377s] -- Symlinking: /home/rosbot/dev_ws/install/rosapi_msgs/lib/python3.6/site-packages/rosapi_msgs/srv/_service_node.py
[225.409s] -- Symlinking: /home/rosbot/dev_ws/install/rosapi_msgs/lib/python3.6/site-packages/rosapi_msgs/srv/_service_providers.py
[225.442s] -- Symlinking: /home/rosbot/dev_ws/install/rosapi_msgs/lib/python3.6/site-packages/rosapi_msgs/srv/_service_request_details.py
[225.474s] -- Symlinking: /home/rosbot/dev_ws/install/rosapi_msgs/lib/python3.6/site-packages/rosapi_msgs/srv/_service_response_details.py
[225.506s] -- Symlinking: /home/rosbot/dev_ws/install/rosapi_msgs/lib/python3.6/site-packages/rosapi_msgs/srv/_service_type.py
[225.538s] -- Symlinking: /home/rosbot/dev_ws/install/rosapi_msgs/lib/python3.6/site-packages/rosapi_msgs/srv/_services.py
[225.570s] -- Symlinking: /home/rosbot/dev_ws/install/rosapi_msgs/lib/python3.6/site-packages/rosapi_msgs/srv/_services_for_type.py
[225.602s] -- Symlinking: /home/rosbot/dev_ws/install/rosapi_msgs/lib/python3.6/site-packages/rosapi_msgs/srv/_set_param.py
[225.634s] -- Symlinking: /home/rosbot/dev_ws/install/rosapi_msgs/lib/python3.6/site-packages/rosapi_msgs/srv/_subscribers.py
[225.666s] -- Symlinking: /home/rosbot/dev_ws/install/rosapi_msgs/lib/python3.6/site-packages/rosapi_msgs/srv/_topic_type.py
[225.697s] -- Symlinking: /home/rosbot/dev_ws/install/rosapi_msgs/lib/python3.6/site-packages/rosapi_msgs/srv/_topics.py
[225.729s] -- Symlinking: /home/rosbot/dev_ws/install/rosapi_msgs/lib/python3.6/site-packages/rosapi_msgs/srv/_topics_and_raw_types.py
[225.762s] -- Symlinking: /home/rosbot/dev_ws/install/rosapi_msgs/lib/python3.6/site-packages/rosapi_msgs/srv/_topics_for_type.py
[225.796s] -- Symlinking: /home/rosbot/dev_ws/install/rosapi_msgs/lib/python3.6/site-packages/rosapi_msgs/rosapi_msgs_s__rosidl_typesupport_c.cpython-36m-aarch64-linux-gnu.so
[225.828s] -- Symlinking: /home/rosbot/dev_ws/install/rosapi_msgs/lib/python3.6/site-packages/rosapi_msgs/rosapi_msgs_s__rosidl_typesupport_fastrtps_c.cpython-36m-aarch64-linux-gnu.so
[225.861s] -- Symlinking: /home/rosbot/dev_ws/install/rosapi_msgs/lib/librosapi_msgs__python.so
[225.895s] -- Symlinking: /home/rosbot/dev_ws/install/rosapi_msgs/share/rosapi_msgs/msg/TypeDef.idl
[225.927s] -- Symlinking: /home/rosbot/dev_ws/install/rosapi_msgs/share/rosapi_msgs/srv/DeleteParam.idl
[225.960s] -- Symlinking: /home/rosbot/dev_ws/install/rosapi_msgs/share/rosapi_msgs/srv/GetActionServers.idl
[225.993s] -- Symlinking: /home/rosbot/dev_ws/install/rosapi_msgs/share/rosapi_msgs/srv/GetParam.idl
[226.026s] -- Symlinking: /home/rosbot/dev_ws/install/rosapi_msgs/share/rosapi_msgs/srv/GetParamNames.idl
[226.058s] -- Symlinking: /home/rosbot/dev_ws/install/rosapi_msgs/share/rosapi_msgs/srv/GetROSVersion.idl
[226.090s] -- Symlinking: /home/rosbot/dev_ws/install/rosapi_msgs/share/rosapi_msgs/srv/GetTime.idl
[226.122s] -- Symlinking: /home/rosbot/dev_ws/install/rosapi_msgs/share/rosapi_msgs/srv/HasParam.idl
[226.154s] -- Symlinking: /home/rosbot/dev_ws/install/rosapi_msgs/share/rosapi_msgs/srv/MessageDetails.idl
[226.187s] -- Symlinking: /home/rosbot/dev_ws/install/rosapi_msgs/share/rosapi_msgs/srv/Nodes.idl
[226.219s] -- Symlinking: /home/rosbot/dev_ws/install/rosapi_msgs/share/rosapi_msgs/srv/NodeDetails.idl
[226.250s] -- Symlinking: /home/rosbot/dev_ws/install/rosapi_msgs/share/rosapi_msgs/srv/Publishers.idl
[226.282s] -- Symlinking: /home/rosbot/dev_ws/install/rosapi_msgs/share/rosapi_msgs/srv/ServiceNode.idl
[226.315s] -- Symlinking: /home/rosbot/dev_ws/install/rosapi_msgs/share/rosapi_msgs/srv/ServiceProviders.idl
[226.348s] -- Symlinking: /home/rosbot/dev_ws/install/rosapi_msgs/share/rosapi_msgs/srv/ServiceRequestDetails.idl
[226.382s] -- Symlinking: /home/rosbot/dev_ws/install/rosapi_msgs/share/rosapi_msgs/srv/ServiceResponseDetails.idl
[226.415s] -- Symlinking: /home/rosbot/dev_ws/install/rosapi_msgs/share/rosapi_msgs/srv/Services.idl
[226.447s] -- Symlinking: /home/rosbot/dev_ws/install/rosapi_msgs/share/rosapi_msgs/srv/ServicesForType.idl
[226.478s] -- Symlinking: /home/rosbot/dev_ws/install/rosapi_msgs/share/rosapi_msgs/srv/ServiceType.idl
[226.511s] -- Symlinking: /home/rosbot/dev_ws/install/rosapi_msgs/share/rosapi_msgs/srv/SetParam.idl
[226.544s] -- Symlinking: /home/rosbot/dev_ws/install/rosapi_msgs/share/rosapi_msgs/srv/Subscribers.idl
[226.577s] -- Symlinking: /home/rosbot/dev_ws/install/rosapi_msgs/share/rosapi_msgs/srv/Topics.idl
[226.609s] -- Symlinking: /home/rosbot/dev_ws/install/rosapi_msgs/share/rosapi_msgs/srv/TopicsAndRawTypes.idl
[226.641s] -- Symlinking: /home/rosbot/dev_ws/install/rosapi_msgs/share/rosapi_msgs/srv/TopicsForType.idl
[226.674s] -- Symlinking: /home/rosbot/dev_ws/install/rosapi_msgs/share/rosapi_msgs/srv/TopicType.idl
[226.706s] -- Symlinking: /home/rosbot/dev_ws/install/rosapi_msgs/share/rosapi_msgs/msg/TypeDef.msg
[226.739s] -- Symlinking: /home/rosbot/dev_ws/install/rosapi_msgs/share/rosapi_msgs/srv/DeleteParam.srv
[226.771s] -- Symlinking: /home/rosbot/dev_ws/install/rosapi_msgs/share/rosapi_msgs/srv/DeleteParam_Request.msg
[226.804s] -- Symlinking: /home/rosbot/dev_ws/install/rosapi_msgs/share/rosapi_msgs/srv/DeleteParam_Response.msg
[226.836s] -- Symlinking: /home/rosbot/dev_ws/install/rosapi_msgs/share/rosapi_msgs/srv/GetActionServers.srv
[226.868s] -- Symlinking: /home/rosbot/dev_ws/install/rosapi_msgs/share/rosapi_msgs/srv/GetActionServers_Request.msg
[226.900s] -- Symlinking: /home/rosbot/dev_ws/install/rosapi_msgs/share/rosapi_msgs/srv/GetActionServers_Response.msg
[226.932s] -- Symlinking: /home/rosbot/dev_ws/install/rosapi_msgs/share/rosapi_msgs/srv/GetParam.srv
[226.966s] -- Symlinking: /home/rosbot/dev_ws/install/rosapi_msgs/share/rosapi_msgs/srv/GetParam_Request.msg
[226.998s] -- Symlinking: /home/rosbot/dev_ws/install/rosapi_msgs/share/rosapi_msgs/srv/GetParam_Response.msg
[227.030s] -- Symlinking: /home/rosbot/dev_ws/install/rosapi_msgs/share/rosapi_msgs/srv/GetParamNames.srv
[227.063s] -- Symlinking: /home/rosbot/dev_ws/install/rosapi_msgs/share/rosapi_msgs/srv/GetParamNames_Request.msg
[227.096s] -- Symlinking: /home/rosbot/dev_ws/install/rosapi_msgs/share/rosapi_msgs/srv/GetParamNames_Response.msg
[227.128s] -- Symlinking: /home/rosbot/dev_ws/install/rosapi_msgs/share/rosapi_msgs/srv/GetROSVersion.srv
[227.161s] -- Symlinking: /home/rosbot/dev_ws/install/rosapi_msgs/share/rosapi_msgs/srv/GetROSVersion_Request.msg
[227.193s] -- Symlinking: /home/rosbot/dev_ws/install/rosapi_msgs/share/rosapi_msgs/srv/GetROSVersion_Response.msg
[227.225s] -- Symlinking: /home/rosbot/dev_ws/install/rosapi_msgs/share/rosapi_msgs/srv/GetTime.srv
[227.258s] -- Symlinking: /home/rosbot/dev_ws/install/rosapi_msgs/share/rosapi_msgs/srv/GetTime_Request.msg
[227.291s] -- Symlinking: /home/rosbot/dev_ws/install/rosapi_msgs/share/rosapi_msgs/srv/GetTime_Response.msg
[227.323s] -- Symlinking: /home/rosbot/dev_ws/install/rosapi_msgs/share/rosapi_msgs/srv/HasParam.srv
[227.355s] -- Symlinking: /home/rosbot/dev_ws/install/rosapi_msgs/share/rosapi_msgs/srv/HasParam_Request.msg
[227.387s] -- Symlinking: /home/rosbot/dev_ws/install/rosapi_msgs/share/rosapi_msgs/srv/HasParam_Response.msg
[227.420s] -- Symlinking: /home/rosbot/dev_ws/install/rosapi_msgs/share/rosapi_msgs/srv/MessageDetails.srv
[227.452s] -- Symlinking: /home/rosbot/dev_ws/install/rosapi_msgs/share/rosapi_msgs/srv/MessageDetails_Request.msg
[227.485s] -- Symlinking: /home/rosbot/dev_ws/install/rosapi_msgs/share/rosapi_msgs/srv/MessageDetails_Response.msg
[227.517s] -- Symlinking: /home/rosbot/dev_ws/install/rosapi_msgs/share/rosapi_msgs/srv/Nodes.srv
[227.550s] -- Symlinking: /home/rosbot/dev_ws/install/rosapi_msgs/share/rosapi_msgs/srv/Nodes_Request.msg
[227.582s] -- Symlinking: /home/rosbot/dev_ws/install/rosapi_msgs/share/rosapi_msgs/srv/Nodes_Response.msg
[227.615s] -- Symlinking: /home/rosbot/dev_ws/install/rosapi_msgs/share/rosapi_msgs/srv/NodeDetails.srv
[227.648s] -- Symlinking: /home/rosbot/dev_ws/install/rosapi_msgs/share/rosapi_msgs/srv/NodeDetails_Request.msg
[227.680s] -- Symlinking: /home/rosbot/dev_ws/install/rosapi_msgs/share/rosapi_msgs/srv/NodeDetails_Response.msg
[227.713s] -- Symlinking: /home/rosbot/dev_ws/install/rosapi_msgs/share/rosapi_msgs/srv/Publishers.srv
[227.745s] -- Symlinking: /home/rosbot/dev_ws/install/rosapi_msgs/share/rosapi_msgs/srv/Publishers_Request.msg
[227.778s] -- Symlinking: /home/rosbot/dev_ws/install/rosapi_msgs/share/rosapi_msgs/srv/Publishers_Response.msg
[227.810s] -- Symlinking: /home/rosbot/dev_ws/install/rosapi_msgs/share/rosapi_msgs/srv/ServiceNode.srv
[227.843s] -- Symlinking: /home/rosbot/dev_ws/install/rosapi_msgs/share/rosapi_msgs/srv/ServiceNode_Request.msg
[227.875s] -- Symlinking: /home/rosbot/dev_ws/install/rosapi_msgs/share/rosapi_msgs/srv/ServiceNode_Response.msg
[227.907s] -- Symlinking: /home/rosbot/dev_ws/install/rosapi_msgs/share/rosapi_msgs/srv/ServiceProviders.srv
[227.939s] -- Symlinking: /home/rosbot/dev_ws/install/rosapi_msgs/share/rosapi_msgs/srv/ServiceProviders_Request.msg
[227.972s] -- Symlinking: /home/rosbot/dev_ws/install/rosapi_msgs/share/rosapi_msgs/srv/ServiceProviders_Response.msg
[228.004s] -- Symlinking: /home/rosbot/dev_ws/install/rosapi_msgs/share/rosapi_msgs/srv/ServiceRequestDetails.srv
[228.036s] -- Symlinking: /home/rosbot/dev_ws/install/rosapi_msgs/share/rosapi_msgs/srv/ServiceRequestDetails_Request.msg
[228.069s] -- Symlinking: /home/rosbot/dev_ws/install/rosapi_msgs/share/rosapi_msgs/srv/ServiceRequestDetails_Response.msg
[228.102s] -- Symlinking: /home/rosbot/dev_ws/install/rosapi_msgs/share/rosapi_msgs/srv/ServiceResponseDetails.srv
[228.134s] -- Symlinking: /home/rosbot/dev_ws/install/rosapi_msgs/share/rosapi_msgs/srv/ServiceResponseDetails_Request.msg
[228.167s] -- Symlinking: /home/rosbot/dev_ws/install/rosapi_msgs/share/rosapi_msgs/srv/ServiceResponseDetails_Response.msg
[228.199s] -- Symlinking: /home/rosbot/dev_ws/install/rosapi_msgs/share/rosapi_msgs/srv/Services.srv
[228.231s] -- Symlinking: /home/rosbot/dev_ws/install/rosapi_msgs/share/rosapi_msgs/srv/Services_Request.msg
[228.263s] -- Symlinking: /home/rosbot/dev_ws/install/rosapi_msgs/share/rosapi_msgs/srv/Services_Response.msg
[228.295s] -- Symlinking: /home/rosbot/dev_ws/install/rosapi_msgs/share/rosapi_msgs/srv/ServicesForType.srv
[228.327s] -- Symlinking: /home/rosbot/dev_ws/install/rosapi_msgs/share/rosapi_msgs/srv/ServicesForType_Request.msg
[228.360s] -- Symlinking: /home/rosbot/dev_ws/install/rosapi_msgs/share/rosapi_msgs/srv/ServicesForType_Response.msg
[228.392s] -- Symlinking: /home/rosbot/dev_ws/install/rosapi_msgs/share/rosapi_msgs/srv/ServiceType.srv
[228.425s] -- Symlinking: /home/rosbot/dev_ws/install/rosapi_msgs/share/rosapi_msgs/srv/ServiceType_Request.msg
[228.458s] -- Symlinking: /home/rosbot/dev_ws/install/rosapi_msgs/share/rosapi_msgs/srv/ServiceType_Response.msg
[228.491s] -- Symlinking: /home/rosbot/dev_ws/install/rosapi_msgs/share/rosapi_msgs/srv/SetParam.srv
[228.523s] -- Symlinking: /home/rosbot/dev_ws/install/rosapi_msgs/share/rosapi_msgs/srv/SetParam_Request.msg
[228.556s] -- Symlinking: /home/rosbot/dev_ws/install/rosapi_msgs/share/rosapi_msgs/srv/SetParam_Response.msg
[228.589s] -- Symlinking: /home/rosbot/dev_ws/install/rosapi_msgs/share/rosapi_msgs/srv/Subscribers.srv
[228.621s] -- Symlinking: /home/rosbot/dev_ws/install/rosapi_msgs/share/rosapi_msgs/srv/Subscribers_Request.msg
[228.654s] -- Symlinking: /home/rosbot/dev_ws/install/rosapi_msgs/share/rosapi_msgs/srv/Subscribers_Response.msg
[228.686s] -- Symlinking: /home/rosbot/dev_ws/install/rosapi_msgs/share/rosapi_msgs/srv/Topics.srv
[228.719s] -- Symlinking: /home/rosbot/dev_ws/install/rosapi_msgs/share/rosapi_msgs/srv/Topics_Request.msg
[228.752s] -- Symlinking: /home/rosbot/dev_ws/install/rosapi_msgs/share/rosapi_msgs/srv/Topics_Response.msg
[228.784s] -- Symlinking: /home/rosbot/dev_ws/install/rosapi_msgs/share/rosapi_msgs/srv/TopicsAndRawTypes.srv
[228.816s] -- Symlinking: /home/rosbot/dev_ws/install/rosapi_msgs/share/rosapi_msgs/srv/TopicsAndRawTypes_Request.msg
[228.849s] -- Symlinking: /home/rosbot/dev_ws/install/rosapi_msgs/share/rosapi_msgs/srv/TopicsAndRawTypes_Response.msg
[228.883s] -- Symlinking: /home/rosbot/dev_ws/install/rosapi_msgs/share/rosapi_msgs/srv/TopicsForType.srv
[228.915s] -- Symlinking: /home/rosbot/dev_ws/install/rosapi_msgs/share/rosapi_msgs/srv/TopicsForType_Request.msg
[228.947s] -- Symlinking: /home/rosbot/dev_ws/install/rosapi_msgs/share/rosapi_msgs/srv/TopicsForType_Response.msg
[228.980s] -- Symlinking: /home/rosbot/dev_ws/install/rosapi_msgs/share/rosapi_msgs/srv/TopicType.srv
[229.012s] -- Symlinking: /home/rosbot/dev_ws/install/rosapi_msgs/share/rosapi_msgs/srv/TopicType_Request.msg
[229.044s] -- Symlinking: /home/rosbot/dev_ws/install/rosapi_msgs/share/rosapi_msgs/srv/TopicType_Response.msg
[229.077s] -- Symlinking: /home/rosbot/dev_ws/install/rosapi_msgs/share/ament_index/resource_index/package_run_dependencies/rosapi_msgs
[229.109s] -- Symlinking: /home/rosbot/dev_ws/install/rosapi_msgs/share/ament_index/resource_index/parent_prefix_path/rosapi_msgs
[229.142s] -- Symlinking: /home/rosbot/dev_ws/install/rosapi_msgs/share/rosapi_msgs/environment/ament_prefix_path.sh
[229.174s] -- Symlinking: /home/rosbot/dev_ws/install/rosapi_msgs/share/rosapi_msgs/environment/ament_prefix_path.dsv
[229.206s] -- Symlinking: /home/rosbot/dev_ws/install/rosapi_msgs/share/rosapi_msgs/environment/path.sh
[229.238s] -- Symlinking: /home/rosbot/dev_ws/install/rosapi_msgs/share/rosapi_msgs/environment/path.dsv
[229.271s] -- Symlinking: /home/rosbot/dev_ws/install/rosapi_msgs/share/rosapi_msgs/local_setup.bash
[229.303s] -- Symlinking: /home/rosbot/dev_ws/install/rosapi_msgs/share/rosapi_msgs/local_setup.sh
[229.336s] -- Symlinking: /home/rosbot/dev_ws/install/rosapi_msgs/share/rosapi_msgs/local_setup.zsh
[229.368s] -- Symlinking: /home/rosbot/dev_ws/install/rosapi_msgs/share/rosapi_msgs/local_setup.dsv
[229.400s] -- Symlinking: /home/rosbot/dev_ws/install/rosapi_msgs/share/rosapi_msgs/package.dsv
[229.432s] -- Symlinking: /home/rosbot/dev_ws/install/rosapi_msgs/share/ament_index/resource_index/packages/rosapi_msgs
[229.464s] -- Symlinking: /home/rosbot/dev_ws/install/rosapi_msgs/share/rosapi_msgs/cmake/rosidl_cmake-extras.cmake
[229.512s] -- Symlinking: /home/rosbot/dev_ws/install/rosapi_msgs/share/rosapi_msgs/cmake/ament_cmake_export_dependencies-extras.cmake
[229.547s] -- Symlinking: /home/rosbot/dev_ws/install/rosapi_msgs/share/rosapi_msgs/cmake/ament_cmake_export_include_directories-extras.cmake
[229.579s] -- Symlinking: /home/rosbot/dev_ws/install/rosapi_msgs/share/rosapi_msgs/cmake/ament_cmake_export_libraries-extras.cmake
[229.611s] -- Symlinking: /home/rosbot/dev_ws/install/rosapi_msgs/share/rosapi_msgs/cmake/rosapi_msgsConfig.cmake
[229.644s] -- Symlinking: /home/rosbot/dev_ws/install/rosapi_msgs/share/rosapi_msgs/cmake/rosapi_msgsConfig-version.cmake
[229.677s] -- Symlinking: /home/rosbot/dev_ws/install/rosapi_msgs/share/rosapi_msgs/package.xml
[229.849s] Compiling '/home/rosbot/dev_ws/install/rosapi_msgs/lib/python3.6/site-packages/rosapi_msgs/__init__.py'...
[229.890s] Invoked command in '/home/rosbot/dev_ws/build/rosapi_msgs' returned '0': CMAKE_PREFIX_PATH=/opt/ros/eloquent /usr/bin/cmake --build /home/rosbot/dev_ws/build/rosapi_msgs --target install -- -j4 -l4
