running egg_info
writing ../../build/base/base.egg-info/PKG-INFO
writing dependency_links to ../../build/base/base.egg-info/dependency_links.txt
writing entry points to ../../build/base/base.egg-info/entry_points.txt
writing requirements to ../../build/base/base.egg-info/requires.txt
writing top-level names to ../../build/base/base.egg-info/top_level.txt
reading manifest file '../../build/base/base.egg-info/SOURCES.txt'
writing manifest file '../../build/base/base.egg-info/SOURCES.txt'
running build
running build_py
copying base/pca.py -> /home/rosbot/dev_ws/build/base/build/lib/base
running install
running install_lib
copying /home/rosbot/dev_ws/build/base/build/lib/base/pca.py -> /home/rosbot/dev_ws/install/base/lib/python3.6/site-packages/base
byte-compiling /home/rosbot/dev_ws/install/base/lib/python3.6/site-packages/base/pca.py to pca.cpython-36.pyc
running install_data
running install_egg_info
removing '/home/rosbot/dev_ws/install/base/lib/python3.6/site-packages/base-0.0.0-py3.6.egg-info' (and everything under it)
Copying ../../build/base/base.egg-info to /home/rosbot/dev_ws/install/base/lib/python3.6/site-packages/base-0.0.0-py3.6.egg-info
running install_scripts
Installing drivetrain script to /home/rosbot/dev_ws/install/base/lib/base_tmp
Installing pca script to /home/rosbot/dev_ws/install/base/lib/base_tmp
Installing tester script to /home/rosbot/dev_ws/install/base/lib/base_tmp
writing list of installed files to '/home/rosbot/dev_ws/build/base/install.log'
