-- Found ament_cmake: 0.8.3 (/opt/ros/eloquent/share/ament_cmake/cmake)
-- Found PythonInterp: /usr/bin/python3 (found suitable version "3.6.9", minimum required is "3") 
-- Using PYTHON_EXECUTABLE: /usr/bin/python3
-- Override CMake install command with custom implementation using symlinks instead of copying resources
-- Found rosidl_default_generators: 0.8.0 (/opt/ros/eloquent/share/rosidl_default_generators/cmake)
-- Found rosidl_adapter: 0.8.3 (/opt/ros/eloquent/share/rosidl_adapter/cmake)
-- Found PythonInterp: /usr/bin/python3 (found version "3.6.9") 
-- Using single matching rosidl_typesupport_c: rosidl_typesupport_fastrtps_c
-- Using single matching rosidl_typesupport_cpp: rosidl_typesupport_fastrtps_cpp
-- Found rmw_implementation_cmake: 0.8.1 (/opt/ros/eloquent/share/rmw_implementation_cmake/cmake)
-- Found PythonInterp: /usr/bin/python3 (found suitable version "3.6.9", minimum required is "3.5") 
-- Found python_cmake_module: 0.8.0 (/opt/ros/eloquent/share/python_cmake_module/cmake)
-- Using PYTHON_EXECUTABLE: /usr/bin/python3
-- Using PYTHON_INCLUDE_DIRS: /usr/include/python3.6m
-- Using PYTHON_LIBRARIES: /usr/lib/aarch64-linux-gnu/libpython3.6m.so
-- Found ament_lint_auto: 0.8.2 (/opt/ros/eloquent/share/ament_lint_auto/cmake)
-- Added test 'lint_cmake' to check CMake code style
-- Added test 'xmllint' to check XML markup files
-- Configuring done
-- Generating done
-- Build files have been written to: /home/rosbot/dev_ws/build/interfaces
[  3%] Built target interfaces__cpp
[  6%] [32m[1mLinking C shared library libinterfaces__rosidl_generator_c.so[0m
[ 10%] [32m[1mLinking CXX shared library libinterfaces__rosidl_typesupport_introspection_cpp.so[0m
[ 13%] [32m[1mLinking CXX shared library libinterfaces__rosidl_typesupport_fastrtps_cpp.so[0m
[ 20%] Built target interfaces__rosidl_generator_c
[ 24%] [32m[1mLinking C shared library libinterfaces__rosidl_typesupport_introspection_c.so[0m
[ 31%] Built target interfaces__rosidl_typesupport_introspection_cpp
[ 37%] Built target interfaces__rosidl_typesupport_introspection_c
[ 44%] Built target interfaces__rosidl_typesupport_fastrtps_cpp
[ 48%] [32m[1mLinking CXX shared library libinterfaces__rosidl_typesupport_cpp.so[0m
[ 51%] [32m[1mLinking CXX shared library libinterfaces__rosidl_typesupport_fastrtps_c.so[0m
[ 58%] Built target interfaces__rosidl_typesupport_fastrtps_c
[ 65%] Built target interfaces__rosidl_typesupport_cpp
[ 68%] [32m[1mLinking CXX shared library libinterfaces__rosidl_typesupport_c.so[0m
[ 75%] Built target interfaces__rosidl_typesupport_c
[ 75%] Built target interfaces
[ 79%] Built target interfaces__py
[ 82%] [32m[1mLinking CXX shared library rosidl_generator_py/interfaces/libinterfaces__python.so[0m
[ 86%] Built target interfaces__python
[ 89%] [32m[1mLinking CXX shared library rosidl_generator_py/interfaces/interfaces_s__rosidl_typesupport_fastrtps_c.cpython-36m-aarch64-linux-gnu.so[0m
[ 93%] [32m[1mLinking CXX shared library rosidl_generator_py/interfaces/interfaces_s__rosidl_typesupport_c.cpython-36m-aarch64-linux-gnu.so[0m
[ 96%] Built target interfaces__rosidl_typesupport_fastrtps_c__pyext
[100%] Built target interfaces__rosidl_typesupport_c__pyext
[ 10%] Built target interfaces__rosidl_generator_c
[ 13%] Built target interfaces__cpp
[ 24%] Built target interfaces__rosidl_typesupport_introspection_c
[ 34%] Built target interfaces__rosidl_typesupport_introspection_cpp
[ 44%] Built target interfaces__rosidl_typesupport_fastrtps_cpp
[ 55%] Built target interfaces__rosidl_typesupport_cpp
[ 65%] Built target interfaces__rosidl_typesupport_fastrtps_c
[ 75%] Built target interfaces__rosidl_typesupport_c
[ 75%] Built target interfaces
[ 79%] Built target interfaces__py
[ 86%] Built target interfaces__python
[ 93%] Built target interfaces__rosidl_typesupport_fastrtps_c__pyext
[100%] Built target interfaces__rosidl_typesupport_c__pyext
[36mInstall the project...[0m
-- Install configuration: ""
-- Execute custom install script
-- Symlinking: /home/rosbot/dev_ws/install/interfaces/share/ament_index/resource_index/rosidl_interfaces/interfaces
-- Symlinking: /home/rosbot/dev_ws/install/interfaces/lib/libinterfaces__rosidl_typesupport_c.so
-- Symlinking: /home/rosbot/dev_ws/install/interfaces/share/interfaces/environment/library_path.sh
-- Symlinking: /home/rosbot/dev_ws/install/interfaces/share/interfaces/environment/library_path.dsv
-- Symlinking: /home/rosbot/dev_ws/install/interfaces/lib/libinterfaces__rosidl_typesupport_cpp.so
-- Symlinking: /home/rosbot/dev_ws/install/interfaces/include/interfaces/msg/rosidl_typesupport_fastrtps_c__visibility_control.h
-- Symlinking: /home/rosbot/dev_ws/install/interfaces/include/interfaces/msg/vector2__rosidl_typesupport_fastrtps_c.h
-- Symlinking: /home/rosbot/dev_ws/install/interfaces/lib/libinterfaces__rosidl_typesupport_fastrtps_c.so
-- Symlinking: /home/rosbot/dev_ws/install/interfaces/include/interfaces/msg/rosidl_generator_c__visibility_control.h
-- Symlinking: /home/rosbot/dev_ws/install/interfaces/include/interfaces/msg/vector2.h
-- Symlinking: /home/rosbot/dev_ws/install/interfaces/include/interfaces/msg/vector2__functions.h
-- Symlinking: /home/rosbot/dev_ws/install/interfaces/include/interfaces/msg/vector2__struct.h
-- Symlinking: /home/rosbot/dev_ws/install/interfaces/include/interfaces/msg/vector2__type_support.h
-- Symlinking: /home/rosbot/dev_ws/install/interfaces/lib/libinterfaces__rosidl_generator_c.so
-- Symlinking: /home/rosbot/dev_ws/install/interfaces/include/interfaces/msg/rosidl_typesupport_fastrtps_cpp__visibility_control.h
-- Symlinking: /home/rosbot/dev_ws/install/interfaces/include/interfaces/msg/vector2__rosidl_typesupport_fastrtps_cpp.hpp
-- Symlinking: /home/rosbot/dev_ws/install/interfaces/lib/libinterfaces__rosidl_typesupport_fastrtps_cpp.so
-- Symlinking: /home/rosbot/dev_ws/install/interfaces/include/interfaces/msg/vector2.hpp
-- Symlinking: /home/rosbot/dev_ws/install/interfaces/include/interfaces/msg/vector2__struct.hpp
-- Symlinking: /home/rosbot/dev_ws/install/interfaces/include/interfaces/msg/vector2__traits.hpp
-- Symlinking: /home/rosbot/dev_ws/install/interfaces/include/interfaces/msg/rosidl_typesupport_introspection_c__visibility_control.h
-- Symlinking: /home/rosbot/dev_ws/install/interfaces/include/interfaces/msg/vector2__rosidl_typesupport_introspection_c.h
-- Symlinking: /home/rosbot/dev_ws/install/interfaces/lib/libinterfaces__rosidl_typesupport_introspection_c.so
-- Symlinking: /home/rosbot/dev_ws/install/interfaces/include/interfaces/msg/vector2__rosidl_typesupport_introspection_cpp.hpp
-- Symlinking: /home/rosbot/dev_ws/install/interfaces/lib/libinterfaces__rosidl_typesupport_introspection_cpp.so
-- Symlinking: /home/rosbot/dev_ws/install/interfaces/share/interfaces/environment/pythonpath.sh
-- Symlinking: /home/rosbot/dev_ws/install/interfaces/share/interfaces/environment/pythonpath.dsv
-- Symlinking: /home/rosbot/dev_ws/install/interfaces/lib/python3.6/site-packages/interfaces/__init__.py
-- Symlinking: /home/rosbot/dev_ws/install/interfaces/lib/python3.6/site-packages/interfaces/msg/__init__.py
-- Symlinking: /home/rosbot/dev_ws/install/interfaces/lib/python3.6/site-packages/interfaces/msg/_vector2.py
-- Symlinking: /home/rosbot/dev_ws/install/interfaces/lib/python3.6/site-packages/interfaces/interfaces_s__rosidl_typesupport_c.cpython-36m-aarch64-linux-gnu.so
-- Symlinking: /home/rosbot/dev_ws/install/interfaces/lib/python3.6/site-packages/interfaces/interfaces_s__rosidl_typesupport_fastrtps_c.cpython-36m-aarch64-linux-gnu.so
-- Symlinking: /home/rosbot/dev_ws/install/interfaces/lib/libinterfaces__python.so
-- Symlinking: /home/rosbot/dev_ws/install/interfaces/share/interfaces/msg/Vector2.idl
-- Symlinking: /home/rosbot/dev_ws/install/interfaces/share/interfaces/msg/Vector2.msg
-- Symlinking: /home/rosbot/dev_ws/install/interfaces/share/ament_index/resource_index/package_run_dependencies/interfaces
-- Symlinking: /home/rosbot/dev_ws/install/interfaces/share/ament_index/resource_index/parent_prefix_path/interfaces
-- Symlinking: /home/rosbot/dev_ws/install/interfaces/share/interfaces/environment/ament_prefix_path.sh
-- Symlinking: /home/rosbot/dev_ws/install/interfaces/share/interfaces/environment/ament_prefix_path.dsv
-- Symlinking: /home/rosbot/dev_ws/install/interfaces/share/interfaces/environment/path.sh
-- Symlinking: /home/rosbot/dev_ws/install/interfaces/share/interfaces/environment/path.dsv
-- Symlinking: /home/rosbot/dev_ws/install/interfaces/share/interfaces/local_setup.bash
-- Symlinking: /home/rosbot/dev_ws/install/interfaces/share/interfaces/local_setup.sh
-- Symlinking: /home/rosbot/dev_ws/install/interfaces/share/interfaces/local_setup.zsh
-- Symlinking: /home/rosbot/dev_ws/install/interfaces/share/interfaces/local_setup.dsv
-- Symlinking: /home/rosbot/dev_ws/install/interfaces/share/interfaces/package.dsv
-- Symlinking: /home/rosbot/dev_ws/install/interfaces/share/ament_index/resource_index/packages/interfaces
-- Symlinking: /home/rosbot/dev_ws/install/interfaces/share/interfaces/cmake/rosidl_cmake-extras.cmake
-- Symlinking: /home/rosbot/dev_ws/install/interfaces/share/interfaces/cmake/ament_cmake_export_libraries-extras.cmake
-- Symlinking: /home/rosbot/dev_ws/install/interfaces/share/interfaces/cmake/ament_cmake_export_include_directories-extras.cmake
-- Symlinking: /home/rosbot/dev_ws/install/interfaces/share/interfaces/cmake/interfacesConfig.cmake
-- Symlinking: /home/rosbot/dev_ws/install/interfaces/share/interfaces/cmake/interfacesConfig-version.cmake
-- Symlinking: /home/rosbot/dev_ws/install/interfaces/share/interfaces/package.xml
Compiling '/home/rosbot/dev_ws/install/interfaces/lib/python3.6/site-packages/interfaces/__init__.py'...
