[0.205s] Invoking command in '/home/rosbot/dev_ws/build/interfaces': CMAKE_PREFIX_PATH=/opt/ros/eloquent /usr/bin/cmake /home/rosbot/dev_ws/src/interfaces -DAMENT_CMAKE_SYMLINK_INSTALL=1 -DCMAKE_INSTALL_PREFIX=/home/rosbot/dev_ws/install/interfaces
[0.270s] -- Found ament_cmake: 0.8.3 (/opt/ros/eloquent/share/ament_cmake/cmake)
[0.391s] -- Found PythonInterp: /usr/bin/python3 (found suitable version "3.6.9", minimum required is "3") 
[0.392s] -- Using PYTHON_EXECUTABLE: /usr/bin/python3
[1.608s] -- Override CMake install command with custom implementation using symlinks instead of copying resources
[1.633s] -- Found rosidl_default_generators: 0.8.0 (/opt/ros/eloquent/share/rosidl_default_generators/cmake)
[1.946s] -- Found rosidl_adapter: 0.8.3 (/opt/ros/eloquent/share/rosidl_adapter/cmake)
[2.378s] -- Found PythonInterp: /usr/bin/python3 (found version "3.6.9") 
[3.361s] -- Using single matching rosidl_typesupport_c: rosidl_typesupport_fastrtps_c
[3.387s] -- Using single matching rosidl_typesupport_cpp: rosidl_typesupport_fastrtps_cpp
[4.062s] -- Found rmw_implementation_cmake: 0.8.1 (/opt/ros/eloquent/share/rmw_implementation_cmake/cmake)
[4.196s] -- Found PythonInterp: /usr/bin/python3 (found suitable version "3.6.9", minimum required is "3.5") 
[4.197s] -- Found python_cmake_module: 0.8.0 (/opt/ros/eloquent/share/python_cmake_module/cmake)
[4.408s] -- Using PYTHON_EXECUTABLE: /usr/bin/python3
[4.408s] -- Using PYTHON_INCLUDE_DIRS: /usr/include/python3.6m
[4.409s] -- Using PYTHON_LIBRARIES: /usr/lib/aarch64-linux-gnu/libpython3.6m.so
[4.956s] -- Found ament_lint_auto: 0.8.2 (/opt/ros/eloquent/share/ament_lint_auto/cmake)
[5.095s] -- Added test 'lint_cmake' to check CMake code style
[5.111s] -- Added test 'xmllint' to check XML markup files
[5.151s] -- Configuring done
[5.480s] -- Generating done
[5.499s] -- Build files have been written to: /home/rosbot/dev_ws/build/interfaces
[5.531s] Invoked command in '/home/rosbot/dev_ws/build/interfaces' returned '0': CMAKE_PREFIX_PATH=/opt/ros/eloquent /usr/bin/cmake /home/rosbot/dev_ws/src/interfaces -DAMENT_CMAKE_SYMLINK_INSTALL=1 -DCMAKE_INSTALL_PREFIX=/home/rosbot/dev_ws/install/interfaces
[5.541s] Invoking command in '/home/rosbot/dev_ws/build/interfaces': CMAKE_PREFIX_PATH=/opt/ros/eloquent /usr/bin/cmake --build /home/rosbot/dev_ws/build/interfaces -- -j4 -l4
[6.070s] [  3%] Built target interfaces__cpp
[6.166s] [  6%] [32m[1mLinking C shared library libinterfaces__rosidl_generator_c.so[0m
[6.384s] [ 10%] [32m[1mLinking CXX shared library libinterfaces__rosidl_typesupport_introspection_cpp.so[0m
[6.430s] [ 13%] [32m[1mLinking CXX shared library libinterfaces__rosidl_typesupport_fastrtps_cpp.so[0m
[6.496s] [ 20%] Built target interfaces__rosidl_generator_c
[6.748s] [ 24%] [32m[1mLinking C shared library libinterfaces__rosidl_typesupport_introspection_c.so[0m
[6.837s] [ 31%] Built target interfaces__rosidl_typesupport_introspection_cpp
[6.990s] [ 37%] Built target interfaces__rosidl_typesupport_introspection_c
[7.285s] [ 44%] Built target interfaces__rosidl_typesupport_fastrtps_cpp
[7.590s] [ 48%] [32m[1mLinking CXX shared library libinterfaces__rosidl_typesupport_cpp.so[0m
[7.591s] [ 51%] [32m[1mLinking CXX shared library libinterfaces__rosidl_typesupport_fastrtps_c.so[0m
[8.158s] [ 58%] Built target interfaces__rosidl_typesupport_fastrtps_c
[8.426s] [ 65%] Built target interfaces__rosidl_typesupport_cpp
[8.530s] [ 68%] [32m[1mLinking CXX shared library libinterfaces__rosidl_typesupport_c.so[0m
[9.064s] [ 75%] Built target interfaces__rosidl_typesupport_c
[9.325s] [ 75%] Built target interfaces
[9.728s] [ 79%] Built target interfaces__py
[10.123s] [ 82%] [32m[1mLinking CXX shared library rosidl_generator_py/interfaces/libinterfaces__python.so[0m
[10.763s] [ 86%] Built target interfaces__python
[10.964s] [ 89%] [32m[1mLinking CXX shared library rosidl_generator_py/interfaces/interfaces_s__rosidl_typesupport_fastrtps_c.cpython-36m-aarch64-linux-gnu.so[0m
[11.050s] [ 93%] [32m[1mLinking CXX shared library rosidl_generator_py/interfaces/interfaces_s__rosidl_typesupport_c.cpython-36m-aarch64-linux-gnu.so[0m
[11.375s] [ 96%] Built target interfaces__rosidl_typesupport_fastrtps_c__pyext
[11.550s] [100%] Built target interfaces__rosidl_typesupport_c__pyext
[11.690s] Invoked command in '/home/rosbot/dev_ws/build/interfaces' returned '0': CMAKE_PREFIX_PATH=/opt/ros/eloquent /usr/bin/cmake --build /home/rosbot/dev_ws/build/interfaces -- -j4 -l4
[12.809s] Invoking command in '/home/rosbot/dev_ws/build/interfaces': CMAKE_PREFIX_PATH=/opt/ros/eloquent /usr/bin/cmake --build /home/rosbot/dev_ws/build/interfaces --target install -- -j4 -l4
[13.306s] [ 10%] Built target interfaces__rosidl_generator_c
[13.314s] [ 13%] Built target interfaces__cpp
[13.573s] [ 24%] Built target interfaces__rosidl_typesupport_introspection_c
[13.577s] [ 34%] Built target interfaces__rosidl_typesupport_introspection_cpp
[13.605s] [ 44%] Built target interfaces__rosidl_typesupport_fastrtps_cpp
[13.830s] [ 55%] Built target interfaces__rosidl_typesupport_cpp
[13.879s] [ 65%] Built target interfaces__rosidl_typesupport_fastrtps_c
[14.185s] [ 75%] Built target interfaces__rosidl_typesupport_c
[14.399s] [ 75%] Built target interfaces
[14.657s] [ 79%] Built target interfaces__py
[14.946s] [ 86%] Built target interfaces__python
[15.206s] [ 93%] Built target interfaces__rosidl_typesupport_fastrtps_c__pyext
[15.257s] [100%] Built target interfaces__rosidl_typesupport_c__pyext
[15.441s] [36mInstall the project...[0m
[15.522s] -- Install configuration: ""
[15.529s] -- Execute custom install script
[15.532s] -- Symlinking: /home/rosbot/dev_ws/install/interfaces/share/ament_index/resource_index/rosidl_interfaces/interfaces
[15.585s] -- Symlinking: /home/rosbot/dev_ws/install/interfaces/lib/libinterfaces__rosidl_typesupport_c.so
[15.623s] -- Symlinking: /home/rosbot/dev_ws/install/interfaces/share/interfaces/environment/library_path.sh
[15.704s] -- Symlinking: /home/rosbot/dev_ws/install/interfaces/share/interfaces/environment/library_path.dsv
[15.787s] -- Symlinking: /home/rosbot/dev_ws/install/interfaces/lib/libinterfaces__rosidl_typesupport_cpp.so
[15.868s] -- Symlinking: /home/rosbot/dev_ws/install/interfaces/include/interfaces/msg/rosidl_typesupport_fastrtps_c__visibility_control.h
[15.943s] -- Symlinking: /home/rosbot/dev_ws/install/interfaces/include/interfaces/msg/vector2__rosidl_typesupport_fastrtps_c.h
[16.023s] -- Symlinking: /home/rosbot/dev_ws/install/interfaces/lib/libinterfaces__rosidl_typesupport_fastrtps_c.so
[16.101s] -- Symlinking: /home/rosbot/dev_ws/install/interfaces/include/interfaces/msg/rosidl_generator_c__visibility_control.h
[16.187s] -- Symlinking: /home/rosbot/dev_ws/install/interfaces/include/interfaces/msg/vector2.h
[16.261s] -- Symlinking: /home/rosbot/dev_ws/install/interfaces/include/interfaces/msg/vector2__functions.h
[16.343s] -- Symlinking: /home/rosbot/dev_ws/install/interfaces/include/interfaces/msg/vector2__struct.h
[16.423s] -- Symlinking: /home/rosbot/dev_ws/install/interfaces/include/interfaces/msg/vector2__type_support.h
[16.504s] -- Symlinking: /home/rosbot/dev_ws/install/interfaces/lib/libinterfaces__rosidl_generator_c.so
[16.585s] -- Symlinking: /home/rosbot/dev_ws/install/interfaces/include/interfaces/msg/rosidl_typesupport_fastrtps_cpp__visibility_control.h
[16.663s] -- Symlinking: /home/rosbot/dev_ws/install/interfaces/include/interfaces/msg/vector2__rosidl_typesupport_fastrtps_cpp.hpp
[16.740s] -- Symlinking: /home/rosbot/dev_ws/install/interfaces/lib/libinterfaces__rosidl_typesupport_fastrtps_cpp.so
[16.826s] -- Symlinking: /home/rosbot/dev_ws/install/interfaces/include/interfaces/msg/vector2.hpp
[16.911s] -- Symlinking: /home/rosbot/dev_ws/install/interfaces/include/interfaces/msg/vector2__struct.hpp
[16.986s] -- Symlinking: /home/rosbot/dev_ws/install/interfaces/include/interfaces/msg/vector2__traits.hpp
[17.068s] -- Symlinking: /home/rosbot/dev_ws/install/interfaces/include/interfaces/msg/rosidl_typesupport_introspection_c__visibility_control.h
[17.150s] -- Symlinking: /home/rosbot/dev_ws/install/interfaces/include/interfaces/msg/vector2__rosidl_typesupport_introspection_c.h
[17.232s] -- Symlinking: /home/rosbot/dev_ws/install/interfaces/lib/libinterfaces__rosidl_typesupport_introspection_c.so
[17.313s] -- Symlinking: /home/rosbot/dev_ws/install/interfaces/include/interfaces/msg/vector2__rosidl_typesupport_introspection_cpp.hpp
[17.405s] -- Symlinking: /home/rosbot/dev_ws/install/interfaces/lib/libinterfaces__rosidl_typesupport_introspection_cpp.so
[17.503s] -- Symlinking: /home/rosbot/dev_ws/install/interfaces/share/interfaces/environment/pythonpath.sh
[17.613s] -- Symlinking: /home/rosbot/dev_ws/install/interfaces/share/interfaces/environment/pythonpath.dsv
[17.700s] -- Symlinking: /home/rosbot/dev_ws/install/interfaces/lib/python3.6/site-packages/interfaces/__init__.py
[17.847s] -- Symlinking: /home/rosbot/dev_ws/install/interfaces/lib/python3.6/site-packages/interfaces/msg/__init__.py
[17.972s] -- Symlinking: /home/rosbot/dev_ws/install/interfaces/lib/python3.6/site-packages/interfaces/msg/_vector2.py
[18.094s] -- Symlinking: /home/rosbot/dev_ws/install/interfaces/lib/python3.6/site-packages/interfaces/interfaces_s__rosidl_typesupport_c.cpython-36m-aarch64-linux-gnu.so
[18.209s] -- Symlinking: /home/rosbot/dev_ws/install/interfaces/lib/python3.6/site-packages/interfaces/interfaces_s__rosidl_typesupport_fastrtps_c.cpython-36m-aarch64-linux-gnu.so
[18.328s] -- Symlinking: /home/rosbot/dev_ws/install/interfaces/lib/libinterfaces__python.so
[18.441s] -- Symlinking: /home/rosbot/dev_ws/install/interfaces/share/interfaces/msg/Vector2.idl
[18.550s] -- Symlinking: /home/rosbot/dev_ws/install/interfaces/share/interfaces/msg/Vector2.msg
[18.642s] -- Symlinking: /home/rosbot/dev_ws/install/interfaces/share/ament_index/resource_index/package_run_dependencies/interfaces
[18.731s] -- Symlinking: /home/rosbot/dev_ws/install/interfaces/share/ament_index/resource_index/parent_prefix_path/interfaces
[18.844s] -- Symlinking: /home/rosbot/dev_ws/install/interfaces/share/interfaces/environment/ament_prefix_path.sh
[18.960s] -- Symlinking: /home/rosbot/dev_ws/install/interfaces/share/interfaces/environment/ament_prefix_path.dsv
[19.076s] -- Symlinking: /home/rosbot/dev_ws/install/interfaces/share/interfaces/environment/path.sh
[19.180s] -- Symlinking: /home/rosbot/dev_ws/install/interfaces/share/interfaces/environment/path.dsv
[19.262s] -- Symlinking: /home/rosbot/dev_ws/install/interfaces/share/interfaces/local_setup.bash
[19.328s] -- Symlinking: /home/rosbot/dev_ws/install/interfaces/share/interfaces/local_setup.sh
[19.404s] -- Symlinking: /home/rosbot/dev_ws/install/interfaces/share/interfaces/local_setup.zsh
[19.484s] -- Symlinking: /home/rosbot/dev_ws/install/interfaces/share/interfaces/local_setup.dsv
[19.556s] -- Symlinking: /home/rosbot/dev_ws/install/interfaces/share/interfaces/package.dsv
[19.636s] -- Symlinking: /home/rosbot/dev_ws/install/interfaces/share/ament_index/resource_index/packages/interfaces
[19.758s] -- Symlinking: /home/rosbot/dev_ws/install/interfaces/share/interfaces/cmake/rosidl_cmake-extras.cmake
[19.848s] -- Symlinking: /home/rosbot/dev_ws/install/interfaces/share/interfaces/cmake/ament_cmake_export_libraries-extras.cmake
[19.916s] -- Symlinking: /home/rosbot/dev_ws/install/interfaces/share/interfaces/cmake/ament_cmake_export_include_directories-extras.cmake
[19.994s] -- Symlinking: /home/rosbot/dev_ws/install/interfaces/share/interfaces/cmake/interfacesConfig.cmake
[20.090s] -- Symlinking: /home/rosbot/dev_ws/install/interfaces/share/interfaces/cmake/interfacesConfig-version.cmake
[20.180s] -- Symlinking: /home/rosbot/dev_ws/install/interfaces/share/interfaces/package.xml
[20.667s] Compiling '/home/rosbot/dev_ws/install/interfaces/lib/python3.6/site-packages/interfaces/__init__.py'...
[20.770s] Invoked command in '/home/rosbot/dev_ws/build/interfaces' returned '0': CMAKE_PREFIX_PATH=/opt/ros/eloquent /usr/bin/cmake --build /home/rosbot/dev_ws/build/interfaces --target install -- -j4 -l4
