[4.572s] DEBUG:colcon:Command line arguments: ['/home/rosbot/.local/bin/colcon', 'build', '--packages-select', 'base']
[4.573s] DEBUG:colcon:Parsed command line arguments: Namespace(ament_cmake_args=None, base_paths=['.'], build_base='build', catkin_cmake_args=None, catkin_skip_building_tests=False, cmake_args=None, cmake_clean_cache=False, cmake_clean_first=False, cmake_force_configure=False, cmake_target=None, cmake_target_skip_unavailable=False, continue_on_error=False, event_handlers=None, executor='parallel', ignore_user_meta=False, install_base='install', log_base=None, log_level=None, main=<bound method BuildVerb.main of <colcon_core.verb.build.BuildVerb object at 0x7fa1657eb8>>, merge_install=False, metas=['./colcon.meta'], packages_above=None, packages_above_and_dependencies=None, packages_above_depth=None, packages_end=None, packages_ignore=None, packages_ignore_regex=None, packages_select=['base'], packages_select_build_failed=False, packages_select_by_dep=None, packages_select_regex=None, packages_select_test_failures=False, packages_skip=None, packages_skip_build_finished=False, packages_skip_by_dep=None, packages_skip_regex=None, packages_skip_test_passed=False, packages_skip_up_to=None, packages_start=None, packages_up_to=None, packages_up_to_regex=None, parallel_workers=4, paths=None, symlink_install=False, test_result_base=None, verb_extension=<colcon_core.verb.build.BuildVerb object at 0x7fa1657eb8>, verb_name='build', verb_parser=<colcon_defaults.argument_parser.defaults.DefaultArgumentsDecorator object at 0x7fa1549390>)
[4.881s] Level 1:colcon.colcon_core.package_discovery:discover_packages(colcon_meta) check parameters
[4.881s] Level 1:colcon.colcon_core.package_discovery:discover_packages(recursive) check parameters
[4.881s] Level 1:colcon.colcon_core.package_discovery:discover_packages(ignore) check parameters
[4.882s] Level 1:colcon.colcon_core.package_discovery:discover_packages(path) check parameters
[4.882s] Level 1:colcon.colcon_core.package_discovery:discover_packages(colcon_meta) discover
[4.883s] Level 1:colcon.colcon_core.package_discovery:discover_packages(recursive) discover
[4.884s] INFO:colcon.colcon_core.package_discovery:Crawling recursively for packages in '/home/rosbot/dev_ws'
[4.884s] Level 1:colcon.colcon_core.package_identification:_identify(.) by extensions ['ignore', 'ignore_ament_install']
[4.884s] Level 1:colcon.colcon_core.package_identification:_identify(.) by extension 'ignore'
[4.885s] Level 1:colcon.colcon_core.package_identification:_identify(.) by extension 'ignore_ament_install'
[4.885s] Level 1:colcon.colcon_core.package_identification:_identify(.) by extensions ['colcon_pkg']
[4.885s] Level 1:colcon.colcon_core.package_identification:_identify(.) by extension 'colcon_pkg'
[4.886s] Level 1:colcon.colcon_core.package_identification:_identify(.) by extensions ['colcon_meta']
[4.886s] Level 1:colcon.colcon_core.package_identification:_identify(.) by extension 'colcon_meta'
[4.886s] Level 1:colcon.colcon_core.package_identification:_identify(.) by extensions ['ros']
[4.886s] Level 1:colcon.colcon_core.package_identification:_identify(.) by extension 'ros'
[5.063s] Level 1:colcon.colcon_core.package_identification:_identify(.) by extensions ['cmake', 'python']
[5.063s] Level 1:colcon.colcon_core.package_identification:_identify(.) by extension 'cmake'
[5.064s] Level 1:colcon.colcon_core.package_identification:_identify(.) by extension 'python'
[5.064s] Level 1:colcon.colcon_core.package_identification:_identify(.) by extensions ['python_setup_py']
[5.064s] Level 1:colcon.colcon_core.package_identification:_identify(.) by extension 'python_setup_py'
[5.065s] Level 1:colcon.colcon_core.package_identification:_identify(build) by extensions ['ignore', 'ignore_ament_install']
[5.066s] Level 1:colcon.colcon_core.package_identification:_identify(build) by extension 'ignore'
[5.066s] Level 1:colcon.colcon_core.package_identification:_identify(build) ignored
[5.068s] Level 1:colcon.colcon_core.package_identification:_identify(install) by extensions ['ignore', 'ignore_ament_install']
[5.068s] Level 1:colcon.colcon_core.package_identification:_identify(install) by extension 'ignore'
[5.068s] Level 1:colcon.colcon_core.package_identification:_identify(install) ignored
[5.069s] Level 1:colcon.colcon_core.package_identification:_identify(log) by extensions ['ignore', 'ignore_ament_install']
[5.070s] Level 1:colcon.colcon_core.package_identification:_identify(log) by extension 'ignore'
[5.070s] Level 1:colcon.colcon_core.package_identification:_identify(log) ignored
[5.070s] Level 1:colcon.colcon_core.package_identification:_identify(src) by extensions ['ignore', 'ignore_ament_install']
[5.071s] Level 1:colcon.colcon_core.package_identification:_identify(src) by extension 'ignore'
[5.071s] Level 1:colcon.colcon_core.package_identification:_identify(src) by extension 'ignore_ament_install'
[5.071s] Level 1:colcon.colcon_core.package_identification:_identify(src) by extensions ['colcon_pkg']
[5.071s] Level 1:colcon.colcon_core.package_identification:_identify(src) by extension 'colcon_pkg'
[5.072s] Level 1:colcon.colcon_core.package_identification:_identify(src) by extensions ['colcon_meta']
[5.072s] Level 1:colcon.colcon_core.package_identification:_identify(src) by extension 'colcon_meta'
[5.072s] Level 1:colcon.colcon_core.package_identification:_identify(src) by extensions ['ros']
[5.072s] Level 1:colcon.colcon_core.package_identification:_identify(src) by extension 'ros'
[5.073s] Level 1:colcon.colcon_core.package_identification:_identify(src) by extensions ['cmake', 'python']
[5.073s] Level 1:colcon.colcon_core.package_identification:_identify(src) by extension 'cmake'
[5.073s] Level 1:colcon.colcon_core.package_identification:_identify(src) by extension 'python'
[5.074s] Level 1:colcon.colcon_core.package_identification:_identify(src) by extensions ['python_setup_py']
[5.074s] Level 1:colcon.colcon_core.package_identification:_identify(src) by extension 'python_setup_py'
[5.074s] Level 1:colcon.colcon_core.package_identification:_identify(src/base) by extensions ['ignore', 'ignore_ament_install']
[5.075s] Level 1:colcon.colcon_core.package_identification:_identify(src/base) by extension 'ignore'
[5.075s] Level 1:colcon.colcon_core.package_identification:_identify(src/base) by extension 'ignore_ament_install'
[5.076s] Level 1:colcon.colcon_core.package_identification:_identify(src/base) by extensions ['colcon_pkg']
[5.076s] Level 1:colcon.colcon_core.package_identification:_identify(src/base) by extension 'colcon_pkg'
[5.076s] Level 1:colcon.colcon_core.package_identification:_identify(src/base) by extensions ['colcon_meta']
[5.076s] Level 1:colcon.colcon_core.package_identification:_identify(src/base) by extension 'colcon_meta'
[5.077s] Level 1:colcon.colcon_core.package_identification:_identify(src/base) by extensions ['ros']
[5.077s] Level 1:colcon.colcon_core.package_identification:_identify(src/base) by extension 'ros'
[5.093s] DEBUG:colcon.colcon_core.package_identification:Package 'src/base' with type 'ros.ament_python' and name 'base'
[5.094s] Level 1:colcon.colcon_core.package_identification:_identify(src/interfaces) by extensions ['ignore', 'ignore_ament_install']
[5.094s] Level 1:colcon.colcon_core.package_identification:_identify(src/interfaces) by extension 'ignore'
[5.095s] Level 1:colcon.colcon_core.package_identification:_identify(src/interfaces) by extension 'ignore_ament_install'
[5.095s] Level 1:colcon.colcon_core.package_identification:_identify(src/interfaces) by extensions ['colcon_pkg']
[5.095s] Level 1:colcon.colcon_core.package_identification:_identify(src/interfaces) by extension 'colcon_pkg'
[5.096s] Level 1:colcon.colcon_core.package_identification:_identify(src/interfaces) by extensions ['colcon_meta']
[5.096s] Level 1:colcon.colcon_core.package_identification:_identify(src/interfaces) by extension 'colcon_meta'
[5.096s] Level 1:colcon.colcon_core.package_identification:_identify(src/interfaces) by extensions ['ros']
[5.096s] Level 1:colcon.colcon_core.package_identification:_identify(src/interfaces) by extension 'ros'
[5.100s] DEBUG:colcon.colcon_core.package_identification:Package 'src/interfaces' with type 'ros.ament_cmake' and name 'interfaces'
[5.100s] Level 1:colcon.colcon_core.package_identification:_identify(src/launch) by extensions ['ignore', 'ignore_ament_install']
[5.101s] Level 1:colcon.colcon_core.package_identification:_identify(src/launch) by extension 'ignore'
[5.101s] Level 1:colcon.colcon_core.package_identification:_identify(src/launch) by extension 'ignore_ament_install'
[5.102s] Level 1:colcon.colcon_core.package_identification:_identify(src/launch) by extensions ['colcon_pkg']
[5.102s] Level 1:colcon.colcon_core.package_identification:_identify(src/launch) by extension 'colcon_pkg'
[5.102s] Level 1:colcon.colcon_core.package_identification:_identify(src/launch) by extensions ['colcon_meta']
[5.102s] Level 1:colcon.colcon_core.package_identification:_identify(src/launch) by extension 'colcon_meta'
[5.103s] Level 1:colcon.colcon_core.package_identification:_identify(src/launch) by extensions ['ros']
[5.103s] Level 1:colcon.colcon_core.package_identification:_identify(src/launch) by extension 'ros'
[5.103s] Level 1:colcon.colcon_core.package_identification:_identify(src/launch) by extensions ['cmake', 'python']
[5.103s] Level 1:colcon.colcon_core.package_identification:_identify(src/launch) by extension 'cmake'
[5.104s] Level 1:colcon.colcon_core.package_identification:_identify(src/launch) by extension 'python'
[5.104s] Level 1:colcon.colcon_core.package_identification:_identify(src/launch) by extensions ['python_setup_py']
[5.104s] Level 1:colcon.colcon_core.package_identification:_identify(src/launch) by extension 'python_setup_py'
[5.105s] Level 1:colcon.colcon_core.package_identification:_identify(src/launch/__pycache__) by extensions ['ignore', 'ignore_ament_install']
[5.105s] Level 1:colcon.colcon_core.package_identification:_identify(src/launch/__pycache__) by extension 'ignore'
[5.105s] Level 1:colcon.colcon_core.package_identification:_identify(src/launch/__pycache__) by extension 'ignore_ament_install'
[5.106s] Level 1:colcon.colcon_core.package_identification:_identify(src/launch/__pycache__) by extensions ['colcon_pkg']
[5.106s] Level 1:colcon.colcon_core.package_identification:_identify(src/launch/__pycache__) by extension 'colcon_pkg'
[5.106s] Level 1:colcon.colcon_core.package_identification:_identify(src/launch/__pycache__) by extensions ['colcon_meta']
[5.106s] Level 1:colcon.colcon_core.package_identification:_identify(src/launch/__pycache__) by extension 'colcon_meta'
[5.107s] Level 1:colcon.colcon_core.package_identification:_identify(src/launch/__pycache__) by extensions ['ros']
[5.107s] Level 1:colcon.colcon_core.package_identification:_identify(src/launch/__pycache__) by extension 'ros'
[5.107s] Level 1:colcon.colcon_core.package_identification:_identify(src/launch/__pycache__) by extensions ['cmake', 'python']
[5.108s] Level 1:colcon.colcon_core.package_identification:_identify(src/launch/__pycache__) by extension 'cmake'
[5.108s] Level 1:colcon.colcon_core.package_identification:_identify(src/launch/__pycache__) by extension 'python'
[5.108s] Level 1:colcon.colcon_core.package_identification:_identify(src/launch/__pycache__) by extensions ['python_setup_py']
[5.108s] Level 1:colcon.colcon_core.package_identification:_identify(src/launch/__pycache__) by extension 'python_setup_py'
[5.109s] Level 1:colcon.colcon_core.package_identification:_identify(src/my_package) by extensions ['ignore', 'ignore_ament_install']
[5.109s] Level 1:colcon.colcon_core.package_identification:_identify(src/my_package) by extension 'ignore'
[5.110s] Level 1:colcon.colcon_core.package_identification:_identify(src/my_package) by extension 'ignore_ament_install'
[5.110s] Level 1:colcon.colcon_core.package_identification:_identify(src/my_package) by extensions ['colcon_pkg']
[5.110s] Level 1:colcon.colcon_core.package_identification:_identify(src/my_package) by extension 'colcon_pkg'
[5.110s] Level 1:colcon.colcon_core.package_identification:_identify(src/my_package) by extensions ['colcon_meta']
[5.111s] Level 1:colcon.colcon_core.package_identification:_identify(src/my_package) by extension 'colcon_meta'
[5.111s] Level 1:colcon.colcon_core.package_identification:_identify(src/my_package) by extensions ['ros']
[5.111s] Level 1:colcon.colcon_core.package_identification:_identify(src/my_package) by extension 'ros'
[5.115s] DEBUG:colcon.colcon_core.package_identification:Package 'src/my_package' with type 'ros.ament_python' and name 'my_package'
[5.115s] Level 1:colcon.colcon_core.package_identification:_identify(src/py_pubsub) by extensions ['ignore', 'ignore_ament_install']
[5.116s] Level 1:colcon.colcon_core.package_identification:_identify(src/py_pubsub) by extension 'ignore'
[5.116s] Level 1:colcon.colcon_core.package_identification:_identify(src/py_pubsub) by extension 'ignore_ament_install'
[5.116s] Level 1:colcon.colcon_core.package_identification:_identify(src/py_pubsub) by extensions ['colcon_pkg']
[5.116s] Level 1:colcon.colcon_core.package_identification:_identify(src/py_pubsub) by extension 'colcon_pkg'
[5.117s] Level 1:colcon.colcon_core.package_identification:_identify(src/py_pubsub) by extensions ['colcon_meta']
[5.117s] Level 1:colcon.colcon_core.package_identification:_identify(src/py_pubsub) by extension 'colcon_meta'
[5.117s] Level 1:colcon.colcon_core.package_identification:_identify(src/py_pubsub) by extensions ['ros']
[5.117s] Level 1:colcon.colcon_core.package_identification:_identify(src/py_pubsub) by extension 'ros'
[5.120s] DEBUG:colcon.colcon_core.package_identification:Package 'src/py_pubsub' with type 'ros.ament_python' and name 'py_pubsub'
[5.121s] Level 1:colcon.colcon_core.package_identification:_identify(src/rosbridge_suite) by extensions ['ignore', 'ignore_ament_install']
[5.121s] Level 1:colcon.colcon_core.package_identification:_identify(src/rosbridge_suite) by extension 'ignore'
[5.122s] Level 1:colcon.colcon_core.package_identification:_identify(src/rosbridge_suite) by extension 'ignore_ament_install'
[5.122s] Level 1:colcon.colcon_core.package_identification:_identify(src/rosbridge_suite) by extensions ['colcon_pkg']
[5.122s] Level 1:colcon.colcon_core.package_identification:_identify(src/rosbridge_suite) by extension 'colcon_pkg'
[5.123s] Level 1:colcon.colcon_core.package_identification:_identify(src/rosbridge_suite) by extensions ['colcon_meta']
[5.123s] Level 1:colcon.colcon_core.package_identification:_identify(src/rosbridge_suite) by extension 'colcon_meta'
[5.123s] Level 1:colcon.colcon_core.package_identification:_identify(src/rosbridge_suite) by extensions ['ros']
[5.123s] Level 1:colcon.colcon_core.package_identification:_identify(src/rosbridge_suite) by extension 'ros'
[5.124s] Level 1:colcon.colcon_core.package_identification:_identify(src/rosbridge_suite) by extensions ['cmake', 'python']
[5.124s] Level 1:colcon.colcon_core.package_identification:_identify(src/rosbridge_suite) by extension 'cmake'
[5.124s] Level 1:colcon.colcon_core.package_identification:_identify(src/rosbridge_suite) by extension 'python'
[5.124s] Level 1:colcon.colcon_core.package_identification:_identify(src/rosbridge_suite) by extensions ['python_setup_py']
[5.125s] Level 1:colcon.colcon_core.package_identification:_identify(src/rosbridge_suite) by extension 'python_setup_py'
[5.125s] Level 1:colcon.colcon_core.package_identification:_identify(src/rosbridge_suite/rosapi) by extensions ['ignore', 'ignore_ament_install']
[5.126s] Level 1:colcon.colcon_core.package_identification:_identify(src/rosbridge_suite/rosapi) by extension 'ignore'
[5.126s] Level 1:colcon.colcon_core.package_identification:_identify(src/rosbridge_suite/rosapi) by extension 'ignore_ament_install'
[5.127s] Level 1:colcon.colcon_core.package_identification:_identify(src/rosbridge_suite/rosapi) by extensions ['colcon_pkg']
[5.127s] Level 1:colcon.colcon_core.package_identification:_identify(src/rosbridge_suite/rosapi) by extension 'colcon_pkg'
[5.127s] Level 1:colcon.colcon_core.package_identification:_identify(src/rosbridge_suite/rosapi) by extensions ['colcon_meta']
[5.127s] Level 1:colcon.colcon_core.package_identification:_identify(src/rosbridge_suite/rosapi) by extension 'colcon_meta'
[5.128s] Level 1:colcon.colcon_core.package_identification:_identify(src/rosbridge_suite/rosapi) by extensions ['ros']
[5.128s] Level 1:colcon.colcon_core.package_identification:_identify(src/rosbridge_suite/rosapi) by extension 'ros'
[5.133s] DEBUG:colcon.colcon_core.package_identification:Package 'src/rosbridge_suite/rosapi' with type 'ros.ament_cmake' and name 'rosapi'
[5.133s] Level 1:colcon.colcon_core.package_identification:_identify(src/rosbridge_suite/rosapi_msgs) by extensions ['ignore', 'ignore_ament_install']
[5.134s] Level 1:colcon.colcon_core.package_identification:_identify(src/rosbridge_suite/rosapi_msgs) by extension 'ignore'
[5.134s] Level 1:colcon.colcon_core.package_identification:_identify(src/rosbridge_suite/rosapi_msgs) by extension 'ignore_ament_install'
[5.135s] Level 1:colcon.colcon_core.package_identification:_identify(src/rosbridge_suite/rosapi_msgs) by extensions ['colcon_pkg']
[5.135s] Level 1:colcon.colcon_core.package_identification:_identify(src/rosbridge_suite/rosapi_msgs) by extension 'colcon_pkg'
[5.135s] Level 1:colcon.colcon_core.package_identification:_identify(src/rosbridge_suite/rosapi_msgs) by extensions ['colcon_meta']
[5.135s] Level 1:colcon.colcon_core.package_identification:_identify(src/rosbridge_suite/rosapi_msgs) by extension 'colcon_meta'
[5.136s] Level 1:colcon.colcon_core.package_identification:_identify(src/rosbridge_suite/rosapi_msgs) by extensions ['ros']
[5.136s] Level 1:colcon.colcon_core.package_identification:_identify(src/rosbridge_suite/rosapi_msgs) by extension 'ros'
[5.140s] DEBUG:colcon.colcon_core.package_identification:Package 'src/rosbridge_suite/rosapi_msgs' with type 'ros.ament_cmake' and name 'rosapi_msgs'
[5.140s] Level 1:colcon.colcon_core.package_identification:_identify(src/rosbridge_suite/rosbridge_library) by extensions ['ignore', 'ignore_ament_install']
[5.141s] Level 1:colcon.colcon_core.package_identification:_identify(src/rosbridge_suite/rosbridge_library) by extension 'ignore'
[5.141s] Level 1:colcon.colcon_core.package_identification:_identify(src/rosbridge_suite/rosbridge_library) by extension 'ignore_ament_install'
[5.141s] Level 1:colcon.colcon_core.package_identification:_identify(src/rosbridge_suite/rosbridge_library) by extensions ['colcon_pkg']
[5.142s] Level 1:colcon.colcon_core.package_identification:_identify(src/rosbridge_suite/rosbridge_library) by extension 'colcon_pkg'
[5.142s] Level 1:colcon.colcon_core.package_identification:_identify(src/rosbridge_suite/rosbridge_library) by extensions ['colcon_meta']
[5.142s] Level 1:colcon.colcon_core.package_identification:_identify(src/rosbridge_suite/rosbridge_library) by extension 'colcon_meta'
[5.142s] Level 1:colcon.colcon_core.package_identification:_identify(src/rosbridge_suite/rosbridge_library) by extensions ['ros']
[5.143s] Level 1:colcon.colcon_core.package_identification:_identify(src/rosbridge_suite/rosbridge_library) by extension 'ros'
[5.148s] DEBUG:colcon.colcon_core.package_identification:Package 'src/rosbridge_suite/rosbridge_library' with type 'ros.ament_cmake' and name 'rosbridge_library'
[5.149s] Level 1:colcon.colcon_core.package_identification:_identify(src/rosbridge_suite/rosbridge_msgs) by extensions ['ignore', 'ignore_ament_install']
[5.149s] Level 1:colcon.colcon_core.package_identification:_identify(src/rosbridge_suite/rosbridge_msgs) by extension 'ignore'
[5.150s] Level 1:colcon.colcon_core.package_identification:_identify(src/rosbridge_suite/rosbridge_msgs) by extension 'ignore_ament_install'
[5.150s] Level 1:colcon.colcon_core.package_identification:_identify(src/rosbridge_suite/rosbridge_msgs) by extensions ['colcon_pkg']
[5.150s] Level 1:colcon.colcon_core.package_identification:_identify(src/rosbridge_suite/rosbridge_msgs) by extension 'colcon_pkg'
[5.151s] Level 1:colcon.colcon_core.package_identification:_identify(src/rosbridge_suite/rosbridge_msgs) by extensions ['colcon_meta']
[5.151s] Level 1:colcon.colcon_core.package_identification:_identify(src/rosbridge_suite/rosbridge_msgs) by extension 'colcon_meta'
[5.151s] Level 1:colcon.colcon_core.package_identification:_identify(src/rosbridge_suite/rosbridge_msgs) by extensions ['ros']
[5.151s] Level 1:colcon.colcon_core.package_identification:_identify(src/rosbridge_suite/rosbridge_msgs) by extension 'ros'
[5.155s] DEBUG:colcon.colcon_core.package_identification:Package 'src/rosbridge_suite/rosbridge_msgs' with type 'ros.ament_cmake' and name 'rosbridge_msgs'
[5.155s] Level 1:colcon.colcon_core.package_identification:_identify(src/rosbridge_suite/rosbridge_server) by extensions ['ignore', 'ignore_ament_install']
[5.156s] Level 1:colcon.colcon_core.package_identification:_identify(src/rosbridge_suite/rosbridge_server) by extension 'ignore'
[5.156s] Level 1:colcon.colcon_core.package_identification:_identify(src/rosbridge_suite/rosbridge_server) by extension 'ignore_ament_install'
[5.156s] Level 1:colcon.colcon_core.package_identification:_identify(src/rosbridge_suite/rosbridge_server) by extensions ['colcon_pkg']
[5.157s] Level 1:colcon.colcon_core.package_identification:_identify(src/rosbridge_suite/rosbridge_server) by extension 'colcon_pkg'
[5.157s] Level 1:colcon.colcon_core.package_identification:_identify(src/rosbridge_suite/rosbridge_server) by extensions ['colcon_meta']
[5.157s] Level 1:colcon.colcon_core.package_identification:_identify(src/rosbridge_suite/rosbridge_server) by extension 'colcon_meta'
[5.157s] Level 1:colcon.colcon_core.package_identification:_identify(src/rosbridge_suite/rosbridge_server) by extensions ['ros']
[5.158s] Level 1:colcon.colcon_core.package_identification:_identify(src/rosbridge_suite/rosbridge_server) by extension 'ros'
[5.162s] DEBUG:colcon.colcon_core.package_identification:Package 'src/rosbridge_suite/rosbridge_server' with type 'ros.ament_cmake' and name 'rosbridge_server'
[5.163s] Level 1:colcon.colcon_core.package_identification:_identify(src/rosbridge_suite/rosbridge_suite) by extensions ['ignore', 'ignore_ament_install']
[5.163s] Level 1:colcon.colcon_core.package_identification:_identify(src/rosbridge_suite/rosbridge_suite) by extension 'ignore'
[5.163s] Level 1:colcon.colcon_core.package_identification:_identify(src/rosbridge_suite/rosbridge_suite) by extension 'ignore_ament_install'
[5.164s] Level 1:colcon.colcon_core.package_identification:_identify(src/rosbridge_suite/rosbridge_suite) by extensions ['colcon_pkg']
[5.164s] Level 1:colcon.colcon_core.package_identification:_identify(src/rosbridge_suite/rosbridge_suite) by extension 'colcon_pkg'
[5.164s] Level 1:colcon.colcon_core.package_identification:_identify(src/rosbridge_suite/rosbridge_suite) by extensions ['colcon_meta']
[5.164s] Level 1:colcon.colcon_core.package_identification:_identify(src/rosbridge_suite/rosbridge_suite) by extension 'colcon_meta'
[5.165s] Level 1:colcon.colcon_core.package_identification:_identify(src/rosbridge_suite/rosbridge_suite) by extensions ['ros']
[5.165s] Level 1:colcon.colcon_core.package_identification:_identify(src/rosbridge_suite/rosbridge_suite) by extension 'ros'
[5.168s] DEBUG:colcon.colcon_core.package_identification:Package 'src/rosbridge_suite/rosbridge_suite' with type 'ros.ament_cmake' and name 'rosbridge_suite'
[5.169s] Level 1:colcon.colcon_core.package_identification:_identify(src/rosbridge_suite/rosbridge_test_msgs) by extensions ['ignore', 'ignore_ament_install']
[5.169s] Level 1:colcon.colcon_core.package_identification:_identify(src/rosbridge_suite/rosbridge_test_msgs) by extension 'ignore'
[5.170s] Level 1:colcon.colcon_core.package_identification:_identify(src/rosbridge_suite/rosbridge_test_msgs) by extension 'ignore_ament_install'
[5.170s] Level 1:colcon.colcon_core.package_identification:_identify(src/rosbridge_suite/rosbridge_test_msgs) by extensions ['colcon_pkg']
[5.170s] Level 1:colcon.colcon_core.package_identification:_identify(src/rosbridge_suite/rosbridge_test_msgs) by extension 'colcon_pkg'
[5.171s] Level 1:colcon.colcon_core.package_identification:_identify(src/rosbridge_suite/rosbridge_test_msgs) by extensions ['colcon_meta']
[5.171s] Level 1:colcon.colcon_core.package_identification:_identify(src/rosbridge_suite/rosbridge_test_msgs) by extension 'colcon_meta'
[5.171s] Level 1:colcon.colcon_core.package_identification:_identify(src/rosbridge_suite/rosbridge_test_msgs) by extensions ['ros']
[5.171s] Level 1:colcon.colcon_core.package_identification:_identify(src/rosbridge_suite/rosbridge_test_msgs) by extension 'ros'
[5.177s] DEBUG:colcon.colcon_core.package_identification:Package 'src/rosbridge_suite/rosbridge_test_msgs' with type 'ros.ament_cmake' and name 'rosbridge_test_msgs'
[5.178s] Level 1:colcon.colcon_core.package_discovery:discover_packages(recursive) using defaults
[5.179s] Level 1:colcon.colcon_core.package_discovery:discover_packages(ignore) discover
[5.179s] Level 1:colcon.colcon_core.package_discovery:discover_packages(ignore) using defaults
[5.179s] Level 1:colcon.colcon_core.package_discovery:discover_packages(path) discover
[5.180s] Level 1:colcon.colcon_core.package_discovery:discover_packages(path) using defaults
[5.502s] INFO:colcon.colcon_core.package_selection:Skipping not selected package 'interfaces' in 'src/interfaces'
[5.502s] INFO:colcon.colcon_core.package_selection:Skipping not selected package 'my_package' in 'src/my_package'
[5.502s] INFO:colcon.colcon_core.package_selection:Skipping not selected package 'py_pubsub' in 'src/py_pubsub'
[5.502s] INFO:colcon.colcon_core.package_selection:Skipping not selected package 'rosapi_msgs' in 'src/rosbridge_suite/rosapi_msgs'
[5.503s] INFO:colcon.colcon_core.package_selection:Skipping not selected package 'rosbridge_msgs' in 'src/rosbridge_suite/rosbridge_msgs'
[5.503s] INFO:colcon.colcon_core.package_selection:Skipping not selected package 'rosbridge_test_msgs' in 'src/rosbridge_suite/rosbridge_test_msgs'
[5.503s] INFO:colcon.colcon_core.package_selection:Skipping not selected package 'rosbridge_library' in 'src/rosbridge_suite/rosbridge_library'
[5.503s] INFO:colcon.colcon_core.package_selection:Skipping not selected package 'rosapi' in 'src/rosbridge_suite/rosapi'
[5.503s] INFO:colcon.colcon_core.package_selection:Skipping not selected package 'rosbridge_server' in 'src/rosbridge_suite/rosbridge_server'
[5.503s] INFO:colcon.colcon_core.package_selection:Skipping not selected package 'rosbridge_suite' in 'src/rosbridge_suite/rosbridge_suite'
[5.596s] Level 5:colcon.colcon_core.verb:set package 'base' build argument 'cmake_args' from command line to 'None'
[5.596s] Level 5:colcon.colcon_core.verb:set package 'base' build argument 'cmake_target' from command line to 'None'
[5.596s] Level 5:colcon.colcon_core.verb:set package 'base' build argument 'cmake_target_skip_unavailable' from command line to 'False'
[5.597s] Level 5:colcon.colcon_core.verb:set package 'base' build argument 'cmake_clean_cache' from command line to 'False'
[5.597s] Level 5:colcon.colcon_core.verb:set package 'base' build argument 'cmake_clean_first' from command line to 'False'
[5.597s] Level 5:colcon.colcon_core.verb:set package 'base' build argument 'cmake_force_configure' from command line to 'False'
[5.597s] Level 5:colcon.colcon_core.verb:set package 'base' build argument 'ament_cmake_args' from command line to 'None'
[5.597s] Level 5:colcon.colcon_core.verb:set package 'base' build argument 'catkin_cmake_args' from command line to 'None'
[5.597s] Level 5:colcon.colcon_core.verb:set package 'base' build argument 'catkin_skip_building_tests' from command line to 'False'
[5.598s] DEBUG:colcon.colcon_core.verb:Building package 'base' with the following arguments: {'ament_cmake_args': None, 'build_base': '/home/rosbot/dev_ws/build/base', 'catkin_cmake_args': None, 'catkin_skip_building_tests': False, 'cmake_args': None, 'cmake_clean_cache': False, 'cmake_clean_first': False, 'cmake_force_configure': False, 'cmake_target': None, 'cmake_target_skip_unavailable': False, 'install_base': '/home/rosbot/dev_ws/install/base', 'merge_install': False, 'path': '/home/rosbot/dev_ws/src/base', 'symlink_install': False, 'test_result_base': None}
[5.621s] INFO:colcon.colcon_core.executor:Executing jobs using 'parallel' executor
[5.780s] DEBUG:colcon.colcon_parallel_executor.executor.parallel:run_until_complete
[5.781s] INFO:colcon.colcon_ros.task.ament_python.build:Building ROS package in '/home/rosbot/dev_ws/src/base' with build type 'ament_python'
[5.782s] Level 1:colcon.colcon_core.shell:create_environment_hook('base', 'ament_prefix_path')
[5.874s] INFO:colcon.colcon_core.plugin_system:Skipping extension 'colcon_core.shell.bat': Not used on non-Windows systems
[5.875s] INFO:colcon.colcon_core.shell:Creating environment hook '/home/rosbot/dev_ws/install/base/share/base/hook/ament_prefix_path.ps1'
[5.880s] INFO:colcon.colcon_core.shell:Creating environment descriptor '/home/rosbot/dev_ws/install/base/share/base/hook/ament_prefix_path.dsv'
[5.882s] INFO:colcon.colcon_core.shell:Creating environment hook '/home/rosbot/dev_ws/install/base/share/base/hook/ament_prefix_path.sh'
[5.952s] INFO:colcon.colcon_core.shell:Skip shell extension 'powershell' for command environment: Not usable outside of PowerShell
[5.953s] DEBUG:colcon.colcon_core.shell:Skip shell extension 'dsv' for command environment
[7.750s] INFO:colcon.colcon_core.task.python.build:Building Python package in '/home/rosbot/dev_ws/src/base'
[7.817s] INFO:colcon.colcon_core.shell:Skip shell extension 'powershell' for command environment: Not usable outside of PowerShell
[7.818s] DEBUG:colcon.colcon_core.shell:Skip shell extension 'dsv' for command environment
[10.056s] DEBUG:colcon.colcon_core.event_handler.log_command:Invoking command in '/home/rosbot/dev_ws/build/base': PYTHONPATH=/home/rosbot/dev_ws/install/base/lib/python3.6/site-packages:${PYTHONPATH} /usr/bin/python3 setup.py develop --prefix /home/rosbot/dev_ws/install/base --uninstall --editable --build-directory /home/rosbot/dev_ws/build/base/build
[12.593s] DEBUG:colcon.colcon_core.event_handler.log_command:Invoked command in '/home/rosbot/dev_ws/build/base' returned '0': PYTHONPATH=/home/rosbot/dev_ws/install/base/lib/python3.6/site-packages:${PYTHONPATH} /usr/bin/python3 setup.py develop --prefix /home/rosbot/dev_ws/install/base --uninstall --editable --build-directory /home/rosbot/dev_ws/build/base/build
[12.602s] DEBUG:colcon.colcon_core.event_handler.log_command:Invoking command in '/home/rosbot/dev_ws/src/base': PYTHONPATH=/home/rosbot/dev_ws/install/base/lib/python3.6/site-packages:${PYTHONPATH} /usr/bin/python3 setup.py egg_info --egg-base ../../build/base build --build-base /home/rosbot/dev_ws/build/base/build install --prefix /home/rosbot/dev_ws/install/base --record /home/rosbot/dev_ws/build/base/install.log --single-version-externally-managed
[14.418s] DEBUG:colcon.colcon_core.event_handler.log_command:Invoked command in '/home/rosbot/dev_ws/src/base' returned '0': PYTHONPATH=/home/rosbot/dev_ws/install/base/lib/python3.6/site-packages:${PYTHONPATH} /usr/bin/python3 setup.py egg_info --egg-base ../../build/base build --build-base /home/rosbot/dev_ws/build/base/build install --prefix /home/rosbot/dev_ws/install/base --record /home/rosbot/dev_ws/build/base/install.log --single-version-externally-managed
[14.508s] Level 1:colcon.colcon_core.environment:checking '/home/rosbot/dev_ws/install/base' for CMake module files
[14.511s] Level 1:colcon.colcon_core.environment:checking '/home/rosbot/dev_ws/install/base' for CMake config files
[14.516s] Level 1:colcon.colcon_core.environment:checking '/home/rosbot/dev_ws/install/base/lib'
[14.517s] Level 1:colcon.colcon_core.environment:checking '/home/rosbot/dev_ws/install/base/bin'
[14.517s] Level 1:colcon.colcon_core.environment:checking '/home/rosbot/dev_ws/install/base/lib/pkgconfig/base.pc'
[14.518s] Level 1:colcon.colcon_core.environment:checking '/home/rosbot/dev_ws/install/base/lib/python3.6/site-packages'
[14.518s] Level 1:colcon.colcon_core.shell:create_environment_hook('base', 'pythonpath')
[14.584s] INFO:colcon.colcon_core.shell:Creating environment hook '/home/rosbot/dev_ws/install/base/share/base/hook/pythonpath.ps1'
[14.586s] INFO:colcon.colcon_core.shell:Creating environment descriptor '/home/rosbot/dev_ws/install/base/share/base/hook/pythonpath.dsv'
[14.588s] INFO:colcon.colcon_core.shell:Creating environment hook '/home/rosbot/dev_ws/install/base/share/base/hook/pythonpath.sh'
[14.590s] Level 1:colcon.colcon_core.environment:checking '/home/rosbot/dev_ws/install/base/bin'
[14.591s] Level 1:colcon.colcon_core.environment:create_environment_scripts_only(base)
[14.660s] INFO:colcon.colcon_core.shell:Creating package script '/home/rosbot/dev_ws/install/base/share/base/package.ps1'
[14.666s] INFO:colcon.colcon_core.shell:Creating package descriptor '/home/rosbot/dev_ws/install/base/share/base/package.dsv'
[14.670s] INFO:colcon.colcon_core.shell:Creating package script '/home/rosbot/dev_ws/install/base/share/base/package.sh'
[14.675s] INFO:colcon.colcon_core.shell:Creating package script '/home/rosbot/dev_ws/install/base/share/base/package.bash'
[14.681s] INFO:colcon.colcon_core.shell:Creating package script '/home/rosbot/dev_ws/install/base/share/base/package.zsh'
[14.685s] Level 1:colcon.colcon_core.environment:create_file_with_runtime_dependencies(/home/rosbot/dev_ws/install/base/share/colcon-core/packages/base)
[14.688s] DEBUG:colcon.colcon_parallel_executor.executor.parallel:closing loop
[14.690s] DEBUG:colcon.colcon_parallel_executor.executor.parallel:loop closed
[14.691s] DEBUG:colcon.colcon_parallel_executor.executor.parallel:run_until_complete finished with '0'
[14.691s] DEBUG:colcon.colcon_core.event_reactor:joining thread
[14.769s] INFO:colcon.colcon_core.plugin_system:Skipping extension 'colcon_notification.desktop_notification.terminal_notifier': Not used on non-Darwin systems
[14.769s] INFO:colcon.colcon_core.plugin_system:Skipping extension 'colcon_notification.desktop_notification.win32': Not used on non-Windows systems
[14.770s] INFO:colcon.colcon_notification.desktop_notification:Sending desktop notification using 'notify2'
[14.841s] DEBUG:colcon.colcon_core.event_reactor:joined thread
[14.914s] INFO:colcon.colcon_core.shell:Creating prefix script '/home/rosbot/dev_ws/install/local_setup.ps1'
[14.921s] INFO:colcon.colcon_core.shell:Creating prefix util module '/home/rosbot/dev_ws/install/_local_setup_util_ps1.py'
[14.932s] INFO:colcon.colcon_core.shell:Creating prefix chain script '/home/rosbot/dev_ws/install/setup.ps1'
[14.992s] INFO:colcon.colcon_core.shell:Creating prefix script '/home/rosbot/dev_ws/install/local_setup.sh'
[14.995s] INFO:colcon.colcon_core.shell:Creating prefix util module '/home/rosbot/dev_ws/install/_local_setup_util_sh.py'
[14.997s] INFO:colcon.colcon_core.shell:Creating prefix chain script '/home/rosbot/dev_ws/install/setup.sh'
[15.058s] INFO:colcon.colcon_core.shell:Creating prefix script '/home/rosbot/dev_ws/install/local_setup.bash'
[15.061s] INFO:colcon.colcon_core.shell:Creating prefix chain script '/home/rosbot/dev_ws/install/setup.bash'
[15.116s] INFO:colcon.colcon_core.shell:Creating prefix script '/home/rosbot/dev_ws/install/local_setup.zsh'
[15.121s] INFO:colcon.colcon_core.shell:Creating prefix chain script '/home/rosbot/dev_ws/install/setup.zsh'
