[0.619s] Invoking command in '/home/rosbot/dev_ws/build/rosbridge_msgs': CMAKE_PREFIX_PATH=/opt/ros/eloquent /usr/bin/cmake --build /home/rosbot/dev_ws/build/rosbridge_msgs -- -j4 -l4
[2.705s] [ 10%] Built target rosbridge_msgs__rosidl_generator_c
[2.705s] [ 13%] Built target rosbridge_msgs__cpp
[2.706s] [ 24%] Built target rosbridge_msgs__rosidl_typesupport_introspection_c
[2.706s] [ 35%] Built target rosbridge_msgs__rosidl_typesupport_fastrtps_cpp
[2.707s] [ 45%] Built target rosbridge_msgs__rosidl_typesupport_introspection_cpp
[2.707s] [ 56%] Built target rosbridge_msgs__rosidl_typesupport_fastrtps_c
[2.708s] [ 67%] Built target rosbridge_msgs__rosidl_typesupport_cpp
[2.708s] [ 78%] Built target rosbridge_msgs__rosidl_typesupport_c
[2.709s] [ 78%] Built target rosbridge_msgs
[2.709s] [ 81%] Built target rosbridge_msgs__py
[2.710s] [ 89%] Built target rosbridge_msgs__python
[2.711s] [100%] Built target rosbridge_msgs__rosidl_typesupport_fastrtps_c__pyext
[2.712s] [100%] Built target rosbridge_msgs__rosidl_typesupport_c__pyext
[2.736s] Invoked command in '/home/rosbot/dev_ws/build/rosbridge_msgs' returned '0': CMAKE_PREFIX_PATH=/opt/ros/eloquent /usr/bin/cmake --build /home/rosbot/dev_ws/build/rosbridge_msgs -- -j4 -l4
[3.096s] Invoking command in '/home/rosbot/dev_ws/build/rosbridge_msgs': CMAKE_PREFIX_PATH=/opt/ros/eloquent /usr/bin/cmake --build /home/rosbot/dev_ws/build/rosbridge_msgs --target install -- -j4 -l4
[3.325s] [  2%] Built target rosbridge_msgs__cpp
[3.336s] [ 13%] Built target rosbridge_msgs__rosidl_generator_c
[3.446s] [ 24%] Built target rosbridge_msgs__rosidl_typesupport_introspection_cpp
[3.477s] [ 35%] Built target rosbridge_msgs__rosidl_typesupport_introspection_c
[3.502s] [ 45%] Built target rosbridge_msgs__rosidl_typesupport_fastrtps_cpp
[3.633s] [ 56%] Built target rosbridge_msgs__rosidl_typesupport_fastrtps_c
[3.641s] [ 67%] Built target rosbridge_msgs__rosidl_typesupport_cpp
[3.752s] [ 78%] Built target rosbridge_msgs__rosidl_typesupport_c
[3.843s] [ 78%] Built target rosbridge_msgs
[3.932s] [ 81%] Built target rosbridge_msgs__py
[4.058s] [ 89%] Built target rosbridge_msgs__python
[4.190s] [ 94%] Built target rosbridge_msgs__rosidl_typesupport_c__pyext
[4.196s] [100%] Built target rosbridge_msgs__rosidl_typesupport_fastrtps_c__pyext
[4.281s] [36mInstall the project...[0m
[4.317s] -- Install configuration: ""
[4.321s] -- Execute custom install script
[4.323s] -- Up-to-date symlink: /home/rosbot/dev_ws/install/rosbridge_msgs/share/ament_index/resource_index/rosidl_interfaces/rosbridge_msgs
[4.325s] -- Up-to-date symlink: /home/rosbot/dev_ws/install/rosbridge_msgs/include/rosbridge_msgs/msg/connected_client.hpp
[4.327s] -- Up-to-date symlink: /home/rosbot/dev_ws/install/rosbridge_msgs/include/rosbridge_msgs/msg/connected_client__struct.hpp
[4.330s] -- Up-to-date symlink: /home/rosbot/dev_ws/install/rosbridge_msgs/include/rosbridge_msgs/msg/connected_client__traits.hpp
[4.331s] -- Up-to-date symlink: /home/rosbot/dev_ws/install/rosbridge_msgs/include/rosbridge_msgs/msg/connected_clients.hpp
[4.332s] -- Up-to-date symlink: /home/rosbot/dev_ws/install/rosbridge_msgs/include/rosbridge_msgs/msg/connected_clients__struct.hpp
[4.334s] -- Up-to-date symlink: /home/rosbot/dev_ws/install/rosbridge_msgs/include/rosbridge_msgs/msg/connected_clients__traits.hpp
[4.338s] -- Up-to-date symlink: /home/rosbot/dev_ws/install/rosbridge_msgs/include/rosbridge_msgs/msg/connected_client.h
[4.339s] -- Up-to-date symlink: /home/rosbot/dev_ws/install/rosbridge_msgs/include/rosbridge_msgs/msg/connected_client__functions.h
[4.340s] -- Up-to-date symlink: /home/rosbot/dev_ws/install/rosbridge_msgs/include/rosbridge_msgs/msg/connected_client__struct.h
[4.343s] -- Up-to-date symlink: /home/rosbot/dev_ws/install/rosbridge_msgs/include/rosbridge_msgs/msg/connected_client__type_support.h
[4.345s] -- Up-to-date symlink: /home/rosbot/dev_ws/install/rosbridge_msgs/include/rosbridge_msgs/msg/connected_clients.h
[4.347s] -- Up-to-date symlink: /home/rosbot/dev_ws/install/rosbridge_msgs/include/rosbridge_msgs/msg/connected_clients__functions.h
[4.348s] -- Up-to-date symlink: /home/rosbot/dev_ws/install/rosbridge_msgs/include/rosbridge_msgs/msg/connected_clients__struct.h
[4.349s] -- Up-to-date symlink: /home/rosbot/dev_ws/install/rosbridge_msgs/include/rosbridge_msgs/msg/connected_clients__type_support.h
[4.351s] -- Up-to-date symlink: /home/rosbot/dev_ws/install/rosbridge_msgs/include/rosbridge_msgs/msg/rosidl_generator_c__visibility_control.h
[4.352s] -- Up-to-date symlink: /home/rosbot/dev_ws/install/rosbridge_msgs/share/rosbridge_msgs/environment/library_path.sh
[4.353s] -- Up-to-date symlink: /home/rosbot/dev_ws/install/rosbridge_msgs/share/rosbridge_msgs/environment/library_path.dsv
[4.355s] -- Up-to-date symlink: /home/rosbot/dev_ws/install/rosbridge_msgs/lib/librosbridge_msgs__rosidl_generator_c.so
[4.356s] -- Up-to-date symlink: /home/rosbot/dev_ws/install/rosbridge_msgs/lib/librosbridge_msgs__rosidl_typesupport_c.so
[4.358s] -- Up-to-date symlink: /home/rosbot/dev_ws/install/rosbridge_msgs/lib/librosbridge_msgs__rosidl_typesupport_cpp.so
[4.360s] -- Up-to-date symlink: /home/rosbot/dev_ws/install/rosbridge_msgs/include/rosbridge_msgs/msg/connected_client__rosidl_typesupport_introspection_c.h
[4.361s] -- Up-to-date symlink: /home/rosbot/dev_ws/install/rosbridge_msgs/include/rosbridge_msgs/msg/connected_clients__rosidl_typesupport_introspection_c.h
[4.363s] -- Up-to-date symlink: /home/rosbot/dev_ws/install/rosbridge_msgs/include/rosbridge_msgs/msg/rosidl_typesupport_introspection_c__visibility_control.h
[4.365s] -- Up-to-date symlink: /home/rosbot/dev_ws/install/rosbridge_msgs/lib/librosbridge_msgs__rosidl_typesupport_introspection_c.so
[4.367s] -- Up-to-date symlink: /home/rosbot/dev_ws/install/rosbridge_msgs/include/rosbridge_msgs/msg/connected_client__rosidl_typesupport_introspection_cpp.hpp
[4.368s] -- Up-to-date symlink: /home/rosbot/dev_ws/install/rosbridge_msgs/include/rosbridge_msgs/msg/connected_clients__rosidl_typesupport_introspection_cpp.hpp
[4.369s] -- Up-to-date symlink: /home/rosbot/dev_ws/install/rosbridge_msgs/lib/librosbridge_msgs__rosidl_typesupport_introspection_cpp.so
[4.372s] -- Up-to-date symlink: /home/rosbot/dev_ws/install/rosbridge_msgs/include/rosbridge_msgs/msg/connected_client__rosidl_typesupport_fastrtps_c.h
[4.373s] -- Up-to-date symlink: /home/rosbot/dev_ws/install/rosbridge_msgs/include/rosbridge_msgs/msg/connected_clients__rosidl_typesupport_fastrtps_c.h
[4.374s] -- Up-to-date symlink: /home/rosbot/dev_ws/install/rosbridge_msgs/include/rosbridge_msgs/msg/rosidl_typesupport_fastrtps_c__visibility_control.h
[4.379s] -- Up-to-date symlink: /home/rosbot/dev_ws/install/rosbridge_msgs/lib/librosbridge_msgs__rosidl_typesupport_fastrtps_c.so
[4.380s] -- Up-to-date symlink: /home/rosbot/dev_ws/install/rosbridge_msgs/include/rosbridge_msgs/msg/connected_client__rosidl_typesupport_fastrtps_cpp.hpp
[4.381s] -- Up-to-date symlink: /home/rosbot/dev_ws/install/rosbridge_msgs/include/rosbridge_msgs/msg/connected_clients__rosidl_typesupport_fastrtps_cpp.hpp
[4.382s] -- Up-to-date symlink: /home/rosbot/dev_ws/install/rosbridge_msgs/include/rosbridge_msgs/msg/rosidl_typesupport_fastrtps_cpp__visibility_control.h
[4.383s] -- Up-to-date symlink: /home/rosbot/dev_ws/install/rosbridge_msgs/lib/librosbridge_msgs__rosidl_typesupport_fastrtps_cpp.so
[4.383s] -- Up-to-date symlink: /home/rosbot/dev_ws/install/rosbridge_msgs/share/rosbridge_msgs/environment/pythonpath.sh
[4.387s] -- Up-to-date symlink: /home/rosbot/dev_ws/install/rosbridge_msgs/share/rosbridge_msgs/environment/pythonpath.dsv
[4.389s] -- Up-to-date symlink: /home/rosbot/dev_ws/install/rosbridge_msgs/lib/python3.6/site-packages/rosbridge_msgs/__init__.py
[4.391s] -- Up-to-date symlink: /home/rosbot/dev_ws/install/rosbridge_msgs/lib/python3.6/site-packages/rosbridge_msgs/msg/__init__.py
[4.392s] -- Up-to-date symlink: /home/rosbot/dev_ws/install/rosbridge_msgs/lib/python3.6/site-packages/rosbridge_msgs/msg/_connected_client.py
[4.392s] -- Up-to-date symlink: /home/rosbot/dev_ws/install/rosbridge_msgs/lib/python3.6/site-packages/rosbridge_msgs/msg/_connected_clients.py
[4.393s] -- Up-to-date symlink: /home/rosbot/dev_ws/install/rosbridge_msgs/lib/python3.6/site-packages/rosbridge_msgs/rosbridge_msgs_s__rosidl_typesupport_c.cpython-36m-aarch64-linux-gnu.so
[4.395s] -- Up-to-date symlink: /home/rosbot/dev_ws/install/rosbridge_msgs/lib/python3.6/site-packages/rosbridge_msgs/rosbridge_msgs_s__rosidl_typesupport_fastrtps_c.cpython-36m-aarch64-linux-gnu.so
[4.396s] -- Up-to-date symlink: /home/rosbot/dev_ws/install/rosbridge_msgs/lib/librosbridge_msgs__python.so
[4.396s] -- Up-to-date symlink: /home/rosbot/dev_ws/install/rosbridge_msgs/share/rosbridge_msgs/msg/ConnectedClient.idl
[4.397s] -- Up-to-date symlink: /home/rosbot/dev_ws/install/rosbridge_msgs/share/rosbridge_msgs/msg/ConnectedClients.idl
[4.399s] -- Up-to-date symlink: /home/rosbot/dev_ws/install/rosbridge_msgs/share/rosbridge_msgs/msg/ConnectedClient.msg
[4.400s] -- Up-to-date symlink: /home/rosbot/dev_ws/install/rosbridge_msgs/share/rosbridge_msgs/msg/ConnectedClients.msg
[4.402s] -- Up-to-date symlink: /home/rosbot/dev_ws/install/rosbridge_msgs/share/ament_index/resource_index/package_run_dependencies/rosbridge_msgs
[4.402s] -- Up-to-date symlink: /home/rosbot/dev_ws/install/rosbridge_msgs/share/ament_index/resource_index/parent_prefix_path/rosbridge_msgs
[4.403s] -- Up-to-date symlink: /home/rosbot/dev_ws/install/rosbridge_msgs/share/rosbridge_msgs/environment/ament_prefix_path.sh
[4.405s] -- Up-to-date symlink: /home/rosbot/dev_ws/install/rosbridge_msgs/share/rosbridge_msgs/environment/ament_prefix_path.dsv
[4.406s] -- Up-to-date symlink: /home/rosbot/dev_ws/install/rosbridge_msgs/share/rosbridge_msgs/environment/path.sh
[4.407s] -- Up-to-date symlink: /home/rosbot/dev_ws/install/rosbridge_msgs/share/rosbridge_msgs/environment/path.dsv
[4.408s] -- Up-to-date symlink: /home/rosbot/dev_ws/install/rosbridge_msgs/share/rosbridge_msgs/local_setup.bash
[4.411s] -- Up-to-date symlink: /home/rosbot/dev_ws/install/rosbridge_msgs/share/rosbridge_msgs/local_setup.sh
[4.411s] -- Up-to-date symlink: /home/rosbot/dev_ws/install/rosbridge_msgs/share/rosbridge_msgs/local_setup.zsh
[4.414s] -- Up-to-date symlink: /home/rosbot/dev_ws/install/rosbridge_msgs/share/rosbridge_msgs/local_setup.dsv
[4.415s] -- Symlinking: /home/rosbot/dev_ws/install/rosbridge_msgs/share/rosbridge_msgs/package.dsv
[4.456s] -- Up-to-date symlink: /home/rosbot/dev_ws/install/rosbridge_msgs/share/ament_index/resource_index/packages/rosbridge_msgs
[4.457s] -- Up-to-date symlink: /home/rosbot/dev_ws/install/rosbridge_msgs/share/rosbridge_msgs/cmake/rosidl_cmake-extras.cmake
[4.458s] -- Up-to-date symlink: /home/rosbot/dev_ws/install/rosbridge_msgs/share/rosbridge_msgs/cmake/ament_cmake_export_dependencies-extras.cmake
[4.460s] -- Up-to-date symlink: /home/rosbot/dev_ws/install/rosbridge_msgs/share/rosbridge_msgs/cmake/ament_cmake_export_include_directories-extras.cmake
[4.461s] -- Up-to-date symlink: /home/rosbot/dev_ws/install/rosbridge_msgs/share/rosbridge_msgs/cmake/ament_cmake_export_libraries-extras.cmake
[4.462s] -- Up-to-date symlink: /home/rosbot/dev_ws/install/rosbridge_msgs/share/rosbridge_msgs/cmake/rosbridge_msgsConfig.cmake
[4.463s] -- Up-to-date symlink: /home/rosbot/dev_ws/install/rosbridge_msgs/share/rosbridge_msgs/cmake/rosbridge_msgsConfig-version.cmake
[4.465s] -- Up-to-date symlink: /home/rosbot/dev_ws/install/rosbridge_msgs/share/rosbridge_msgs/package.xml
[4.677s] Invoked command in '/home/rosbot/dev_ws/build/rosbridge_msgs' returned '0': CMAKE_PREFIX_PATH=/opt/ros/eloquent /usr/bin/cmake --build /home/rosbot/dev_ws/build/rosbridge_msgs --target install -- -j4 -l4
