[0.129s] Invoking command in '/home/rosbot/dev_ws/build/rosapi': AMENT_PREFIX_PATH=/home/rosbot/dev_ws/install/rosbridge_library:/home/rosbot/dev_ws/install/rosapi_msgs:${AMENT_PREFIX_PATH} CMAKE_PREFIX_PATH=/home/rosbot/dev_ws/install/rosbridge_library:/home/rosbot/dev_ws/install/rosapi_msgs:/opt/ros/eloquent LD_LIBRARY_PATH=/home/rosbot/dev_ws/install/rosapi_msgs/lib:${LD_LIBRARY_PATH} PYTHONPATH=/home/rosbot/dev_ws/install/rosbridge_library/lib/python3.6/site-packages:/home/rosbot/dev_ws/install/rosapi_msgs/lib/python3.6/site-packages:${PYTHONPATH} /usr/bin/cmake --build /home/rosbot/dev_ws/build/rosapi -- -j4 -l4
[0.286s] Invoked command in '/home/rosbot/dev_ws/build/rosapi' returned '0': AMENT_PREFIX_PATH=/home/rosbot/dev_ws/install/rosbridge_library:/home/rosbot/dev_ws/install/rosapi_msgs:${AMENT_PREFIX_PATH} CMAKE_PREFIX_PATH=/home/rosbot/dev_ws/install/rosbridge_library:/home/rosbot/dev_ws/install/rosapi_msgs:/opt/ros/eloquent LD_LIBRARY_PATH=/home/rosbot/dev_ws/install/rosapi_msgs/lib:${LD_LIBRARY_PATH} PYTHONPATH=/home/rosbot/dev_ws/install/rosbridge_library/lib/python3.6/site-packages:/home/rosbot/dev_ws/install/rosapi_msgs/lib/python3.6/site-packages:${PYTHONPATH} /usr/bin/cmake --build /home/rosbot/dev_ws/build/rosapi -- -j4 -l4
[0.373s] Invoking command in '/home/rosbot/dev_ws/build/rosapi': AMENT_PREFIX_PATH=/home/rosbot/dev_ws/install/rosbridge_library:/home/rosbot/dev_ws/install/rosapi_msgs:${AMENT_PREFIX_PATH} CMAKE_PREFIX_PATH=/home/rosbot/dev_ws/install/rosbridge_library:/home/rosbot/dev_ws/install/rosapi_msgs:/opt/ros/eloquent LD_LIBRARY_PATH=/home/rosbot/dev_ws/install/rosapi_msgs/lib:${LD_LIBRARY_PATH} PYTHONPATH=/home/rosbot/dev_ws/install/rosbridge_library/lib/python3.6/site-packages:/home/rosbot/dev_ws/install/rosapi_msgs/lib/python3.6/site-packages:${PYTHONPATH} /usr/bin/cmake --build /home/rosbot/dev_ws/build/rosapi --target install -- -j4 -l4
[0.565s] [36mInstall the project...[0m
[0.600s] -- Install configuration: ""
[0.602s] -- Execute custom install script
[0.603s] -- Up-to-date symlink: /home/rosbot/dev_ws/install/rosapi/share/rosapi/environment/pythonpath.sh
[0.604s] -- Up-to-date symlink: /home/rosbot/dev_ws/install/rosapi/share/rosapi/environment/pythonpath.dsv
[0.607s] -- Up-to-date symlink: /home/rosbot/dev_ws/install/rosapi/lib/python3.6/site-packages/rosapi/__init__.py
[0.608s] -- Up-to-date symlink: /home/rosbot/dev_ws/install/rosapi/lib/python3.6/site-packages/rosapi/glob_helper.py
[0.609s] -- Up-to-date symlink: /home/rosbot/dev_ws/install/rosapi/lib/python3.6/site-packages/rosapi/objectutils.py
[0.609s] -- Up-to-date symlink: /home/rosbot/dev_ws/install/rosapi/lib/python3.6/site-packages/rosapi/params.py
[0.610s] -- Up-to-date symlink: /home/rosbot/dev_ws/install/rosapi/lib/python3.6/site-packages/rosapi/proxy.py
[0.611s] -- Up-to-date symlink: /home/rosbot/dev_ws/install/rosapi/lib/python3.6/site-packages/rosapi/stringify_field_types.py
[0.613s] -- Up-to-date symlink: /home/rosbot/dev_ws/install/rosapi/share/ament_index/resource_index/package_run_dependencies/rosapi
[0.614s] -- Up-to-date symlink: /home/rosbot/dev_ws/install/rosapi/share/ament_index/resource_index/parent_prefix_path/rosapi
[0.615s] -- Up-to-date symlink: /home/rosbot/dev_ws/install/rosapi/share/rosapi/environment/ament_prefix_path.sh
[0.616s] -- Up-to-date symlink: /home/rosbot/dev_ws/install/rosapi/share/rosapi/environment/ament_prefix_path.dsv
[0.617s] -- Up-to-date symlink: /home/rosbot/dev_ws/install/rosapi/share/rosapi/environment/path.sh
[0.619s] -- Up-to-date symlink: /home/rosbot/dev_ws/install/rosapi/share/rosapi/environment/path.dsv
[0.620s] -- Up-to-date symlink: /home/rosbot/dev_ws/install/rosapi/share/rosapi/local_setup.bash
[0.621s] -- Up-to-date symlink: /home/rosbot/dev_ws/install/rosapi/share/rosapi/local_setup.sh
[0.622s] -- Up-to-date symlink: /home/rosbot/dev_ws/install/rosapi/share/rosapi/local_setup.zsh
[0.623s] -- Up-to-date symlink: /home/rosbot/dev_ws/install/rosapi/share/rosapi/local_setup.dsv
[0.624s] -- Symlinking: /home/rosbot/dev_ws/install/rosapi/share/rosapi/package.dsv
[0.660s] -- Up-to-date symlink: /home/rosbot/dev_ws/install/rosapi/share/ament_index/resource_index/packages/rosapi
[0.661s] -- Up-to-date symlink: /home/rosbot/dev_ws/install/rosapi/share/rosapi/cmake/rosapiConfig.cmake
[0.662s] -- Up-to-date symlink: /home/rosbot/dev_ws/install/rosapi/share/rosapi/cmake/rosapiConfig-version.cmake
[0.663s] -- Up-to-date symlink: /home/rosbot/dev_ws/install/rosapi/share/rosapi/package.xml
[0.664s] -- Up-to-date symlink: /home/rosbot/dev_ws/install/rosapi/lib/rosapi/rosapi_node
[0.665s] -- Up-to-date symlink: /home/rosbot/dev_ws/install/rosapi/share/rosapi/mapping_rules.yaml
[0.824s] Listing '/home/rosbot/dev_ws/install/rosapi/lib/python3.6/site-packages/rosapi'...
[0.862s] Invoked command in '/home/rosbot/dev_ws/build/rosapi' returned '0': AMENT_PREFIX_PATH=/home/rosbot/dev_ws/install/rosbridge_library:/home/rosbot/dev_ws/install/rosapi_msgs:${AMENT_PREFIX_PATH} CMAKE_PREFIX_PATH=/home/rosbot/dev_ws/install/rosbridge_library:/home/rosbot/dev_ws/install/rosapi_msgs:/opt/ros/eloquent LD_LIBRARY_PATH=/home/rosbot/dev_ws/install/rosapi_msgs/lib:${LD_LIBRARY_PATH} PYTHONPATH=/home/rosbot/dev_ws/install/rosbridge_library/lib/python3.6/site-packages:/home/rosbot/dev_ws/install/rosapi_msgs/lib/python3.6/site-packages:${PYTHONPATH} /usr/bin/cmake --build /home/rosbot/dev_ws/build/rosapi --target install -- -j4 -l4
