[3.680s] Invoking command in '/home/rosbot/dev_ws/src/my_package': PYTHONPATH=/home/rosbot/dev_ws/install/my_package/lib/python3.6/site-packages:${PYTHONPATH} /usr/bin/python3 setup.py egg_info --egg-base ../../build/my_package build --build-base /home/rosbot/dev_ws/build/my_package/build install --prefix /home/rosbot/dev_ws/install/my_package --record /home/rosbot/dev_ws/build/my_package/install.log --single-version-externally-managed
[4.859s] /home/rosbot/.local/lib/python3.6/site-packages/setuptools/dist.py:726: UserWarning: Usage of dash-separated 'script-dir' will not be supported in future versions. Please use the underscore name 'script_dir' instead
[4.859s]   % (opt, underscore_opt)
[4.860s] /home/rosbot/.local/lib/python3.6/site-packages/setuptools/dist.py:726: UserWarning: Usage of dash-separated 'install-scripts' will not be supported in future versions. Please use the underscore name 'install_scripts' instead
[4.861s]   % (opt, underscore_opt)
[5.024s] running egg_info
[5.027s] creating ../../build/my_package/my_package.egg-info
[5.028s] writing ../../build/my_package/my_package.egg-info/PKG-INFO
[5.028s] writing dependency_links to ../../build/my_package/my_package.egg-info/dependency_links.txt
[5.029s] writing entry points to ../../build/my_package/my_package.egg-info/entry_points.txt
[5.030s] writing requirements to ../../build/my_package/my_package.egg-info/requires.txt
[5.030s] writing top-level names to ../../build/my_package/my_package.egg-info/top_level.txt
[5.031s] writing manifest file '../../build/my_package/my_package.egg-info/SOURCES.txt'
[5.039s] reading manifest file '../../build/my_package/my_package.egg-info/SOURCES.txt'
[5.044s] writing manifest file '../../build/my_package/my_package.egg-info/SOURCES.txt'
[5.045s] running build
[5.045s] running build_py
[5.046s] creating /home/rosbot/dev_ws/build/my_package/build
[5.046s] creating /home/rosbot/dev_ws/build/my_package/build/lib
[5.047s] creating /home/rosbot/dev_ws/build/my_package/build/lib/my_package
[5.048s] copying my_package/my_node.py -> /home/rosbot/dev_ws/build/my_package/build/lib/my_package
[5.048s] copying my_package/__init__.py -> /home/rosbot/dev_ws/build/my_package/build/lib/my_package
[5.049s] running install
[5.049s] /home/rosbot/.local/lib/python3.6/site-packages/setuptools/command/install.py:37: SetuptoolsDeprecationWarning: setup.py install is deprecated. Use build and pip and other standards-based tools.
[5.050s]   setuptools.SetuptoolsDeprecationWarning,
[5.050s] running install_lib
[5.052s] creating /home/rosbot/dev_ws/install/my_package/lib/python3.6/site-packages/my_package
[5.052s] copying /home/rosbot/dev_ws/build/my_package/build/lib/my_package/my_node.py -> /home/rosbot/dev_ws/install/my_package/lib/python3.6/site-packages/my_package
[5.053s] copying /home/rosbot/dev_ws/build/my_package/build/lib/my_package/__init__.py -> /home/rosbot/dev_ws/install/my_package/lib/python3.6/site-packages/my_package
[5.054s] byte-compiling /home/rosbot/dev_ws/install/my_package/lib/python3.6/site-packages/my_package/my_node.py to my_node.cpython-36.pyc
[5.055s] byte-compiling /home/rosbot/dev_ws/install/my_package/lib/python3.6/site-packages/my_package/__init__.py to __init__.cpython-36.pyc
[5.056s] running install_data
[5.057s] creating /home/rosbot/dev_ws/install/my_package/share/ament_index
[5.058s] creating /home/rosbot/dev_ws/install/my_package/share/ament_index/resource_index
[5.058s] creating /home/rosbot/dev_ws/install/my_package/share/ament_index/resource_index/packages
[5.059s] copying resource/my_package -> /home/rosbot/dev_ws/install/my_package/share/ament_index/resource_index/packages
[5.059s] copying package.xml -> /home/rosbot/dev_ws/install/my_package/share/my_package
[5.060s] running install_egg_info
[5.065s] Copying ../../build/my_package/my_package.egg-info to /home/rosbot/dev_ws/install/my_package/lib/python3.6/site-packages/my_package-0.0.0-py3.6.egg-info
[5.069s] running install_scripts
[5.147s] Installing my_node script to /home/rosbot/dev_ws/install/my_package/lib/my_package
[5.149s] writing list of installed files to '/home/rosbot/dev_ws/build/my_package/install.log'
[5.260s] Invoked command in '/home/rosbot/dev_ws/src/my_package' returned '0': PYTHONPATH=/home/rosbot/dev_ws/install/my_package/lib/python3.6/site-packages:${PYTHONPATH} /usr/bin/python3 setup.py egg_info --egg-base ../../build/my_package build --build-base /home/rosbot/dev_ws/build/my_package/build install --prefix /home/rosbot/dev_ws/install/my_package --record /home/rosbot/dev_ws/build/my_package/install.log --single-version-externally-managed
