[0.328s] Invoking command in '/home/rosbot/dev_ws/build/interfaces': CMAKE_PREFIX_PATH=${CMAKE_PREFIX_PATH}:/home/rosbot/dev_ws/install/py_pubsub:/home/rosbot/dev_ws/install/my_package:/home/rosbot/dev_ws/install/base:/opt/ros/eloquent /usr/bin/cmake --build /home/rosbot/dev_ws/build/interfaces -- -j4 -l4
[0.717s] [ 10%] Built target interfaces__rosidl_generator_c
[0.760s] [ 13%] Built target interfaces__cpp
[0.859s] [ 24%] Built target interfaces__rosidl_typesupport_introspection_c
[0.933s] [ 34%] Built target interfaces__rosidl_typesupport_introspection_cpp
[0.957s] [ 44%] Built target interfaces__rosidl_typesupport_fastrtps_cpp
[1.434s] [ 55%] Built target interfaces__rosidl_typesupport_fastrtps_c
[1.492s] [ 65%] Built target interfaces__rosidl_typesupport_cpp
[1.818s] [ 75%] Built target interfaces__rosidl_typesupport_c
[1.906s] [ 75%] Built target interfaces
[1.948s] [ 79%] Built target interfaces__py
[2.114s] [ 86%] Built target interfaces__python
[2.238s] [ 93%] Built target interfaces__rosidl_typesupport_c__pyext
[2.255s] [100%] Built target interfaces__rosidl_typesupport_fastrtps_c__pyext
[2.512s] Invoked command in '/home/rosbot/dev_ws/build/interfaces' returned '0': CMAKE_PREFIX_PATH=${CMAKE_PREFIX_PATH}:/home/rosbot/dev_ws/install/py_pubsub:/home/rosbot/dev_ws/install/my_package:/home/rosbot/dev_ws/install/base:/opt/ros/eloquent /usr/bin/cmake --build /home/rosbot/dev_ws/build/interfaces -- -j4 -l4
[3.718s] Invoking command in '/home/rosbot/dev_ws/build/interfaces': CMAKE_PREFIX_PATH=${CMAKE_PREFIX_PATH}:/home/rosbot/dev_ws/install/py_pubsub:/home/rosbot/dev_ws/install/my_package:/home/rosbot/dev_ws/install/base:/opt/ros/eloquent /usr/bin/cmake --build /home/rosbot/dev_ws/build/interfaces --target install -- -j4 -l4
[3.967s] [ 10%] Built target interfaces__rosidl_generator_c
[3.969s] [ 13%] Built target interfaces__cpp
[4.107s] [ 24%] Built target interfaces__rosidl_typesupport_fastrtps_cpp
[4.116s] [ 34%] Built target interfaces__rosidl_typesupport_introspection_cpp
[4.139s] [ 44%] Built target interfaces__rosidl_typesupport_introspection_c
[4.236s] [ 55%] Built target interfaces__rosidl_typesupport_cpp
[4.272s] [ 65%] Built target interfaces__rosidl_typesupport_fastrtps_c
[4.391s] [ 75%] Built target interfaces__rosidl_typesupport_c
[4.483s] [ 75%] Built target interfaces
[4.573s] [ 79%] Built target interfaces__py
[4.697s] [ 86%] Built target interfaces__python
[4.820s] [ 93%] Built target interfaces__rosidl_typesupport_fastrtps_c__pyext
[4.823s] [100%] Built target interfaces__rosidl_typesupport_c__pyext
[4.902s] [36mInstall the project...[0m
[4.939s] -- Install configuration: ""
[4.942s] -- Execute custom install script
[4.943s] -- Up-to-date symlink: /home/rosbot/dev_ws/install/interfaces/share/ament_index/resource_index/rosidl_interfaces/interfaces
[4.945s] -- Up-to-date symlink: /home/rosbot/dev_ws/install/interfaces/lib/libinterfaces__rosidl_typesupport_c.so
[4.946s] -- Up-to-date symlink: /home/rosbot/dev_ws/install/interfaces/share/interfaces/environment/library_path.sh
[4.948s] -- Up-to-date symlink: /home/rosbot/dev_ws/install/interfaces/share/interfaces/environment/library_path.dsv
[4.950s] -- Up-to-date symlink: /home/rosbot/dev_ws/install/interfaces/lib/libinterfaces__rosidl_typesupport_cpp.so
[4.952s] -- Up-to-date symlink: /home/rosbot/dev_ws/install/interfaces/include/interfaces/msg/rosidl_typesupport_fastrtps_c__visibility_control.h
[4.954s] -- Up-to-date symlink: /home/rosbot/dev_ws/install/interfaces/include/interfaces/msg/vector2__rosidl_typesupport_fastrtps_c.h
[4.955s] -- Up-to-date symlink: /home/rosbot/dev_ws/install/interfaces/lib/libinterfaces__rosidl_typesupport_fastrtps_c.so
[4.958s] -- Up-to-date symlink: /home/rosbot/dev_ws/install/interfaces/include/interfaces/msg/rosidl_generator_c__visibility_control.h
[4.959s] -- Up-to-date symlink: /home/rosbot/dev_ws/install/interfaces/include/interfaces/msg/vector2.h
[4.961s] -- Up-to-date symlink: /home/rosbot/dev_ws/install/interfaces/include/interfaces/msg/vector2__functions.h
[4.962s] -- Up-to-date symlink: /home/rosbot/dev_ws/install/interfaces/include/interfaces/msg/vector2__struct.h
[4.964s] -- Up-to-date symlink: /home/rosbot/dev_ws/install/interfaces/include/interfaces/msg/vector2__type_support.h
[4.965s] -- Up-to-date symlink: /home/rosbot/dev_ws/install/interfaces/lib/libinterfaces__rosidl_generator_c.so
[4.967s] -- Up-to-date symlink: /home/rosbot/dev_ws/install/interfaces/include/interfaces/msg/rosidl_typesupport_fastrtps_cpp__visibility_control.h
[4.969s] -- Up-to-date symlink: /home/rosbot/dev_ws/install/interfaces/include/interfaces/msg/vector2__rosidl_typesupport_fastrtps_cpp.hpp
[4.971s] -- Up-to-date symlink: /home/rosbot/dev_ws/install/interfaces/lib/libinterfaces__rosidl_typesupport_fastrtps_cpp.so
[4.973s] -- Up-to-date symlink: /home/rosbot/dev_ws/install/interfaces/include/interfaces/msg/vector2.hpp
[4.974s] -- Up-to-date symlink: /home/rosbot/dev_ws/install/interfaces/include/interfaces/msg/vector2__struct.hpp
[4.975s] -- Up-to-date symlink: /home/rosbot/dev_ws/install/interfaces/include/interfaces/msg/vector2__traits.hpp
[4.976s] -- Up-to-date symlink: /home/rosbot/dev_ws/install/interfaces/include/interfaces/msg/rosidl_typesupport_introspection_c__visibility_control.h
[4.977s] -- Up-to-date symlink: /home/rosbot/dev_ws/install/interfaces/include/interfaces/msg/vector2__rosidl_typesupport_introspection_c.h
[4.979s] -- Up-to-date symlink: /home/rosbot/dev_ws/install/interfaces/lib/libinterfaces__rosidl_typesupport_introspection_c.so
[4.981s] -- Up-to-date symlink: /home/rosbot/dev_ws/install/interfaces/include/interfaces/msg/vector2__rosidl_typesupport_introspection_cpp.hpp
[4.983s] -- Up-to-date symlink: /home/rosbot/dev_ws/install/interfaces/lib/libinterfaces__rosidl_typesupport_introspection_cpp.so
[4.984s] -- Up-to-date symlink: /home/rosbot/dev_ws/install/interfaces/share/interfaces/environment/pythonpath.sh
[4.986s] -- Up-to-date symlink: /home/rosbot/dev_ws/install/interfaces/share/interfaces/environment/pythonpath.dsv
[4.987s] -- Up-to-date symlink: /home/rosbot/dev_ws/install/interfaces/lib/python3.6/site-packages/interfaces/__init__.py
[4.989s] -- Up-to-date symlink: /home/rosbot/dev_ws/install/interfaces/lib/python3.6/site-packages/interfaces/msg/__init__.py
[4.989s] -- Up-to-date symlink: /home/rosbot/dev_ws/install/interfaces/lib/python3.6/site-packages/interfaces/msg/_vector2.py
[4.992s] -- Up-to-date symlink: /home/rosbot/dev_ws/install/interfaces/lib/python3.6/site-packages/interfaces/interfaces_s__rosidl_typesupport_c.cpython-36m-aarch64-linux-gnu.so
[4.994s] -- Up-to-date symlink: /home/rosbot/dev_ws/install/interfaces/lib/python3.6/site-packages/interfaces/interfaces_s__rosidl_typesupport_fastrtps_c.cpython-36m-aarch64-linux-gnu.so
[4.996s] -- Up-to-date symlink: /home/rosbot/dev_ws/install/interfaces/lib/libinterfaces__python.so
[4.997s] -- Up-to-date symlink: /home/rosbot/dev_ws/install/interfaces/share/interfaces/msg/Vector2.idl
[4.998s] -- Up-to-date symlink: /home/rosbot/dev_ws/install/interfaces/share/interfaces/msg/Vector2.msg
[4.999s] -- Up-to-date symlink: /home/rosbot/dev_ws/install/interfaces/share/ament_index/resource_index/package_run_dependencies/interfaces
[5.000s] -- Up-to-date symlink: /home/rosbot/dev_ws/install/interfaces/share/ament_index/resource_index/parent_prefix_path/interfaces
[5.001s] -- Up-to-date symlink: /home/rosbot/dev_ws/install/interfaces/share/interfaces/environment/ament_prefix_path.sh
[5.002s] -- Up-to-date symlink: /home/rosbot/dev_ws/install/interfaces/share/interfaces/environment/ament_prefix_path.dsv
[5.003s] -- Up-to-date symlink: /home/rosbot/dev_ws/install/interfaces/share/interfaces/environment/path.sh
[5.004s] -- Up-to-date symlink: /home/rosbot/dev_ws/install/interfaces/share/interfaces/environment/path.dsv
[5.006s] -- Up-to-date symlink: /home/rosbot/dev_ws/install/interfaces/share/interfaces/local_setup.bash
[5.007s] -- Up-to-date symlink: /home/rosbot/dev_ws/install/interfaces/share/interfaces/local_setup.sh
[5.008s] -- Up-to-date symlink: /home/rosbot/dev_ws/install/interfaces/share/interfaces/local_setup.zsh
[5.009s] -- Up-to-date symlink: /home/rosbot/dev_ws/install/interfaces/share/interfaces/local_setup.dsv
[5.010s] -- Symlinking: /home/rosbot/dev_ws/install/interfaces/share/interfaces/package.dsv
[5.051s] -- Up-to-date symlink: /home/rosbot/dev_ws/install/interfaces/share/ament_index/resource_index/packages/interfaces
[5.052s] -- Up-to-date symlink: /home/rosbot/dev_ws/install/interfaces/share/interfaces/cmake/rosidl_cmake-extras.cmake
[5.053s] -- Up-to-date symlink: /home/rosbot/dev_ws/install/interfaces/share/interfaces/cmake/ament_cmake_export_libraries-extras.cmake
[5.054s] -- Up-to-date symlink: /home/rosbot/dev_ws/install/interfaces/share/interfaces/cmake/ament_cmake_export_include_directories-extras.cmake
[5.055s] -- Up-to-date symlink: /home/rosbot/dev_ws/install/interfaces/share/interfaces/cmake/interfacesConfig.cmake
[5.056s] -- Up-to-date symlink: /home/rosbot/dev_ws/install/interfaces/share/interfaces/cmake/interfacesConfig-version.cmake
[5.057s] -- Up-to-date symlink: /home/rosbot/dev_ws/install/interfaces/share/interfaces/package.xml
[6.894s] Invoked command in '/home/rosbot/dev_ws/build/interfaces' returned '0': CMAKE_PREFIX_PATH=${CMAKE_PREFIX_PATH}:/home/rosbot/dev_ws/install/py_pubsub:/home/rosbot/dev_ws/install/my_package:/home/rosbot/dev_ws/install/base:/opt/ros/eloquent /usr/bin/cmake --build /home/rosbot/dev_ws/build/interfaces --target install -- -j4 -l4
