[4.751s] Invoking command in '/home/rosbot/dev_ws/build/base': PYTHONPATH=/home/rosbot/dev_ws/install/base/lib/python3.6/site-packages:${PYTHONPATH} /usr/bin/python3 setup.py develop --prefix /home/rosbot/dev_ws/install/base --editable --build-directory /home/rosbot/dev_ws/build/base/build --no-deps install_data --install-dir /home/rosbot/dev_ws/install/base
[6.151s] /home/rosbot/.local/lib/python3.6/site-packages/setuptools/dist.py:726: UserWarning: Usage of dash-separated 'script-dir' will not be supported in future versions. Please use the underscore name 'script_dir' instead
[6.151s]   % (opt, underscore_opt)
[6.153s] /home/rosbot/.local/lib/python3.6/site-packages/setuptools/dist.py:726: UserWarning: Usage of dash-separated 'install-scripts' will not be supported in future versions. Please use the underscore name 'install_scripts' instead
[6.154s]   % (opt, underscore_opt)
[6.448s] running develop
[6.451s] /home/rosbot/.local/lib/python3.6/site-packages/setuptools/command/easy_install.py:159: EasyInstallDeprecationWarning: easy_install command is deprecated. Use build and pip and other standards-based tools.
[6.452s]   EasyInstallDeprecationWarning,
[6.458s] /home/rosbot/.local/lib/python3.6/site-packages/setuptools/command/install.py:37: SetuptoolsDeprecationWarning: setup.py install is deprecated. Use build and pip and other standards-based tools.
[6.459s]   setuptools.SetuptoolsDeprecationWarning,
[6.727s] /home/rosbot/.local/lib/python3.6/site-packages/pkg_resources/__init__.py:119: PkgResourcesDeprecationWarning: 0.18ubuntu0.18.04.1 is an invalid version and will not be supported in a future release
[6.727s]   PkgResourcesDeprecationWarning,
[7.222s] running egg_info
[7.223s] writing base.egg-info/PKG-INFO
[7.225s] writing dependency_links to base.egg-info/dependency_links.txt
[7.227s] writing entry points to base.egg-info/entry_points.txt
[7.228s] writing requirements to base.egg-info/requires.txt
[7.230s] writing top-level names to base.egg-info/top_level.txt
[7.239s] reading manifest file 'base.egg-info/SOURCES.txt'
[7.245s] writing manifest file 'base.egg-info/SOURCES.txt'
[7.252s] running build_ext
[7.253s] Creating /home/rosbot/dev_ws/install/base/lib/python3.6/site-packages/base.egg-link (link to .)
[7.257s] Installing drivetrain script to /home/rosbot/dev_ws/install/base/lib/base
[7.258s] Installing pca script to /home/rosbot/dev_ws/install/base/lib/base
[7.259s] Installing tester script to /home/rosbot/dev_ws/install/base/lib/base
[7.260s] 
[7.261s] Installed /home/rosbot/dev_ws/build/base
[7.261s] running install_data
[7.407s] Invoked command in '/home/rosbot/dev_ws/build/base' returned '0': PYTHONPATH=/home/rosbot/dev_ws/install/base/lib/python3.6/site-packages:${PYTHONPATH} /usr/bin/python3 setup.py develop --prefix /home/rosbot/dev_ws/install/base --editable --build-directory /home/rosbot/dev_ws/build/base/build --no-deps install_data --install-dir /home/rosbot/dev_ws/install/base
