[4.856s] Invoking command in '/home/rosbot/dev_ws/build/base': PYTHONPATH=/home/rosbot/dev_ws/install/base/lib/python3.6/site-packages:${PYTHONPATH} /usr/bin/python3 setup.py develop --prefix /home/rosbot/dev_ws/install/base --editable --build-directory /home/rosbot/dev_ws/build/base/build --no-deps install_data --install-dir /home/rosbot/dev_ws/install/base
[6.366s] /home/rosbot/.local/lib/python3.6/site-packages/setuptools/dist.py:726: UserWarning: Usage of dash-separated 'script-dir' will not be supported in future versions. Please use the underscore name 'script_dir' instead
[6.367s]   % (opt, underscore_opt)
[6.370s] /home/rosbot/.local/lib/python3.6/site-packages/setuptools/dist.py:726: UserWarning: Usage of dash-separated 'install-scripts' will not be supported in future versions. Please use the underscore name 'install_scripts' instead
[6.371s]   % (opt, underscore_opt)
[6.684s] running develop
[6.689s] /home/rosbot/.local/lib/python3.6/site-packages/setuptools/command/easy_install.py:159: EasyInstallDeprecationWarning: easy_install command is deprecated. Use build and pip and other standards-based tools.
[6.690s]   EasyInstallDeprecationWarning,
[6.708s] /home/rosbot/.local/lib/python3.6/site-packages/setuptools/command/install.py:37: SetuptoolsDeprecationWarning: setup.py install is deprecated. Use build and pip and other standards-based tools.
[6.709s]   setuptools.SetuptoolsDeprecationWarning,
[7.091s] /home/rosbot/.local/lib/python3.6/site-packages/pkg_resources/__init__.py:119: PkgResourcesDeprecationWarning: 0.18ubuntu0.18.04.1 is an invalid version and will not be supported in a future release
[7.092s]   PkgResourcesDeprecationWarning,
[8.757s] running egg_info
[8.759s] writing base.egg-info/PKG-INFO
[8.760s] writing dependency_links to base.egg-info/dependency_links.txt
[8.762s] writing entry points to base.egg-info/entry_points.txt
[8.765s] writing requirements to base.egg-info/requires.txt
[8.767s] writing top-level names to base.egg-info/top_level.txt
[8.772s] reading manifest file 'base.egg-info/SOURCES.txt'
[8.774s] writing manifest file 'base.egg-info/SOURCES.txt'
[8.775s] running build_ext
[8.776s] Creating /home/rosbot/dev_ws/install/base/lib/python3.6/site-packages/base.egg-link (link to .)
[8.776s] Installing drivetrain script to /home/rosbot/dev_ws/install/base/lib/base
[8.777s] Installing pca script to /home/rosbot/dev_ws/install/base/lib/base
[8.778s] Installing tester script to /home/rosbot/dev_ws/install/base/lib/base
[8.790s] 
[8.807s] Installed /home/rosbot/dev_ws/build/base
[8.828s] running install_data
[8.882s] Invoked command in '/home/rosbot/dev_ws/build/base' returned '0': PYTHONPATH=/home/rosbot/dev_ws/install/base/lib/python3.6/site-packages:${PYTHONPATH} /usr/bin/python3 setup.py develop --prefix /home/rosbot/dev_ws/install/base --editable --build-directory /home/rosbot/dev_ws/build/base/build --no-deps install_data --install-dir /home/rosbot/dev_ws/install/base
