[1.160s] Invoking command in '/home/rosbot/dev_ws/build/rosapi_msgs': CMAKE_PREFIX_PATH=${CMAKE_PREFIX_PATH}:/home/rosbot/dev_ws/install/py_pubsub:/home/rosbot/dev_ws/install/my_package:/home/rosbot/dev_ws/install/base:/opt/ros/eloquent /usr/bin/cmake --build /home/rosbot/dev_ws/build/rosapi_msgs -- -j4 -l4
[3.591s] [ 12%] Built target rosapi_msgs__rosidl_generator_c
[3.592s] [ 12%] Built target rosapi_msgs__cpp
[3.594s] [ 24%] Built target rosapi_msgs__rosidl_typesupport_introspection_c
[3.596s] [ 37%] Built target rosapi_msgs__rosidl_typesupport_introspection_cpp
[3.598s] [ 49%] Built target rosapi_msgs__rosidl_typesupport_fastrtps_cpp
[3.599s] [ 61%] Built target rosapi_msgs__rosidl_typesupport_cpp
[3.603s] [ 73%] Built target rosapi_msgs__rosidl_typesupport_fastrtps_c
[3.604s] [ 86%] Built target rosapi_msgs__rosidl_typesupport_c
[3.605s] [ 86%] Built target rosapi_msgs
[3.606s] [ 86%] Built target rosapi_msgs__py
[3.606s] [ 98%] Built target rosapi_msgs__python
[3.608s] [ 99%] Built target rosapi_msgs__rosidl_typesupport_c__pyext
[3.610s] [100%] Built target rosapi_msgs__rosidl_typesupport_fastrtps_c__pyext
[3.631s] Invoked command in '/home/rosbot/dev_ws/build/rosapi_msgs' returned '0': CMAKE_PREFIX_PATH=${CMAKE_PREFIX_PATH}:/home/rosbot/dev_ws/install/py_pubsub:/home/rosbot/dev_ws/install/my_package:/home/rosbot/dev_ws/install/base:/opt/ros/eloquent /usr/bin/cmake --build /home/rosbot/dev_ws/build/rosapi_msgs -- -j4 -l4
[6.287s] Invoking command in '/home/rosbot/dev_ws/build/rosapi_msgs': CMAKE_PREFIX_PATH=${CMAKE_PREFIX_PATH}:/home/rosbot/dev_ws/install/py_pubsub:/home/rosbot/dev_ws/install/my_package:/home/rosbot/dev_ws/install/base:/opt/ros/eloquent /usr/bin/cmake --build /home/rosbot/dev_ws/build/rosapi_msgs --target install -- -j4 -l4
[6.666s] [  6%] Built target rosapi_msgs__cpp
[6.669s] [ 12%] Built target rosapi_msgs__rosidl_generator_c
[6.917s] [ 24%] Built target rosapi_msgs__rosidl_typesupport_introspection_c
[6.959s] [ 37%] Built target rosapi_msgs__rosidl_typesupport_introspection_cpp
[7.034s] [ 49%] Built target rosapi_msgs__rosidl_typesupport_fastrtps_cpp
[7.460s] [ 61%] Built target rosapi_msgs__rosidl_typesupport_fastrtps_c
[7.503s] [ 73%] Built target rosapi_msgs__rosidl_typesupport_cpp
[7.632s] [ 86%] Built target rosapi_msgs__rosidl_typesupport_c
[7.750s] [ 86%] Built target rosapi_msgs
[7.840s] [ 86%] Built target rosapi_msgs__py
[8.096s] [ 98%] Built target rosapi_msgs__python
[8.314s] [ 99%] Built target rosapi_msgs__rosidl_typesupport_c__pyext
[8.338s] [100%] Built target rosapi_msgs__rosidl_typesupport_fastrtps_c__pyext
[8.498s] [36mInstall the project...[0m
[8.539s] -- Install configuration: ""
[8.549s] -- Execute custom install script
[8.553s] -- Up-to-date symlink: /home/rosbot/dev_ws/install/rosapi_msgs/share/ament_index/resource_index/rosidl_interfaces/rosapi_msgs
[8.575s] -- Up-to-date symlink: /home/rosbot/dev_ws/install/rosapi_msgs/include/rosapi_msgs/msg/type_def.hpp
[8.579s] -- Up-to-date symlink: /home/rosbot/dev_ws/install/rosapi_msgs/include/rosapi_msgs/msg/type_def__struct.hpp
[8.582s] -- Up-to-date symlink: /home/rosbot/dev_ws/install/rosapi_msgs/include/rosapi_msgs/msg/type_def__traits.hpp
[8.584s] -- Up-to-date symlink: /home/rosbot/dev_ws/install/rosapi_msgs/include/rosapi_msgs/srv/delete_param.hpp
[8.594s] -- Up-to-date symlink: /home/rosbot/dev_ws/install/rosapi_msgs/include/rosapi_msgs/srv/delete_param__struct.hpp
[8.597s] -- Up-to-date symlink: /home/rosbot/dev_ws/install/rosapi_msgs/include/rosapi_msgs/srv/delete_param__traits.hpp
[8.602s] -- Up-to-date symlink: /home/rosbot/dev_ws/install/rosapi_msgs/include/rosapi_msgs/srv/get_action_servers.hpp
[8.613s] -- Up-to-date symlink: /home/rosbot/dev_ws/install/rosapi_msgs/include/rosapi_msgs/srv/get_action_servers__struct.hpp
[8.615s] -- Up-to-date symlink: /home/rosbot/dev_ws/install/rosapi_msgs/include/rosapi_msgs/srv/get_action_servers__traits.hpp
[8.623s] -- Up-to-date symlink: /home/rosbot/dev_ws/install/rosapi_msgs/include/rosapi_msgs/srv/get_param.hpp
[8.627s] -- Up-to-date symlink: /home/rosbot/dev_ws/install/rosapi_msgs/include/rosapi_msgs/srv/get_param__struct.hpp
[8.628s] -- Up-to-date symlink: /home/rosbot/dev_ws/install/rosapi_msgs/include/rosapi_msgs/srv/get_param__traits.hpp
[8.630s] -- Up-to-date symlink: /home/rosbot/dev_ws/install/rosapi_msgs/include/rosapi_msgs/srv/get_param_names.hpp
[8.631s] -- Up-to-date symlink: /home/rosbot/dev_ws/install/rosapi_msgs/include/rosapi_msgs/srv/get_param_names__struct.hpp
[8.634s] -- Up-to-date symlink: /home/rosbot/dev_ws/install/rosapi_msgs/include/rosapi_msgs/srv/get_param_names__traits.hpp
[8.635s] -- Up-to-date symlink: /home/rosbot/dev_ws/install/rosapi_msgs/include/rosapi_msgs/srv/get_ros_version.hpp
[8.649s] -- Up-to-date symlink: /home/rosbot/dev_ws/install/rosapi_msgs/include/rosapi_msgs/srv/get_ros_version__struct.hpp
[8.661s] -- Up-to-date symlink: /home/rosbot/dev_ws/install/rosapi_msgs/include/rosapi_msgs/srv/get_ros_version__traits.hpp
[8.662s] -- Up-to-date symlink: /home/rosbot/dev_ws/install/rosapi_msgs/include/rosapi_msgs/srv/get_time.hpp
[8.663s] -- Up-to-date symlink: /home/rosbot/dev_ws/install/rosapi_msgs/include/rosapi_msgs/srv/get_time__struct.hpp
[8.664s] -- Up-to-date symlink: /home/rosbot/dev_ws/install/rosapi_msgs/include/rosapi_msgs/srv/get_time__traits.hpp
[8.666s] -- Up-to-date symlink: /home/rosbot/dev_ws/install/rosapi_msgs/include/rosapi_msgs/srv/has_param.hpp
[8.668s] -- Up-to-date symlink: /home/rosbot/dev_ws/install/rosapi_msgs/include/rosapi_msgs/srv/has_param__struct.hpp
[8.670s] -- Up-to-date symlink: /home/rosbot/dev_ws/install/rosapi_msgs/include/rosapi_msgs/srv/has_param__traits.hpp
[8.673s] -- Up-to-date symlink: /home/rosbot/dev_ws/install/rosapi_msgs/include/rosapi_msgs/srv/message_details.hpp
[8.675s] -- Up-to-date symlink: /home/rosbot/dev_ws/install/rosapi_msgs/include/rosapi_msgs/srv/message_details__struct.hpp
[8.680s] -- Up-to-date symlink: /home/rosbot/dev_ws/install/rosapi_msgs/include/rosapi_msgs/srv/message_details__traits.hpp
[8.692s] -- Up-to-date symlink: /home/rosbot/dev_ws/install/rosapi_msgs/include/rosapi_msgs/srv/node_details.hpp
[8.694s] -- Up-to-date symlink: /home/rosbot/dev_ws/install/rosapi_msgs/include/rosapi_msgs/srv/node_details__struct.hpp
[8.698s] -- Up-to-date symlink: /home/rosbot/dev_ws/install/rosapi_msgs/include/rosapi_msgs/srv/node_details__traits.hpp
[8.705s] -- Up-to-date symlink: /home/rosbot/dev_ws/install/rosapi_msgs/include/rosapi_msgs/srv/nodes.hpp
[8.707s] -- Up-to-date symlink: /home/rosbot/dev_ws/install/rosapi_msgs/include/rosapi_msgs/srv/nodes__struct.hpp
[8.715s] -- Up-to-date symlink: /home/rosbot/dev_ws/install/rosapi_msgs/include/rosapi_msgs/srv/nodes__traits.hpp
[8.718s] -- Up-to-date symlink: /home/rosbot/dev_ws/install/rosapi_msgs/include/rosapi_msgs/srv/publishers.hpp
[8.723s] -- Up-to-date symlink: /home/rosbot/dev_ws/install/rosapi_msgs/include/rosapi_msgs/srv/publishers__struct.hpp
[8.726s] -- Up-to-date symlink: /home/rosbot/dev_ws/install/rosapi_msgs/include/rosapi_msgs/srv/publishers__traits.hpp
[8.748s] -- Up-to-date symlink: /home/rosbot/dev_ws/install/rosapi_msgs/include/rosapi_msgs/srv/service_node.hpp
[8.749s] -- Up-to-date symlink: /home/rosbot/dev_ws/install/rosapi_msgs/include/rosapi_msgs/srv/service_node__struct.hpp
[8.751s] -- Up-to-date symlink: /home/rosbot/dev_ws/install/rosapi_msgs/include/rosapi_msgs/srv/service_node__traits.hpp
[8.752s] -- Up-to-date symlink: /home/rosbot/dev_ws/install/rosapi_msgs/include/rosapi_msgs/srv/service_providers.hpp
[8.753s] -- Up-to-date symlink: /home/rosbot/dev_ws/install/rosapi_msgs/include/rosapi_msgs/srv/service_providers__struct.hpp
[8.754s] -- Up-to-date symlink: /home/rosbot/dev_ws/install/rosapi_msgs/include/rosapi_msgs/srv/service_providers__traits.hpp
[8.756s] -- Up-to-date symlink: /home/rosbot/dev_ws/install/rosapi_msgs/include/rosapi_msgs/srv/service_request_details.hpp
[8.759s] -- Up-to-date symlink: /home/rosbot/dev_ws/install/rosapi_msgs/include/rosapi_msgs/srv/service_request_details__struct.hpp
[8.762s] -- Up-to-date symlink: /home/rosbot/dev_ws/install/rosapi_msgs/include/rosapi_msgs/srv/service_request_details__traits.hpp
[8.763s] -- Up-to-date symlink: /home/rosbot/dev_ws/install/rosapi_msgs/include/rosapi_msgs/srv/service_response_details.hpp
[8.765s] -- Up-to-date symlink: /home/rosbot/dev_ws/install/rosapi_msgs/include/rosapi_msgs/srv/service_response_details__struct.hpp
[8.774s] -- Up-to-date symlink: /home/rosbot/dev_ws/install/rosapi_msgs/include/rosapi_msgs/srv/service_response_details__traits.hpp
[8.774s] -- Up-to-date symlink: /home/rosbot/dev_ws/install/rosapi_msgs/include/rosapi_msgs/srv/service_type.hpp
[8.775s] -- Up-to-date symlink: /home/rosbot/dev_ws/install/rosapi_msgs/include/rosapi_msgs/srv/service_type__struct.hpp
[8.776s] -- Up-to-date symlink: /home/rosbot/dev_ws/install/rosapi_msgs/include/rosapi_msgs/srv/service_type__traits.hpp
[8.777s] -- Up-to-date symlink: /home/rosbot/dev_ws/install/rosapi_msgs/include/rosapi_msgs/srv/services.hpp
[8.778s] -- Up-to-date symlink: /home/rosbot/dev_ws/install/rosapi_msgs/include/rosapi_msgs/srv/services__struct.hpp
[8.785s] -- Up-to-date symlink: /home/rosbot/dev_ws/install/rosapi_msgs/include/rosapi_msgs/srv/services__traits.hpp
[8.796s] -- Up-to-date symlink: /home/rosbot/dev_ws/install/rosapi_msgs/include/rosapi_msgs/srv/services_for_type.hpp
[8.797s] -- Up-to-date symlink: /home/rosbot/dev_ws/install/rosapi_msgs/include/rosapi_msgs/srv/services_for_type__struct.hpp
[8.800s] -- Up-to-date symlink: /home/rosbot/dev_ws/install/rosapi_msgs/include/rosapi_msgs/srv/services_for_type__traits.hpp
[8.802s] -- Up-to-date symlink: /home/rosbot/dev_ws/install/rosapi_msgs/include/rosapi_msgs/srv/set_param.hpp
[8.808s] -- Up-to-date symlink: /home/rosbot/dev_ws/install/rosapi_msgs/include/rosapi_msgs/srv/set_param__struct.hpp
[8.810s] -- Up-to-date symlink: /home/rosbot/dev_ws/install/rosapi_msgs/include/rosapi_msgs/srv/set_param__traits.hpp
[8.825s] -- Up-to-date symlink: /home/rosbot/dev_ws/install/rosapi_msgs/include/rosapi_msgs/srv/subscribers.hpp
[8.826s] -- Up-to-date symlink: /home/rosbot/dev_ws/install/rosapi_msgs/include/rosapi_msgs/srv/subscribers__struct.hpp
[8.832s] -- Up-to-date symlink: /home/rosbot/dev_ws/install/rosapi_msgs/include/rosapi_msgs/srv/subscribers__traits.hpp
[8.838s] -- Up-to-date symlink: /home/rosbot/dev_ws/install/rosapi_msgs/include/rosapi_msgs/srv/topic_type.hpp
[8.839s] -- Up-to-date symlink: /home/rosbot/dev_ws/install/rosapi_msgs/include/rosapi_msgs/srv/topic_type__struct.hpp
[8.843s] -- Up-to-date symlink: /home/rosbot/dev_ws/install/rosapi_msgs/include/rosapi_msgs/srv/topic_type__traits.hpp
[8.849s] -- Up-to-date symlink: /home/rosbot/dev_ws/install/rosapi_msgs/include/rosapi_msgs/srv/topics.hpp
[8.852s] -- Up-to-date symlink: /home/rosbot/dev_ws/install/rosapi_msgs/include/rosapi_msgs/srv/topics__struct.hpp
[8.859s] -- Up-to-date symlink: /home/rosbot/dev_ws/install/rosapi_msgs/include/rosapi_msgs/srv/topics__traits.hpp
[8.865s] -- Up-to-date symlink: /home/rosbot/dev_ws/install/rosapi_msgs/include/rosapi_msgs/srv/topics_and_raw_types.hpp
[8.875s] -- Up-to-date symlink: /home/rosbot/dev_ws/install/rosapi_msgs/include/rosapi_msgs/srv/topics_and_raw_types__struct.hpp
[8.878s] -- Up-to-date symlink: /home/rosbot/dev_ws/install/rosapi_msgs/include/rosapi_msgs/srv/topics_and_raw_types__traits.hpp
[8.884s] -- Up-to-date symlink: /home/rosbot/dev_ws/install/rosapi_msgs/include/rosapi_msgs/srv/topics_for_type.hpp
[8.887s] -- Up-to-date symlink: /home/rosbot/dev_ws/install/rosapi_msgs/include/rosapi_msgs/srv/topics_for_type__struct.hpp
[8.889s] -- Up-to-date symlink: /home/rosbot/dev_ws/install/rosapi_msgs/include/rosapi_msgs/srv/topics_for_type__traits.hpp
[8.896s] -- Up-to-date symlink: /home/rosbot/dev_ws/install/rosapi_msgs/include/rosapi_msgs/msg/rosidl_generator_c__visibility_control.h
[8.902s] -- Up-to-date symlink: /home/rosbot/dev_ws/install/rosapi_msgs/include/rosapi_msgs/msg/type_def.h
[8.910s] -- Up-to-date symlink: /home/rosbot/dev_ws/install/rosapi_msgs/include/rosapi_msgs/msg/type_def__functions.h
[8.917s] -- Up-to-date symlink: /home/rosbot/dev_ws/install/rosapi_msgs/include/rosapi_msgs/msg/type_def__struct.h
[8.920s] -- Up-to-date symlink: /home/rosbot/dev_ws/install/rosapi_msgs/include/rosapi_msgs/msg/type_def__type_support.h
[8.928s] -- Up-to-date symlink: /home/rosbot/dev_ws/install/rosapi_msgs/include/rosapi_msgs/srv/delete_param.h
[8.932s] -- Up-to-date symlink: /home/rosbot/dev_ws/install/rosapi_msgs/include/rosapi_msgs/srv/delete_param__functions.h
[8.937s] -- Up-to-date symlink: /home/rosbot/dev_ws/install/rosapi_msgs/include/rosapi_msgs/srv/delete_param__struct.h
[8.939s] -- Up-to-date symlink: /home/rosbot/dev_ws/install/rosapi_msgs/include/rosapi_msgs/srv/delete_param__type_support.h
[8.942s] -- Up-to-date symlink: /home/rosbot/dev_ws/install/rosapi_msgs/include/rosapi_msgs/srv/get_action_servers.h
[8.943s] -- Up-to-date symlink: /home/rosbot/dev_ws/install/rosapi_msgs/include/rosapi_msgs/srv/get_action_servers__functions.h
[8.946s] -- Up-to-date symlink: /home/rosbot/dev_ws/install/rosapi_msgs/include/rosapi_msgs/srv/get_action_servers__struct.h
[8.948s] -- Up-to-date symlink: /home/rosbot/dev_ws/install/rosapi_msgs/include/rosapi_msgs/srv/get_action_servers__type_support.h
[8.952s] -- Up-to-date symlink: /home/rosbot/dev_ws/install/rosapi_msgs/include/rosapi_msgs/srv/get_param.h
[8.954s] -- Up-to-date symlink: /home/rosbot/dev_ws/install/rosapi_msgs/include/rosapi_msgs/srv/get_param__functions.h
[8.956s] -- Up-to-date symlink: /home/rosbot/dev_ws/install/rosapi_msgs/include/rosapi_msgs/srv/get_param__struct.h
[8.957s] -- Up-to-date symlink: /home/rosbot/dev_ws/install/rosapi_msgs/include/rosapi_msgs/srv/get_param__type_support.h
[8.958s] -- Up-to-date symlink: /home/rosbot/dev_ws/install/rosapi_msgs/include/rosapi_msgs/srv/get_param_names.h
[8.960s] -- Up-to-date symlink: /home/rosbot/dev_ws/install/rosapi_msgs/include/rosapi_msgs/srv/get_param_names__functions.h
[8.963s] -- Up-to-date symlink: /home/rosbot/dev_ws/install/rosapi_msgs/include/rosapi_msgs/srv/get_param_names__struct.h
[8.965s] -- Up-to-date symlink: /home/rosbot/dev_ws/install/rosapi_msgs/include/rosapi_msgs/srv/get_param_names__type_support.h
[8.967s] -- Up-to-date symlink: /home/rosbot/dev_ws/install/rosapi_msgs/include/rosapi_msgs/srv/get_ros_version.h
[8.968s] -- Up-to-date symlink: /home/rosbot/dev_ws/install/rosapi_msgs/include/rosapi_msgs/srv/get_ros_version__functions.h
[8.970s] -- Up-to-date symlink: /home/rosbot/dev_ws/install/rosapi_msgs/include/rosapi_msgs/srv/get_ros_version__struct.h
[8.971s] -- Up-to-date symlink: /home/rosbot/dev_ws/install/rosapi_msgs/include/rosapi_msgs/srv/get_ros_version__type_support.h
[8.973s] -- Up-to-date symlink: /home/rosbot/dev_ws/install/rosapi_msgs/include/rosapi_msgs/srv/get_time.h
[8.977s] -- Up-to-date symlink: /home/rosbot/dev_ws/install/rosapi_msgs/include/rosapi_msgs/srv/get_time__functions.h
[8.982s] -- Up-to-date symlink: /home/rosbot/dev_ws/install/rosapi_msgs/include/rosapi_msgs/srv/get_time__struct.h
[8.986s] -- Up-to-date symlink: /home/rosbot/dev_ws/install/rosapi_msgs/include/rosapi_msgs/srv/get_time__type_support.h
[8.989s] -- Up-to-date symlink: /home/rosbot/dev_ws/install/rosapi_msgs/include/rosapi_msgs/srv/has_param.h
[8.992s] -- Up-to-date symlink: /home/rosbot/dev_ws/install/rosapi_msgs/include/rosapi_msgs/srv/has_param__functions.h
[8.993s] -- Up-to-date symlink: /home/rosbot/dev_ws/install/rosapi_msgs/include/rosapi_msgs/srv/has_param__struct.h
[8.994s] -- Up-to-date symlink: /home/rosbot/dev_ws/install/rosapi_msgs/include/rosapi_msgs/srv/has_param__type_support.h
[8.996s] -- Up-to-date symlink: /home/rosbot/dev_ws/install/rosapi_msgs/include/rosapi_msgs/srv/message_details.h
[8.997s] -- Up-to-date symlink: /home/rosbot/dev_ws/install/rosapi_msgs/include/rosapi_msgs/srv/message_details__functions.h
[8.998s] -- Up-to-date symlink: /home/rosbot/dev_ws/install/rosapi_msgs/include/rosapi_msgs/srv/message_details__struct.h
[8.999s] -- Up-to-date symlink: /home/rosbot/dev_ws/install/rosapi_msgs/include/rosapi_msgs/srv/message_details__type_support.h
[9.001s] -- Up-to-date symlink: /home/rosbot/dev_ws/install/rosapi_msgs/include/rosapi_msgs/srv/node_details.h
[9.003s] -- Up-to-date symlink: /home/rosbot/dev_ws/install/rosapi_msgs/include/rosapi_msgs/srv/node_details__functions.h
[9.006s] -- Up-to-date symlink: /home/rosbot/dev_ws/install/rosapi_msgs/include/rosapi_msgs/srv/node_details__struct.h
[9.008s] -- Up-to-date symlink: /home/rosbot/dev_ws/install/rosapi_msgs/include/rosapi_msgs/srv/node_details__type_support.h
[9.011s] -- Up-to-date symlink: /home/rosbot/dev_ws/install/rosapi_msgs/include/rosapi_msgs/srv/nodes.h
[9.013s] -- Up-to-date symlink: /home/rosbot/dev_ws/install/rosapi_msgs/include/rosapi_msgs/srv/nodes__functions.h
[9.019s] -- Up-to-date symlink: /home/rosbot/dev_ws/install/rosapi_msgs/include/rosapi_msgs/srv/nodes__struct.h
[9.023s] -- Up-to-date symlink: /home/rosbot/dev_ws/install/rosapi_msgs/include/rosapi_msgs/srv/nodes__type_support.h
[9.025s] -- Up-to-date symlink: /home/rosbot/dev_ws/install/rosapi_msgs/include/rosapi_msgs/srv/publishers.h
[9.027s] -- Up-to-date symlink: /home/rosbot/dev_ws/install/rosapi_msgs/include/rosapi_msgs/srv/publishers__functions.h
[9.028s] -- Up-to-date symlink: /home/rosbot/dev_ws/install/rosapi_msgs/include/rosapi_msgs/srv/publishers__struct.h
[9.029s] -- Up-to-date symlink: /home/rosbot/dev_ws/install/rosapi_msgs/include/rosapi_msgs/srv/publishers__type_support.h
[9.030s] -- Up-to-date symlink: /home/rosbot/dev_ws/install/rosapi_msgs/include/rosapi_msgs/srv/service_node.h
[9.032s] -- Up-to-date symlink: /home/rosbot/dev_ws/install/rosapi_msgs/include/rosapi_msgs/srv/service_node__functions.h
[9.033s] -- Up-to-date symlink: /home/rosbot/dev_ws/install/rosapi_msgs/include/rosapi_msgs/srv/service_node__struct.h
[9.036s] -- Up-to-date symlink: /home/rosbot/dev_ws/install/rosapi_msgs/include/rosapi_msgs/srv/service_node__type_support.h
[9.039s] -- Up-to-date symlink: /home/rosbot/dev_ws/install/rosapi_msgs/include/rosapi_msgs/srv/service_providers.h
[9.040s] -- Up-to-date symlink: /home/rosbot/dev_ws/install/rosapi_msgs/include/rosapi_msgs/srv/service_providers__functions.h
[9.041s] -- Up-to-date symlink: /home/rosbot/dev_ws/install/rosapi_msgs/include/rosapi_msgs/srv/service_providers__struct.h
[9.042s] -- Up-to-date symlink: /home/rosbot/dev_ws/install/rosapi_msgs/include/rosapi_msgs/srv/service_providers__type_support.h
[9.043s] -- Up-to-date symlink: /home/rosbot/dev_ws/install/rosapi_msgs/include/rosapi_msgs/srv/service_request_details.h
[9.045s] -- Up-to-date symlink: /home/rosbot/dev_ws/install/rosapi_msgs/include/rosapi_msgs/srv/service_request_details__functions.h
[9.047s] -- Up-to-date symlink: /home/rosbot/dev_ws/install/rosapi_msgs/include/rosapi_msgs/srv/service_request_details__struct.h
[9.048s] -- Up-to-date symlink: /home/rosbot/dev_ws/install/rosapi_msgs/include/rosapi_msgs/srv/service_request_details__type_support.h
[9.049s] -- Up-to-date symlink: /home/rosbot/dev_ws/install/rosapi_msgs/include/rosapi_msgs/srv/service_response_details.h
[9.050s] -- Up-to-date symlink: /home/rosbot/dev_ws/install/rosapi_msgs/include/rosapi_msgs/srv/service_response_details__functions.h
[9.051s] -- Up-to-date symlink: /home/rosbot/dev_ws/install/rosapi_msgs/include/rosapi_msgs/srv/service_response_details__struct.h
[9.052s] -- Up-to-date symlink: /home/rosbot/dev_ws/install/rosapi_msgs/include/rosapi_msgs/srv/service_response_details__type_support.h
[9.053s] -- Up-to-date symlink: /home/rosbot/dev_ws/install/rosapi_msgs/include/rosapi_msgs/srv/service_type.h
[9.054s] -- Up-to-date symlink: /home/rosbot/dev_ws/install/rosapi_msgs/include/rosapi_msgs/srv/service_type__functions.h
[9.061s] -- Up-to-date symlink: /home/rosbot/dev_ws/install/rosapi_msgs/include/rosapi_msgs/srv/service_type__struct.h
[9.062s] -- Up-to-date symlink: /home/rosbot/dev_ws/install/rosapi_msgs/include/rosapi_msgs/srv/service_type__type_support.h
[9.063s] -- Up-to-date symlink: /home/rosbot/dev_ws/install/rosapi_msgs/include/rosapi_msgs/srv/services.h
[9.064s] -- Up-to-date symlink: /home/rosbot/dev_ws/install/rosapi_msgs/include/rosapi_msgs/srv/services__functions.h
[9.066s] -- Up-to-date symlink: /home/rosbot/dev_ws/install/rosapi_msgs/include/rosapi_msgs/srv/services__struct.h
[9.067s] -- Up-to-date symlink: /home/rosbot/dev_ws/install/rosapi_msgs/include/rosapi_msgs/srv/services__type_support.h
[9.068s] -- Up-to-date symlink: /home/rosbot/dev_ws/install/rosapi_msgs/include/rosapi_msgs/srv/services_for_type.h
[9.069s] -- Up-to-date symlink: /home/rosbot/dev_ws/install/rosapi_msgs/include/rosapi_msgs/srv/services_for_type__functions.h
[9.070s] -- Up-to-date symlink: /home/rosbot/dev_ws/install/rosapi_msgs/include/rosapi_msgs/srv/services_for_type__struct.h
[9.071s] -- Up-to-date symlink: /home/rosbot/dev_ws/install/rosapi_msgs/include/rosapi_msgs/srv/services_for_type__type_support.h
[9.072s] -- Up-to-date symlink: /home/rosbot/dev_ws/install/rosapi_msgs/include/rosapi_msgs/srv/set_param.h
[9.074s] -- Up-to-date symlink: /home/rosbot/dev_ws/install/rosapi_msgs/include/rosapi_msgs/srv/set_param__functions.h
[9.079s] -- Up-to-date symlink: /home/rosbot/dev_ws/install/rosapi_msgs/include/rosapi_msgs/srv/set_param__struct.h
[9.080s] -- Up-to-date symlink: /home/rosbot/dev_ws/install/rosapi_msgs/include/rosapi_msgs/srv/set_param__type_support.h
[9.081s] -- Up-to-date symlink: /home/rosbot/dev_ws/install/rosapi_msgs/include/rosapi_msgs/srv/subscribers.h
[9.082s] -- Up-to-date symlink: /home/rosbot/dev_ws/install/rosapi_msgs/include/rosapi_msgs/srv/subscribers__functions.h
[9.084s] -- Up-to-date symlink: /home/rosbot/dev_ws/install/rosapi_msgs/include/rosapi_msgs/srv/subscribers__struct.h
[9.085s] -- Up-to-date symlink: /home/rosbot/dev_ws/install/rosapi_msgs/include/rosapi_msgs/srv/subscribers__type_support.h
[9.086s] -- Up-to-date symlink: /home/rosbot/dev_ws/install/rosapi_msgs/include/rosapi_msgs/srv/topic_type.h
[9.088s] -- Up-to-date symlink: /home/rosbot/dev_ws/install/rosapi_msgs/include/rosapi_msgs/srv/topic_type__functions.h
[9.089s] -- Up-to-date symlink: /home/rosbot/dev_ws/install/rosapi_msgs/include/rosapi_msgs/srv/topic_type__struct.h
[9.091s] -- Up-to-date symlink: /home/rosbot/dev_ws/install/rosapi_msgs/include/rosapi_msgs/srv/topic_type__type_support.h
[9.092s] -- Up-to-date symlink: /home/rosbot/dev_ws/install/rosapi_msgs/include/rosapi_msgs/srv/topics.h
[9.094s] -- Up-to-date symlink: /home/rosbot/dev_ws/install/rosapi_msgs/include/rosapi_msgs/srv/topics__functions.h
[9.096s] -- Up-to-date symlink: /home/rosbot/dev_ws/install/rosapi_msgs/include/rosapi_msgs/srv/topics__struct.h
[9.097s] -- Up-to-date symlink: /home/rosbot/dev_ws/install/rosapi_msgs/include/rosapi_msgs/srv/topics__type_support.h
[9.098s] -- Up-to-date symlink: /home/rosbot/dev_ws/install/rosapi_msgs/include/rosapi_msgs/srv/topics_and_raw_types.h
[9.099s] -- Up-to-date symlink: /home/rosbot/dev_ws/install/rosapi_msgs/include/rosapi_msgs/srv/topics_and_raw_types__functions.h
[9.101s] -- Up-to-date symlink: /home/rosbot/dev_ws/install/rosapi_msgs/include/rosapi_msgs/srv/topics_and_raw_types__struct.h
[9.102s] -- Up-to-date symlink: /home/rosbot/dev_ws/install/rosapi_msgs/include/rosapi_msgs/srv/topics_and_raw_types__type_support.h
[9.103s] -- Up-to-date symlink: /home/rosbot/dev_ws/install/rosapi_msgs/include/rosapi_msgs/srv/topics_for_type.h
[9.104s] -- Up-to-date symlink: /home/rosbot/dev_ws/install/rosapi_msgs/include/rosapi_msgs/srv/topics_for_type__functions.h
[9.105s] -- Up-to-date symlink: /home/rosbot/dev_ws/install/rosapi_msgs/include/rosapi_msgs/srv/topics_for_type__struct.h
[9.107s] -- Up-to-date symlink: /home/rosbot/dev_ws/install/rosapi_msgs/include/rosapi_msgs/srv/topics_for_type__type_support.h
[9.119s] -- Up-to-date symlink: /home/rosbot/dev_ws/install/rosapi_msgs/share/rosapi_msgs/environment/library_path.sh
[9.121s] -- Up-to-date symlink: /home/rosbot/dev_ws/install/rosapi_msgs/share/rosapi_msgs/environment/library_path.dsv
[9.122s] -- Up-to-date symlink: /home/rosbot/dev_ws/install/rosapi_msgs/lib/librosapi_msgs__rosidl_generator_c.so
[9.123s] -- Up-to-date symlink: /home/rosbot/dev_ws/install/rosapi_msgs/lib/librosapi_msgs__rosidl_typesupport_c.so
[9.124s] -- Up-to-date symlink: /home/rosbot/dev_ws/install/rosapi_msgs/lib/librosapi_msgs__rosidl_typesupport_cpp.so
[9.126s] -- Up-to-date symlink: /home/rosbot/dev_ws/install/rosapi_msgs/include/rosapi_msgs/msg/rosidl_typesupport_introspection_c__visibility_control.h
[9.127s] -- Up-to-date symlink: /home/rosbot/dev_ws/install/rosapi_msgs/include/rosapi_msgs/msg/type_def__rosidl_typesupport_introspection_c.h
[9.128s] -- Up-to-date symlink: /home/rosbot/dev_ws/install/rosapi_msgs/include/rosapi_msgs/srv/delete_param__rosidl_typesupport_introspection_c.h
[9.131s] -- Up-to-date symlink: /home/rosbot/dev_ws/install/rosapi_msgs/include/rosapi_msgs/srv/get_action_servers__rosidl_typesupport_introspection_c.h
[9.132s] -- Up-to-date symlink: /home/rosbot/dev_ws/install/rosapi_msgs/include/rosapi_msgs/srv/get_param__rosidl_typesupport_introspection_c.h
[9.133s] -- Up-to-date symlink: /home/rosbot/dev_ws/install/rosapi_msgs/include/rosapi_msgs/srv/get_param_names__rosidl_typesupport_introspection_c.h
[9.134s] -- Up-to-date symlink: /home/rosbot/dev_ws/install/rosapi_msgs/include/rosapi_msgs/srv/get_ros_version__rosidl_typesupport_introspection_c.h
[9.135s] -- Up-to-date symlink: /home/rosbot/dev_ws/install/rosapi_msgs/include/rosapi_msgs/srv/get_time__rosidl_typesupport_introspection_c.h
[9.136s] -- Up-to-date symlink: /home/rosbot/dev_ws/install/rosapi_msgs/include/rosapi_msgs/srv/has_param__rosidl_typesupport_introspection_c.h
[9.137s] -- Up-to-date symlink: /home/rosbot/dev_ws/install/rosapi_msgs/include/rosapi_msgs/srv/message_details__rosidl_typesupport_introspection_c.h
[9.138s] -- Up-to-date symlink: /home/rosbot/dev_ws/install/rosapi_msgs/include/rosapi_msgs/srv/node_details__rosidl_typesupport_introspection_c.h
[9.140s] -- Up-to-date symlink: /home/rosbot/dev_ws/install/rosapi_msgs/include/rosapi_msgs/srv/nodes__rosidl_typesupport_introspection_c.h
[9.141s] -- Up-to-date symlink: /home/rosbot/dev_ws/install/rosapi_msgs/include/rosapi_msgs/srv/publishers__rosidl_typesupport_introspection_c.h
[9.143s] -- Up-to-date symlink: /home/rosbot/dev_ws/install/rosapi_msgs/include/rosapi_msgs/srv/service_node__rosidl_typesupport_introspection_c.h
[9.145s] -- Up-to-date symlink: /home/rosbot/dev_ws/install/rosapi_msgs/include/rosapi_msgs/srv/service_providers__rosidl_typesupport_introspection_c.h
[9.148s] -- Up-to-date symlink: /home/rosbot/dev_ws/install/rosapi_msgs/include/rosapi_msgs/srv/service_request_details__rosidl_typesupport_introspection_c.h
[9.150s] -- Up-to-date symlink: /home/rosbot/dev_ws/install/rosapi_msgs/include/rosapi_msgs/srv/service_response_details__rosidl_typesupport_introspection_c.h
[9.151s] -- Up-to-date symlink: /home/rosbot/dev_ws/install/rosapi_msgs/include/rosapi_msgs/srv/service_type__rosidl_typesupport_introspection_c.h
[9.154s] -- Up-to-date symlink: /home/rosbot/dev_ws/install/rosapi_msgs/include/rosapi_msgs/srv/services__rosidl_typesupport_introspection_c.h
[9.155s] -- Up-to-date symlink: /home/rosbot/dev_ws/install/rosapi_msgs/include/rosapi_msgs/srv/services_for_type__rosidl_typesupport_introspection_c.h
[9.157s] -- Up-to-date symlink: /home/rosbot/dev_ws/install/rosapi_msgs/include/rosapi_msgs/srv/set_param__rosidl_typesupport_introspection_c.h
[9.159s] -- Up-to-date symlink: /home/rosbot/dev_ws/install/rosapi_msgs/include/rosapi_msgs/srv/subscribers__rosidl_typesupport_introspection_c.h
[9.161s] -- Up-to-date symlink: /home/rosbot/dev_ws/install/rosapi_msgs/include/rosapi_msgs/srv/topic_type__rosidl_typesupport_introspection_c.h
[9.162s] -- Up-to-date symlink: /home/rosbot/dev_ws/install/rosapi_msgs/include/rosapi_msgs/srv/topics__rosidl_typesupport_introspection_c.h
[9.165s] -- Up-to-date symlink: /home/rosbot/dev_ws/install/rosapi_msgs/include/rosapi_msgs/srv/topics_and_raw_types__rosidl_typesupport_introspection_c.h
[9.166s] -- Up-to-date symlink: /home/rosbot/dev_ws/install/rosapi_msgs/include/rosapi_msgs/srv/topics_for_type__rosidl_typesupport_introspection_c.h
[9.169s] -- Up-to-date symlink: /home/rosbot/dev_ws/install/rosapi_msgs/lib/librosapi_msgs__rosidl_typesupport_introspection_c.so
[9.173s] -- Up-to-date symlink: /home/rosbot/dev_ws/install/rosapi_msgs/include/rosapi_msgs/msg/type_def__rosidl_typesupport_introspection_cpp.hpp
[9.174s] -- Up-to-date symlink: /home/rosbot/dev_ws/install/rosapi_msgs/include/rosapi_msgs/srv/delete_param__rosidl_typesupport_introspection_cpp.hpp
[9.175s] -- Up-to-date symlink: /home/rosbot/dev_ws/install/rosapi_msgs/include/rosapi_msgs/srv/get_action_servers__rosidl_typesupport_introspection_cpp.hpp
[9.176s] -- Up-to-date symlink: /home/rosbot/dev_ws/install/rosapi_msgs/include/rosapi_msgs/srv/get_param__rosidl_typesupport_introspection_cpp.hpp
[9.177s] -- Up-to-date symlink: /home/rosbot/dev_ws/install/rosapi_msgs/include/rosapi_msgs/srv/get_param_names__rosidl_typesupport_introspection_cpp.hpp
[9.177s] -- Up-to-date symlink: /home/rosbot/dev_ws/install/rosapi_msgs/include/rosapi_msgs/srv/get_ros_version__rosidl_typesupport_introspection_cpp.hpp
[9.179s] -- Up-to-date symlink: /home/rosbot/dev_ws/install/rosapi_msgs/include/rosapi_msgs/srv/get_time__rosidl_typesupport_introspection_cpp.hpp
[9.180s] -- Up-to-date symlink: /home/rosbot/dev_ws/install/rosapi_msgs/include/rosapi_msgs/srv/has_param__rosidl_typesupport_introspection_cpp.hpp
[9.181s] -- Up-to-date symlink: /home/rosbot/dev_ws/install/rosapi_msgs/include/rosapi_msgs/srv/message_details__rosidl_typesupport_introspection_cpp.hpp
[9.182s] -- Up-to-date symlink: /home/rosbot/dev_ws/install/rosapi_msgs/include/rosapi_msgs/srv/node_details__rosidl_typesupport_introspection_cpp.hpp
[9.182s] -- Up-to-date symlink: /home/rosbot/dev_ws/install/rosapi_msgs/include/rosapi_msgs/srv/nodes__rosidl_typesupport_introspection_cpp.hpp
[9.184s] -- Up-to-date symlink: /home/rosbot/dev_ws/install/rosapi_msgs/include/rosapi_msgs/srv/publishers__rosidl_typesupport_introspection_cpp.hpp
[9.184s] -- Up-to-date symlink: /home/rosbot/dev_ws/install/rosapi_msgs/include/rosapi_msgs/srv/service_node__rosidl_typesupport_introspection_cpp.hpp
[9.186s] -- Up-to-date symlink: /home/rosbot/dev_ws/install/rosapi_msgs/include/rosapi_msgs/srv/service_providers__rosidl_typesupport_introspection_cpp.hpp
[9.187s] -- Up-to-date symlink: /home/rosbot/dev_ws/install/rosapi_msgs/include/rosapi_msgs/srv/service_request_details__rosidl_typesupport_introspection_cpp.hpp
[9.188s] -- Up-to-date symlink: /home/rosbot/dev_ws/install/rosapi_msgs/include/rosapi_msgs/srv/service_response_details__rosidl_typesupport_introspection_cpp.hpp
[9.189s] -- Up-to-date symlink: /home/rosbot/dev_ws/install/rosapi_msgs/include/rosapi_msgs/srv/service_type__rosidl_typesupport_introspection_cpp.hpp
[9.190s] -- Up-to-date symlink: /home/rosbot/dev_ws/install/rosapi_msgs/include/rosapi_msgs/srv/services__rosidl_typesupport_introspection_cpp.hpp
[9.190s] -- Up-to-date symlink: /home/rosbot/dev_ws/install/rosapi_msgs/include/rosapi_msgs/srv/services_for_type__rosidl_typesupport_introspection_cpp.hpp
[9.191s] -- Up-to-date symlink: /home/rosbot/dev_ws/install/rosapi_msgs/include/rosapi_msgs/srv/set_param__rosidl_typesupport_introspection_cpp.hpp
[9.192s] -- Up-to-date symlink: /home/rosbot/dev_ws/install/rosapi_msgs/include/rosapi_msgs/srv/subscribers__rosidl_typesupport_introspection_cpp.hpp
[9.193s] -- Up-to-date symlink: /home/rosbot/dev_ws/install/rosapi_msgs/include/rosapi_msgs/srv/topic_type__rosidl_typesupport_introspection_cpp.hpp
[9.193s] -- Up-to-date symlink: /home/rosbot/dev_ws/install/rosapi_msgs/include/rosapi_msgs/srv/topics__rosidl_typesupport_introspection_cpp.hpp
[9.194s] -- Up-to-date symlink: /home/rosbot/dev_ws/install/rosapi_msgs/include/rosapi_msgs/srv/topics_and_raw_types__rosidl_typesupport_introspection_cpp.hpp
[9.195s] -- Up-to-date symlink: /home/rosbot/dev_ws/install/rosapi_msgs/include/rosapi_msgs/srv/topics_for_type__rosidl_typesupport_introspection_cpp.hpp
[9.195s] -- Up-to-date symlink: /home/rosbot/dev_ws/install/rosapi_msgs/lib/librosapi_msgs__rosidl_typesupport_introspection_cpp.so
[9.198s] -- Up-to-date symlink: /home/rosbot/dev_ws/install/rosapi_msgs/include/rosapi_msgs/msg/rosidl_typesupport_fastrtps_c__visibility_control.h
[9.199s] -- Up-to-date symlink: /home/rosbot/dev_ws/install/rosapi_msgs/include/rosapi_msgs/msg/type_def__rosidl_typesupport_fastrtps_c.h
[9.201s] -- Up-to-date symlink: /home/rosbot/dev_ws/install/rosapi_msgs/include/rosapi_msgs/srv/delete_param__rosidl_typesupport_fastrtps_c.h
[9.202s] -- Up-to-date symlink: /home/rosbot/dev_ws/install/rosapi_msgs/include/rosapi_msgs/srv/get_action_servers__rosidl_typesupport_fastrtps_c.h
[9.203s] -- Up-to-date symlink: /home/rosbot/dev_ws/install/rosapi_msgs/include/rosapi_msgs/srv/get_param__rosidl_typesupport_fastrtps_c.h
[9.204s] -- Up-to-date symlink: /home/rosbot/dev_ws/install/rosapi_msgs/include/rosapi_msgs/srv/get_param_names__rosidl_typesupport_fastrtps_c.h
[9.205s] -- Up-to-date symlink: /home/rosbot/dev_ws/install/rosapi_msgs/include/rosapi_msgs/srv/get_ros_version__rosidl_typesupport_fastrtps_c.h
[9.206s] -- Up-to-date symlink: /home/rosbot/dev_ws/install/rosapi_msgs/include/rosapi_msgs/srv/get_time__rosidl_typesupport_fastrtps_c.h
[9.207s] -- Up-to-date symlink: /home/rosbot/dev_ws/install/rosapi_msgs/include/rosapi_msgs/srv/has_param__rosidl_typesupport_fastrtps_c.h
[9.208s] -- Up-to-date symlink: /home/rosbot/dev_ws/install/rosapi_msgs/include/rosapi_msgs/srv/message_details__rosidl_typesupport_fastrtps_c.h
[9.209s] -- Up-to-date symlink: /home/rosbot/dev_ws/install/rosapi_msgs/include/rosapi_msgs/srv/node_details__rosidl_typesupport_fastrtps_c.h
[9.210s] -- Up-to-date symlink: /home/rosbot/dev_ws/install/rosapi_msgs/include/rosapi_msgs/srv/nodes__rosidl_typesupport_fastrtps_c.h
[9.211s] -- Up-to-date symlink: /home/rosbot/dev_ws/install/rosapi_msgs/include/rosapi_msgs/srv/publishers__rosidl_typesupport_fastrtps_c.h
[9.212s] -- Up-to-date symlink: /home/rosbot/dev_ws/install/rosapi_msgs/include/rosapi_msgs/srv/service_node__rosidl_typesupport_fastrtps_c.h
[9.213s] -- Up-to-date symlink: /home/rosbot/dev_ws/install/rosapi_msgs/include/rosapi_msgs/srv/service_providers__rosidl_typesupport_fastrtps_c.h
[9.214s] -- Up-to-date symlink: /home/rosbot/dev_ws/install/rosapi_msgs/include/rosapi_msgs/srv/service_request_details__rosidl_typesupport_fastrtps_c.h
[9.215s] -- Up-to-date symlink: /home/rosbot/dev_ws/install/rosapi_msgs/include/rosapi_msgs/srv/service_response_details__rosidl_typesupport_fastrtps_c.h
[9.216s] -- Up-to-date symlink: /home/rosbot/dev_ws/install/rosapi_msgs/include/rosapi_msgs/srv/service_type__rosidl_typesupport_fastrtps_c.h
[9.217s] -- Up-to-date symlink: /home/rosbot/dev_ws/install/rosapi_msgs/include/rosapi_msgs/srv/services__rosidl_typesupport_fastrtps_c.h
[9.218s] -- Up-to-date symlink: /home/rosbot/dev_ws/install/rosapi_msgs/include/rosapi_msgs/srv/services_for_type__rosidl_typesupport_fastrtps_c.h
[9.219s] -- Up-to-date symlink: /home/rosbot/dev_ws/install/rosapi_msgs/include/rosapi_msgs/srv/set_param__rosidl_typesupport_fastrtps_c.h
[9.220s] -- Up-to-date symlink: /home/rosbot/dev_ws/install/rosapi_msgs/include/rosapi_msgs/srv/subscribers__rosidl_typesupport_fastrtps_c.h
[9.221s] -- Up-to-date symlink: /home/rosbot/dev_ws/install/rosapi_msgs/include/rosapi_msgs/srv/topic_type__rosidl_typesupport_fastrtps_c.h
[9.222s] -- Up-to-date symlink: /home/rosbot/dev_ws/install/rosapi_msgs/include/rosapi_msgs/srv/topics__rosidl_typesupport_fastrtps_c.h
[9.230s] -- Up-to-date symlink: /home/rosbot/dev_ws/install/rosapi_msgs/include/rosapi_msgs/srv/topics_and_raw_types__rosidl_typesupport_fastrtps_c.h
[9.232s] -- Up-to-date symlink: /home/rosbot/dev_ws/install/rosapi_msgs/include/rosapi_msgs/srv/topics_for_type__rosidl_typesupport_fastrtps_c.h
[9.234s] -- Up-to-date symlink: /home/rosbot/dev_ws/install/rosapi_msgs/lib/librosapi_msgs__rosidl_typesupport_fastrtps_c.so
[9.249s] -- Up-to-date symlink: /home/rosbot/dev_ws/install/rosapi_msgs/include/rosapi_msgs/msg/rosidl_typesupport_fastrtps_cpp__visibility_control.h
[9.249s] -- Up-to-date symlink: /home/rosbot/dev_ws/install/rosapi_msgs/include/rosapi_msgs/msg/type_def__rosidl_typesupport_fastrtps_cpp.hpp
[9.250s] -- Up-to-date symlink: /home/rosbot/dev_ws/install/rosapi_msgs/include/rosapi_msgs/srv/delete_param__rosidl_typesupport_fastrtps_cpp.hpp
[9.251s] -- Up-to-date symlink: /home/rosbot/dev_ws/install/rosapi_msgs/include/rosapi_msgs/srv/get_action_servers__rosidl_typesupport_fastrtps_cpp.hpp
[9.252s] -- Up-to-date symlink: /home/rosbot/dev_ws/install/rosapi_msgs/include/rosapi_msgs/srv/get_param__rosidl_typesupport_fastrtps_cpp.hpp
[9.252s] -- Up-to-date symlink: /home/rosbot/dev_ws/install/rosapi_msgs/include/rosapi_msgs/srv/get_param_names__rosidl_typesupport_fastrtps_cpp.hpp
[9.253s] -- Up-to-date symlink: /home/rosbot/dev_ws/install/rosapi_msgs/include/rosapi_msgs/srv/get_ros_version__rosidl_typesupport_fastrtps_cpp.hpp
[9.255s] -- Up-to-date symlink: /home/rosbot/dev_ws/install/rosapi_msgs/include/rosapi_msgs/srv/get_time__rosidl_typesupport_fastrtps_cpp.hpp
[9.255s] -- Up-to-date symlink: /home/rosbot/dev_ws/install/rosapi_msgs/include/rosapi_msgs/srv/has_param__rosidl_typesupport_fastrtps_cpp.hpp
[9.256s] -- Up-to-date symlink: /home/rosbot/dev_ws/install/rosapi_msgs/include/rosapi_msgs/srv/message_details__rosidl_typesupport_fastrtps_cpp.hpp
[9.258s] -- Up-to-date symlink: /home/rosbot/dev_ws/install/rosapi_msgs/include/rosapi_msgs/srv/node_details__rosidl_typesupport_fastrtps_cpp.hpp
[9.258s] -- Up-to-date symlink: /home/rosbot/dev_ws/install/rosapi_msgs/include/rosapi_msgs/srv/nodes__rosidl_typesupport_fastrtps_cpp.hpp
[9.259s] -- Up-to-date symlink: /home/rosbot/dev_ws/install/rosapi_msgs/include/rosapi_msgs/srv/publishers__rosidl_typesupport_fastrtps_cpp.hpp
[9.261s] -- Up-to-date symlink: /home/rosbot/dev_ws/install/rosapi_msgs/include/rosapi_msgs/srv/service_node__rosidl_typesupport_fastrtps_cpp.hpp
[9.261s] -- Up-to-date symlink: /home/rosbot/dev_ws/install/rosapi_msgs/include/rosapi_msgs/srv/service_providers__rosidl_typesupport_fastrtps_cpp.hpp
[9.264s] -- Up-to-date symlink: /home/rosbot/dev_ws/install/rosapi_msgs/include/rosapi_msgs/srv/service_request_details__rosidl_typesupport_fastrtps_cpp.hpp
[9.265s] -- Up-to-date symlink: /home/rosbot/dev_ws/install/rosapi_msgs/include/rosapi_msgs/srv/service_response_details__rosidl_typesupport_fastrtps_cpp.hpp
[9.266s] -- Up-to-date symlink: /home/rosbot/dev_ws/install/rosapi_msgs/include/rosapi_msgs/srv/service_type__rosidl_typesupport_fastrtps_cpp.hpp
[9.267s] -- Up-to-date symlink: /home/rosbot/dev_ws/install/rosapi_msgs/include/rosapi_msgs/srv/services__rosidl_typesupport_fastrtps_cpp.hpp
[9.268s] -- Up-to-date symlink: /home/rosbot/dev_ws/install/rosapi_msgs/include/rosapi_msgs/srv/services_for_type__rosidl_typesupport_fastrtps_cpp.hpp
[9.269s] -- Up-to-date symlink: /home/rosbot/dev_ws/install/rosapi_msgs/include/rosapi_msgs/srv/set_param__rosidl_typesupport_fastrtps_cpp.hpp
[9.270s] -- Up-to-date symlink: /home/rosbot/dev_ws/install/rosapi_msgs/include/rosapi_msgs/srv/subscribers__rosidl_typesupport_fastrtps_cpp.hpp
[9.271s] -- Up-to-date symlink: /home/rosbot/dev_ws/install/rosapi_msgs/include/rosapi_msgs/srv/topic_type__rosidl_typesupport_fastrtps_cpp.hpp
[9.272s] -- Up-to-date symlink: /home/rosbot/dev_ws/install/rosapi_msgs/include/rosapi_msgs/srv/topics__rosidl_typesupport_fastrtps_cpp.hpp
[9.273s] -- Up-to-date symlink: /home/rosbot/dev_ws/install/rosapi_msgs/include/rosapi_msgs/srv/topics_and_raw_types__rosidl_typesupport_fastrtps_cpp.hpp
[9.273s] -- Up-to-date symlink: /home/rosbot/dev_ws/install/rosapi_msgs/include/rosapi_msgs/srv/topics_for_type__rosidl_typesupport_fastrtps_cpp.hpp
[9.275s] -- Up-to-date symlink: /home/rosbot/dev_ws/install/rosapi_msgs/lib/librosapi_msgs__rosidl_typesupport_fastrtps_cpp.so
[9.276s] -- Up-to-date symlink: /home/rosbot/dev_ws/install/rosapi_msgs/share/rosapi_msgs/environment/pythonpath.sh
[9.282s] -- Up-to-date symlink: /home/rosbot/dev_ws/install/rosapi_msgs/share/rosapi_msgs/environment/pythonpath.dsv
[9.283s] -- Up-to-date symlink: /home/rosbot/dev_ws/install/rosapi_msgs/lib/python3.6/site-packages/rosapi_msgs/__init__.py
[9.285s] -- Up-to-date symlink: /home/rosbot/dev_ws/install/rosapi_msgs/lib/python3.6/site-packages/rosapi_msgs/msg/__init__.py
[9.286s] -- Up-to-date symlink: /home/rosbot/dev_ws/install/rosapi_msgs/lib/python3.6/site-packages/rosapi_msgs/msg/_type_def.py
[9.288s] -- Up-to-date symlink: /home/rosbot/dev_ws/install/rosapi_msgs/lib/python3.6/site-packages/rosapi_msgs/srv/__init__.py
[9.289s] -- Up-to-date symlink: /home/rosbot/dev_ws/install/rosapi_msgs/lib/python3.6/site-packages/rosapi_msgs/srv/_delete_param.py
[9.290s] -- Up-to-date symlink: /home/rosbot/dev_ws/install/rosapi_msgs/lib/python3.6/site-packages/rosapi_msgs/srv/_get_action_servers.py
[9.291s] -- Up-to-date symlink: /home/rosbot/dev_ws/install/rosapi_msgs/lib/python3.6/site-packages/rosapi_msgs/srv/_get_param.py
[9.291s] -- Up-to-date symlink: /home/rosbot/dev_ws/install/rosapi_msgs/lib/python3.6/site-packages/rosapi_msgs/srv/_get_param_names.py
[9.292s] -- Up-to-date symlink: /home/rosbot/dev_ws/install/rosapi_msgs/lib/python3.6/site-packages/rosapi_msgs/srv/_get_ros_version.py
[9.292s] -- Up-to-date symlink: /home/rosbot/dev_ws/install/rosapi_msgs/lib/python3.6/site-packages/rosapi_msgs/srv/_get_time.py
[9.294s] -- Up-to-date symlink: /home/rosbot/dev_ws/install/rosapi_msgs/lib/python3.6/site-packages/rosapi_msgs/srv/_has_param.py
[9.294s] -- Up-to-date symlink: /home/rosbot/dev_ws/install/rosapi_msgs/lib/python3.6/site-packages/rosapi_msgs/srv/_message_details.py
[9.295s] -- Up-to-date symlink: /home/rosbot/dev_ws/install/rosapi_msgs/lib/python3.6/site-packages/rosapi_msgs/srv/_node_details.py
[9.295s] -- Up-to-date symlink: /home/rosbot/dev_ws/install/rosapi_msgs/lib/python3.6/site-packages/rosapi_msgs/srv/_nodes.py
[9.296s] -- Up-to-date symlink: /home/rosbot/dev_ws/install/rosapi_msgs/lib/python3.6/site-packages/rosapi_msgs/srv/_publishers.py
[9.296s] -- Up-to-date symlink: /home/rosbot/dev_ws/install/rosapi_msgs/lib/python3.6/site-packages/rosapi_msgs/srv/_service_node.py
[9.298s] -- Up-to-date symlink: /home/rosbot/dev_ws/install/rosapi_msgs/lib/python3.6/site-packages/rosapi_msgs/srv/_service_providers.py
[9.298s] -- Up-to-date symlink: /home/rosbot/dev_ws/install/rosapi_msgs/lib/python3.6/site-packages/rosapi_msgs/srv/_service_request_details.py
[9.299s] -- Up-to-date symlink: /home/rosbot/dev_ws/install/rosapi_msgs/lib/python3.6/site-packages/rosapi_msgs/srv/_service_response_details.py
[9.300s] -- Up-to-date symlink: /home/rosbot/dev_ws/install/rosapi_msgs/lib/python3.6/site-packages/rosapi_msgs/srv/_service_type.py
[9.300s] -- Up-to-date symlink: /home/rosbot/dev_ws/install/rosapi_msgs/lib/python3.6/site-packages/rosapi_msgs/srv/_services.py
[9.301s] -- Up-to-date symlink: /home/rosbot/dev_ws/install/rosapi_msgs/lib/python3.6/site-packages/rosapi_msgs/srv/_services_for_type.py
[9.302s] -- Up-to-date symlink: /home/rosbot/dev_ws/install/rosapi_msgs/lib/python3.6/site-packages/rosapi_msgs/srv/_set_param.py
[9.302s] -- Up-to-date symlink: /home/rosbot/dev_ws/install/rosapi_msgs/lib/python3.6/site-packages/rosapi_msgs/srv/_subscribers.py
[9.303s] -- Up-to-date symlink: /home/rosbot/dev_ws/install/rosapi_msgs/lib/python3.6/site-packages/rosapi_msgs/srv/_topic_type.py
[9.304s] -- Up-to-date symlink: /home/rosbot/dev_ws/install/rosapi_msgs/lib/python3.6/site-packages/rosapi_msgs/srv/_topics.py
[9.305s] -- Up-to-date symlink: /home/rosbot/dev_ws/install/rosapi_msgs/lib/python3.6/site-packages/rosapi_msgs/srv/_topics_and_raw_types.py
[9.307s] -- Up-to-date symlink: /home/rosbot/dev_ws/install/rosapi_msgs/lib/python3.6/site-packages/rosapi_msgs/srv/_topics_for_type.py
[9.307s] -- Up-to-date symlink: /home/rosbot/dev_ws/install/rosapi_msgs/lib/python3.6/site-packages/rosapi_msgs/rosapi_msgs_s__rosidl_typesupport_c.cpython-36m-aarch64-linux-gnu.so
[9.308s] -- Up-to-date symlink: /home/rosbot/dev_ws/install/rosapi_msgs/lib/python3.6/site-packages/rosapi_msgs/rosapi_msgs_s__rosidl_typesupport_fastrtps_c.cpython-36m-aarch64-linux-gnu.so
[9.309s] -- Up-to-date symlink: /home/rosbot/dev_ws/install/rosapi_msgs/lib/librosapi_msgs__python.so
[9.310s] -- Up-to-date symlink: /home/rosbot/dev_ws/install/rosapi_msgs/share/rosapi_msgs/msg/TypeDef.idl
[9.311s] -- Up-to-date symlink: /home/rosbot/dev_ws/install/rosapi_msgs/share/rosapi_msgs/srv/DeleteParam.idl
[9.311s] -- Up-to-date symlink: /home/rosbot/dev_ws/install/rosapi_msgs/share/rosapi_msgs/srv/GetActionServers.idl
[9.312s] -- Up-to-date symlink: /home/rosbot/dev_ws/install/rosapi_msgs/share/rosapi_msgs/srv/GetParam.idl
[9.314s] -- Up-to-date symlink: /home/rosbot/dev_ws/install/rosapi_msgs/share/rosapi_msgs/srv/GetParamNames.idl
[9.314s] -- Up-to-date symlink: /home/rosbot/dev_ws/install/rosapi_msgs/share/rosapi_msgs/srv/GetROSVersion.idl
[9.315s] -- Up-to-date symlink: /home/rosbot/dev_ws/install/rosapi_msgs/share/rosapi_msgs/srv/GetTime.idl
[9.316s] -- Up-to-date symlink: /home/rosbot/dev_ws/install/rosapi_msgs/share/rosapi_msgs/srv/HasParam.idl
[9.317s] -- Up-to-date symlink: /home/rosbot/dev_ws/install/rosapi_msgs/share/rosapi_msgs/srv/MessageDetails.idl
[9.317s] -- Up-to-date symlink: /home/rosbot/dev_ws/install/rosapi_msgs/share/rosapi_msgs/srv/Nodes.idl
[9.319s] -- Up-to-date symlink: /home/rosbot/dev_ws/install/rosapi_msgs/share/rosapi_msgs/srv/NodeDetails.idl
[9.319s] -- Up-to-date symlink: /home/rosbot/dev_ws/install/rosapi_msgs/share/rosapi_msgs/srv/Publishers.idl
[9.320s] -- Up-to-date symlink: /home/rosbot/dev_ws/install/rosapi_msgs/share/rosapi_msgs/srv/ServiceNode.idl
[9.320s] -- Up-to-date symlink: /home/rosbot/dev_ws/install/rosapi_msgs/share/rosapi_msgs/srv/ServiceProviders.idl
[9.322s] -- Up-to-date symlink: /home/rosbot/dev_ws/install/rosapi_msgs/share/rosapi_msgs/srv/ServiceRequestDetails.idl
[9.323s] -- Up-to-date symlink: /home/rosbot/dev_ws/install/rosapi_msgs/share/rosapi_msgs/srv/ServiceResponseDetails.idl
[9.324s] -- Up-to-date symlink: /home/rosbot/dev_ws/install/rosapi_msgs/share/rosapi_msgs/srv/Services.idl
[9.325s] -- Up-to-date symlink: /home/rosbot/dev_ws/install/rosapi_msgs/share/rosapi_msgs/srv/ServicesForType.idl
[9.326s] -- Up-to-date symlink: /home/rosbot/dev_ws/install/rosapi_msgs/share/rosapi_msgs/srv/ServiceType.idl
[9.327s] -- Up-to-date symlink: /home/rosbot/dev_ws/install/rosapi_msgs/share/rosapi_msgs/srv/SetParam.idl
[9.328s] -- Up-to-date symlink: /home/rosbot/dev_ws/install/rosapi_msgs/share/rosapi_msgs/srv/Subscribers.idl
[9.328s] -- Up-to-date symlink: /home/rosbot/dev_ws/install/rosapi_msgs/share/rosapi_msgs/srv/Topics.idl
[9.329s] -- Up-to-date symlink: /home/rosbot/dev_ws/install/rosapi_msgs/share/rosapi_msgs/srv/TopicsAndRawTypes.idl
[9.330s] -- Up-to-date symlink: /home/rosbot/dev_ws/install/rosapi_msgs/share/rosapi_msgs/srv/TopicsForType.idl
[9.330s] -- Up-to-date symlink: /home/rosbot/dev_ws/install/rosapi_msgs/share/rosapi_msgs/srv/TopicType.idl
[9.332s] -- Up-to-date symlink: /home/rosbot/dev_ws/install/rosapi_msgs/share/rosapi_msgs/msg/TypeDef.msg
[9.333s] -- Up-to-date symlink: /home/rosbot/dev_ws/install/rosapi_msgs/share/rosapi_msgs/srv/DeleteParam.srv
[9.333s] -- Up-to-date symlink: /home/rosbot/dev_ws/install/rosapi_msgs/share/rosapi_msgs/srv/DeleteParam_Request.msg
[9.334s] -- Up-to-date symlink: /home/rosbot/dev_ws/install/rosapi_msgs/share/rosapi_msgs/srv/DeleteParam_Response.msg
[9.336s] -- Up-to-date symlink: /home/rosbot/dev_ws/install/rosapi_msgs/share/rosapi_msgs/srv/GetActionServers.srv
[9.338s] -- Up-to-date symlink: /home/rosbot/dev_ws/install/rosapi_msgs/share/rosapi_msgs/srv/GetActionServers_Request.msg
[9.339s] -- Up-to-date symlink: /home/rosbot/dev_ws/install/rosapi_msgs/share/rosapi_msgs/srv/GetActionServers_Response.msg
[9.340s] -- Up-to-date symlink: /home/rosbot/dev_ws/install/rosapi_msgs/share/rosapi_msgs/srv/GetParam.srv
[9.341s] -- Up-to-date symlink: /home/rosbot/dev_ws/install/rosapi_msgs/share/rosapi_msgs/srv/GetParam_Request.msg
[9.343s] -- Up-to-date symlink: /home/rosbot/dev_ws/install/rosapi_msgs/share/rosapi_msgs/srv/GetParam_Response.msg
[9.345s] -- Up-to-date symlink: /home/rosbot/dev_ws/install/rosapi_msgs/share/rosapi_msgs/srv/GetParamNames.srv
[9.345s] -- Up-to-date symlink: /home/rosbot/dev_ws/install/rosapi_msgs/share/rosapi_msgs/srv/GetParamNames_Request.msg
[9.346s] -- Up-to-date symlink: /home/rosbot/dev_ws/install/rosapi_msgs/share/rosapi_msgs/srv/GetParamNames_Response.msg
[9.347s] -- Up-to-date symlink: /home/rosbot/dev_ws/install/rosapi_msgs/share/rosapi_msgs/srv/GetROSVersion.srv
[9.348s] -- Up-to-date symlink: /home/rosbot/dev_ws/install/rosapi_msgs/share/rosapi_msgs/srv/GetROSVersion_Request.msg
[9.349s] -- Up-to-date symlink: /home/rosbot/dev_ws/install/rosapi_msgs/share/rosapi_msgs/srv/GetROSVersion_Response.msg
[9.350s] -- Up-to-date symlink: /home/rosbot/dev_ws/install/rosapi_msgs/share/rosapi_msgs/srv/GetTime.srv
[9.351s] -- Up-to-date symlink: /home/rosbot/dev_ws/install/rosapi_msgs/share/rosapi_msgs/srv/GetTime_Request.msg
[9.352s] -- Up-to-date symlink: /home/rosbot/dev_ws/install/rosapi_msgs/share/rosapi_msgs/srv/GetTime_Response.msg
[9.353s] -- Up-to-date symlink: /home/rosbot/dev_ws/install/rosapi_msgs/share/rosapi_msgs/srv/HasParam.srv
[9.354s] -- Up-to-date symlink: /home/rosbot/dev_ws/install/rosapi_msgs/share/rosapi_msgs/srv/HasParam_Request.msg
[9.355s] -- Up-to-date symlink: /home/rosbot/dev_ws/install/rosapi_msgs/share/rosapi_msgs/srv/HasParam_Response.msg
[9.356s] -- Up-to-date symlink: /home/rosbot/dev_ws/install/rosapi_msgs/share/rosapi_msgs/srv/MessageDetails.srv
[9.357s] -- Up-to-date symlink: /home/rosbot/dev_ws/install/rosapi_msgs/share/rosapi_msgs/srv/MessageDetails_Request.msg
[9.359s] -- Up-to-date symlink: /home/rosbot/dev_ws/install/rosapi_msgs/share/rosapi_msgs/srv/MessageDetails_Response.msg
[9.359s] -- Up-to-date symlink: /home/rosbot/dev_ws/install/rosapi_msgs/share/rosapi_msgs/srv/Nodes.srv
[9.360s] -- Up-to-date symlink: /home/rosbot/dev_ws/install/rosapi_msgs/share/rosapi_msgs/srv/Nodes_Request.msg
[9.362s] -- Up-to-date symlink: /home/rosbot/dev_ws/install/rosapi_msgs/share/rosapi_msgs/srv/Nodes_Response.msg
[9.362s] -- Up-to-date symlink: /home/rosbot/dev_ws/install/rosapi_msgs/share/rosapi_msgs/srv/NodeDetails.srv
[9.363s] -- Up-to-date symlink: /home/rosbot/dev_ws/install/rosapi_msgs/share/rosapi_msgs/srv/NodeDetails_Request.msg
[9.364s] -- Up-to-date symlink: /home/rosbot/dev_ws/install/rosapi_msgs/share/rosapi_msgs/srv/NodeDetails_Response.msg
[9.365s] -- Up-to-date symlink: /home/rosbot/dev_ws/install/rosapi_msgs/share/rosapi_msgs/srv/Publishers.srv
[9.366s] -- Up-to-date symlink: /home/rosbot/dev_ws/install/rosapi_msgs/share/rosapi_msgs/srv/Publishers_Request.msg
[9.367s] -- Up-to-date symlink: /home/rosbot/dev_ws/install/rosapi_msgs/share/rosapi_msgs/srv/Publishers_Response.msg
[9.367s] -- Up-to-date symlink: /home/rosbot/dev_ws/install/rosapi_msgs/share/rosapi_msgs/srv/ServiceNode.srv
[9.369s] -- Up-to-date symlink: /home/rosbot/dev_ws/install/rosapi_msgs/share/rosapi_msgs/srv/ServiceNode_Request.msg
[9.369s] -- Up-to-date symlink: /home/rosbot/dev_ws/install/rosapi_msgs/share/rosapi_msgs/srv/ServiceNode_Response.msg
[9.370s] -- Up-to-date symlink: /home/rosbot/dev_ws/install/rosapi_msgs/share/rosapi_msgs/srv/ServiceProviders.srv
[9.371s] -- Up-to-date symlink: /home/rosbot/dev_ws/install/rosapi_msgs/share/rosapi_msgs/srv/ServiceProviders_Request.msg
[9.372s] -- Up-to-date symlink: /home/rosbot/dev_ws/install/rosapi_msgs/share/rosapi_msgs/srv/ServiceProviders_Response.msg
[9.374s] -- Up-to-date symlink: /home/rosbot/dev_ws/install/rosapi_msgs/share/rosapi_msgs/srv/ServiceRequestDetails.srv
[9.375s] -- Up-to-date symlink: /home/rosbot/dev_ws/install/rosapi_msgs/share/rosapi_msgs/srv/ServiceRequestDetails_Request.msg
[9.376s] -- Up-to-date symlink: /home/rosbot/dev_ws/install/rosapi_msgs/share/rosapi_msgs/srv/ServiceRequestDetails_Response.msg
[9.376s] -- Up-to-date symlink: /home/rosbot/dev_ws/install/rosapi_msgs/share/rosapi_msgs/srv/ServiceResponseDetails.srv
[9.377s] -- Up-to-date symlink: /home/rosbot/dev_ws/install/rosapi_msgs/share/rosapi_msgs/srv/ServiceResponseDetails_Request.msg
[9.378s] -- Up-to-date symlink: /home/rosbot/dev_ws/install/rosapi_msgs/share/rosapi_msgs/srv/ServiceResponseDetails_Response.msg
[9.379s] -- Up-to-date symlink: /home/rosbot/dev_ws/install/rosapi_msgs/share/rosapi_msgs/srv/Services.srv
[9.380s] -- Up-to-date symlink: /home/rosbot/dev_ws/install/rosapi_msgs/share/rosapi_msgs/srv/Services_Request.msg
[9.381s] -- Up-to-date symlink: /home/rosbot/dev_ws/install/rosapi_msgs/share/rosapi_msgs/srv/Services_Response.msg
[9.383s] -- Up-to-date symlink: /home/rosbot/dev_ws/install/rosapi_msgs/share/rosapi_msgs/srv/ServicesForType.srv
[9.384s] -- Up-to-date symlink: /home/rosbot/dev_ws/install/rosapi_msgs/share/rosapi_msgs/srv/ServicesForType_Request.msg
[9.385s] -- Up-to-date symlink: /home/rosbot/dev_ws/install/rosapi_msgs/share/rosapi_msgs/srv/ServicesForType_Response.msg
[9.385s] -- Up-to-date symlink: /home/rosbot/dev_ws/install/rosapi_msgs/share/rosapi_msgs/srv/ServiceType.srv
[9.387s] -- Up-to-date symlink: /home/rosbot/dev_ws/install/rosapi_msgs/share/rosapi_msgs/srv/ServiceType_Request.msg
[9.388s] -- Up-to-date symlink: /home/rosbot/dev_ws/install/rosapi_msgs/share/rosapi_msgs/srv/ServiceType_Response.msg
[9.389s] -- Up-to-date symlink: /home/rosbot/dev_ws/install/rosapi_msgs/share/rosapi_msgs/srv/SetParam.srv
[9.390s] -- Up-to-date symlink: /home/rosbot/dev_ws/install/rosapi_msgs/share/rosapi_msgs/srv/SetParam_Request.msg
[9.391s] -- Up-to-date symlink: /home/rosbot/dev_ws/install/rosapi_msgs/share/rosapi_msgs/srv/SetParam_Response.msg
[9.392s] -- Up-to-date symlink: /home/rosbot/dev_ws/install/rosapi_msgs/share/rosapi_msgs/srv/Subscribers.srv
[9.393s] -- Up-to-date symlink: /home/rosbot/dev_ws/install/rosapi_msgs/share/rosapi_msgs/srv/Subscribers_Request.msg
[9.393s] -- Up-to-date symlink: /home/rosbot/dev_ws/install/rosapi_msgs/share/rosapi_msgs/srv/Subscribers_Response.msg
[9.395s] -- Up-to-date symlink: /home/rosbot/dev_ws/install/rosapi_msgs/share/rosapi_msgs/srv/Topics.srv
[9.395s] -- Up-to-date symlink: /home/rosbot/dev_ws/install/rosapi_msgs/share/rosapi_msgs/srv/Topics_Request.msg
[9.397s] -- Up-to-date symlink: /home/rosbot/dev_ws/install/rosapi_msgs/share/rosapi_msgs/srv/Topics_Response.msg
[9.397s] -- Up-to-date symlink: /home/rosbot/dev_ws/install/rosapi_msgs/share/rosapi_msgs/srv/TopicsAndRawTypes.srv
[9.398s] -- Up-to-date symlink: /home/rosbot/dev_ws/install/rosapi_msgs/share/rosapi_msgs/srv/TopicsAndRawTypes_Request.msg
[9.399s] -- Up-to-date symlink: /home/rosbot/dev_ws/install/rosapi_msgs/share/rosapi_msgs/srv/TopicsAndRawTypes_Response.msg
[9.400s] -- Up-to-date symlink: /home/rosbot/dev_ws/install/rosapi_msgs/share/rosapi_msgs/srv/TopicsForType.srv
[9.401s] -- Up-to-date symlink: /home/rosbot/dev_ws/install/rosapi_msgs/share/rosapi_msgs/srv/TopicsForType_Request.msg
[9.401s] -- Up-to-date symlink: /home/rosbot/dev_ws/install/rosapi_msgs/share/rosapi_msgs/srv/TopicsForType_Response.msg
[9.402s] -- Up-to-date symlink: /home/rosbot/dev_ws/install/rosapi_msgs/share/rosapi_msgs/srv/TopicType.srv
[9.403s] -- Up-to-date symlink: /home/rosbot/dev_ws/install/rosapi_msgs/share/rosapi_msgs/srv/TopicType_Request.msg
[9.404s] -- Up-to-date symlink: /home/rosbot/dev_ws/install/rosapi_msgs/share/rosapi_msgs/srv/TopicType_Response.msg
[9.405s] -- Up-to-date symlink: /home/rosbot/dev_ws/install/rosapi_msgs/share/ament_index/resource_index/package_run_dependencies/rosapi_msgs
[9.406s] -- Up-to-date symlink: /home/rosbot/dev_ws/install/rosapi_msgs/share/ament_index/resource_index/parent_prefix_path/rosapi_msgs
[9.407s] -- Up-to-date symlink: /home/rosbot/dev_ws/install/rosapi_msgs/share/rosapi_msgs/environment/ament_prefix_path.sh
[9.408s] -- Up-to-date symlink: /home/rosbot/dev_ws/install/rosapi_msgs/share/rosapi_msgs/environment/ament_prefix_path.dsv
[9.409s] -- Up-to-date symlink: /home/rosbot/dev_ws/install/rosapi_msgs/share/rosapi_msgs/environment/path.sh
[9.410s] -- Up-to-date symlink: /home/rosbot/dev_ws/install/rosapi_msgs/share/rosapi_msgs/environment/path.dsv
[9.411s] -- Up-to-date symlink: /home/rosbot/dev_ws/install/rosapi_msgs/share/rosapi_msgs/local_setup.bash
[9.412s] -- Up-to-date symlink: /home/rosbot/dev_ws/install/rosapi_msgs/share/rosapi_msgs/local_setup.sh
[9.413s] -- Up-to-date symlink: /home/rosbot/dev_ws/install/rosapi_msgs/share/rosapi_msgs/local_setup.zsh
[9.413s] -- Up-to-date symlink: /home/rosbot/dev_ws/install/rosapi_msgs/share/rosapi_msgs/local_setup.dsv
[9.414s] -- Symlinking: /home/rosbot/dev_ws/install/rosapi_msgs/share/rosapi_msgs/package.dsv
[9.422s] -- Up-to-date symlink: /home/rosbot/dev_ws/install/rosapi_msgs/share/ament_index/resource_index/packages/rosapi_msgs
[9.423s] -- Up-to-date symlink: /home/rosbot/dev_ws/install/rosapi_msgs/share/rosapi_msgs/cmake/rosidl_cmake-extras.cmake
[9.425s] -- Up-to-date symlink: /home/rosbot/dev_ws/install/rosapi_msgs/share/rosapi_msgs/cmake/ament_cmake_export_dependencies-extras.cmake
[9.425s] -- Up-to-date symlink: /home/rosbot/dev_ws/install/rosapi_msgs/share/rosapi_msgs/cmake/ament_cmake_export_include_directories-extras.cmake
[9.426s] -- Up-to-date symlink: /home/rosbot/dev_ws/install/rosapi_msgs/share/rosapi_msgs/cmake/ament_cmake_export_libraries-extras.cmake
[9.427s] -- Up-to-date symlink: /home/rosbot/dev_ws/install/rosapi_msgs/share/rosapi_msgs/cmake/rosapi_msgsConfig.cmake
[9.427s] -- Up-to-date symlink: /home/rosbot/dev_ws/install/rosapi_msgs/share/rosapi_msgs/cmake/rosapi_msgsConfig-version.cmake
[9.428s] -- Up-to-date symlink: /home/rosbot/dev_ws/install/rosapi_msgs/share/rosapi_msgs/package.xml
[9.563s] Invoked command in '/home/rosbot/dev_ws/build/rosapi_msgs' returned '0': CMAKE_PREFIX_PATH=${CMAKE_PREFIX_PATH}:/home/rosbot/dev_ws/install/py_pubsub:/home/rosbot/dev_ws/install/my_package:/home/rosbot/dev_ws/install/base:/opt/ros/eloquent /usr/bin/cmake --build /home/rosbot/dev_ws/build/rosapi_msgs --target install -- -j4 -l4
