[4.240s] DEBUG:colcon:Command line arguments: ['/home/rosbot/.local/bin/colcon', 'build', '--packages-select', 'base']
[4.240s] DEBUG:colcon:Parsed command line arguments: Namespace(ament_cmake_args=None, base_paths=['.'], build_base='build', catkin_cmake_args=None, catkin_skip_building_tests=False, cmake_args=None, cmake_clean_cache=False, cmake_clean_first=False, cmake_force_configure=False, cmake_target=None, cmake_target_skip_unavailable=False, continue_on_error=False, event_handlers=None, executor='parallel', ignore_user_meta=False, install_base='install', log_base=None, log_level=None, main=<bound method BuildVerb.main of <colcon_core.verb.build.BuildVerb object at 0x7f7a6dd668>>, merge_install=False, metas=['./colcon.meta'], packages_above=None, packages_above_and_dependencies=None, packages_above_depth=None, packages_end=None, packages_ignore=None, packages_ignore_regex=None, packages_select=['base'], packages_select_build_failed=False, packages_select_by_dep=None, packages_select_regex=None, packages_select_test_failures=False, packages_skip=None, packages_skip_build_finished=False, packages_skip_by_dep=None, packages_skip_regex=None, packages_skip_test_passed=False, packages_skip_up_to=None, packages_start=None, packages_up_to=None, packages_up_to_regex=None, parallel_workers=4, paths=None, symlink_install=False, test_result_base=None, verb_extension=<colcon_core.verb.build.BuildVerb object at 0x7f7a6dd668>, verb_name='build', verb_parser=<colcon_defaults.argument_parser.defaults.DefaultArgumentsDecorator object at 0x7f7a693198>)
[4.489s] Level 1:colcon.colcon_core.package_discovery:discover_packages(colcon_meta) check parameters
[4.490s] Level 1:colcon.colcon_core.package_discovery:discover_packages(recursive) check parameters
[4.490s] Level 1:colcon.colcon_core.package_discovery:discover_packages(ignore) check parameters
[4.490s] Level 1:colcon.colcon_core.package_discovery:discover_packages(path) check parameters
[4.490s] Level 1:colcon.colcon_core.package_discovery:discover_packages(colcon_meta) discover
[4.492s] Level 1:colcon.colcon_core.package_discovery:discover_packages(recursive) discover
[4.492s] INFO:colcon.colcon_core.package_discovery:Crawling recursively for packages in '/home/rosbot/dev_ws'
[4.492s] Level 1:colcon.colcon_core.package_identification:_identify(.) by extensions ['ignore', 'ignore_ament_install']
[4.493s] Level 1:colcon.colcon_core.package_identification:_identify(.) by extension 'ignore'
[4.493s] Level 1:colcon.colcon_core.package_identification:_identify(.) by extension 'ignore_ament_install'
[4.494s] Level 1:colcon.colcon_core.package_identification:_identify(.) by extensions ['colcon_pkg']
[4.494s] Level 1:colcon.colcon_core.package_identification:_identify(.) by extension 'colcon_pkg'
[4.494s] Level 1:colcon.colcon_core.package_identification:_identify(.) by extensions ['colcon_meta']
[4.494s] Level 1:colcon.colcon_core.package_identification:_identify(.) by extension 'colcon_meta'
[4.495s] Level 1:colcon.colcon_core.package_identification:_identify(.) by extensions ['ros']
[4.495s] Level 1:colcon.colcon_core.package_identification:_identify(.) by extension 'ros'
[4.669s] Level 1:colcon.colcon_core.package_identification:_identify(.) by extensions ['cmake', 'python']
[4.669s] Level 1:colcon.colcon_core.package_identification:_identify(.) by extension 'cmake'
[4.669s] Level 1:colcon.colcon_core.package_identification:_identify(.) by extension 'python'
[4.670s] Level 1:colcon.colcon_core.package_identification:_identify(.) by extensions ['python_setup_py']
[4.670s] Level 1:colcon.colcon_core.package_identification:_identify(.) by extension 'python_setup_py'
[4.671s] Level 1:colcon.colcon_core.package_identification:_identify(build) by extensions ['ignore', 'ignore_ament_install']
[4.671s] Level 1:colcon.colcon_core.package_identification:_identify(build) by extension 'ignore'
[4.671s] Level 1:colcon.colcon_core.package_identification:_identify(build) ignored
[4.673s] Level 1:colcon.colcon_core.package_identification:_identify(install) by extensions ['ignore', 'ignore_ament_install']
[4.674s] Level 1:colcon.colcon_core.package_identification:_identify(install) by extension 'ignore'
[4.674s] Level 1:colcon.colcon_core.package_identification:_identify(install) ignored
[4.674s] Level 1:colcon.colcon_core.package_identification:_identify(log) by extensions ['ignore', 'ignore_ament_install']
[4.675s] Level 1:colcon.colcon_core.package_identification:_identify(log) by extension 'ignore'
[4.675s] Level 1:colcon.colcon_core.package_identification:_identify(log) ignored
[4.675s] Level 1:colcon.colcon_core.package_identification:_identify(src) by extensions ['ignore', 'ignore_ament_install']
[4.676s] Level 1:colcon.colcon_core.package_identification:_identify(src) by extension 'ignore'
[4.676s] Level 1:colcon.colcon_core.package_identification:_identify(src) by extension 'ignore_ament_install'
[4.676s] Level 1:colcon.colcon_core.package_identification:_identify(src) by extensions ['colcon_pkg']
[4.677s] Level 1:colcon.colcon_core.package_identification:_identify(src) by extension 'colcon_pkg'
[4.677s] Level 1:colcon.colcon_core.package_identification:_identify(src) by extensions ['colcon_meta']
[4.677s] Level 1:colcon.colcon_core.package_identification:_identify(src) by extension 'colcon_meta'
[4.677s] Level 1:colcon.colcon_core.package_identification:_identify(src) by extensions ['ros']
[4.678s] Level 1:colcon.colcon_core.package_identification:_identify(src) by extension 'ros'
[4.678s] Level 1:colcon.colcon_core.package_identification:_identify(src) by extensions ['cmake', 'python']
[4.678s] Level 1:colcon.colcon_core.package_identification:_identify(src) by extension 'cmake'
[4.678s] Level 1:colcon.colcon_core.package_identification:_identify(src) by extension 'python'
[4.679s] Level 1:colcon.colcon_core.package_identification:_identify(src) by extensions ['python_setup_py']
[4.679s] Level 1:colcon.colcon_core.package_identification:_identify(src) by extension 'python_setup_py'
[4.679s] Level 1:colcon.colcon_core.package_identification:_identify(src/base) by extensions ['ignore', 'ignore_ament_install']
[4.680s] Level 1:colcon.colcon_core.package_identification:_identify(src/base) by extension 'ignore'
[4.680s] Level 1:colcon.colcon_core.package_identification:_identify(src/base) by extension 'ignore_ament_install'
[4.680s] Level 1:colcon.colcon_core.package_identification:_identify(src/base) by extensions ['colcon_pkg']
[4.681s] Level 1:colcon.colcon_core.package_identification:_identify(src/base) by extension 'colcon_pkg'
[4.681s] Level 1:colcon.colcon_core.package_identification:_identify(src/base) by extensions ['colcon_meta']
[4.681s] Level 1:colcon.colcon_core.package_identification:_identify(src/base) by extension 'colcon_meta'
[4.681s] Level 1:colcon.colcon_core.package_identification:_identify(src/base) by extensions ['ros']
[4.682s] Level 1:colcon.colcon_core.package_identification:_identify(src/base) by extension 'ros'
[4.693s] DEBUG:colcon.colcon_core.package_identification:Package 'src/base' with type 'ros.ament_python' and name 'base'
[4.694s] Level 1:colcon.colcon_core.package_identification:_identify(src/build) by extensions ['ignore', 'ignore_ament_install']
[4.695s] Level 1:colcon.colcon_core.package_identification:_identify(src/build) by extension 'ignore'
[4.695s] Level 1:colcon.colcon_core.package_identification:_identify(src/build) ignored
[4.695s] Level 1:colcon.colcon_core.package_identification:_identify(src/install) by extensions ['ignore', 'ignore_ament_install']
[4.696s] Level 1:colcon.colcon_core.package_identification:_identify(src/install) by extension 'ignore'
[4.696s] Level 1:colcon.colcon_core.package_identification:_identify(src/install) ignored
[4.696s] Level 1:colcon.colcon_core.package_identification:_identify(src/log) by extensions ['ignore', 'ignore_ament_install']
[4.697s] Level 1:colcon.colcon_core.package_identification:_identify(src/log) by extension 'ignore'
[4.697s] Level 1:colcon.colcon_core.package_identification:_identify(src/log) ignored
[4.698s] Level 1:colcon.colcon_core.package_identification:_identify(src/my_package) by extensions ['ignore', 'ignore_ament_install']
[4.698s] Level 1:colcon.colcon_core.package_identification:_identify(src/my_package) by extension 'ignore'
[4.698s] Level 1:colcon.colcon_core.package_identification:_identify(src/my_package) by extension 'ignore_ament_install'
[4.699s] Level 1:colcon.colcon_core.package_identification:_identify(src/my_package) by extensions ['colcon_pkg']
[4.699s] Level 1:colcon.colcon_core.package_identification:_identify(src/my_package) by extension 'colcon_pkg'
[4.699s] Level 1:colcon.colcon_core.package_identification:_identify(src/my_package) by extensions ['colcon_meta']
[4.699s] Level 1:colcon.colcon_core.package_identification:_identify(src/my_package) by extension 'colcon_meta'
[4.700s] Level 1:colcon.colcon_core.package_identification:_identify(src/my_package) by extensions ['ros']
[4.700s] Level 1:colcon.colcon_core.package_identification:_identify(src/my_package) by extension 'ros'
[4.702s] DEBUG:colcon.colcon_core.package_identification:Package 'src/my_package' with type 'ros.ament_python' and name 'my_package'
[4.703s] Level 1:colcon.colcon_core.package_identification:_identify(src/py_pubsub) by extensions ['ignore', 'ignore_ament_install']
[4.703s] Level 1:colcon.colcon_core.package_identification:_identify(src/py_pubsub) by extension 'ignore'
[4.704s] Level 1:colcon.colcon_core.package_identification:_identify(src/py_pubsub) by extension 'ignore_ament_install'
[4.704s] Level 1:colcon.colcon_core.package_identification:_identify(src/py_pubsub) by extensions ['colcon_pkg']
[4.704s] Level 1:colcon.colcon_core.package_identification:_identify(src/py_pubsub) by extension 'colcon_pkg'
[4.705s] Level 1:colcon.colcon_core.package_identification:_identify(src/py_pubsub) by extensions ['colcon_meta']
[4.705s] Level 1:colcon.colcon_core.package_identification:_identify(src/py_pubsub) by extension 'colcon_meta'
[4.705s] Level 1:colcon.colcon_core.package_identification:_identify(src/py_pubsub) by extensions ['ros']
[4.705s] Level 1:colcon.colcon_core.package_identification:_identify(src/py_pubsub) by extension 'ros'
[4.708s] DEBUG:colcon.colcon_core.package_identification:Package 'src/py_pubsub' with type 'ros.ament_python' and name 'py_pubsub'
[4.708s] Level 1:colcon.colcon_core.package_discovery:discover_packages(recursive) using defaults
[4.709s] Level 1:colcon.colcon_core.package_discovery:discover_packages(ignore) discover
[4.709s] Level 1:colcon.colcon_core.package_discovery:discover_packages(ignore) using defaults
[4.709s] Level 1:colcon.colcon_core.package_discovery:discover_packages(path) discover
[4.709s] Level 1:colcon.colcon_core.package_discovery:discover_packages(path) using defaults
[4.995s] INFO:colcon.colcon_core.package_selection:Skipping not selected package 'my_package' in 'src/my_package'
[4.996s] INFO:colcon.colcon_core.package_selection:Skipping not selected package 'py_pubsub' in 'src/py_pubsub'
[5.085s] Level 5:colcon.colcon_core.verb:set package 'base' build argument 'cmake_args' from command line to 'None'
[5.085s] Level 5:colcon.colcon_core.verb:set package 'base' build argument 'cmake_target' from command line to 'None'
[5.085s] Level 5:colcon.colcon_core.verb:set package 'base' build argument 'cmake_target_skip_unavailable' from command line to 'False'
[5.085s] Level 5:colcon.colcon_core.verb:set package 'base' build argument 'cmake_clean_cache' from command line to 'False'
[5.086s] Level 5:colcon.colcon_core.verb:set package 'base' build argument 'cmake_clean_first' from command line to 'False'
[5.086s] Level 5:colcon.colcon_core.verb:set package 'base' build argument 'cmake_force_configure' from command line to 'False'
[5.086s] Level 5:colcon.colcon_core.verb:set package 'base' build argument 'ament_cmake_args' from command line to 'None'
[5.086s] Level 5:colcon.colcon_core.verb:set package 'base' build argument 'catkin_cmake_args' from command line to 'None'
[5.086s] Level 5:colcon.colcon_core.verb:set package 'base' build argument 'catkin_skip_building_tests' from command line to 'False'
[5.087s] DEBUG:colcon.colcon_core.verb:Building package 'base' with the following arguments: {'ament_cmake_args': None, 'build_base': '/home/rosbot/dev_ws/build/base', 'catkin_cmake_args': None, 'catkin_skip_building_tests': False, 'cmake_args': None, 'cmake_clean_cache': False, 'cmake_clean_first': False, 'cmake_force_configure': False, 'cmake_target': None, 'cmake_target_skip_unavailable': False, 'install_base': '/home/rosbot/dev_ws/install/base', 'merge_install': False, 'path': '/home/rosbot/dev_ws/src/base', 'symlink_install': False, 'test_result_base': None}
[5.108s] INFO:colcon.colcon_core.executor:Executing jobs using 'parallel' executor
[5.263s] DEBUG:colcon.colcon_parallel_executor.executor.parallel:run_until_complete
[5.264s] INFO:colcon.colcon_ros.task.ament_python.build:Building ROS package in '/home/rosbot/dev_ws/src/base' with build type 'ament_python'
[5.264s] Level 1:colcon.colcon_core.shell:create_environment_hook('base', 'ament_prefix_path')
[5.351s] INFO:colcon.colcon_core.plugin_system:Skipping extension 'colcon_core.shell.bat': Not used on non-Windows systems
[5.352s] INFO:colcon.colcon_core.shell:Creating environment hook '/home/rosbot/dev_ws/install/base/share/base/hook/ament_prefix_path.ps1'
[5.357s] INFO:colcon.colcon_core.shell:Creating environment descriptor '/home/rosbot/dev_ws/install/base/share/base/hook/ament_prefix_path.dsv'
[5.359s] INFO:colcon.colcon_core.shell:Creating environment hook '/home/rosbot/dev_ws/install/base/share/base/hook/ament_prefix_path.sh'
[5.428s] INFO:colcon.colcon_core.shell:Skip shell extension 'powershell' for command environment: Not usable outside of PowerShell
[5.429s] DEBUG:colcon.colcon_core.shell:Skip shell extension 'dsv' for command environment
[7.107s] INFO:colcon.colcon_core.task.python.build:Building Python package in '/home/rosbot/dev_ws/src/base'
[7.174s] INFO:colcon.colcon_core.shell:Skip shell extension 'powershell' for command environment: Not usable outside of PowerShell
[7.174s] DEBUG:colcon.colcon_core.shell:Skip shell extension 'dsv' for command environment
[9.189s] DEBUG:colcon.colcon_core.event_handler.log_command:Invoking command in '/home/rosbot/dev_ws/src/base': PYTHONPATH=/home/rosbot/dev_ws/install/base/lib/python3.6/site-packages:${PYTHONPATH} /usr/bin/python3 setup.py egg_info --egg-base ../../build/base build --build-base /home/rosbot/dev_ws/build/base/build install --prefix /home/rosbot/dev_ws/install/base --record /home/rosbot/dev_ws/build/base/install.log --single-version-externally-managed
[10.837s] DEBUG:colcon.colcon_core.event_handler.log_command:Invoked command in '/home/rosbot/dev_ws/src/base' returned '0': PYTHONPATH=/home/rosbot/dev_ws/install/base/lib/python3.6/site-packages:${PYTHONPATH} /usr/bin/python3 setup.py egg_info --egg-base ../../build/base build --build-base /home/rosbot/dev_ws/build/base/build install --prefix /home/rosbot/dev_ws/install/base --record /home/rosbot/dev_ws/build/base/install.log --single-version-externally-managed
[10.917s] Level 1:colcon.colcon_core.environment:checking '/home/rosbot/dev_ws/install/base' for CMake module files
[10.920s] Level 1:colcon.colcon_core.environment:checking '/home/rosbot/dev_ws/install/base' for CMake config files
[10.924s] Level 1:colcon.colcon_core.environment:checking '/home/rosbot/dev_ws/install/base/lib'
[10.925s] Level 1:colcon.colcon_core.environment:checking '/home/rosbot/dev_ws/install/base/bin'
[10.925s] Level 1:colcon.colcon_core.environment:checking '/home/rosbot/dev_ws/install/base/lib/pkgconfig/base.pc'
[10.926s] Level 1:colcon.colcon_core.environment:checking '/home/rosbot/dev_ws/install/base/lib/python3.6/site-packages'
[10.927s] Level 1:colcon.colcon_core.shell:create_environment_hook('base', 'pythonpath')
[10.991s] INFO:colcon.colcon_core.shell:Creating environment hook '/home/rosbot/dev_ws/install/base/share/base/hook/pythonpath.ps1'
[10.993s] INFO:colcon.colcon_core.shell:Creating environment descriptor '/home/rosbot/dev_ws/install/base/share/base/hook/pythonpath.dsv'
[10.995s] INFO:colcon.colcon_core.shell:Creating environment hook '/home/rosbot/dev_ws/install/base/share/base/hook/pythonpath.sh'
[10.997s] Level 1:colcon.colcon_core.environment:checking '/home/rosbot/dev_ws/install/base/bin'
[10.997s] Level 1:colcon.colcon_core.environment:create_environment_scripts_only(base)
[11.061s] INFO:colcon.colcon_core.shell:Creating package script '/home/rosbot/dev_ws/install/base/share/base/package.ps1'
[11.067s] INFO:colcon.colcon_core.shell:Creating package descriptor '/home/rosbot/dev_ws/install/base/share/base/package.dsv'
[11.070s] INFO:colcon.colcon_core.shell:Creating package script '/home/rosbot/dev_ws/install/base/share/base/package.sh'
[11.074s] INFO:colcon.colcon_core.shell:Creating package script '/home/rosbot/dev_ws/install/base/share/base/package.bash'
[11.080s] INFO:colcon.colcon_core.shell:Creating package script '/home/rosbot/dev_ws/install/base/share/base/package.zsh'
[11.084s] Level 1:colcon.colcon_core.environment:create_file_with_runtime_dependencies(/home/rosbot/dev_ws/install/base/share/colcon-core/packages/base)
[11.086s] DEBUG:colcon.colcon_parallel_executor.executor.parallel:closing loop
[11.088s] DEBUG:colcon.colcon_parallel_executor.executor.parallel:loop closed
[11.089s] DEBUG:colcon.colcon_parallel_executor.executor.parallel:run_until_complete finished with '0'
[11.089s] DEBUG:colcon.colcon_core.event_reactor:joining thread
[11.158s] INFO:colcon.colcon_core.plugin_system:Skipping extension 'colcon_notification.desktop_notification.terminal_notifier': Not used on non-Darwin systems
[11.158s] INFO:colcon.colcon_core.plugin_system:Skipping extension 'colcon_notification.desktop_notification.win32': Not used on non-Windows systems
[11.158s] INFO:colcon.colcon_notification.desktop_notification:Sending desktop notification using 'notify2'
[11.204s] DEBUG:colcon.colcon_core.event_reactor:joined thread
[11.274s] INFO:colcon.colcon_core.shell:Creating prefix script '/home/rosbot/dev_ws/install/local_setup.ps1'
[11.280s] INFO:colcon.colcon_core.shell:Creating prefix util module '/home/rosbot/dev_ws/install/_local_setup_util_ps1.py'
[11.289s] INFO:colcon.colcon_core.shell:Creating prefix chain script '/home/rosbot/dev_ws/install/setup.ps1'
[11.342s] INFO:colcon.colcon_core.shell:Creating prefix script '/home/rosbot/dev_ws/install/local_setup.sh'
[11.345s] INFO:colcon.colcon_core.shell:Creating prefix util module '/home/rosbot/dev_ws/install/_local_setup_util_sh.py'
[11.348s] INFO:colcon.colcon_core.shell:Creating prefix chain script '/home/rosbot/dev_ws/install/setup.sh'
[11.401s] INFO:colcon.colcon_core.shell:Creating prefix script '/home/rosbot/dev_ws/install/local_setup.bash'
[11.404s] INFO:colcon.colcon_core.shell:Creating prefix chain script '/home/rosbot/dev_ws/install/setup.bash'
[11.454s] INFO:colcon.colcon_core.shell:Creating prefix script '/home/rosbot/dev_ws/install/local_setup.zsh'
[11.457s] INFO:colcon.colcon_core.shell:Creating prefix chain script '/home/rosbot/dev_ws/install/setup.zsh'
