[5.689s] Invoking command in '/home/rosbot/dev_ws/build/my_package': PYTHONPATH=/home/rosbot/dev_ws/install/my_package/lib/python3.6/site-packages:${PYTHONPATH} /usr/bin/python3 setup.py develop --prefix /home/rosbot/dev_ws/install/my_package --editable --build-directory /home/rosbot/dev_ws/build/my_package/build --no-deps install_data --install-dir /home/rosbot/dev_ws/install/my_package
[6.915s] /home/rosbot/.local/lib/python3.6/site-packages/setuptools/dist.py:726: UserWarning: Usage of dash-separated 'script-dir' will not be supported in future versions. Please use the underscore name 'script_dir' instead
[6.916s]   % (opt, underscore_opt)
[6.917s] /home/rosbot/.local/lib/python3.6/site-packages/setuptools/dist.py:726: UserWarning: Usage of dash-separated 'install-scripts' will not be supported in future versions. Please use the underscore name 'install_scripts' instead
[6.918s]   % (opt, underscore_opt)
[7.166s] running develop
[7.167s] /home/rosbot/.local/lib/python3.6/site-packages/setuptools/command/easy_install.py:159: EasyInstallDeprecationWarning: easy_install command is deprecated. Use build and pip and other standards-based tools.
[7.167s]   EasyInstallDeprecationWarning,
[7.172s] /home/rosbot/.local/lib/python3.6/site-packages/setuptools/command/install.py:37: SetuptoolsDeprecationWarning: setup.py install is deprecated. Use build and pip and other standards-based tools.
[7.173s]   setuptools.SetuptoolsDeprecationWarning,
[7.413s] /home/rosbot/.local/lib/python3.6/site-packages/pkg_resources/__init__.py:119: PkgResourcesDeprecationWarning: 0.18ubuntu0.18.04.1 is an invalid version and will not be supported in a future release
[7.413s]   PkgResourcesDeprecationWarning,
[7.847s] running egg_info
[7.850s] writing my_package.egg-info/PKG-INFO
[7.850s] writing dependency_links to my_package.egg-info/dependency_links.txt
[7.851s] writing entry points to my_package.egg-info/entry_points.txt
[7.851s] writing requirements to my_package.egg-info/requires.txt
[7.852s] writing top-level names to my_package.egg-info/top_level.txt
[7.858s] reading manifest file 'my_package.egg-info/SOURCES.txt'
[7.863s] writing manifest file 'my_package.egg-info/SOURCES.txt'
[7.869s] running build_ext
[7.869s] Creating /home/rosbot/dev_ws/install/my_package/lib/python3.6/site-packages/my-package.egg-link (link to .)
[7.873s] Installing my_node script to /home/rosbot/dev_ws/install/my_package/lib/my_package
[7.874s] 
[7.875s] Installed /home/rosbot/dev_ws/build/my_package
[7.875s] running install_data
[8.006s] Invoked command in '/home/rosbot/dev_ws/build/my_package' returned '0': PYTHONPATH=/home/rosbot/dev_ws/install/my_package/lib/python3.6/site-packages:${PYTHONPATH} /usr/bin/python3 setup.py develop --prefix /home/rosbot/dev_ws/install/my_package --editable --build-directory /home/rosbot/dev_ws/build/my_package/build --no-deps install_data --install-dir /home/rosbot/dev_ws/install/my_package
