[4.138s] DEBUG:colcon:Command line arguments: ['/home/rosbot/.local/bin/colcon', 'build', '--symlink-install']
[4.138s] DEBUG:colcon:Parsed command line arguments: Namespace(ament_cmake_args=None, base_paths=['.'], build_base='build', catkin_cmake_args=None, catkin_skip_building_tests=False, cmake_args=None, cmake_clean_cache=False, cmake_clean_first=False, cmake_force_configure=False, cmake_target=None, cmake_target_skip_unavailable=False, continue_on_error=False, event_handlers=None, executor='parallel', ignore_user_meta=False, install_base='install', log_base=None, log_level=None, main=<bound method BuildVerb.main of <colcon_core.verb.build.BuildVerb object at 0x7f8a266fd0>>, merge_install=False, metas=['./colcon.meta'], packages_above=None, packages_above_and_dependencies=None, packages_above_depth=None, packages_end=None, packages_ignore=None, packages_ignore_regex=None, packages_select=None, packages_select_build_failed=False, packages_select_by_dep=None, packages_select_regex=None, packages_select_test_failures=False, packages_skip=None, packages_skip_build_finished=False, packages_skip_by_dep=None, packages_skip_regex=None, packages_skip_test_passed=False, packages_skip_up_to=None, packages_start=None, packages_up_to=None, packages_up_to_regex=None, parallel_workers=4, paths=None, symlink_install=True, test_result_base=None, verb_extension=<colcon_core.verb.build.BuildVerb object at 0x7f8a266fd0>, verb_name='build', verb_parser=<colcon_defaults.argument_parser.defaults.DefaultArgumentsDecorator object at 0x7f8a1d0e48>)
[4.381s] Level 1:colcon.colcon_core.package_discovery:discover_packages(colcon_meta) check parameters
[4.381s] Level 1:colcon.colcon_core.package_discovery:discover_packages(recursive) check parameters
[4.382s] Level 1:colcon.colcon_core.package_discovery:discover_packages(ignore) check parameters
[4.382s] Level 1:colcon.colcon_core.package_discovery:discover_packages(path) check parameters
[4.382s] Level 1:colcon.colcon_core.package_discovery:discover_packages(colcon_meta) discover
[4.383s] Level 1:colcon.colcon_core.package_discovery:discover_packages(recursive) discover
[4.384s] INFO:colcon.colcon_core.package_discovery:Crawling recursively for packages in '/home/rosbot/dev_ws'
[4.384s] Level 1:colcon.colcon_core.package_identification:_identify(.) by extensions ['ignore', 'ignore_ament_install']
[4.385s] Level 1:colcon.colcon_core.package_identification:_identify(.) by extension 'ignore'
[4.385s] Level 1:colcon.colcon_core.package_identification:_identify(.) by extension 'ignore_ament_install'
[4.385s] Level 1:colcon.colcon_core.package_identification:_identify(.) by extensions ['colcon_pkg']
[4.385s] Level 1:colcon.colcon_core.package_identification:_identify(.) by extension 'colcon_pkg'
[4.386s] Level 1:colcon.colcon_core.package_identification:_identify(.) by extensions ['colcon_meta']
[4.386s] Level 1:colcon.colcon_core.package_identification:_identify(.) by extension 'colcon_meta'
[4.386s] Level 1:colcon.colcon_core.package_identification:_identify(.) by extensions ['ros']
[4.386s] Level 1:colcon.colcon_core.package_identification:_identify(.) by extension 'ros'
[4.556s] Level 1:colcon.colcon_core.package_identification:_identify(.) by extensions ['cmake', 'python']
[4.556s] Level 1:colcon.colcon_core.package_identification:_identify(.) by extension 'cmake'
[4.556s] Level 1:colcon.colcon_core.package_identification:_identify(.) by extension 'python'
[4.557s] Level 1:colcon.colcon_core.package_identification:_identify(.) by extensions ['python_setup_py']
[4.557s] Level 1:colcon.colcon_core.package_identification:_identify(.) by extension 'python_setup_py'
[4.557s] Level 1:colcon.colcon_core.package_identification:_identify(build) by extensions ['ignore', 'ignore_ament_install']
[4.558s] Level 1:colcon.colcon_core.package_identification:_identify(build) by extension 'ignore'
[4.558s] Level 1:colcon.colcon_core.package_identification:_identify(build) ignored
[4.560s] Level 1:colcon.colcon_core.package_identification:_identify(install) by extensions ['ignore', 'ignore_ament_install']
[4.560s] Level 1:colcon.colcon_core.package_identification:_identify(install) by extension 'ignore'
[4.560s] Level 1:colcon.colcon_core.package_identification:_identify(install) ignored
[4.561s] Level 1:colcon.colcon_core.package_identification:_identify(log) by extensions ['ignore', 'ignore_ament_install']
[4.561s] Level 1:colcon.colcon_core.package_identification:_identify(log) by extension 'ignore'
[4.562s] Level 1:colcon.colcon_core.package_identification:_identify(log) ignored
[4.562s] Level 1:colcon.colcon_core.package_identification:_identify(py_pubsub) by extensions ['ignore', 'ignore_ament_install']
[4.562s] Level 1:colcon.colcon_core.package_identification:_identify(py_pubsub) by extension 'ignore'
[4.563s] Level 1:colcon.colcon_core.package_identification:_identify(py_pubsub) by extension 'ignore_ament_install'
[4.563s] Level 1:colcon.colcon_core.package_identification:_identify(py_pubsub) by extensions ['colcon_pkg']
[4.563s] Level 1:colcon.colcon_core.package_identification:_identify(py_pubsub) by extension 'colcon_pkg'
[4.563s] Level 1:colcon.colcon_core.package_identification:_identify(py_pubsub) by extensions ['colcon_meta']
[4.564s] Level 1:colcon.colcon_core.package_identification:_identify(py_pubsub) by extension 'colcon_meta'
[4.564s] Level 1:colcon.colcon_core.package_identification:_identify(py_pubsub) by extensions ['ros']
[4.564s] Level 1:colcon.colcon_core.package_identification:_identify(py_pubsub) by extension 'ros'
[4.576s] DEBUG:colcon.colcon_core.package_identification:Package 'py_pubsub' with type 'ros.ament_python' and name 'py_pubsub'
[4.576s] Level 1:colcon.colcon_core.package_identification:_identify(src) by extensions ['ignore', 'ignore_ament_install']
[4.577s] Level 1:colcon.colcon_core.package_identification:_identify(src) by extension 'ignore'
[4.577s] Level 1:colcon.colcon_core.package_identification:_identify(src) by extension 'ignore_ament_install'
[4.578s] Level 1:colcon.colcon_core.package_identification:_identify(src) by extensions ['colcon_pkg']
[4.578s] Level 1:colcon.colcon_core.package_identification:_identify(src) by extension 'colcon_pkg'
[4.578s] Level 1:colcon.colcon_core.package_identification:_identify(src) by extensions ['colcon_meta']
[4.578s] Level 1:colcon.colcon_core.package_identification:_identify(src) by extension 'colcon_meta'
[4.578s] Level 1:colcon.colcon_core.package_identification:_identify(src) by extensions ['ros']
[4.579s] Level 1:colcon.colcon_core.package_identification:_identify(src) by extension 'ros'
[4.579s] Level 1:colcon.colcon_core.package_identification:_identify(src) by extensions ['cmake', 'python']
[4.579s] Level 1:colcon.colcon_core.package_identification:_identify(src) by extension 'cmake'
[4.580s] Level 1:colcon.colcon_core.package_identification:_identify(src) by extension 'python'
[4.580s] Level 1:colcon.colcon_core.package_identification:_identify(src) by extensions ['python_setup_py']
[4.580s] Level 1:colcon.colcon_core.package_identification:_identify(src) by extension 'python_setup_py'
[4.580s] Level 1:colcon.colcon_core.package_identification:_identify(src/my_package) by extensions ['ignore', 'ignore_ament_install']
[4.581s] Level 1:colcon.colcon_core.package_identification:_identify(src/my_package) by extension 'ignore'
[4.581s] Level 1:colcon.colcon_core.package_identification:_identify(src/my_package) by extension 'ignore_ament_install'
[4.581s] Level 1:colcon.colcon_core.package_identification:_identify(src/my_package) by extensions ['colcon_pkg']
[4.582s] Level 1:colcon.colcon_core.package_identification:_identify(src/my_package) by extension 'colcon_pkg'
[4.582s] Level 1:colcon.colcon_core.package_identification:_identify(src/my_package) by extensions ['colcon_meta']
[4.582s] Level 1:colcon.colcon_core.package_identification:_identify(src/my_package) by extension 'colcon_meta'
[4.582s] Level 1:colcon.colcon_core.package_identification:_identify(src/my_package) by extensions ['ros']
[4.582s] Level 1:colcon.colcon_core.package_identification:_identify(src/my_package) by extension 'ros'
[4.585s] DEBUG:colcon.colcon_core.package_identification:Package 'src/my_package' with type 'ros.ament_python' and name 'my_package'
[4.585s] Level 1:colcon.colcon_core.package_discovery:discover_packages(recursive) using defaults
[4.586s] Level 1:colcon.colcon_core.package_discovery:discover_packages(ignore) discover
[4.586s] Level 1:colcon.colcon_core.package_discovery:discover_packages(ignore) using defaults
[4.586s] Level 1:colcon.colcon_core.package_discovery:discover_packages(path) discover
[4.587s] Level 1:colcon.colcon_core.package_discovery:discover_packages(path) using defaults
[4.945s] Level 5:colcon.colcon_core.verb:set package 'my_package' build argument 'cmake_args' from command line to 'None'
[4.946s] Level 5:colcon.colcon_core.verb:set package 'my_package' build argument 'cmake_target' from command line to 'None'
[4.946s] Level 5:colcon.colcon_core.verb:set package 'my_package' build argument 'cmake_target_skip_unavailable' from command line to 'False'
[4.946s] Level 5:colcon.colcon_core.verb:set package 'my_package' build argument 'cmake_clean_cache' from command line to 'False'
[4.946s] Level 5:colcon.colcon_core.verb:set package 'my_package' build argument 'cmake_clean_first' from command line to 'False'
[4.946s] Level 5:colcon.colcon_core.verb:set package 'my_package' build argument 'cmake_force_configure' from command line to 'False'
[4.946s] Level 5:colcon.colcon_core.verb:set package 'my_package' build argument 'ament_cmake_args' from command line to 'None'
[4.947s] Level 5:colcon.colcon_core.verb:set package 'my_package' build argument 'catkin_cmake_args' from command line to 'None'
[4.947s] Level 5:colcon.colcon_core.verb:set package 'my_package' build argument 'catkin_skip_building_tests' from command line to 'False'
[4.947s] DEBUG:colcon.colcon_core.verb:Building package 'my_package' with the following arguments: {'ament_cmake_args': None, 'build_base': '/home/rosbot/dev_ws/build/my_package', 'catkin_cmake_args': None, 'catkin_skip_building_tests': False, 'cmake_args': None, 'cmake_clean_cache': False, 'cmake_clean_first': False, 'cmake_force_configure': False, 'cmake_target': None, 'cmake_target_skip_unavailable': False, 'install_base': '/home/rosbot/dev_ws/install/my_package', 'merge_install': False, 'path': '/home/rosbot/dev_ws/src/my_package', 'symlink_install': True, 'test_result_base': None}
[5.035s] Level 5:colcon.colcon_core.verb:set package 'py_pubsub' build argument 'cmake_args' from command line to 'None'
[5.035s] Level 5:colcon.colcon_core.verb:set package 'py_pubsub' build argument 'cmake_target' from command line to 'None'
[5.035s] Level 5:colcon.colcon_core.verb:set package 'py_pubsub' build argument 'cmake_target_skip_unavailable' from command line to 'False'
[5.035s] Level 5:colcon.colcon_core.verb:set package 'py_pubsub' build argument 'cmake_clean_cache' from command line to 'False'
[5.035s] Level 5:colcon.colcon_core.verb:set package 'py_pubsub' build argument 'cmake_clean_first' from command line to 'False'
[5.036s] Level 5:colcon.colcon_core.verb:set package 'py_pubsub' build argument 'cmake_force_configure' from command line to 'False'
[5.036s] Level 5:colcon.colcon_core.verb:set package 'py_pubsub' build argument 'ament_cmake_args' from command line to 'None'
[5.036s] Level 5:colcon.colcon_core.verb:set package 'py_pubsub' build argument 'catkin_cmake_args' from command line to 'None'
[5.036s] Level 5:colcon.colcon_core.verb:set package 'py_pubsub' build argument 'catkin_skip_building_tests' from command line to 'False'
[5.036s] DEBUG:colcon.colcon_core.verb:Building package 'py_pubsub' with the following arguments: {'ament_cmake_args': None, 'build_base': '/home/rosbot/dev_ws/build/py_pubsub', 'catkin_cmake_args': None, 'catkin_skip_building_tests': False, 'cmake_args': None, 'cmake_clean_cache': False, 'cmake_clean_first': False, 'cmake_force_configure': False, 'cmake_target': None, 'cmake_target_skip_unavailable': False, 'install_base': '/home/rosbot/dev_ws/install/py_pubsub', 'merge_install': False, 'path': '/home/rosbot/dev_ws/py_pubsub', 'symlink_install': True, 'test_result_base': None}
[5.058s] INFO:colcon.colcon_core.executor:Executing jobs using 'parallel' executor
[5.207s] DEBUG:colcon.colcon_parallel_executor.executor.parallel:run_until_complete
[5.208s] INFO:colcon.colcon_ros.task.ament_python.build:Building ROS package in '/home/rosbot/dev_ws/src/my_package' with build type 'ament_python'
[5.208s] Level 1:colcon.colcon_core.shell:create_environment_hook('my_package', 'ament_prefix_path')
[5.290s] INFO:colcon.colcon_core.plugin_system:Skipping extension 'colcon_core.shell.bat': Not used on non-Windows systems
[5.292s] INFO:colcon.colcon_core.shell:Creating environment hook '/home/rosbot/dev_ws/install/my_package/share/my_package/hook/ament_prefix_path.ps1'
[5.297s] INFO:colcon.colcon_core.shell:Creating environment descriptor '/home/rosbot/dev_ws/install/my_package/share/my_package/hook/ament_prefix_path.dsv'
[5.299s] INFO:colcon.colcon_core.shell:Creating environment hook '/home/rosbot/dev_ws/install/my_package/share/my_package/hook/ament_prefix_path.sh'
[5.365s] INFO:colcon.colcon_core.shell:Skip shell extension 'powershell' for command environment: Not usable outside of PowerShell
[5.366s] DEBUG:colcon.colcon_core.shell:Skip shell extension 'dsv' for command environment
[5.508s] INFO:colcon.colcon_ros.task.ament_python.build:Building ROS package in '/home/rosbot/dev_ws/py_pubsub' with build type 'ament_python'
[5.509s] Level 1:colcon.colcon_core.shell:create_environment_hook('py_pubsub', 'ament_prefix_path')
[5.575s] INFO:colcon.colcon_core.shell:Creating environment hook '/home/rosbot/dev_ws/install/py_pubsub/share/py_pubsub/hook/ament_prefix_path.ps1'
[5.577s] INFO:colcon.colcon_core.shell:Creating environment descriptor '/home/rosbot/dev_ws/install/py_pubsub/share/py_pubsub/hook/ament_prefix_path.dsv'
[5.579s] INFO:colcon.colcon_core.shell:Creating environment hook '/home/rosbot/dev_ws/install/py_pubsub/share/py_pubsub/hook/ament_prefix_path.sh'
[5.643s] INFO:colcon.colcon_core.shell:Skip shell extension 'powershell' for command environment: Not usable outside of PowerShell
[5.643s] DEBUG:colcon.colcon_core.shell:Skip shell extension 'dsv' for command environment
[7.214s] INFO:colcon.colcon_core.task.python.build:Building Python package in '/home/rosbot/dev_ws/src/my_package'
[7.282s] INFO:colcon.colcon_core.shell:Skip shell extension 'powershell' for command environment: Not usable outside of PowerShell
[7.282s] DEBUG:colcon.colcon_core.shell:Skip shell extension 'dsv' for command environment
[8.842s] INFO:colcon.colcon_core.task.python.build:Building Python package in '/home/rosbot/dev_ws/py_pubsub'
[8.908s] INFO:colcon.colcon_core.shell:Skip shell extension 'powershell' for command environment: Not usable outside of PowerShell
[8.908s] DEBUG:colcon.colcon_core.shell:Skip shell extension 'dsv' for command environment
[10.907s] DEBUG:colcon.colcon_core.task.python.build:While undoing a previous installation files outside the Python library path are being ignored: /home/rosbot/dev_ws/install/my_package/share/ament_index/resource_index/packages/my_package
[10.907s] DEBUG:colcon.colcon_core.task.python.build:While undoing a previous installation files outside the Python library path are being ignored: /home/rosbot/dev_ws/install/my_package/share/my_package/package.xml
[10.908s] DEBUG:colcon.colcon_core.task.python.build:While undoing a previous installation files outside the Python library path are being ignored: /home/rosbot/dev_ws/install/my_package/lib/my_package/my_node
[10.914s] DEBUG:colcon.colcon_core.event_handler.log_command:Invoking command in '/home/rosbot/dev_ws/build/my_package': PYTHONPATH=/home/rosbot/dev_ws/install/my_package/lib/python3.6/site-packages:${PYTHONPATH} /usr/bin/python3 setup.py develop --prefix /home/rosbot/dev_ws/install/my_package --editable --build-directory /home/rosbot/dev_ws/build/my_package/build --no-deps install_data --install-dir /home/rosbot/dev_ws/install/my_package
[10.935s] DEBUG:colcon.colcon_core.event_handler.log_command:Invoking command in '/home/rosbot/dev_ws/build/py_pubsub': PYTHONPATH=/home/rosbot/dev_ws/install/py_pubsub/lib/python3.6/site-packages:${PYTHONPATH} /usr/bin/python3 setup.py develop --prefix /home/rosbot/dev_ws/install/py_pubsub --editable --build-directory /home/rosbot/dev_ws/build/py_pubsub/build --no-deps install_data --install-dir /home/rosbot/dev_ws/install/py_pubsub
[13.224s] Level 1:colcon.colcon_core.shell:create_environment_hook('my_package', 'pythonpath_develop')
[13.236s] DEBUG:colcon.colcon_core.event_handler.log_command:Invoked command in '/home/rosbot/dev_ws/build/my_package' returned '0': PYTHONPATH=/home/rosbot/dev_ws/install/my_package/lib/python3.6/site-packages:${PYTHONPATH} /usr/bin/python3 setup.py develop --prefix /home/rosbot/dev_ws/install/my_package --editable --build-directory /home/rosbot/dev_ws/build/my_package/build --no-deps install_data --install-dir /home/rosbot/dev_ws/install/my_package
[13.299s] INFO:colcon.colcon_core.shell:Creating environment hook '/home/rosbot/dev_ws/build/my_package/share/my_package/hook/pythonpath_develop.ps1'
[13.301s] INFO:colcon.colcon_core.shell:Creating environment descriptor '/home/rosbot/dev_ws/build/my_package/share/my_package/hook/pythonpath_develop.dsv'
[13.302s] INFO:colcon.colcon_core.shell:Creating environment hook '/home/rosbot/dev_ws/build/my_package/share/my_package/hook/pythonpath_develop.sh'
[13.390s] Level 1:colcon.colcon_core.environment:checking '/home/rosbot/dev_ws/install/my_package' for CMake module files
[13.393s] Level 1:colcon.colcon_core.environment:checking '/home/rosbot/dev_ws/install/my_package' for CMake config files
[13.397s] Level 1:colcon.colcon_core.environment:checking '/home/rosbot/dev_ws/install/my_package/lib'
[13.398s] Level 1:colcon.colcon_core.environment:checking '/home/rosbot/dev_ws/install/my_package/bin'
[13.398s] Level 1:colcon.colcon_core.environment:checking '/home/rosbot/dev_ws/install/my_package/lib/pkgconfig/my_package.pc'
[13.399s] Level 1:colcon.colcon_core.environment:checking '/home/rosbot/dev_ws/install/my_package/lib/python3.6/site-packages'
[13.399s] Level 1:colcon.colcon_core.shell:create_environment_hook('my_package', 'pythonpath')
[13.465s] INFO:colcon.colcon_core.shell:Creating environment hook '/home/rosbot/dev_ws/install/my_package/share/my_package/hook/pythonpath.ps1'
[13.467s] INFO:colcon.colcon_core.shell:Creating environment descriptor '/home/rosbot/dev_ws/install/my_package/share/my_package/hook/pythonpath.dsv'
[13.468s] INFO:colcon.colcon_core.shell:Creating environment hook '/home/rosbot/dev_ws/install/my_package/share/my_package/hook/pythonpath.sh'
[13.470s] Level 1:colcon.colcon_core.environment:checking '/home/rosbot/dev_ws/install/my_package/bin'
[13.470s] Level 1:colcon.colcon_core.environment:create_environment_scripts_only(my_package)
[13.535s] INFO:colcon.colcon_core.shell:Creating package script '/home/rosbot/dev_ws/install/my_package/share/my_package/package.ps1'
[13.541s] INFO:colcon.colcon_core.shell:Creating package descriptor '/home/rosbot/dev_ws/install/my_package/share/my_package/package.dsv'
[13.544s] INFO:colcon.colcon_core.shell:Creating package script '/home/rosbot/dev_ws/install/my_package/share/my_package/package.sh'
[13.549s] INFO:colcon.colcon_core.shell:Creating package script '/home/rosbot/dev_ws/install/my_package/share/my_package/package.bash'
[13.553s] INFO:colcon.colcon_core.shell:Creating package script '/home/rosbot/dev_ws/install/my_package/share/my_package/package.zsh'
[13.557s] Level 1:colcon.colcon_core.environment:create_file_with_runtime_dependencies(/home/rosbot/dev_ws/install/my_package/share/colcon-core/packages/my_package)
[13.562s] Level 1:colcon.colcon_core.shell:create_environment_hook('py_pubsub', 'pythonpath_develop')
[13.621s] DEBUG:colcon.colcon_core.event_handler.log_command:Invoked command in '/home/rosbot/dev_ws/build/py_pubsub' returned '0': PYTHONPATH=/home/rosbot/dev_ws/install/py_pubsub/lib/python3.6/site-packages:${PYTHONPATH} /usr/bin/python3 setup.py develop --prefix /home/rosbot/dev_ws/install/py_pubsub --editable --build-directory /home/rosbot/dev_ws/build/py_pubsub/build --no-deps install_data --install-dir /home/rosbot/dev_ws/install/py_pubsub
[13.632s] INFO:colcon.colcon_core.shell:Creating environment hook '/home/rosbot/dev_ws/build/py_pubsub/share/py_pubsub/hook/pythonpath_develop.ps1'
[13.634s] INFO:colcon.colcon_core.shell:Creating environment descriptor '/home/rosbot/dev_ws/build/py_pubsub/share/py_pubsub/hook/pythonpath_develop.dsv'
[13.635s] INFO:colcon.colcon_core.shell:Creating environment hook '/home/rosbot/dev_ws/build/py_pubsub/share/py_pubsub/hook/pythonpath_develop.sh'
[13.713s] Level 1:colcon.colcon_core.environment:checking '/home/rosbot/dev_ws/install/py_pubsub' for CMake module files
[13.715s] Level 1:colcon.colcon_core.environment:checking '/home/rosbot/dev_ws/install/py_pubsub' for CMake config files
[13.719s] Level 1:colcon.colcon_core.environment:checking '/home/rosbot/dev_ws/install/py_pubsub/lib'
[13.719s] Level 1:colcon.colcon_core.environment:checking '/home/rosbot/dev_ws/install/py_pubsub/bin'
[13.719s] Level 1:colcon.colcon_core.environment:checking '/home/rosbot/dev_ws/install/py_pubsub/lib/pkgconfig/py_pubsub.pc'
[13.720s] Level 1:colcon.colcon_core.environment:checking '/home/rosbot/dev_ws/install/py_pubsub/lib/python3.6/site-packages'
[13.720s] Level 1:colcon.colcon_core.shell:create_environment_hook('py_pubsub', 'pythonpath')
[13.785s] INFO:colcon.colcon_core.shell:Creating environment hook '/home/rosbot/dev_ws/install/py_pubsub/share/py_pubsub/hook/pythonpath.ps1'
[13.786s] INFO:colcon.colcon_core.shell:Creating environment descriptor '/home/rosbot/dev_ws/install/py_pubsub/share/py_pubsub/hook/pythonpath.dsv'
[13.788s] INFO:colcon.colcon_core.shell:Creating environment hook '/home/rosbot/dev_ws/install/py_pubsub/share/py_pubsub/hook/pythonpath.sh'
[13.789s] Level 1:colcon.colcon_core.environment:checking '/home/rosbot/dev_ws/install/py_pubsub/bin'
[13.790s] Level 1:colcon.colcon_core.environment:create_environment_scripts_only(py_pubsub)
[13.856s] INFO:colcon.colcon_core.shell:Creating package script '/home/rosbot/dev_ws/install/py_pubsub/share/py_pubsub/package.ps1'
[13.858s] INFO:colcon.colcon_core.shell:Creating package descriptor '/home/rosbot/dev_ws/install/py_pubsub/share/py_pubsub/package.dsv'
[13.860s] INFO:colcon.colcon_core.shell:Creating package script '/home/rosbot/dev_ws/install/py_pubsub/share/py_pubsub/package.sh'
[13.862s] INFO:colcon.colcon_core.shell:Creating package script '/home/rosbot/dev_ws/install/py_pubsub/share/py_pubsub/package.bash'
[13.863s] INFO:colcon.colcon_core.shell:Creating package script '/home/rosbot/dev_ws/install/py_pubsub/share/py_pubsub/package.zsh'
[13.864s] Level 1:colcon.colcon_core.environment:create_file_with_runtime_dependencies(/home/rosbot/dev_ws/install/py_pubsub/share/colcon-core/packages/py_pubsub)
[13.866s] DEBUG:colcon.colcon_parallel_executor.executor.parallel:closing loop
[13.868s] DEBUG:colcon.colcon_parallel_executor.executor.parallel:loop closed
[13.868s] DEBUG:colcon.colcon_parallel_executor.executor.parallel:run_until_complete finished with '0'
[13.868s] DEBUG:colcon.colcon_core.event_reactor:joining thread
[13.933s] INFO:colcon.colcon_core.plugin_system:Skipping extension 'colcon_notification.desktop_notification.terminal_notifier': Not used on non-Darwin systems
[13.934s] INFO:colcon.colcon_core.plugin_system:Skipping extension 'colcon_notification.desktop_notification.win32': Not used on non-Windows systems
[13.934s] INFO:colcon.colcon_notification.desktop_notification:Sending desktop notification using 'notify2'
[13.986s] DEBUG:colcon.colcon_core.event_reactor:joined thread
[14.053s] INFO:colcon.colcon_core.shell:Creating prefix script '/home/rosbot/dev_ws/install/local_setup.ps1'
[14.059s] INFO:colcon.colcon_core.shell:Creating prefix util module '/home/rosbot/dev_ws/install/_local_setup_util_ps1.py'
[14.068s] INFO:colcon.colcon_core.shell:Creating prefix chain script '/home/rosbot/dev_ws/install/setup.ps1'
[14.123s] INFO:colcon.colcon_core.shell:Creating prefix script '/home/rosbot/dev_ws/install/local_setup.sh'
[14.126s] INFO:colcon.colcon_core.shell:Creating prefix util module '/home/rosbot/dev_ws/install/_local_setup_util_sh.py'
[14.129s] INFO:colcon.colcon_core.shell:Creating prefix chain script '/home/rosbot/dev_ws/install/setup.sh'
[14.180s] INFO:colcon.colcon_core.shell:Creating prefix script '/home/rosbot/dev_ws/install/local_setup.bash'
[14.183s] INFO:colcon.colcon_core.shell:Creating prefix chain script '/home/rosbot/dev_ws/install/setup.bash'
[14.232s] INFO:colcon.colcon_core.shell:Creating prefix script '/home/rosbot/dev_ws/install/local_setup.zsh'
[14.234s] INFO:colcon.colcon_core.shell:Creating prefix chain script '/home/rosbot/dev_ws/install/setup.zsh'
