[0.781s] Invoking command in '/home/rosbot/dev_ws/build/rosapi_msgs': CMAKE_PREFIX_PATH=/opt/ros/eloquent /usr/bin/cmake --build /home/rosbot/dev_ws/build/rosapi_msgs -- -j4 -l4
[2.981s] [  0%] Built target rosapi_msgs__cpp
[2.984s] [ 12%] Built target rosapi_msgs__rosidl_generator_c
[2.985s] [ 25%] Built target rosapi_msgs__rosidl_typesupport_introspection_cpp
[2.986s] [ 37%] Built target rosapi_msgs__rosidl_typesupport_introspection_c
[2.987s] [ 49%] Built target rosapi_msgs__rosidl_typesupport_fastrtps_cpp
[2.989s] [ 61%] Built target rosapi_msgs__rosidl_typesupport_cpp
[2.991s] [ 73%] Built target rosapi_msgs__rosidl_typesupport_fastrtps_c
[2.992s] [ 86%] Built target rosapi_msgs__rosidl_typesupport_c
[2.996s] [ 86%] Built target rosapi_msgs
[2.998s] [ 86%] Built target rosapi_msgs__py
[2.999s] [ 98%] Built target rosapi_msgs__python
[2.999s] [ 99%] Built target rosapi_msgs__rosidl_typesupport_fastrtps_c__pyext
[3.000s] [100%] Built target rosapi_msgs__rosidl_typesupport_c__pyext
[3.051s] Invoked command in '/home/rosbot/dev_ws/build/rosapi_msgs' returned '0': CMAKE_PREFIX_PATH=/opt/ros/eloquent /usr/bin/cmake --build /home/rosbot/dev_ws/build/rosapi_msgs -- -j4 -l4
[5.546s] Invoking command in '/home/rosbot/dev_ws/build/rosapi_msgs': CMAKE_PREFIX_PATH=/opt/ros/eloquent /usr/bin/cmake --build /home/rosbot/dev_ws/build/rosapi_msgs --target install -- -j4 -l4
[5.887s] [  0%] Built target rosapi_msgs__cpp
[5.940s] [ 12%] Built target rosapi_msgs__rosidl_generator_c
[6.134s] [ 24%] Built target rosapi_msgs__rosidl_typesupport_introspection_c
[6.156s] [ 37%] Built target rosapi_msgs__rosidl_typesupport_introspection_cpp
[6.209s] [ 49%] Built target rosapi_msgs__rosidl_typesupport_fastrtps_cpp
[6.452s] [ 61%] Built target rosapi_msgs__rosidl_typesupport_cpp
[6.522s] [ 73%] Built target rosapi_msgs__rosidl_typesupport_fastrtps_c
[6.684s] [ 86%] Built target rosapi_msgs__rosidl_typesupport_c
[6.763s] [ 86%] Built target rosapi_msgs
[6.941s] [ 86%] Built target rosapi_msgs__py
[7.229s] [ 98%] Built target rosapi_msgs__python
[7.519s] [ 99%] Built target rosapi_msgs__rosidl_typesupport_fastrtps_c__pyext
[7.520s] [100%] Built target rosapi_msgs__rosidl_typesupport_c__pyext
[7.661s] [36mInstall the project...[0m
[7.720s] -- Install configuration: ""
[7.748s] -- Execute custom install script
[7.766s] -- Up-to-date symlink: /home/rosbot/dev_ws/install/rosapi_msgs/share/ament_index/resource_index/rosidl_interfaces/rosapi_msgs
[7.771s] -- Up-to-date symlink: /home/rosbot/dev_ws/install/rosapi_msgs/include/rosapi_msgs/msg/type_def.hpp
[7.772s] -- Up-to-date symlink: /home/rosbot/dev_ws/install/rosapi_msgs/include/rosapi_msgs/msg/type_def__struct.hpp
[7.773s] -- Up-to-date symlink: /home/rosbot/dev_ws/install/rosapi_msgs/include/rosapi_msgs/msg/type_def__traits.hpp
[7.775s] -- Up-to-date symlink: /home/rosbot/dev_ws/install/rosapi_msgs/include/rosapi_msgs/srv/delete_param.hpp
[7.776s] -- Up-to-date symlink: /home/rosbot/dev_ws/install/rosapi_msgs/include/rosapi_msgs/srv/delete_param__struct.hpp
[7.778s] -- Up-to-date symlink: /home/rosbot/dev_ws/install/rosapi_msgs/include/rosapi_msgs/srv/delete_param__traits.hpp
[7.778s] -- Up-to-date symlink: /home/rosbot/dev_ws/install/rosapi_msgs/include/rosapi_msgs/srv/get_action_servers.hpp
[7.781s] -- Up-to-date symlink: /home/rosbot/dev_ws/install/rosapi_msgs/include/rosapi_msgs/srv/get_action_servers__struct.hpp
[7.782s] -- Up-to-date symlink: /home/rosbot/dev_ws/install/rosapi_msgs/include/rosapi_msgs/srv/get_action_servers__traits.hpp
[7.783s] -- Up-to-date symlink: /home/rosbot/dev_ws/install/rosapi_msgs/include/rosapi_msgs/srv/get_param.hpp
[7.783s] -- Up-to-date symlink: /home/rosbot/dev_ws/install/rosapi_msgs/include/rosapi_msgs/srv/get_param__struct.hpp
[7.784s] -- Up-to-date symlink: /home/rosbot/dev_ws/install/rosapi_msgs/include/rosapi_msgs/srv/get_param__traits.hpp
[7.784s] -- Up-to-date symlink: /home/rosbot/dev_ws/install/rosapi_msgs/include/rosapi_msgs/srv/get_param_names.hpp
[7.785s] -- Up-to-date symlink: /home/rosbot/dev_ws/install/rosapi_msgs/include/rosapi_msgs/srv/get_param_names__struct.hpp
[7.785s] -- Up-to-date symlink: /home/rosbot/dev_ws/install/rosapi_msgs/include/rosapi_msgs/srv/get_param_names__traits.hpp
[7.786s] -- Up-to-date symlink: /home/rosbot/dev_ws/install/rosapi_msgs/include/rosapi_msgs/srv/get_ros_version.hpp
[7.787s] -- Up-to-date symlink: /home/rosbot/dev_ws/install/rosapi_msgs/include/rosapi_msgs/srv/get_ros_version__struct.hpp
[7.787s] -- Up-to-date symlink: /home/rosbot/dev_ws/install/rosapi_msgs/include/rosapi_msgs/srv/get_ros_version__traits.hpp
[7.794s] -- Up-to-date symlink: /home/rosbot/dev_ws/install/rosapi_msgs/include/rosapi_msgs/srv/get_time.hpp
[7.795s] -- Up-to-date symlink: /home/rosbot/dev_ws/install/rosapi_msgs/include/rosapi_msgs/srv/get_time__struct.hpp
[7.796s] -- Up-to-date symlink: /home/rosbot/dev_ws/install/rosapi_msgs/include/rosapi_msgs/srv/get_time__traits.hpp
[7.797s] -- Up-to-date symlink: /home/rosbot/dev_ws/install/rosapi_msgs/include/rosapi_msgs/srv/has_param.hpp
[7.797s] -- Up-to-date symlink: /home/rosbot/dev_ws/install/rosapi_msgs/include/rosapi_msgs/srv/has_param__struct.hpp
[7.798s] -- Up-to-date symlink: /home/rosbot/dev_ws/install/rosapi_msgs/include/rosapi_msgs/srv/has_param__traits.hpp
[7.799s] -- Up-to-date symlink: /home/rosbot/dev_ws/install/rosapi_msgs/include/rosapi_msgs/srv/message_details.hpp
[7.806s] -- Up-to-date symlink: /home/rosbot/dev_ws/install/rosapi_msgs/include/rosapi_msgs/srv/message_details__struct.hpp
[7.824s] -- Up-to-date symlink: /home/rosbot/dev_ws/install/rosapi_msgs/include/rosapi_msgs/srv/message_details__traits.hpp
[7.841s] -- Up-to-date symlink: /home/rosbot/dev_ws/install/rosapi_msgs/include/rosapi_msgs/srv/node_details.hpp
[7.869s] -- Up-to-date symlink: /home/rosbot/dev_ws/install/rosapi_msgs/include/rosapi_msgs/srv/node_details__struct.hpp
[7.888s] -- Up-to-date symlink: /home/rosbot/dev_ws/install/rosapi_msgs/include/rosapi_msgs/srv/node_details__traits.hpp
[7.890s] -- Up-to-date symlink: /home/rosbot/dev_ws/install/rosapi_msgs/include/rosapi_msgs/srv/nodes.hpp
[7.890s] -- Up-to-date symlink: /home/rosbot/dev_ws/install/rosapi_msgs/include/rosapi_msgs/srv/nodes__struct.hpp
[7.891s] -- Up-to-date symlink: /home/rosbot/dev_ws/install/rosapi_msgs/include/rosapi_msgs/srv/nodes__traits.hpp
[7.892s] -- Up-to-date symlink: /home/rosbot/dev_ws/install/rosapi_msgs/include/rosapi_msgs/srv/publishers.hpp
[7.892s] -- Up-to-date symlink: /home/rosbot/dev_ws/install/rosapi_msgs/include/rosapi_msgs/srv/publishers__struct.hpp
[7.893s] -- Up-to-date symlink: /home/rosbot/dev_ws/install/rosapi_msgs/include/rosapi_msgs/srv/publishers__traits.hpp
[7.893s] -- Up-to-date symlink: /home/rosbot/dev_ws/install/rosapi_msgs/include/rosapi_msgs/srv/service_node.hpp
[7.894s] -- Up-to-date symlink: /home/rosbot/dev_ws/install/rosapi_msgs/include/rosapi_msgs/srv/service_node__struct.hpp
[7.895s] -- Up-to-date symlink: /home/rosbot/dev_ws/install/rosapi_msgs/include/rosapi_msgs/srv/service_node__traits.hpp
[7.897s] -- Up-to-date symlink: /home/rosbot/dev_ws/install/rosapi_msgs/include/rosapi_msgs/srv/service_providers.hpp
[7.899s] -- Up-to-date symlink: /home/rosbot/dev_ws/install/rosapi_msgs/include/rosapi_msgs/srv/service_providers__struct.hpp
[7.901s] -- Up-to-date symlink: /home/rosbot/dev_ws/install/rosapi_msgs/include/rosapi_msgs/srv/service_providers__traits.hpp
[7.903s] -- Up-to-date symlink: /home/rosbot/dev_ws/install/rosapi_msgs/include/rosapi_msgs/srv/service_request_details.hpp
[7.913s] -- Up-to-date symlink: /home/rosbot/dev_ws/install/rosapi_msgs/include/rosapi_msgs/srv/service_request_details__struct.hpp
[7.936s] -- Up-to-date symlink: /home/rosbot/dev_ws/install/rosapi_msgs/include/rosapi_msgs/srv/service_request_details__traits.hpp
[7.959s] -- Up-to-date symlink: /home/rosbot/dev_ws/install/rosapi_msgs/include/rosapi_msgs/srv/service_response_details.hpp
[7.982s] -- Up-to-date symlink: /home/rosbot/dev_ws/install/rosapi_msgs/include/rosapi_msgs/srv/service_response_details__struct.hpp
[7.995s] -- Up-to-date symlink: /home/rosbot/dev_ws/install/rosapi_msgs/include/rosapi_msgs/srv/service_response_details__traits.hpp
[7.996s] -- Up-to-date symlink: /home/rosbot/dev_ws/install/rosapi_msgs/include/rosapi_msgs/srv/service_type.hpp
[7.997s] -- Up-to-date symlink: /home/rosbot/dev_ws/install/rosapi_msgs/include/rosapi_msgs/srv/service_type__struct.hpp
[7.998s] -- Up-to-date symlink: /home/rosbot/dev_ws/install/rosapi_msgs/include/rosapi_msgs/srv/service_type__traits.hpp
[7.999s] -- Up-to-date symlink: /home/rosbot/dev_ws/install/rosapi_msgs/include/rosapi_msgs/srv/services.hpp
[8.000s] -- Up-to-date symlink: /home/rosbot/dev_ws/install/rosapi_msgs/include/rosapi_msgs/srv/services__struct.hpp
[8.001s] -- Up-to-date symlink: /home/rosbot/dev_ws/install/rosapi_msgs/include/rosapi_msgs/srv/services__traits.hpp
[8.003s] -- Up-to-date symlink: /home/rosbot/dev_ws/install/rosapi_msgs/include/rosapi_msgs/srv/services_for_type.hpp
[8.004s] -- Up-to-date symlink: /home/rosbot/dev_ws/install/rosapi_msgs/include/rosapi_msgs/srv/services_for_type__struct.hpp
[8.005s] -- Up-to-date symlink: /home/rosbot/dev_ws/install/rosapi_msgs/include/rosapi_msgs/srv/services_for_type__traits.hpp
[8.005s] -- Up-to-date symlink: /home/rosbot/dev_ws/install/rosapi_msgs/include/rosapi_msgs/srv/set_param.hpp
[8.006s] -- Up-to-date symlink: /home/rosbot/dev_ws/install/rosapi_msgs/include/rosapi_msgs/srv/set_param__struct.hpp
[8.008s] -- Up-to-date symlink: /home/rosbot/dev_ws/install/rosapi_msgs/include/rosapi_msgs/srv/set_param__traits.hpp
[8.033s] -- Up-to-date symlink: /home/rosbot/dev_ws/install/rosapi_msgs/include/rosapi_msgs/srv/subscribers.hpp
[8.045s] -- Up-to-date symlink: /home/rosbot/dev_ws/install/rosapi_msgs/include/rosapi_msgs/srv/subscribers__struct.hpp
[8.057s] -- Up-to-date symlink: /home/rosbot/dev_ws/install/rosapi_msgs/include/rosapi_msgs/srv/subscribers__traits.hpp
[8.074s] -- Up-to-date symlink: /home/rosbot/dev_ws/install/rosapi_msgs/include/rosapi_msgs/srv/topic_type.hpp
[8.091s] -- Up-to-date symlink: /home/rosbot/dev_ws/install/rosapi_msgs/include/rosapi_msgs/srv/topic_type__struct.hpp
[8.103s] -- Up-to-date symlink: /home/rosbot/dev_ws/install/rosapi_msgs/include/rosapi_msgs/srv/topic_type__traits.hpp
[8.103s] -- Up-to-date symlink: /home/rosbot/dev_ws/install/rosapi_msgs/include/rosapi_msgs/srv/topics.hpp
[8.104s] -- Up-to-date symlink: /home/rosbot/dev_ws/install/rosapi_msgs/include/rosapi_msgs/srv/topics__struct.hpp
[8.105s] -- Up-to-date symlink: /home/rosbot/dev_ws/install/rosapi_msgs/include/rosapi_msgs/srv/topics__traits.hpp
[8.107s] -- Up-to-date symlink: /home/rosbot/dev_ws/install/rosapi_msgs/include/rosapi_msgs/srv/topics_and_raw_types.hpp
[8.108s] -- Up-to-date symlink: /home/rosbot/dev_ws/install/rosapi_msgs/include/rosapi_msgs/srv/topics_and_raw_types__struct.hpp
[8.109s] -- Up-to-date symlink: /home/rosbot/dev_ws/install/rosapi_msgs/include/rosapi_msgs/srv/topics_and_raw_types__traits.hpp
[8.110s] -- Up-to-date symlink: /home/rosbot/dev_ws/install/rosapi_msgs/include/rosapi_msgs/srv/topics_for_type.hpp
[8.111s] -- Up-to-date symlink: /home/rosbot/dev_ws/install/rosapi_msgs/include/rosapi_msgs/srv/topics_for_type__struct.hpp
[8.113s] -- Up-to-date symlink: /home/rosbot/dev_ws/install/rosapi_msgs/include/rosapi_msgs/srv/topics_for_type__traits.hpp
[8.115s] -- Up-to-date symlink: /home/rosbot/dev_ws/install/rosapi_msgs/include/rosapi_msgs/msg/rosidl_generator_c__visibility_control.h
[8.115s] -- Up-to-date symlink: /home/rosbot/dev_ws/install/rosapi_msgs/include/rosapi_msgs/msg/type_def.h
[8.118s] -- Up-to-date symlink: /home/rosbot/dev_ws/install/rosapi_msgs/include/rosapi_msgs/msg/type_def__functions.h
[8.119s] -- Up-to-date symlink: /home/rosbot/dev_ws/install/rosapi_msgs/include/rosapi_msgs/msg/type_def__struct.h
[8.120s] -- Up-to-date symlink: /home/rosbot/dev_ws/install/rosapi_msgs/include/rosapi_msgs/msg/type_def__type_support.h
[8.121s] -- Up-to-date symlink: /home/rosbot/dev_ws/install/rosapi_msgs/include/rosapi_msgs/srv/delete_param.h
[8.138s] -- Up-to-date symlink: /home/rosbot/dev_ws/install/rosapi_msgs/include/rosapi_msgs/srv/delete_param__functions.h
[8.140s] -- Up-to-date symlink: /home/rosbot/dev_ws/install/rosapi_msgs/include/rosapi_msgs/srv/delete_param__struct.h
[8.143s] -- Up-to-date symlink: /home/rosbot/dev_ws/install/rosapi_msgs/include/rosapi_msgs/srv/delete_param__type_support.h
[8.144s] -- Up-to-date symlink: /home/rosbot/dev_ws/install/rosapi_msgs/include/rosapi_msgs/srv/get_action_servers.h
[8.148s] -- Up-to-date symlink: /home/rosbot/dev_ws/install/rosapi_msgs/include/rosapi_msgs/srv/get_action_servers__functions.h
[8.149s] -- Up-to-date symlink: /home/rosbot/dev_ws/install/rosapi_msgs/include/rosapi_msgs/srv/get_action_servers__struct.h
[8.156s] -- Up-to-date symlink: /home/rosbot/dev_ws/install/rosapi_msgs/include/rosapi_msgs/srv/get_action_servers__type_support.h
[8.157s] -- Up-to-date symlink: /home/rosbot/dev_ws/install/rosapi_msgs/include/rosapi_msgs/srv/get_param.h
[8.157s] -- Up-to-date symlink: /home/rosbot/dev_ws/install/rosapi_msgs/include/rosapi_msgs/srv/get_param__functions.h
[8.159s] -- Up-to-date symlink: /home/rosbot/dev_ws/install/rosapi_msgs/include/rosapi_msgs/srv/get_param__struct.h
[8.162s] -- Up-to-date symlink: /home/rosbot/dev_ws/install/rosapi_msgs/include/rosapi_msgs/srv/get_param__type_support.h
[8.164s] -- Up-to-date symlink: /home/rosbot/dev_ws/install/rosapi_msgs/include/rosapi_msgs/srv/get_param_names.h
[8.166s] -- Up-to-date symlink: /home/rosbot/dev_ws/install/rosapi_msgs/include/rosapi_msgs/srv/get_param_names__functions.h
[8.169s] -- Up-to-date symlink: /home/rosbot/dev_ws/install/rosapi_msgs/include/rosapi_msgs/srv/get_param_names__struct.h
[8.170s] -- Up-to-date symlink: /home/rosbot/dev_ws/install/rosapi_msgs/include/rosapi_msgs/srv/get_param_names__type_support.h
[8.172s] -- Up-to-date symlink: /home/rosbot/dev_ws/install/rosapi_msgs/include/rosapi_msgs/srv/get_ros_version.h
[8.172s] -- Up-to-date symlink: /home/rosbot/dev_ws/install/rosapi_msgs/include/rosapi_msgs/srv/get_ros_version__functions.h
[8.173s] -- Up-to-date symlink: /home/rosbot/dev_ws/install/rosapi_msgs/include/rosapi_msgs/srv/get_ros_version__struct.h
[8.174s] -- Up-to-date symlink: /home/rosbot/dev_ws/install/rosapi_msgs/include/rosapi_msgs/srv/get_ros_version__type_support.h
[8.174s] -- Up-to-date symlink: /home/rosbot/dev_ws/install/rosapi_msgs/include/rosapi_msgs/srv/get_time.h
[8.175s] -- Up-to-date symlink: /home/rosbot/dev_ws/install/rosapi_msgs/include/rosapi_msgs/srv/get_time__functions.h
[8.175s] -- Up-to-date symlink: /home/rosbot/dev_ws/install/rosapi_msgs/include/rosapi_msgs/srv/get_time__struct.h
[8.176s] -- Up-to-date symlink: /home/rosbot/dev_ws/install/rosapi_msgs/include/rosapi_msgs/srv/get_time__type_support.h
[8.177s] -- Up-to-date symlink: /home/rosbot/dev_ws/install/rosapi_msgs/include/rosapi_msgs/srv/has_param.h
[8.177s] -- Up-to-date symlink: /home/rosbot/dev_ws/install/rosapi_msgs/include/rosapi_msgs/srv/has_param__functions.h
[8.178s] -- Up-to-date symlink: /home/rosbot/dev_ws/install/rosapi_msgs/include/rosapi_msgs/srv/has_param__struct.h
[8.178s] -- Up-to-date symlink: /home/rosbot/dev_ws/install/rosapi_msgs/include/rosapi_msgs/srv/has_param__type_support.h
[8.179s] -- Up-to-date symlink: /home/rosbot/dev_ws/install/rosapi_msgs/include/rosapi_msgs/srv/message_details.h
[8.179s] -- Up-to-date symlink: /home/rosbot/dev_ws/install/rosapi_msgs/include/rosapi_msgs/srv/message_details__functions.h
[8.180s] -- Up-to-date symlink: /home/rosbot/dev_ws/install/rosapi_msgs/include/rosapi_msgs/srv/message_details__struct.h
[8.180s] -- Up-to-date symlink: /home/rosbot/dev_ws/install/rosapi_msgs/include/rosapi_msgs/srv/message_details__type_support.h
[8.181s] -- Up-to-date symlink: /home/rosbot/dev_ws/install/rosapi_msgs/include/rosapi_msgs/srv/node_details.h
[8.182s] -- Up-to-date symlink: /home/rosbot/dev_ws/install/rosapi_msgs/include/rosapi_msgs/srv/node_details__functions.h
[8.182s] -- Up-to-date symlink: /home/rosbot/dev_ws/install/rosapi_msgs/include/rosapi_msgs/srv/node_details__struct.h
[8.183s] -- Up-to-date symlink: /home/rosbot/dev_ws/install/rosapi_msgs/include/rosapi_msgs/srv/node_details__type_support.h
[8.183s] -- Up-to-date symlink: /home/rosbot/dev_ws/install/rosapi_msgs/include/rosapi_msgs/srv/nodes.h
[8.184s] -- Up-to-date symlink: /home/rosbot/dev_ws/install/rosapi_msgs/include/rosapi_msgs/srv/nodes__functions.h
[8.184s] -- Up-to-date symlink: /home/rosbot/dev_ws/install/rosapi_msgs/include/rosapi_msgs/srv/nodes__struct.h
[8.185s] -- Up-to-date symlink: /home/rosbot/dev_ws/install/rosapi_msgs/include/rosapi_msgs/srv/nodes__type_support.h
[8.186s] -- Up-to-date symlink: /home/rosbot/dev_ws/install/rosapi_msgs/include/rosapi_msgs/srv/publishers.h
[8.186s] -- Up-to-date symlink: /home/rosbot/dev_ws/install/rosapi_msgs/include/rosapi_msgs/srv/publishers__functions.h
[8.187s] -- Up-to-date symlink: /home/rosbot/dev_ws/install/rosapi_msgs/include/rosapi_msgs/srv/publishers__struct.h
[8.188s] -- Up-to-date symlink: /home/rosbot/dev_ws/install/rosapi_msgs/include/rosapi_msgs/srv/publishers__type_support.h
[8.188s] -- Up-to-date symlink: /home/rosbot/dev_ws/install/rosapi_msgs/include/rosapi_msgs/srv/service_node.h
[8.189s] -- Up-to-date symlink: /home/rosbot/dev_ws/install/rosapi_msgs/include/rosapi_msgs/srv/service_node__functions.h
[8.189s] -- Up-to-date symlink: /home/rosbot/dev_ws/install/rosapi_msgs/include/rosapi_msgs/srv/service_node__struct.h
[8.190s] -- Up-to-date symlink: /home/rosbot/dev_ws/install/rosapi_msgs/include/rosapi_msgs/srv/service_node__type_support.h
[8.191s] -- Up-to-date symlink: /home/rosbot/dev_ws/install/rosapi_msgs/include/rosapi_msgs/srv/service_providers.h
[8.191s] -- Up-to-date symlink: /home/rosbot/dev_ws/install/rosapi_msgs/include/rosapi_msgs/srv/service_providers__functions.h
[8.192s] -- Up-to-date symlink: /home/rosbot/dev_ws/install/rosapi_msgs/include/rosapi_msgs/srv/service_providers__struct.h
[8.193s] -- Up-to-date symlink: /home/rosbot/dev_ws/install/rosapi_msgs/include/rosapi_msgs/srv/service_providers__type_support.h
[8.193s] -- Up-to-date symlink: /home/rosbot/dev_ws/install/rosapi_msgs/include/rosapi_msgs/srv/service_request_details.h
[8.194s] -- Up-to-date symlink: /home/rosbot/dev_ws/install/rosapi_msgs/include/rosapi_msgs/srv/service_request_details__functions.h
[8.195s] -- Up-to-date symlink: /home/rosbot/dev_ws/install/rosapi_msgs/include/rosapi_msgs/srv/service_request_details__struct.h
[8.195s] -- Up-to-date symlink: /home/rosbot/dev_ws/install/rosapi_msgs/include/rosapi_msgs/srv/service_request_details__type_support.h
[8.196s] -- Up-to-date symlink: /home/rosbot/dev_ws/install/rosapi_msgs/include/rosapi_msgs/srv/service_response_details.h
[8.196s] -- Up-to-date symlink: /home/rosbot/dev_ws/install/rosapi_msgs/include/rosapi_msgs/srv/service_response_details__functions.h
[8.198s] -- Up-to-date symlink: /home/rosbot/dev_ws/install/rosapi_msgs/include/rosapi_msgs/srv/service_response_details__struct.h
[8.199s] -- Up-to-date symlink: /home/rosbot/dev_ws/install/rosapi_msgs/include/rosapi_msgs/srv/service_response_details__type_support.h
[8.199s] -- Up-to-date symlink: /home/rosbot/dev_ws/install/rosapi_msgs/include/rosapi_msgs/srv/service_type.h
[8.200s] -- Up-to-date symlink: /home/rosbot/dev_ws/install/rosapi_msgs/include/rosapi_msgs/srv/service_type__functions.h
[8.200s] -- Up-to-date symlink: /home/rosbot/dev_ws/install/rosapi_msgs/include/rosapi_msgs/srv/service_type__struct.h
[8.201s] -- Up-to-date symlink: /home/rosbot/dev_ws/install/rosapi_msgs/include/rosapi_msgs/srv/service_type__type_support.h
[8.202s] -- Up-to-date symlink: /home/rosbot/dev_ws/install/rosapi_msgs/include/rosapi_msgs/srv/services.h
[8.202s] -- Up-to-date symlink: /home/rosbot/dev_ws/install/rosapi_msgs/include/rosapi_msgs/srv/services__functions.h
[8.203s] -- Up-to-date symlink: /home/rosbot/dev_ws/install/rosapi_msgs/include/rosapi_msgs/srv/services__struct.h
[8.204s] -- Up-to-date symlink: /home/rosbot/dev_ws/install/rosapi_msgs/include/rosapi_msgs/srv/services__type_support.h
[8.205s] -- Up-to-date symlink: /home/rosbot/dev_ws/install/rosapi_msgs/include/rosapi_msgs/srv/services_for_type.h
[8.205s] -- Up-to-date symlink: /home/rosbot/dev_ws/install/rosapi_msgs/include/rosapi_msgs/srv/services_for_type__functions.h
[8.206s] -- Up-to-date symlink: /home/rosbot/dev_ws/install/rosapi_msgs/include/rosapi_msgs/srv/services_for_type__struct.h
[8.207s] -- Up-to-date symlink: /home/rosbot/dev_ws/install/rosapi_msgs/include/rosapi_msgs/srv/services_for_type__type_support.h
[8.208s] -- Up-to-date symlink: /home/rosbot/dev_ws/install/rosapi_msgs/include/rosapi_msgs/srv/set_param.h
[8.209s] -- Up-to-date symlink: /home/rosbot/dev_ws/install/rosapi_msgs/include/rosapi_msgs/srv/set_param__functions.h
[8.210s] -- Up-to-date symlink: /home/rosbot/dev_ws/install/rosapi_msgs/include/rosapi_msgs/srv/set_param__struct.h
[8.211s] -- Up-to-date symlink: /home/rosbot/dev_ws/install/rosapi_msgs/include/rosapi_msgs/srv/set_param__type_support.h
[8.212s] -- Up-to-date symlink: /home/rosbot/dev_ws/install/rosapi_msgs/include/rosapi_msgs/srv/subscribers.h
[8.213s] -- Up-to-date symlink: /home/rosbot/dev_ws/install/rosapi_msgs/include/rosapi_msgs/srv/subscribers__functions.h
[8.214s] -- Up-to-date symlink: /home/rosbot/dev_ws/install/rosapi_msgs/include/rosapi_msgs/srv/subscribers__struct.h
[8.215s] -- Up-to-date symlink: /home/rosbot/dev_ws/install/rosapi_msgs/include/rosapi_msgs/srv/subscribers__type_support.h
[8.215s] -- Up-to-date symlink: /home/rosbot/dev_ws/install/rosapi_msgs/include/rosapi_msgs/srv/topic_type.h
[8.216s] -- Up-to-date symlink: /home/rosbot/dev_ws/install/rosapi_msgs/include/rosapi_msgs/srv/topic_type__functions.h
[8.216s] -- Up-to-date symlink: /home/rosbot/dev_ws/install/rosapi_msgs/include/rosapi_msgs/srv/topic_type__struct.h
[8.217s] -- Up-to-date symlink: /home/rosbot/dev_ws/install/rosapi_msgs/include/rosapi_msgs/srv/topic_type__type_support.h
[8.217s] -- Up-to-date symlink: /home/rosbot/dev_ws/install/rosapi_msgs/include/rosapi_msgs/srv/topics.h
[8.218s] -- Up-to-date symlink: /home/rosbot/dev_ws/install/rosapi_msgs/include/rosapi_msgs/srv/topics__functions.h
[8.218s] -- Up-to-date symlink: /home/rosbot/dev_ws/install/rosapi_msgs/include/rosapi_msgs/srv/topics__struct.h
[8.219s] -- Up-to-date symlink: /home/rosbot/dev_ws/install/rosapi_msgs/include/rosapi_msgs/srv/topics__type_support.h
[8.219s] -- Up-to-date symlink: /home/rosbot/dev_ws/install/rosapi_msgs/include/rosapi_msgs/srv/topics_and_raw_types.h
[8.220s] -- Up-to-date symlink: /home/rosbot/dev_ws/install/rosapi_msgs/include/rosapi_msgs/srv/topics_and_raw_types__functions.h
[8.221s] -- Up-to-date symlink: /home/rosbot/dev_ws/install/rosapi_msgs/include/rosapi_msgs/srv/topics_and_raw_types__struct.h
[8.221s] -- Up-to-date symlink: /home/rosbot/dev_ws/install/rosapi_msgs/include/rosapi_msgs/srv/topics_and_raw_types__type_support.h
[8.222s] -- Up-to-date symlink: /home/rosbot/dev_ws/install/rosapi_msgs/include/rosapi_msgs/srv/topics_for_type.h
[8.222s] -- Up-to-date symlink: /home/rosbot/dev_ws/install/rosapi_msgs/include/rosapi_msgs/srv/topics_for_type__functions.h
[8.223s] -- Up-to-date symlink: /home/rosbot/dev_ws/install/rosapi_msgs/include/rosapi_msgs/srv/topics_for_type__struct.h
[8.224s] -- Up-to-date symlink: /home/rosbot/dev_ws/install/rosapi_msgs/include/rosapi_msgs/srv/topics_for_type__type_support.h
[8.224s] -- Up-to-date symlink: /home/rosbot/dev_ws/install/rosapi_msgs/share/rosapi_msgs/environment/library_path.sh
[8.225s] -- Up-to-date symlink: /home/rosbot/dev_ws/install/rosapi_msgs/share/rosapi_msgs/environment/library_path.dsv
[8.225s] -- Up-to-date symlink: /home/rosbot/dev_ws/install/rosapi_msgs/lib/librosapi_msgs__rosidl_generator_c.so
[8.226s] -- Up-to-date symlink: /home/rosbot/dev_ws/install/rosapi_msgs/lib/librosapi_msgs__rosidl_typesupport_c.so
[8.226s] -- Up-to-date symlink: /home/rosbot/dev_ws/install/rosapi_msgs/lib/librosapi_msgs__rosidl_typesupport_cpp.so
[8.228s] -- Up-to-date symlink: /home/rosbot/dev_ws/install/rosapi_msgs/include/rosapi_msgs/msg/rosidl_typesupport_introspection_c__visibility_control.h
[8.228s] -- Up-to-date symlink: /home/rosbot/dev_ws/install/rosapi_msgs/include/rosapi_msgs/msg/type_def__rosidl_typesupport_introspection_c.h
[8.229s] -- Up-to-date symlink: /home/rosbot/dev_ws/install/rosapi_msgs/include/rosapi_msgs/srv/delete_param__rosidl_typesupport_introspection_c.h
[8.230s] -- Up-to-date symlink: /home/rosbot/dev_ws/install/rosapi_msgs/include/rosapi_msgs/srv/get_action_servers__rosidl_typesupport_introspection_c.h
[8.230s] -- Up-to-date symlink: /home/rosbot/dev_ws/install/rosapi_msgs/include/rosapi_msgs/srv/get_param__rosidl_typesupport_introspection_c.h
[8.231s] -- Up-to-date symlink: /home/rosbot/dev_ws/install/rosapi_msgs/include/rosapi_msgs/srv/get_param_names__rosidl_typesupport_introspection_c.h
[8.231s] -- Up-to-date symlink: /home/rosbot/dev_ws/install/rosapi_msgs/include/rosapi_msgs/srv/get_ros_version__rosidl_typesupport_introspection_c.h
[8.232s] -- Up-to-date symlink: /home/rosbot/dev_ws/install/rosapi_msgs/include/rosapi_msgs/srv/get_time__rosidl_typesupport_introspection_c.h
[8.233s] -- Up-to-date symlink: /home/rosbot/dev_ws/install/rosapi_msgs/include/rosapi_msgs/srv/has_param__rosidl_typesupport_introspection_c.h
[8.233s] -- Up-to-date symlink: /home/rosbot/dev_ws/install/rosapi_msgs/include/rosapi_msgs/srv/message_details__rosidl_typesupport_introspection_c.h
[8.234s] -- Up-to-date symlink: /home/rosbot/dev_ws/install/rosapi_msgs/include/rosapi_msgs/srv/node_details__rosidl_typesupport_introspection_c.h
[8.234s] -- Up-to-date symlink: /home/rosbot/dev_ws/install/rosapi_msgs/include/rosapi_msgs/srv/nodes__rosidl_typesupport_introspection_c.h
[8.235s] -- Up-to-date symlink: /home/rosbot/dev_ws/install/rosapi_msgs/include/rosapi_msgs/srv/publishers__rosidl_typesupport_introspection_c.h
[8.236s] -- Up-to-date symlink: /home/rosbot/dev_ws/install/rosapi_msgs/include/rosapi_msgs/srv/service_node__rosidl_typesupport_introspection_c.h
[8.236s] -- Up-to-date symlink: /home/rosbot/dev_ws/install/rosapi_msgs/include/rosapi_msgs/srv/service_providers__rosidl_typesupport_introspection_c.h
[8.237s] -- Up-to-date symlink: /home/rosbot/dev_ws/install/rosapi_msgs/include/rosapi_msgs/srv/service_request_details__rosidl_typesupport_introspection_c.h
[8.237s] -- Up-to-date symlink: /home/rosbot/dev_ws/install/rosapi_msgs/include/rosapi_msgs/srv/service_response_details__rosidl_typesupport_introspection_c.h
[8.238s] -- Up-to-date symlink: /home/rosbot/dev_ws/install/rosapi_msgs/include/rosapi_msgs/srv/service_type__rosidl_typesupport_introspection_c.h
[8.239s] -- Up-to-date symlink: /home/rosbot/dev_ws/install/rosapi_msgs/include/rosapi_msgs/srv/services__rosidl_typesupport_introspection_c.h
[8.239s] -- Up-to-date symlink: /home/rosbot/dev_ws/install/rosapi_msgs/include/rosapi_msgs/srv/services_for_type__rosidl_typesupport_introspection_c.h
[8.240s] -- Up-to-date symlink: /home/rosbot/dev_ws/install/rosapi_msgs/include/rosapi_msgs/srv/set_param__rosidl_typesupport_introspection_c.h
[8.240s] -- Up-to-date symlink: /home/rosbot/dev_ws/install/rosapi_msgs/include/rosapi_msgs/srv/subscribers__rosidl_typesupport_introspection_c.h
[8.241s] -- Up-to-date symlink: /home/rosbot/dev_ws/install/rosapi_msgs/include/rosapi_msgs/srv/topic_type__rosidl_typesupport_introspection_c.h
[8.241s] -- Up-to-date symlink: /home/rosbot/dev_ws/install/rosapi_msgs/include/rosapi_msgs/srv/topics__rosidl_typesupport_introspection_c.h
[8.242s] -- Up-to-date symlink: /home/rosbot/dev_ws/install/rosapi_msgs/include/rosapi_msgs/srv/topics_and_raw_types__rosidl_typesupport_introspection_c.h
[8.242s] -- Up-to-date symlink: /home/rosbot/dev_ws/install/rosapi_msgs/include/rosapi_msgs/srv/topics_for_type__rosidl_typesupport_introspection_c.h
[8.243s] -- Up-to-date symlink: /home/rosbot/dev_ws/install/rosapi_msgs/lib/librosapi_msgs__rosidl_typesupport_introspection_c.so
[8.244s] -- Up-to-date symlink: /home/rosbot/dev_ws/install/rosapi_msgs/include/rosapi_msgs/msg/type_def__rosidl_typesupport_introspection_cpp.hpp
[8.244s] -- Up-to-date symlink: /home/rosbot/dev_ws/install/rosapi_msgs/include/rosapi_msgs/srv/delete_param__rosidl_typesupport_introspection_cpp.hpp
[8.245s] -- Up-to-date symlink: /home/rosbot/dev_ws/install/rosapi_msgs/include/rosapi_msgs/srv/get_action_servers__rosidl_typesupport_introspection_cpp.hpp
[8.245s] -- Up-to-date symlink: /home/rosbot/dev_ws/install/rosapi_msgs/include/rosapi_msgs/srv/get_param__rosidl_typesupport_introspection_cpp.hpp
[8.246s] -- Up-to-date symlink: /home/rosbot/dev_ws/install/rosapi_msgs/include/rosapi_msgs/srv/get_param_names__rosidl_typesupport_introspection_cpp.hpp
[8.247s] -- Up-to-date symlink: /home/rosbot/dev_ws/install/rosapi_msgs/include/rosapi_msgs/srv/get_ros_version__rosidl_typesupport_introspection_cpp.hpp
[8.247s] -- Up-to-date symlink: /home/rosbot/dev_ws/install/rosapi_msgs/include/rosapi_msgs/srv/get_time__rosidl_typesupport_introspection_cpp.hpp
[8.248s] -- Up-to-date symlink: /home/rosbot/dev_ws/install/rosapi_msgs/include/rosapi_msgs/srv/has_param__rosidl_typesupport_introspection_cpp.hpp
[8.248s] -- Up-to-date symlink: /home/rosbot/dev_ws/install/rosapi_msgs/include/rosapi_msgs/srv/message_details__rosidl_typesupport_introspection_cpp.hpp
[8.249s] -- Up-to-date symlink: /home/rosbot/dev_ws/install/rosapi_msgs/include/rosapi_msgs/srv/node_details__rosidl_typesupport_introspection_cpp.hpp
[8.249s] -- Up-to-date symlink: /home/rosbot/dev_ws/install/rosapi_msgs/include/rosapi_msgs/srv/nodes__rosidl_typesupport_introspection_cpp.hpp
[8.250s] -- Up-to-date symlink: /home/rosbot/dev_ws/install/rosapi_msgs/include/rosapi_msgs/srv/publishers__rosidl_typesupport_introspection_cpp.hpp
[8.250s] -- Up-to-date symlink: /home/rosbot/dev_ws/install/rosapi_msgs/include/rosapi_msgs/srv/service_node__rosidl_typesupport_introspection_cpp.hpp
[8.251s] -- Up-to-date symlink: /home/rosbot/dev_ws/install/rosapi_msgs/include/rosapi_msgs/srv/service_providers__rosidl_typesupport_introspection_cpp.hpp
[8.251s] -- Up-to-date symlink: /home/rosbot/dev_ws/install/rosapi_msgs/include/rosapi_msgs/srv/service_request_details__rosidl_typesupport_introspection_cpp.hpp
[8.252s] -- Up-to-date symlink: /home/rosbot/dev_ws/install/rosapi_msgs/include/rosapi_msgs/srv/service_response_details__rosidl_typesupport_introspection_cpp.hpp
[8.253s] -- Up-to-date symlink: /home/rosbot/dev_ws/install/rosapi_msgs/include/rosapi_msgs/srv/service_type__rosidl_typesupport_introspection_cpp.hpp
[8.253s] -- Up-to-date symlink: /home/rosbot/dev_ws/install/rosapi_msgs/include/rosapi_msgs/srv/services__rosidl_typesupport_introspection_cpp.hpp
[8.254s] -- Up-to-date symlink: /home/rosbot/dev_ws/install/rosapi_msgs/include/rosapi_msgs/srv/services_for_type__rosidl_typesupport_introspection_cpp.hpp
[8.254s] -- Up-to-date symlink: /home/rosbot/dev_ws/install/rosapi_msgs/include/rosapi_msgs/srv/set_param__rosidl_typesupport_introspection_cpp.hpp
[8.255s] -- Up-to-date symlink: /home/rosbot/dev_ws/install/rosapi_msgs/include/rosapi_msgs/srv/subscribers__rosidl_typesupport_introspection_cpp.hpp
[8.256s] -- Up-to-date symlink: /home/rosbot/dev_ws/install/rosapi_msgs/include/rosapi_msgs/srv/topic_type__rosidl_typesupport_introspection_cpp.hpp
[8.256s] -- Up-to-date symlink: /home/rosbot/dev_ws/install/rosapi_msgs/include/rosapi_msgs/srv/topics__rosidl_typesupport_introspection_cpp.hpp
[8.257s] -- Up-to-date symlink: /home/rosbot/dev_ws/install/rosapi_msgs/include/rosapi_msgs/srv/topics_and_raw_types__rosidl_typesupport_introspection_cpp.hpp
[8.257s] -- Up-to-date symlink: /home/rosbot/dev_ws/install/rosapi_msgs/include/rosapi_msgs/srv/topics_for_type__rosidl_typesupport_introspection_cpp.hpp
[8.258s] -- Up-to-date symlink: /home/rosbot/dev_ws/install/rosapi_msgs/lib/librosapi_msgs__rosidl_typesupport_introspection_cpp.so
[8.259s] -- Up-to-date symlink: /home/rosbot/dev_ws/install/rosapi_msgs/include/rosapi_msgs/msg/rosidl_typesupport_fastrtps_c__visibility_control.h
[8.259s] -- Up-to-date symlink: /home/rosbot/dev_ws/install/rosapi_msgs/include/rosapi_msgs/msg/type_def__rosidl_typesupport_fastrtps_c.h
[8.260s] -- Up-to-date symlink: /home/rosbot/dev_ws/install/rosapi_msgs/include/rosapi_msgs/srv/delete_param__rosidl_typesupport_fastrtps_c.h
[8.261s] -- Up-to-date symlink: /home/rosbot/dev_ws/install/rosapi_msgs/include/rosapi_msgs/srv/get_action_servers__rosidl_typesupport_fastrtps_c.h
[8.261s] -- Up-to-date symlink: /home/rosbot/dev_ws/install/rosapi_msgs/include/rosapi_msgs/srv/get_param__rosidl_typesupport_fastrtps_c.h
[8.262s] -- Up-to-date symlink: /home/rosbot/dev_ws/install/rosapi_msgs/include/rosapi_msgs/srv/get_param_names__rosidl_typesupport_fastrtps_c.h
[8.263s] -- Up-to-date symlink: /home/rosbot/dev_ws/install/rosapi_msgs/include/rosapi_msgs/srv/get_ros_version__rosidl_typesupport_fastrtps_c.h
[8.263s] -- Up-to-date symlink: /home/rosbot/dev_ws/install/rosapi_msgs/include/rosapi_msgs/srv/get_time__rosidl_typesupport_fastrtps_c.h
[8.264s] -- Up-to-date symlink: /home/rosbot/dev_ws/install/rosapi_msgs/include/rosapi_msgs/srv/has_param__rosidl_typesupport_fastrtps_c.h
[8.272s] -- Up-to-date symlink: /home/rosbot/dev_ws/install/rosapi_msgs/include/rosapi_msgs/srv/message_details__rosidl_typesupport_fastrtps_c.h
[8.273s] -- Up-to-date symlink: /home/rosbot/dev_ws/install/rosapi_msgs/include/rosapi_msgs/srv/node_details__rosidl_typesupport_fastrtps_c.h
[8.273s] -- Up-to-date symlink: /home/rosbot/dev_ws/install/rosapi_msgs/include/rosapi_msgs/srv/nodes__rosidl_typesupport_fastrtps_c.h
[8.274s] -- Up-to-date symlink: /home/rosbot/dev_ws/install/rosapi_msgs/include/rosapi_msgs/srv/publishers__rosidl_typesupport_fastrtps_c.h
[8.274s] -- Up-to-date symlink: /home/rosbot/dev_ws/install/rosapi_msgs/include/rosapi_msgs/srv/service_node__rosidl_typesupport_fastrtps_c.h
[8.275s] -- Up-to-date symlink: /home/rosbot/dev_ws/install/rosapi_msgs/include/rosapi_msgs/srv/service_providers__rosidl_typesupport_fastrtps_c.h
[8.276s] -- Up-to-date symlink: /home/rosbot/dev_ws/install/rosapi_msgs/include/rosapi_msgs/srv/service_request_details__rosidl_typesupport_fastrtps_c.h
[8.276s] -- Up-to-date symlink: /home/rosbot/dev_ws/install/rosapi_msgs/include/rosapi_msgs/srv/service_response_details__rosidl_typesupport_fastrtps_c.h
[8.277s] -- Up-to-date symlink: /home/rosbot/dev_ws/install/rosapi_msgs/include/rosapi_msgs/srv/service_type__rosidl_typesupport_fastrtps_c.h
[8.277s] -- Up-to-date symlink: /home/rosbot/dev_ws/install/rosapi_msgs/include/rosapi_msgs/srv/services__rosidl_typesupport_fastrtps_c.h
[8.278s] -- Up-to-date symlink: /home/rosbot/dev_ws/install/rosapi_msgs/include/rosapi_msgs/srv/services_for_type__rosidl_typesupport_fastrtps_c.h
[8.279s] -- Up-to-date symlink: /home/rosbot/dev_ws/install/rosapi_msgs/include/rosapi_msgs/srv/set_param__rosidl_typesupport_fastrtps_c.h
[8.279s] -- Up-to-date symlink: /home/rosbot/dev_ws/install/rosapi_msgs/include/rosapi_msgs/srv/subscribers__rosidl_typesupport_fastrtps_c.h
[8.280s] -- Up-to-date symlink: /home/rosbot/dev_ws/install/rosapi_msgs/include/rosapi_msgs/srv/topic_type__rosidl_typesupport_fastrtps_c.h
[8.280s] -- Up-to-date symlink: /home/rosbot/dev_ws/install/rosapi_msgs/include/rosapi_msgs/srv/topics__rosidl_typesupport_fastrtps_c.h
[8.281s] -- Up-to-date symlink: /home/rosbot/dev_ws/install/rosapi_msgs/include/rosapi_msgs/srv/topics_and_raw_types__rosidl_typesupport_fastrtps_c.h
[8.282s] -- Up-to-date symlink: /home/rosbot/dev_ws/install/rosapi_msgs/include/rosapi_msgs/srv/topics_for_type__rosidl_typesupport_fastrtps_c.h
[8.282s] -- Up-to-date symlink: /home/rosbot/dev_ws/install/rosapi_msgs/lib/librosapi_msgs__rosidl_typesupport_fastrtps_c.so
[8.283s] -- Up-to-date symlink: /home/rosbot/dev_ws/install/rosapi_msgs/include/rosapi_msgs/msg/rosidl_typesupport_fastrtps_cpp__visibility_control.h
[8.283s] -- Up-to-date symlink: /home/rosbot/dev_ws/install/rosapi_msgs/include/rosapi_msgs/msg/type_def__rosidl_typesupport_fastrtps_cpp.hpp
[8.288s] -- Up-to-date symlink: /home/rosbot/dev_ws/install/rosapi_msgs/include/rosapi_msgs/srv/delete_param__rosidl_typesupport_fastrtps_cpp.hpp
[8.289s] -- Up-to-date symlink: /home/rosbot/dev_ws/install/rosapi_msgs/include/rosapi_msgs/srv/get_action_servers__rosidl_typesupport_fastrtps_cpp.hpp
[8.290s] -- Up-to-date symlink: /home/rosbot/dev_ws/install/rosapi_msgs/include/rosapi_msgs/srv/get_param__rosidl_typesupport_fastrtps_cpp.hpp
[8.291s] -- Up-to-date symlink: /home/rosbot/dev_ws/install/rosapi_msgs/include/rosapi_msgs/srv/get_param_names__rosidl_typesupport_fastrtps_cpp.hpp
[8.292s] -- Up-to-date symlink: /home/rosbot/dev_ws/install/rosapi_msgs/include/rosapi_msgs/srv/get_ros_version__rosidl_typesupport_fastrtps_cpp.hpp
[8.293s] -- Up-to-date symlink: /home/rosbot/dev_ws/install/rosapi_msgs/include/rosapi_msgs/srv/get_time__rosidl_typesupport_fastrtps_cpp.hpp
[8.294s] -- Up-to-date symlink: /home/rosbot/dev_ws/install/rosapi_msgs/include/rosapi_msgs/srv/has_param__rosidl_typesupport_fastrtps_cpp.hpp
[8.295s] -- Up-to-date symlink: /home/rosbot/dev_ws/install/rosapi_msgs/include/rosapi_msgs/srv/message_details__rosidl_typesupport_fastrtps_cpp.hpp
[8.295s] -- Up-to-date symlink: /home/rosbot/dev_ws/install/rosapi_msgs/include/rosapi_msgs/srv/node_details__rosidl_typesupport_fastrtps_cpp.hpp
[8.296s] -- Up-to-date symlink: /home/rosbot/dev_ws/install/rosapi_msgs/include/rosapi_msgs/srv/nodes__rosidl_typesupport_fastrtps_cpp.hpp
[8.297s] -- Up-to-date symlink: /home/rosbot/dev_ws/install/rosapi_msgs/include/rosapi_msgs/srv/publishers__rosidl_typesupport_fastrtps_cpp.hpp
[8.298s] -- Up-to-date symlink: /home/rosbot/dev_ws/install/rosapi_msgs/include/rosapi_msgs/srv/service_node__rosidl_typesupport_fastrtps_cpp.hpp
[8.299s] -- Up-to-date symlink: /home/rosbot/dev_ws/install/rosapi_msgs/include/rosapi_msgs/srv/service_providers__rosidl_typesupport_fastrtps_cpp.hpp
[8.300s] -- Up-to-date symlink: /home/rosbot/dev_ws/install/rosapi_msgs/include/rosapi_msgs/srv/service_request_details__rosidl_typesupport_fastrtps_cpp.hpp
[8.301s] -- Up-to-date symlink: /home/rosbot/dev_ws/install/rosapi_msgs/include/rosapi_msgs/srv/service_response_details__rosidl_typesupport_fastrtps_cpp.hpp
[8.302s] -- Up-to-date symlink: /home/rosbot/dev_ws/install/rosapi_msgs/include/rosapi_msgs/srv/service_type__rosidl_typesupport_fastrtps_cpp.hpp
[8.302s] -- Up-to-date symlink: /home/rosbot/dev_ws/install/rosapi_msgs/include/rosapi_msgs/srv/services__rosidl_typesupport_fastrtps_cpp.hpp
[8.303s] -- Up-to-date symlink: /home/rosbot/dev_ws/install/rosapi_msgs/include/rosapi_msgs/srv/services_for_type__rosidl_typesupport_fastrtps_cpp.hpp
[8.304s] -- Up-to-date symlink: /home/rosbot/dev_ws/install/rosapi_msgs/include/rosapi_msgs/srv/set_param__rosidl_typesupport_fastrtps_cpp.hpp
[8.305s] -- Up-to-date symlink: /home/rosbot/dev_ws/install/rosapi_msgs/include/rosapi_msgs/srv/subscribers__rosidl_typesupport_fastrtps_cpp.hpp
[8.305s] -- Up-to-date symlink: /home/rosbot/dev_ws/install/rosapi_msgs/include/rosapi_msgs/srv/topic_type__rosidl_typesupport_fastrtps_cpp.hpp
[8.306s] -- Up-to-date symlink: /home/rosbot/dev_ws/install/rosapi_msgs/include/rosapi_msgs/srv/topics__rosidl_typesupport_fastrtps_cpp.hpp
[8.307s] -- Up-to-date symlink: /home/rosbot/dev_ws/install/rosapi_msgs/include/rosapi_msgs/srv/topics_and_raw_types__rosidl_typesupport_fastrtps_cpp.hpp
[8.308s] -- Up-to-date symlink: /home/rosbot/dev_ws/install/rosapi_msgs/include/rosapi_msgs/srv/topics_for_type__rosidl_typesupport_fastrtps_cpp.hpp
[8.308s] -- Up-to-date symlink: /home/rosbot/dev_ws/install/rosapi_msgs/lib/librosapi_msgs__rosidl_typesupport_fastrtps_cpp.so
[8.309s] -- Up-to-date symlink: /home/rosbot/dev_ws/install/rosapi_msgs/share/rosapi_msgs/environment/pythonpath.sh
[8.310s] -- Up-to-date symlink: /home/rosbot/dev_ws/install/rosapi_msgs/share/rosapi_msgs/environment/pythonpath.dsv
[8.311s] -- Up-to-date symlink: /home/rosbot/dev_ws/install/rosapi_msgs/lib/python3.6/site-packages/rosapi_msgs/__init__.py
[8.311s] -- Up-to-date symlink: /home/rosbot/dev_ws/install/rosapi_msgs/lib/python3.6/site-packages/rosapi_msgs/msg/__init__.py
[8.312s] -- Up-to-date symlink: /home/rosbot/dev_ws/install/rosapi_msgs/lib/python3.6/site-packages/rosapi_msgs/msg/_type_def.py
[8.313s] -- Up-to-date symlink: /home/rosbot/dev_ws/install/rosapi_msgs/lib/python3.6/site-packages/rosapi_msgs/srv/__init__.py
[8.314s] -- Up-to-date symlink: /home/rosbot/dev_ws/install/rosapi_msgs/lib/python3.6/site-packages/rosapi_msgs/srv/_delete_param.py
[8.314s] -- Up-to-date symlink: /home/rosbot/dev_ws/install/rosapi_msgs/lib/python3.6/site-packages/rosapi_msgs/srv/_get_action_servers.py
[8.315s] -- Up-to-date symlink: /home/rosbot/dev_ws/install/rosapi_msgs/lib/python3.6/site-packages/rosapi_msgs/srv/_get_param.py
[8.316s] -- Up-to-date symlink: /home/rosbot/dev_ws/install/rosapi_msgs/lib/python3.6/site-packages/rosapi_msgs/srv/_get_param_names.py
[8.317s] -- Up-to-date symlink: /home/rosbot/dev_ws/install/rosapi_msgs/lib/python3.6/site-packages/rosapi_msgs/srv/_get_ros_version.py
[8.318s] -- Up-to-date symlink: /home/rosbot/dev_ws/install/rosapi_msgs/lib/python3.6/site-packages/rosapi_msgs/srv/_get_time.py
[8.319s] -- Up-to-date symlink: /home/rosbot/dev_ws/install/rosapi_msgs/lib/python3.6/site-packages/rosapi_msgs/srv/_has_param.py
[8.319s] -- Up-to-date symlink: /home/rosbot/dev_ws/install/rosapi_msgs/lib/python3.6/site-packages/rosapi_msgs/srv/_message_details.py
[8.320s] -- Up-to-date symlink: /home/rosbot/dev_ws/install/rosapi_msgs/lib/python3.6/site-packages/rosapi_msgs/srv/_node_details.py
[8.321s] -- Up-to-date symlink: /home/rosbot/dev_ws/install/rosapi_msgs/lib/python3.6/site-packages/rosapi_msgs/srv/_nodes.py
[8.322s] -- Up-to-date symlink: /home/rosbot/dev_ws/install/rosapi_msgs/lib/python3.6/site-packages/rosapi_msgs/srv/_publishers.py
[8.322s] -- Up-to-date symlink: /home/rosbot/dev_ws/install/rosapi_msgs/lib/python3.6/site-packages/rosapi_msgs/srv/_service_node.py
[8.323s] -- Up-to-date symlink: /home/rosbot/dev_ws/install/rosapi_msgs/lib/python3.6/site-packages/rosapi_msgs/srv/_service_providers.py
[8.324s] -- Up-to-date symlink: /home/rosbot/dev_ws/install/rosapi_msgs/lib/python3.6/site-packages/rosapi_msgs/srv/_service_request_details.py
[8.324s] -- Up-to-date symlink: /home/rosbot/dev_ws/install/rosapi_msgs/lib/python3.6/site-packages/rosapi_msgs/srv/_service_response_details.py
[8.325s] -- Up-to-date symlink: /home/rosbot/dev_ws/install/rosapi_msgs/lib/python3.6/site-packages/rosapi_msgs/srv/_service_type.py
[8.326s] -- Up-to-date symlink: /home/rosbot/dev_ws/install/rosapi_msgs/lib/python3.6/site-packages/rosapi_msgs/srv/_services.py
[8.327s] -- Up-to-date symlink: /home/rosbot/dev_ws/install/rosapi_msgs/lib/python3.6/site-packages/rosapi_msgs/srv/_services_for_type.py
[8.327s] -- Up-to-date symlink: /home/rosbot/dev_ws/install/rosapi_msgs/lib/python3.6/site-packages/rosapi_msgs/srv/_set_param.py
[8.328s] -- Up-to-date symlink: /home/rosbot/dev_ws/install/rosapi_msgs/lib/python3.6/site-packages/rosapi_msgs/srv/_subscribers.py
[8.329s] -- Up-to-date symlink: /home/rosbot/dev_ws/install/rosapi_msgs/lib/python3.6/site-packages/rosapi_msgs/srv/_topic_type.py
[8.330s] -- Up-to-date symlink: /home/rosbot/dev_ws/install/rosapi_msgs/lib/python3.6/site-packages/rosapi_msgs/srv/_topics.py
[8.330s] -- Up-to-date symlink: /home/rosbot/dev_ws/install/rosapi_msgs/lib/python3.6/site-packages/rosapi_msgs/srv/_topics_and_raw_types.py
[8.331s] -- Up-to-date symlink: /home/rosbot/dev_ws/install/rosapi_msgs/lib/python3.6/site-packages/rosapi_msgs/srv/_topics_for_type.py
[8.332s] -- Up-to-date symlink: /home/rosbot/dev_ws/install/rosapi_msgs/lib/python3.6/site-packages/rosapi_msgs/rosapi_msgs_s__rosidl_typesupport_c.cpython-36m-aarch64-linux-gnu.so
[8.333s] -- Up-to-date symlink: /home/rosbot/dev_ws/install/rosapi_msgs/lib/python3.6/site-packages/rosapi_msgs/rosapi_msgs_s__rosidl_typesupport_fastrtps_c.cpython-36m-aarch64-linux-gnu.so
[8.333s] -- Up-to-date symlink: /home/rosbot/dev_ws/install/rosapi_msgs/lib/librosapi_msgs__python.so
[8.334s] -- Up-to-date symlink: /home/rosbot/dev_ws/install/rosapi_msgs/share/rosapi_msgs/msg/TypeDef.idl
[8.335s] -- Up-to-date symlink: /home/rosbot/dev_ws/install/rosapi_msgs/share/rosapi_msgs/srv/DeleteParam.idl
[8.335s] -- Up-to-date symlink: /home/rosbot/dev_ws/install/rosapi_msgs/share/rosapi_msgs/srv/GetActionServers.idl
[8.336s] -- Up-to-date symlink: /home/rosbot/dev_ws/install/rosapi_msgs/share/rosapi_msgs/srv/GetParam.idl
[8.337s] -- Up-to-date symlink: /home/rosbot/dev_ws/install/rosapi_msgs/share/rosapi_msgs/srv/GetParamNames.idl
[8.338s] -- Up-to-date symlink: /home/rosbot/dev_ws/install/rosapi_msgs/share/rosapi_msgs/srv/GetROSVersion.idl
[8.338s] -- Up-to-date symlink: /home/rosbot/dev_ws/install/rosapi_msgs/share/rosapi_msgs/srv/GetTime.idl
[8.339s] -- Up-to-date symlink: /home/rosbot/dev_ws/install/rosapi_msgs/share/rosapi_msgs/srv/HasParam.idl
[8.340s] -- Up-to-date symlink: /home/rosbot/dev_ws/install/rosapi_msgs/share/rosapi_msgs/srv/MessageDetails.idl
[8.341s] -- Up-to-date symlink: /home/rosbot/dev_ws/install/rosapi_msgs/share/rosapi_msgs/srv/Nodes.idl
[8.341s] -- Up-to-date symlink: /home/rosbot/dev_ws/install/rosapi_msgs/share/rosapi_msgs/srv/NodeDetails.idl
[8.342s] -- Up-to-date symlink: /home/rosbot/dev_ws/install/rosapi_msgs/share/rosapi_msgs/srv/Publishers.idl
[8.343s] -- Up-to-date symlink: /home/rosbot/dev_ws/install/rosapi_msgs/share/rosapi_msgs/srv/ServiceNode.idl
[8.343s] -- Up-to-date symlink: /home/rosbot/dev_ws/install/rosapi_msgs/share/rosapi_msgs/srv/ServiceProviders.idl
[8.344s] -- Up-to-date symlink: /home/rosbot/dev_ws/install/rosapi_msgs/share/rosapi_msgs/srv/ServiceRequestDetails.idl
[8.345s] -- Up-to-date symlink: /home/rosbot/dev_ws/install/rosapi_msgs/share/rosapi_msgs/srv/ServiceResponseDetails.idl
[8.346s] -- Up-to-date symlink: /home/rosbot/dev_ws/install/rosapi_msgs/share/rosapi_msgs/srv/Services.idl
[8.346s] -- Up-to-date symlink: /home/rosbot/dev_ws/install/rosapi_msgs/share/rosapi_msgs/srv/ServicesForType.idl
[8.347s] -- Up-to-date symlink: /home/rosbot/dev_ws/install/rosapi_msgs/share/rosapi_msgs/srv/ServiceType.idl
[8.348s] -- Up-to-date symlink: /home/rosbot/dev_ws/install/rosapi_msgs/share/rosapi_msgs/srv/SetParam.idl
[8.349s] -- Up-to-date symlink: /home/rosbot/dev_ws/install/rosapi_msgs/share/rosapi_msgs/srv/Subscribers.idl
[8.350s] -- Up-to-date symlink: /home/rosbot/dev_ws/install/rosapi_msgs/share/rosapi_msgs/srv/Topics.idl
[8.350s] -- Up-to-date symlink: /home/rosbot/dev_ws/install/rosapi_msgs/share/rosapi_msgs/srv/TopicsAndRawTypes.idl
[8.351s] -- Up-to-date symlink: /home/rosbot/dev_ws/install/rosapi_msgs/share/rosapi_msgs/srv/TopicsForType.idl
[8.352s] -- Up-to-date symlink: /home/rosbot/dev_ws/install/rosapi_msgs/share/rosapi_msgs/srv/TopicType.idl
[8.353s] -- Up-to-date symlink: /home/rosbot/dev_ws/install/rosapi_msgs/share/rosapi_msgs/msg/TypeDef.msg
[8.353s] -- Up-to-date symlink: /home/rosbot/dev_ws/install/rosapi_msgs/share/rosapi_msgs/srv/DeleteParam.srv
[8.354s] -- Up-to-date symlink: /home/rosbot/dev_ws/install/rosapi_msgs/share/rosapi_msgs/srv/DeleteParam_Request.msg
[8.355s] -- Up-to-date symlink: /home/rosbot/dev_ws/install/rosapi_msgs/share/rosapi_msgs/srv/DeleteParam_Response.msg
[8.355s] -- Up-to-date symlink: /home/rosbot/dev_ws/install/rosapi_msgs/share/rosapi_msgs/srv/GetActionServers.srv
[8.356s] -- Up-to-date symlink: /home/rosbot/dev_ws/install/rosapi_msgs/share/rosapi_msgs/srv/GetActionServers_Request.msg
[8.357s] -- Up-to-date symlink: /home/rosbot/dev_ws/install/rosapi_msgs/share/rosapi_msgs/srv/GetActionServers_Response.msg
[8.358s] -- Up-to-date symlink: /home/rosbot/dev_ws/install/rosapi_msgs/share/rosapi_msgs/srv/GetParam.srv
[8.358s] -- Up-to-date symlink: /home/rosbot/dev_ws/install/rosapi_msgs/share/rosapi_msgs/srv/GetParam_Request.msg
[8.359s] -- Up-to-date symlink: /home/rosbot/dev_ws/install/rosapi_msgs/share/rosapi_msgs/srv/GetParam_Response.msg
[8.360s] -- Up-to-date symlink: /home/rosbot/dev_ws/install/rosapi_msgs/share/rosapi_msgs/srv/GetParamNames.srv
[8.361s] -- Up-to-date symlink: /home/rosbot/dev_ws/install/rosapi_msgs/share/rosapi_msgs/srv/GetParamNames_Request.msg
[8.362s] -- Up-to-date symlink: /home/rosbot/dev_ws/install/rosapi_msgs/share/rosapi_msgs/srv/GetParamNames_Response.msg
[8.363s] -- Up-to-date symlink: /home/rosbot/dev_ws/install/rosapi_msgs/share/rosapi_msgs/srv/GetROSVersion.srv
[8.364s] -- Up-to-date symlink: /home/rosbot/dev_ws/install/rosapi_msgs/share/rosapi_msgs/srv/GetROSVersion_Request.msg
[8.365s] -- Up-to-date symlink: /home/rosbot/dev_ws/install/rosapi_msgs/share/rosapi_msgs/srv/GetROSVersion_Response.msg
[8.366s] -- Up-to-date symlink: /home/rosbot/dev_ws/install/rosapi_msgs/share/rosapi_msgs/srv/GetTime.srv
[8.367s] -- Up-to-date symlink: /home/rosbot/dev_ws/install/rosapi_msgs/share/rosapi_msgs/srv/GetTime_Request.msg
[8.368s] -- Up-to-date symlink: /home/rosbot/dev_ws/install/rosapi_msgs/share/rosapi_msgs/srv/GetTime_Response.msg
[8.368s] -- Up-to-date symlink: /home/rosbot/dev_ws/install/rosapi_msgs/share/rosapi_msgs/srv/HasParam.srv
[8.369s] -- Up-to-date symlink: /home/rosbot/dev_ws/install/rosapi_msgs/share/rosapi_msgs/srv/HasParam_Request.msg
[8.370s] -- Up-to-date symlink: /home/rosbot/dev_ws/install/rosapi_msgs/share/rosapi_msgs/srv/HasParam_Response.msg
[8.370s] -- Up-to-date symlink: /home/rosbot/dev_ws/install/rosapi_msgs/share/rosapi_msgs/srv/MessageDetails.srv
[8.371s] -- Up-to-date symlink: /home/rosbot/dev_ws/install/rosapi_msgs/share/rosapi_msgs/srv/MessageDetails_Request.msg
[8.373s] -- Up-to-date symlink: /home/rosbot/dev_ws/install/rosapi_msgs/share/rosapi_msgs/srv/MessageDetails_Response.msg
[8.375s] -- Up-to-date symlink: /home/rosbot/dev_ws/install/rosapi_msgs/share/rosapi_msgs/srv/Nodes.srv
[8.376s] -- Up-to-date symlink: /home/rosbot/dev_ws/install/rosapi_msgs/share/rosapi_msgs/srv/Nodes_Request.msg
[8.377s] -- Up-to-date symlink: /home/rosbot/dev_ws/install/rosapi_msgs/share/rosapi_msgs/srv/Nodes_Response.msg
[8.378s] -- Up-to-date symlink: /home/rosbot/dev_ws/install/rosapi_msgs/share/rosapi_msgs/srv/NodeDetails.srv
[8.378s] -- Up-to-date symlink: /home/rosbot/dev_ws/install/rosapi_msgs/share/rosapi_msgs/srv/NodeDetails_Request.msg
[8.379s] -- Up-to-date symlink: /home/rosbot/dev_ws/install/rosapi_msgs/share/rosapi_msgs/srv/NodeDetails_Response.msg
[8.380s] -- Up-to-date symlink: /home/rosbot/dev_ws/install/rosapi_msgs/share/rosapi_msgs/srv/Publishers.srv
[8.381s] -- Up-to-date symlink: /home/rosbot/dev_ws/install/rosapi_msgs/share/rosapi_msgs/srv/Publishers_Request.msg
[8.382s] -- Up-to-date symlink: /home/rosbot/dev_ws/install/rosapi_msgs/share/rosapi_msgs/srv/Publishers_Response.msg
[8.382s] -- Up-to-date symlink: /home/rosbot/dev_ws/install/rosapi_msgs/share/rosapi_msgs/srv/ServiceNode.srv
[8.384s] -- Up-to-date symlink: /home/rosbot/dev_ws/install/rosapi_msgs/share/rosapi_msgs/srv/ServiceNode_Request.msg
[8.384s] -- Up-to-date symlink: /home/rosbot/dev_ws/install/rosapi_msgs/share/rosapi_msgs/srv/ServiceNode_Response.msg
[8.385s] -- Up-to-date symlink: /home/rosbot/dev_ws/install/rosapi_msgs/share/rosapi_msgs/srv/ServiceProviders.srv
[8.386s] -- Up-to-date symlink: /home/rosbot/dev_ws/install/rosapi_msgs/share/rosapi_msgs/srv/ServiceProviders_Request.msg
[8.388s] -- Up-to-date symlink: /home/rosbot/dev_ws/install/rosapi_msgs/share/rosapi_msgs/srv/ServiceProviders_Response.msg
[8.389s] -- Up-to-date symlink: /home/rosbot/dev_ws/install/rosapi_msgs/share/rosapi_msgs/srv/ServiceRequestDetails.srv
[8.390s] -- Up-to-date symlink: /home/rosbot/dev_ws/install/rosapi_msgs/share/rosapi_msgs/srv/ServiceRequestDetails_Request.msg
[8.391s] -- Up-to-date symlink: /home/rosbot/dev_ws/install/rosapi_msgs/share/rosapi_msgs/srv/ServiceRequestDetails_Response.msg
[8.392s] -- Up-to-date symlink: /home/rosbot/dev_ws/install/rosapi_msgs/share/rosapi_msgs/srv/ServiceResponseDetails.srv
[8.393s] -- Up-to-date symlink: /home/rosbot/dev_ws/install/rosapi_msgs/share/rosapi_msgs/srv/ServiceResponseDetails_Request.msg
[8.395s] -- Up-to-date symlink: /home/rosbot/dev_ws/install/rosapi_msgs/share/rosapi_msgs/srv/ServiceResponseDetails_Response.msg
[8.396s] -- Up-to-date symlink: /home/rosbot/dev_ws/install/rosapi_msgs/share/rosapi_msgs/srv/Services.srv
[8.397s] -- Up-to-date symlink: /home/rosbot/dev_ws/install/rosapi_msgs/share/rosapi_msgs/srv/Services_Request.msg
[8.399s] -- Up-to-date symlink: /home/rosbot/dev_ws/install/rosapi_msgs/share/rosapi_msgs/srv/Services_Response.msg
[8.400s] -- Up-to-date symlink: /home/rosbot/dev_ws/install/rosapi_msgs/share/rosapi_msgs/srv/ServicesForType.srv
[8.401s] -- Up-to-date symlink: /home/rosbot/dev_ws/install/rosapi_msgs/share/rosapi_msgs/srv/ServicesForType_Request.msg
[8.402s] -- Up-to-date symlink: /home/rosbot/dev_ws/install/rosapi_msgs/share/rosapi_msgs/srv/ServicesForType_Response.msg
[8.402s] -- Up-to-date symlink: /home/rosbot/dev_ws/install/rosapi_msgs/share/rosapi_msgs/srv/ServiceType.srv
[8.403s] -- Up-to-date symlink: /home/rosbot/dev_ws/install/rosapi_msgs/share/rosapi_msgs/srv/ServiceType_Request.msg
[8.404s] -- Up-to-date symlink: /home/rosbot/dev_ws/install/rosapi_msgs/share/rosapi_msgs/srv/ServiceType_Response.msg
[8.405s] -- Up-to-date symlink: /home/rosbot/dev_ws/install/rosapi_msgs/share/rosapi_msgs/srv/SetParam.srv
[8.406s] -- Up-to-date symlink: /home/rosbot/dev_ws/install/rosapi_msgs/share/rosapi_msgs/srv/SetParam_Request.msg
[8.406s] -- Up-to-date symlink: /home/rosbot/dev_ws/install/rosapi_msgs/share/rosapi_msgs/srv/SetParam_Response.msg
[8.409s] -- Up-to-date symlink: /home/rosbot/dev_ws/install/rosapi_msgs/share/rosapi_msgs/srv/Subscribers.srv
[8.409s] -- Up-to-date symlink: /home/rosbot/dev_ws/install/rosapi_msgs/share/rosapi_msgs/srv/Subscribers_Request.msg
[8.410s] -- Up-to-date symlink: /home/rosbot/dev_ws/install/rosapi_msgs/share/rosapi_msgs/srv/Subscribers_Response.msg
[8.411s] -- Up-to-date symlink: /home/rosbot/dev_ws/install/rosapi_msgs/share/rosapi_msgs/srv/Topics.srv
[8.412s] -- Up-to-date symlink: /home/rosbot/dev_ws/install/rosapi_msgs/share/rosapi_msgs/srv/Topics_Request.msg
[8.412s] -- Up-to-date symlink: /home/rosbot/dev_ws/install/rosapi_msgs/share/rosapi_msgs/srv/Topics_Response.msg
[8.413s] -- Up-to-date symlink: /home/rosbot/dev_ws/install/rosapi_msgs/share/rosapi_msgs/srv/TopicsAndRawTypes.srv
[8.418s] -- Up-to-date symlink: /home/rosbot/dev_ws/install/rosapi_msgs/share/rosapi_msgs/srv/TopicsAndRawTypes_Request.msg
[8.419s] -- Up-to-date symlink: /home/rosbot/dev_ws/install/rosapi_msgs/share/rosapi_msgs/srv/TopicsAndRawTypes_Response.msg
[8.421s] -- Up-to-date symlink: /home/rosbot/dev_ws/install/rosapi_msgs/share/rosapi_msgs/srv/TopicsForType.srv
[8.434s] -- Up-to-date symlink: /home/rosbot/dev_ws/install/rosapi_msgs/share/rosapi_msgs/srv/TopicsForType_Request.msg
[8.435s] -- Up-to-date symlink: /home/rosbot/dev_ws/install/rosapi_msgs/share/rosapi_msgs/srv/TopicsForType_Response.msg
[8.435s] -- Up-to-date symlink: /home/rosbot/dev_ws/install/rosapi_msgs/share/rosapi_msgs/srv/TopicType.srv
[8.437s] -- Up-to-date symlink: /home/rosbot/dev_ws/install/rosapi_msgs/share/rosapi_msgs/srv/TopicType_Request.msg
[8.438s] -- Up-to-date symlink: /home/rosbot/dev_ws/install/rosapi_msgs/share/rosapi_msgs/srv/TopicType_Response.msg
[8.438s] -- Up-to-date symlink: /home/rosbot/dev_ws/install/rosapi_msgs/share/ament_index/resource_index/package_run_dependencies/rosapi_msgs
[8.439s] -- Up-to-date symlink: /home/rosbot/dev_ws/install/rosapi_msgs/share/ament_index/resource_index/parent_prefix_path/rosapi_msgs
[8.440s] -- Up-to-date symlink: /home/rosbot/dev_ws/install/rosapi_msgs/share/rosapi_msgs/environment/ament_prefix_path.sh
[8.446s] -- Up-to-date symlink: /home/rosbot/dev_ws/install/rosapi_msgs/share/rosapi_msgs/environment/ament_prefix_path.dsv
[8.452s] -- Up-to-date symlink: /home/rosbot/dev_ws/install/rosapi_msgs/share/rosapi_msgs/environment/path.sh
[8.453s] -- Up-to-date symlink: /home/rosbot/dev_ws/install/rosapi_msgs/share/rosapi_msgs/environment/path.dsv
[8.459s] -- Up-to-date symlink: /home/rosbot/dev_ws/install/rosapi_msgs/share/rosapi_msgs/local_setup.bash
[8.460s] -- Up-to-date symlink: /home/rosbot/dev_ws/install/rosapi_msgs/share/rosapi_msgs/local_setup.sh
[8.461s] -- Up-to-date symlink: /home/rosbot/dev_ws/install/rosapi_msgs/share/rosapi_msgs/local_setup.zsh
[8.461s] -- Up-to-date symlink: /home/rosbot/dev_ws/install/rosapi_msgs/share/rosapi_msgs/local_setup.dsv
[8.483s] -- Symlinking: /home/rosbot/dev_ws/install/rosapi_msgs/share/rosapi_msgs/package.dsv
[8.505s] -- Up-to-date symlink: /home/rosbot/dev_ws/install/rosapi_msgs/share/ament_index/resource_index/packages/rosapi_msgs
[8.537s] -- Up-to-date symlink: /home/rosbot/dev_ws/install/rosapi_msgs/share/rosapi_msgs/cmake/rosidl_cmake-extras.cmake
[8.554s] -- Up-to-date symlink: /home/rosbot/dev_ws/install/rosapi_msgs/share/rosapi_msgs/cmake/ament_cmake_export_dependencies-extras.cmake
[8.556s] -- Up-to-date symlink: /home/rosbot/dev_ws/install/rosapi_msgs/share/rosapi_msgs/cmake/ament_cmake_export_include_directories-extras.cmake
[8.557s] -- Up-to-date symlink: /home/rosbot/dev_ws/install/rosapi_msgs/share/rosapi_msgs/cmake/ament_cmake_export_libraries-extras.cmake
[8.558s] -- Up-to-date symlink: /home/rosbot/dev_ws/install/rosapi_msgs/share/rosapi_msgs/cmake/rosapi_msgsConfig.cmake
[8.559s] -- Up-to-date symlink: /home/rosbot/dev_ws/install/rosapi_msgs/share/rosapi_msgs/cmake/rosapi_msgsConfig-version.cmake
[8.559s] -- Up-to-date symlink: /home/rosbot/dev_ws/install/rosapi_msgs/share/rosapi_msgs/package.xml
[8.575s] Invoked command in '/home/rosbot/dev_ws/build/rosapi_msgs' returned '0': CMAKE_PREFIX_PATH=/opt/ros/eloquent /usr/bin/cmake --build /home/rosbot/dev_ws/build/rosapi_msgs --target install -- -j4 -l4
