[7.633s] Invoking command in '/home/rosbot/dev_ws/build/my_package': PYTHONPATH=/home/rosbot/dev_ws/install/my_package/lib/python3.6/site-packages:${PYTHONPATH} /usr/bin/python3 setup.py develop --prefix /home/rosbot/dev_ws/install/my_package --editable --build-directory /home/rosbot/dev_ws/build/my_package/build --no-deps install_data --install-dir /home/rosbot/dev_ws/install/my_package
[8.954s] /home/rosbot/.local/lib/python3.6/site-packages/setuptools/dist.py:726: UserWarning: Usage of dash-separated 'script-dir' will not be supported in future versions. Please use the underscore name 'script_dir' instead
[8.955s]   % (opt, underscore_opt)
[8.956s] /home/rosbot/.local/lib/python3.6/site-packages/setuptools/dist.py:726: UserWarning: Usage of dash-separated 'install-scripts' will not be supported in future versions. Please use the underscore name 'install_scripts' instead
[8.957s]   % (opt, underscore_opt)
[9.219s] running develop
[9.220s] /home/rosbot/.local/lib/python3.6/site-packages/setuptools/command/easy_install.py:159: EasyInstallDeprecationWarning: easy_install command is deprecated. Use build and pip and other standards-based tools.
[9.221s]   EasyInstallDeprecationWarning,
[9.225s] /home/rosbot/.local/lib/python3.6/site-packages/setuptools/command/install.py:37: SetuptoolsDeprecationWarning: setup.py install is deprecated. Use build and pip and other standards-based tools.
[9.227s]   setuptools.SetuptoolsDeprecationWarning,
[9.488s] /home/rosbot/.local/lib/python3.6/site-packages/pkg_resources/__init__.py:119: PkgResourcesDeprecationWarning: 0.18ubuntu0.18.04.1 is an invalid version and will not be supported in a future release
[9.489s]   PkgResourcesDeprecationWarning,
[9.959s] running egg_info
[9.961s] writing my_package.egg-info/PKG-INFO
[9.962s] writing dependency_links to my_package.egg-info/dependency_links.txt
[9.963s] writing entry points to my_package.egg-info/entry_points.txt
[9.965s] writing requirements to my_package.egg-info/requires.txt
[9.966s] writing top-level names to my_package.egg-info/top_level.txt
[9.975s] reading manifest file 'my_package.egg-info/SOURCES.txt'
[10.007s] writing manifest file 'my_package.egg-info/SOURCES.txt'
[10.010s] running build_ext
[10.011s] Creating /home/rosbot/dev_ws/install/my_package/lib/python3.6/site-packages/my-package.egg-link (link to .)
[10.014s] Installing my_node script to /home/rosbot/dev_ws/install/my_package/lib/my_package
[10.022s] 
[10.029s] Installed /home/rosbot/dev_ws/build/my_package
[10.030s] running install_data
[10.480s] Invoked command in '/home/rosbot/dev_ws/build/my_package' returned '0': PYTHONPATH=/home/rosbot/dev_ws/install/my_package/lib/python3.6/site-packages:${PYTHONPATH} /usr/bin/python3 setup.py develop --prefix /home/rosbot/dev_ws/install/my_package --editable --build-directory /home/rosbot/dev_ws/build/my_package/build --no-deps install_data --install-dir /home/rosbot/dev_ws/install/my_package
