[3.653s] Invoking command in '/home/rosbot/dev_ws/build/base': PYTHONPATH=/home/rosbot/dev_ws/install/base/lib/python3.6/site-packages:${PYTHONPATH} /usr/bin/python3 setup.py develop --prefix /home/rosbot/dev_ws/install/base --uninstall --editable --build-directory /home/rosbot/dev_ws/build/base/build
[4.888s] /home/rosbot/.local/lib/python3.6/site-packages/setuptools/dist.py:726: UserWarning: Usage of dash-separated 'script-dir' will not be supported in future versions. Please use the underscore name 'script_dir' instead
[4.889s]   % (opt, underscore_opt)
[4.890s] /home/rosbot/.local/lib/python3.6/site-packages/setuptools/dist.py:726: UserWarning: Usage of dash-separated 'install-scripts' will not be supported in future versions. Please use the underscore name 'install_scripts' instead
[4.891s]   % (opt, underscore_opt)
[5.138s] running develop
[5.139s] /home/rosbot/.local/lib/python3.6/site-packages/setuptools/command/easy_install.py:159: EasyInstallDeprecationWarning: easy_install command is deprecated. Use build and pip and other standards-based tools.
[5.139s]   EasyInstallDeprecationWarning,
[5.144s] /home/rosbot/.local/lib/python3.6/site-packages/setuptools/command/install.py:37: SetuptoolsDeprecationWarning: setup.py install is deprecated. Use build and pip and other standards-based tools.
[5.144s]   setuptools.SetuptoolsDeprecationWarning,
[5.385s] /home/rosbot/.local/lib/python3.6/site-packages/pkg_resources/__init__.py:119: PkgResourcesDeprecationWarning: 0.18ubuntu0.18.04.1 is an invalid version and will not be supported in a future release
[5.385s]   PkgResourcesDeprecationWarning,
[5.949s] Invoked command in '/home/rosbot/dev_ws/build/base' returned '0': PYTHONPATH=/home/rosbot/dev_ws/install/base/lib/python3.6/site-packages:${PYTHONPATH} /usr/bin/python3 setup.py develop --prefix /home/rosbot/dev_ws/install/base --uninstall --editable --build-directory /home/rosbot/dev_ws/build/base/build
[5.957s] Invoking command in '/home/rosbot/dev_ws/src/base': PYTHONPATH=/home/rosbot/dev_ws/install/base/lib/python3.6/site-packages:${PYTHONPATH} /usr/bin/python3 setup.py egg_info --egg-base ../../build/base build --build-base /home/rosbot/dev_ws/build/base/build install --prefix /home/rosbot/dev_ws/install/base --record /home/rosbot/dev_ws/build/base/install.log --single-version-externally-managed
[7.169s] /home/rosbot/.local/lib/python3.6/site-packages/setuptools/dist.py:726: UserWarning: Usage of dash-separated 'script-dir' will not be supported in future versions. Please use the underscore name 'script_dir' instead
[7.170s]   % (opt, underscore_opt)
[7.171s] /home/rosbot/.local/lib/python3.6/site-packages/setuptools/dist.py:726: UserWarning: Usage of dash-separated 'install-scripts' will not be supported in future versions. Please use the underscore name 'install_scripts' instead
[7.172s]   % (opt, underscore_opt)
[7.338s] running egg_info
[7.341s] writing ../../build/base/base.egg-info/PKG-INFO
[7.343s] writing dependency_links to ../../build/base/base.egg-info/dependency_links.txt
[7.344s] writing entry points to ../../build/base/base.egg-info/entry_points.txt
[7.345s] writing requirements to ../../build/base/base.egg-info/requires.txt
[7.346s] writing top-level names to ../../build/base/base.egg-info/top_level.txt
[7.353s] reading manifest file '../../build/base/base.egg-info/SOURCES.txt'
[7.359s] writing manifest file '../../build/base/base.egg-info/SOURCES.txt'
[7.359s] running build
[7.360s] running build_py
[7.361s] running install
[7.362s] /home/rosbot/.local/lib/python3.6/site-packages/setuptools/command/install.py:37: SetuptoolsDeprecationWarning: setup.py install is deprecated. Use build and pip and other standards-based tools.
[7.363s]   setuptools.SetuptoolsDeprecationWarning,
[7.364s] running install_lib
[7.368s] running install_data
[7.370s] copying package.xml -> /home/rosbot/dev_ws/install/base/share/base
[7.371s] running install_egg_info
[7.378s] removing '/home/rosbot/dev_ws/install/base/lib/python3.6/site-packages/base-0.0.0-py3.6.egg-info' (and everything under it)
[7.379s] Copying ../../build/base/base.egg-info to /home/rosbot/dev_ws/install/base/lib/python3.6/site-packages/base-0.0.0-py3.6.egg-info
[7.383s] running install_scripts
[7.465s] Installing drivetrain script to /home/rosbot/dev_ws/install/base/lib/base
[7.466s] Installing pca script to /home/rosbot/dev_ws/install/base/lib/base
[7.467s] Installing tester script to /home/rosbot/dev_ws/install/base/lib/base
[7.469s] writing list of installed files to '/home/rosbot/dev_ws/build/base/install.log'
[7.576s] Invoked command in '/home/rosbot/dev_ws/src/base' returned '0': PYTHONPATH=/home/rosbot/dev_ws/install/base/lib/python3.6/site-packages:${PYTHONPATH} /usr/bin/python3 setup.py egg_info --egg-base ../../build/base build --build-base /home/rosbot/dev_ws/build/base/build install --prefix /home/rosbot/dev_ws/install/base --record /home/rosbot/dev_ws/build/base/install.log --single-version-externally-managed
