[0.156s] Invoking command in '/home/rosbot/dev_ws/build/rosbridge_server': AMENT_PREFIX_PATH=/home/rosbot/dev_ws/install/rosapi:/home/rosbot/dev_ws/install/rosbridge_library:/home/rosbot/dev_ws/install/rosbridge_msgs:/home/rosbot/dev_ws/install/rosapi_msgs:${AMENT_PREFIX_PATH} CMAKE_PREFIX_PATH=/home/rosbot/dev_ws/install/rosapi:/home/rosbot/dev_ws/install/rosbridge_library:/home/rosbot/dev_ws/install/rosbridge_msgs:/home/rosbot/dev_ws/install/rosapi_msgs:/opt/ros/eloquent LD_LIBRARY_PATH=/home/rosbot/dev_ws/install/rosbridge_msgs/lib:/home/rosbot/dev_ws/install/rosapi_msgs/lib:${LD_LIBRARY_PATH} PYTHONPATH=/home/rosbot/dev_ws/install/rosapi/lib/python3.6/site-packages:/home/rosbot/dev_ws/install/rosbridge_library/lib/python3.6/site-packages:/home/rosbot/dev_ws/install/rosbridge_msgs/lib/python3.6/site-packages:/home/rosbot/dev_ws/install/rosapi_msgs/lib/python3.6/site-packages:${PYTHONPATH} /usr/bin/cmake --build /home/rosbot/dev_ws/build/rosbridge_server -- -j4 -l4
[0.310s] Invoked command in '/home/rosbot/dev_ws/build/rosbridge_server' returned '0': AMENT_PREFIX_PATH=/home/rosbot/dev_ws/install/rosapi:/home/rosbot/dev_ws/install/rosbridge_library:/home/rosbot/dev_ws/install/rosbridge_msgs:/home/rosbot/dev_ws/install/rosapi_msgs:${AMENT_PREFIX_PATH} CMAKE_PREFIX_PATH=/home/rosbot/dev_ws/install/rosapi:/home/rosbot/dev_ws/install/rosbridge_library:/home/rosbot/dev_ws/install/rosbridge_msgs:/home/rosbot/dev_ws/install/rosapi_msgs:/opt/ros/eloquent LD_LIBRARY_PATH=/home/rosbot/dev_ws/install/rosbridge_msgs/lib:/home/rosbot/dev_ws/install/rosapi_msgs/lib:${LD_LIBRARY_PATH} PYTHONPATH=/home/rosbot/dev_ws/install/rosapi/lib/python3.6/site-packages:/home/rosbot/dev_ws/install/rosbridge_library/lib/python3.6/site-packages:/home/rosbot/dev_ws/install/rosbridge_msgs/lib/python3.6/site-packages:/home/rosbot/dev_ws/install/rosapi_msgs/lib/python3.6/site-packages:${PYTHONPATH} /usr/bin/cmake --build /home/rosbot/dev_ws/build/rosbridge_server -- -j4 -l4
[0.393s] Invoking command in '/home/rosbot/dev_ws/build/rosbridge_server': AMENT_PREFIX_PATH=/home/rosbot/dev_ws/install/rosapi:/home/rosbot/dev_ws/install/rosbridge_library:/home/rosbot/dev_ws/install/rosbridge_msgs:/home/rosbot/dev_ws/install/rosapi_msgs:${AMENT_PREFIX_PATH} CMAKE_PREFIX_PATH=/home/rosbot/dev_ws/install/rosapi:/home/rosbot/dev_ws/install/rosbridge_library:/home/rosbot/dev_ws/install/rosbridge_msgs:/home/rosbot/dev_ws/install/rosapi_msgs:/opt/ros/eloquent LD_LIBRARY_PATH=/home/rosbot/dev_ws/install/rosbridge_msgs/lib:/home/rosbot/dev_ws/install/rosapi_msgs/lib:${LD_LIBRARY_PATH} PYTHONPATH=/home/rosbot/dev_ws/install/rosapi/lib/python3.6/site-packages:/home/rosbot/dev_ws/install/rosbridge_library/lib/python3.6/site-packages:/home/rosbot/dev_ws/install/rosbridge_msgs/lib/python3.6/site-packages:/home/rosbot/dev_ws/install/rosapi_msgs/lib/python3.6/site-packages:${PYTHONPATH} /usr/bin/cmake --build /home/rosbot/dev_ws/build/rosbridge_server --target install -- -j4 -l4
[0.570s] [36mInstall the project...[0m
[0.605s] -- Install configuration: ""
[0.608s] -- Execute custom install script
[0.609s] -- Up-to-date symlink: /home/rosbot/dev_ws/install/rosbridge_server/share/rosbridge_server/environment/pythonpath.sh
[0.610s] -- Up-to-date symlink: /home/rosbot/dev_ws/install/rosbridge_server/share/rosbridge_server/environment/pythonpath.dsv
[0.612s] -- Up-to-date symlink: /home/rosbot/dev_ws/install/rosbridge_server/lib/python3.6/site-packages/rosbridge_server/__init__.py
[0.613s] -- Up-to-date symlink: /home/rosbot/dev_ws/install/rosbridge_server/lib/python3.6/site-packages/rosbridge_server/client_mananger.py
[0.614s] -- Up-to-date symlink: /home/rosbot/dev_ws/install/rosbridge_server/lib/python3.6/site-packages/rosbridge_server/websocket_handler.py
[0.615s] -- Up-to-date symlink: /home/rosbot/dev_ws/install/rosbridge_server/share/ament_index/resource_index/package_run_dependencies/rosbridge_server
[0.616s] -- Up-to-date symlink: /home/rosbot/dev_ws/install/rosbridge_server/share/ament_index/resource_index/parent_prefix_path/rosbridge_server
[0.618s] -- Up-to-date symlink: /home/rosbot/dev_ws/install/rosbridge_server/share/rosbridge_server/environment/ament_prefix_path.sh
[0.619s] -- Up-to-date symlink: /home/rosbot/dev_ws/install/rosbridge_server/share/rosbridge_server/environment/ament_prefix_path.dsv
[0.620s] -- Up-to-date symlink: /home/rosbot/dev_ws/install/rosbridge_server/share/rosbridge_server/environment/path.sh
[0.621s] -- Up-to-date symlink: /home/rosbot/dev_ws/install/rosbridge_server/share/rosbridge_server/environment/path.dsv
[0.622s] -- Up-to-date symlink: /home/rosbot/dev_ws/install/rosbridge_server/share/rosbridge_server/local_setup.bash
[0.623s] -- Up-to-date symlink: /home/rosbot/dev_ws/install/rosbridge_server/share/rosbridge_server/local_setup.sh
[0.624s] -- Up-to-date symlink: /home/rosbot/dev_ws/install/rosbridge_server/share/rosbridge_server/local_setup.zsh
[0.625s] -- Up-to-date symlink: /home/rosbot/dev_ws/install/rosbridge_server/share/rosbridge_server/local_setup.dsv
[0.626s] -- Symlinking: /home/rosbot/dev_ws/install/rosbridge_server/share/rosbridge_server/package.dsv
[0.661s] -- Up-to-date symlink: /home/rosbot/dev_ws/install/rosbridge_server/share/ament_index/resource_index/packages/rosbridge_server
[0.662s] -- Up-to-date symlink: /home/rosbot/dev_ws/install/rosbridge_server/share/rosbridge_server/cmake/rosbridge_serverConfig.cmake
[0.663s] -- Up-to-date symlink: /home/rosbot/dev_ws/install/rosbridge_server/share/rosbridge_server/cmake/rosbridge_serverConfig-version.cmake
[0.664s] -- Up-to-date symlink: /home/rosbot/dev_ws/install/rosbridge_server/share/rosbridge_server/package.xml
[0.665s] -- Up-to-date symlink: /home/rosbot/dev_ws/install/rosbridge_server/lib/rosbridge_server/rosbridge_websocket.py
[0.666s] -- Up-to-date symlink: /home/rosbot/dev_ws/install/rosbridge_server/lib/rosbridge_server/rosbridge_websocket
[0.667s] -- Up-to-date symlink: /home/rosbot/dev_ws/install/rosbridge_server/share/rosbridge_server/launch/rosbridge_websocket_launch.xml
[0.827s] Listing '/home/rosbot/dev_ws/install/rosbridge_server/lib/python3.6/site-packages/rosbridge_server'...
[0.866s] Invoked command in '/home/rosbot/dev_ws/build/rosbridge_server' returned '0': AMENT_PREFIX_PATH=/home/rosbot/dev_ws/install/rosapi:/home/rosbot/dev_ws/install/rosbridge_library:/home/rosbot/dev_ws/install/rosbridge_msgs:/home/rosbot/dev_ws/install/rosapi_msgs:${AMENT_PREFIX_PATH} CMAKE_PREFIX_PATH=/home/rosbot/dev_ws/install/rosapi:/home/rosbot/dev_ws/install/rosbridge_library:/home/rosbot/dev_ws/install/rosbridge_msgs:/home/rosbot/dev_ws/install/rosapi_msgs:/opt/ros/eloquent LD_LIBRARY_PATH=/home/rosbot/dev_ws/install/rosbridge_msgs/lib:/home/rosbot/dev_ws/install/rosapi_msgs/lib:${LD_LIBRARY_PATH} PYTHONPATH=/home/rosbot/dev_ws/install/rosapi/lib/python3.6/site-packages:/home/rosbot/dev_ws/install/rosbridge_library/lib/python3.6/site-packages:/home/rosbot/dev_ws/install/rosbridge_msgs/lib/python3.6/site-packages:/home/rosbot/dev_ws/install/rosapi_msgs/lib/python3.6/site-packages:${PYTHONPATH} /usr/bin/cmake --build /home/rosbot/dev_ws/build/rosbridge_server --target install -- -j4 -l4
