[0.928s] Invoking command in '/home/rosbot/dev_ws/build/rosbridge_library': AMENT_PREFIX_PATH=/home/rosbot/dev_ws/install/rosbridge_test_msgs:${AMENT_PREFIX_PATH} CMAKE_PREFIX_PATH=/home/rosbot/dev_ws/install/rosbridge_test_msgs:/opt/ros/eloquent LD_LIBRARY_PATH=/home/rosbot/dev_ws/install/rosbridge_test_msgs/lib:${LD_LIBRARY_PATH} PYTHONPATH=/home/rosbot/dev_ws/install/rosbridge_test_msgs/lib/python3.6/site-packages:${PYTHONPATH} /usr/bin/cmake --build /home/rosbot/dev_ws/build/rosbridge_library -- -j4 -l4
[2.612s] Invoked command in '/home/rosbot/dev_ws/build/rosbridge_library' returned '0': AMENT_PREFIX_PATH=/home/rosbot/dev_ws/install/rosbridge_test_msgs:${AMENT_PREFIX_PATH} CMAKE_PREFIX_PATH=/home/rosbot/dev_ws/install/rosbridge_test_msgs:/opt/ros/eloquent LD_LIBRARY_PATH=/home/rosbot/dev_ws/install/rosbridge_test_msgs/lib:${LD_LIBRARY_PATH} PYTHONPATH=/home/rosbot/dev_ws/install/rosbridge_test_msgs/lib/python3.6/site-packages:${PYTHONPATH} /usr/bin/cmake --build /home/rosbot/dev_ws/build/rosbridge_library -- -j4 -l4
[2.704s] Invoking command in '/home/rosbot/dev_ws/build/rosbridge_library': AMENT_PREFIX_PATH=/home/rosbot/dev_ws/install/rosbridge_test_msgs:${AMENT_PREFIX_PATH} CMAKE_PREFIX_PATH=/home/rosbot/dev_ws/install/rosbridge_test_msgs:/opt/ros/eloquent LD_LIBRARY_PATH=/home/rosbot/dev_ws/install/rosbridge_test_msgs/lib:${LD_LIBRARY_PATH} PYTHONPATH=/home/rosbot/dev_ws/install/rosbridge_test_msgs/lib/python3.6/site-packages:${PYTHONPATH} /usr/bin/cmake --build /home/rosbot/dev_ws/build/rosbridge_library --target install -- -j4 -l4
[2.886s] [36mInstall the project...[0m
[2.920s] -- Install configuration: ""
[2.921s] -- Execute custom install script
[2.923s] -- Up-to-date symlink: /home/rosbot/dev_ws/install/rosbridge_library/share/rosbridge_library/environment/pythonpath.sh
[2.924s] -- Up-to-date symlink: /home/rosbot/dev_ws/install/rosbridge_library/share/rosbridge_library/environment/pythonpath.dsv
[2.930s] -- Up-to-date symlink: /home/rosbot/dev_ws/install/rosbridge_library/lib/python3.6/site-packages/rosbridge_library/__init__.py
[2.930s] -- Up-to-date symlink: /home/rosbot/dev_ws/install/rosbridge_library/lib/python3.6/site-packages/rosbridge_library/capabilities/__init__.py
[2.931s] -- Up-to-date symlink: /home/rosbot/dev_ws/install/rosbridge_library/lib/python3.6/site-packages/rosbridge_library/capabilities/advertise.py
[2.932s] -- Up-to-date symlink: /home/rosbot/dev_ws/install/rosbridge_library/lib/python3.6/site-packages/rosbridge_library/capabilities/advertise_service.py
[2.933s] -- Up-to-date symlink: /home/rosbot/dev_ws/install/rosbridge_library/lib/python3.6/site-packages/rosbridge_library/capabilities/call_service.py
[2.934s] -- Up-to-date symlink: /home/rosbot/dev_ws/install/rosbridge_library/lib/python3.6/site-packages/rosbridge_library/capabilities/defragmentation.py
[2.935s] -- Up-to-date symlink: /home/rosbot/dev_ws/install/rosbridge_library/lib/python3.6/site-packages/rosbridge_library/capabilities/fragmentation.py
[2.936s] -- Up-to-date symlink: /home/rosbot/dev_ws/install/rosbridge_library/lib/python3.6/site-packages/rosbridge_library/capabilities/publish.py
[2.936s] -- Up-to-date symlink: /home/rosbot/dev_ws/install/rosbridge_library/lib/python3.6/site-packages/rosbridge_library/capabilities/service_response.py
[2.937s] -- Up-to-date symlink: /home/rosbot/dev_ws/install/rosbridge_library/lib/python3.6/site-packages/rosbridge_library/capabilities/subscribe.py
[2.938s] -- Up-to-date symlink: /home/rosbot/dev_ws/install/rosbridge_library/lib/python3.6/site-packages/rosbridge_library/capabilities/unadvertise_service.py
[2.939s] -- Up-to-date symlink: /home/rosbot/dev_ws/install/rosbridge_library/lib/python3.6/site-packages/rosbridge_library/capability.py
[2.940s] -- Up-to-date symlink: /home/rosbot/dev_ws/install/rosbridge_library/lib/python3.6/site-packages/rosbridge_library/internal/__init__.py
[2.940s] -- Up-to-date symlink: /home/rosbot/dev_ws/install/rosbridge_library/lib/python3.6/site-packages/rosbridge_library/internal/cbor_conversion.py
[2.941s] -- Up-to-date symlink: /home/rosbot/dev_ws/install/rosbridge_library/lib/python3.6/site-packages/rosbridge_library/internal/exceptions.py
[2.942s] -- Up-to-date symlink: /home/rosbot/dev_ws/install/rosbridge_library/lib/python3.6/site-packages/rosbridge_library/internal/message_conversion.py
[2.943s] -- Up-to-date symlink: /home/rosbot/dev_ws/install/rosbridge_library/lib/python3.6/site-packages/rosbridge_library/internal/outgoing_message.py
[2.944s] -- Up-to-date symlink: /home/rosbot/dev_ws/install/rosbridge_library/lib/python3.6/site-packages/rosbridge_library/internal/pngcompression.py
[2.945s] -- Up-to-date symlink: /home/rosbot/dev_ws/install/rosbridge_library/lib/python3.6/site-packages/rosbridge_library/internal/publishers.py
[2.946s] -- Up-to-date symlink: /home/rosbot/dev_ws/install/rosbridge_library/lib/python3.6/site-packages/rosbridge_library/internal/ros_loader.py
[2.947s] -- Up-to-date symlink: /home/rosbot/dev_ws/install/rosbridge_library/lib/python3.6/site-packages/rosbridge_library/internal/services.py
[2.947s] -- Up-to-date symlink: /home/rosbot/dev_ws/install/rosbridge_library/lib/python3.6/site-packages/rosbridge_library/internal/subscribers.py
[2.948s] -- Up-to-date symlink: /home/rosbot/dev_ws/install/rosbridge_library/lib/python3.6/site-packages/rosbridge_library/internal/subscription_modifiers.py
[2.949s] -- Up-to-date symlink: /home/rosbot/dev_ws/install/rosbridge_library/lib/python3.6/site-packages/rosbridge_library/internal/topics.py
[2.950s] -- Up-to-date symlink: /home/rosbot/dev_ws/install/rosbridge_library/lib/python3.6/site-packages/rosbridge_library/protocol.py
[2.951s] -- Up-to-date symlink: /home/rosbot/dev_ws/install/rosbridge_library/lib/python3.6/site-packages/rosbridge_library/rosbridge_protocol.py
[2.952s] -- Up-to-date symlink: /home/rosbot/dev_ws/install/rosbridge_library/lib/python3.6/site-packages/rosbridge_library/util/__init__.py
[2.952s] -- Up-to-date symlink: /home/rosbot/dev_ws/install/rosbridge_library/lib/python3.6/site-packages/rosbridge_library/util/cbor.py
[2.954s] -- Up-to-date symlink: /home/rosbot/dev_ws/install/rosbridge_library/share/ament_index/resource_index/package_run_dependencies/rosbridge_library
[2.955s] -- Up-to-date symlink: /home/rosbot/dev_ws/install/rosbridge_library/share/ament_index/resource_index/parent_prefix_path/rosbridge_library
[2.956s] -- Up-to-date symlink: /home/rosbot/dev_ws/install/rosbridge_library/share/rosbridge_library/environment/ament_prefix_path.sh
[2.957s] -- Up-to-date symlink: /home/rosbot/dev_ws/install/rosbridge_library/share/rosbridge_library/environment/ament_prefix_path.dsv
[2.959s] -- Up-to-date symlink: /home/rosbot/dev_ws/install/rosbridge_library/share/rosbridge_library/environment/path.sh
[2.960s] -- Up-to-date symlink: /home/rosbot/dev_ws/install/rosbridge_library/share/rosbridge_library/environment/path.dsv
[2.961s] -- Up-to-date symlink: /home/rosbot/dev_ws/install/rosbridge_library/share/rosbridge_library/local_setup.bash
[2.962s] -- Up-to-date symlink: /home/rosbot/dev_ws/install/rosbridge_library/share/rosbridge_library/local_setup.sh
[2.963s] -- Up-to-date symlink: /home/rosbot/dev_ws/install/rosbridge_library/share/rosbridge_library/local_setup.zsh
[2.964s] -- Up-to-date symlink: /home/rosbot/dev_ws/install/rosbridge_library/share/rosbridge_library/local_setup.dsv
[2.965s] -- Symlinking: /home/rosbot/dev_ws/install/rosbridge_library/share/rosbridge_library/package.dsv
[3.002s] -- Up-to-date symlink: /home/rosbot/dev_ws/install/rosbridge_library/share/ament_index/resource_index/packages/rosbridge_library
[3.003s] -- Up-to-date symlink: /home/rosbot/dev_ws/install/rosbridge_library/share/rosbridge_library/cmake/rosbridge_libraryConfig.cmake
[3.004s] -- Up-to-date symlink: /home/rosbot/dev_ws/install/rosbridge_library/share/rosbridge_library/cmake/rosbridge_libraryConfig-version.cmake
[3.005s] -- Up-to-date symlink: /home/rosbot/dev_ws/install/rosbridge_library/share/rosbridge_library/package.xml
[3.160s] Listing '/home/rosbot/dev_ws/install/rosbridge_library/lib/python3.6/site-packages/rosbridge_library'...
[3.161s] Listing '/home/rosbot/dev_ws/install/rosbridge_library/lib/python3.6/site-packages/rosbridge_library/capabilities'...
[3.162s] Listing '/home/rosbot/dev_ws/install/rosbridge_library/lib/python3.6/site-packages/rosbridge_library/internal'...
[3.163s] Listing '/home/rosbot/dev_ws/install/rosbridge_library/lib/python3.6/site-packages/rosbridge_library/util'...
[3.203s] Invoked command in '/home/rosbot/dev_ws/build/rosbridge_library' returned '0': AMENT_PREFIX_PATH=/home/rosbot/dev_ws/install/rosbridge_test_msgs:${AMENT_PREFIX_PATH} CMAKE_PREFIX_PATH=/home/rosbot/dev_ws/install/rosbridge_test_msgs:/opt/ros/eloquent LD_LIBRARY_PATH=/home/rosbot/dev_ws/install/rosbridge_test_msgs/lib:${LD_LIBRARY_PATH} PYTHONPATH=/home/rosbot/dev_ws/install/rosbridge_test_msgs/lib/python3.6/site-packages:${PYTHONPATH} /usr/bin/cmake --build /home/rosbot/dev_ws/build/rosbridge_library --target install -- -j4 -l4
