[0.122s] Invoking command in '/home/rosbot/dev_ws/build/rosapi': AMENT_PREFIX_PATH=/home/rosbot/dev_ws/install/rosbridge_library:/home/rosbot/dev_ws/install/rosapi_msgs:${AMENT_PREFIX_PATH} CMAKE_PREFIX_PATH=/home/rosbot/dev_ws/install/rosbridge_library:/home/rosbot/dev_ws/install/rosapi_msgs:/opt/ros/eloquent LD_LIBRARY_PATH=/home/rosbot/dev_ws/install/rosapi_msgs/lib:${LD_LIBRARY_PATH} PYTHONPATH=/home/rosbot/dev_ws/install/rosbridge_library/lib/python3.6/site-packages:/home/rosbot/dev_ws/install/rosapi_msgs/lib/python3.6/site-packages:${PYTHONPATH} /usr/bin/cmake /home/rosbot/dev_ws/src/rosbridge_suite/rosapi -DAMENT_CMAKE_SYMLINK_INSTALL=1 -DCMAKE_INSTALL_PREFIX=/home/rosbot/dev_ws/install/rosapi
[0.297s] -- The C compiler identification is GNU 7.5.0
[0.463s] -- The CXX compiler identification is GNU 7.5.0
[0.475s] -- Check for working C compiler: /usr/bin/cc
[0.702s] -- Check for working C compiler: /usr/bin/cc -- works
[0.704s] -- Detecting C compiler ABI info
[0.931s] -- Detecting C compiler ABI info - done
[0.950s] -- Detecting C compile features
[1.632s] -- Detecting C compile features - done
[1.640s] -- Check for working CXX compiler: /usr/bin/c++
[1.894s] -- Check for working CXX compiler: /usr/bin/c++ -- works
[1.896s] -- Detecting CXX compiler ABI info
[2.158s] -- Detecting CXX compiler ABI info - done
[2.176s] -- Detecting CXX compile features
[3.296s] -- Detecting CXX compile features - done
[3.306s] -- Found ament_cmake_ros: 0.8.0 (/opt/ros/eloquent/share/ament_cmake_ros/cmake)
[3.459s] -- Found PythonInterp: /usr/bin/python3 (found suitable version "3.6.9", minimum required is "3") 
[3.460s] -- Using PYTHON_EXECUTABLE: /usr/bin/python3
[4.534s] -- Override CMake install command with custom implementation using symlinks instead of copying resources
[7.321s] -- Configuring done
[7.329s] -- Generating done
[7.332s] -- Build files have been written to: /home/rosbot/dev_ws/build/rosapi
[7.349s] Invoked command in '/home/rosbot/dev_ws/build/rosapi' returned '0': AMENT_PREFIX_PATH=/home/rosbot/dev_ws/install/rosbridge_library:/home/rosbot/dev_ws/install/rosapi_msgs:${AMENT_PREFIX_PATH} CMAKE_PREFIX_PATH=/home/rosbot/dev_ws/install/rosbridge_library:/home/rosbot/dev_ws/install/rosapi_msgs:/opt/ros/eloquent LD_LIBRARY_PATH=/home/rosbot/dev_ws/install/rosapi_msgs/lib:${LD_LIBRARY_PATH} PYTHONPATH=/home/rosbot/dev_ws/install/rosbridge_library/lib/python3.6/site-packages:/home/rosbot/dev_ws/install/rosapi_msgs/lib/python3.6/site-packages:${PYTHONPATH} /usr/bin/cmake /home/rosbot/dev_ws/src/rosbridge_suite/rosapi -DAMENT_CMAKE_SYMLINK_INSTALL=1 -DCMAKE_INSTALL_PREFIX=/home/rosbot/dev_ws/install/rosapi
[7.353s] Invoking command in '/home/rosbot/dev_ws/build/rosapi': AMENT_PREFIX_PATH=/home/rosbot/dev_ws/install/rosbridge_library:/home/rosbot/dev_ws/install/rosapi_msgs:${AMENT_PREFIX_PATH} CMAKE_PREFIX_PATH=/home/rosbot/dev_ws/install/rosbridge_library:/home/rosbot/dev_ws/install/rosapi_msgs:/opt/ros/eloquent LD_LIBRARY_PATH=/home/rosbot/dev_ws/install/rosapi_msgs/lib:${LD_LIBRARY_PATH} PYTHONPATH=/home/rosbot/dev_ws/install/rosbridge_library/lib/python3.6/site-packages:/home/rosbot/dev_ws/install/rosapi_msgs/lib/python3.6/site-packages:${PYTHONPATH} /usr/bin/cmake --build /home/rosbot/dev_ws/build/rosapi -- -j4 -l4
[7.494s] Invoked command in '/home/rosbot/dev_ws/build/rosapi' returned '0': AMENT_PREFIX_PATH=/home/rosbot/dev_ws/install/rosbridge_library:/home/rosbot/dev_ws/install/rosapi_msgs:${AMENT_PREFIX_PATH} CMAKE_PREFIX_PATH=/home/rosbot/dev_ws/install/rosbridge_library:/home/rosbot/dev_ws/install/rosapi_msgs:/opt/ros/eloquent LD_LIBRARY_PATH=/home/rosbot/dev_ws/install/rosapi_msgs/lib:${LD_LIBRARY_PATH} PYTHONPATH=/home/rosbot/dev_ws/install/rosbridge_library/lib/python3.6/site-packages:/home/rosbot/dev_ws/install/rosapi_msgs/lib/python3.6/site-packages:${PYTHONPATH} /usr/bin/cmake --build /home/rosbot/dev_ws/build/rosapi -- -j4 -l4
[7.575s] Invoking command in '/home/rosbot/dev_ws/build/rosapi': AMENT_PREFIX_PATH=/home/rosbot/dev_ws/install/rosbridge_library:/home/rosbot/dev_ws/install/rosapi_msgs:${AMENT_PREFIX_PATH} CMAKE_PREFIX_PATH=/home/rosbot/dev_ws/install/rosbridge_library:/home/rosbot/dev_ws/install/rosapi_msgs:/opt/ros/eloquent LD_LIBRARY_PATH=/home/rosbot/dev_ws/install/rosapi_msgs/lib:${LD_LIBRARY_PATH} PYTHONPATH=/home/rosbot/dev_ws/install/rosbridge_library/lib/python3.6/site-packages:/home/rosbot/dev_ws/install/rosapi_msgs/lib/python3.6/site-packages:${PYTHONPATH} /usr/bin/cmake --build /home/rosbot/dev_ws/build/rosapi --target install -- -j4 -l4
[7.746s] [36mInstall the project...[0m
[7.778s] -- Install configuration: ""
[7.779s] -- Execute custom install script
[7.781s] -- Symlinking: /home/rosbot/dev_ws/install/rosapi/share/rosapi/environment/pythonpath.sh
[7.815s] -- Symlinking: /home/rosbot/dev_ws/install/rosapi/share/rosapi/environment/pythonpath.dsv
[7.849s] -- Symlinking: /home/rosbot/dev_ws/install/rosapi/lib/python3.6/site-packages/rosapi/__init__.py
[7.882s] -- Symlinking: /home/rosbot/dev_ws/install/rosapi/lib/python3.6/site-packages/rosapi/glob_helper.py
[7.914s] -- Symlinking: /home/rosbot/dev_ws/install/rosapi/lib/python3.6/site-packages/rosapi/objectutils.py
[7.947s] -- Symlinking: /home/rosbot/dev_ws/install/rosapi/lib/python3.6/site-packages/rosapi/params.py
[7.979s] -- Symlinking: /home/rosbot/dev_ws/install/rosapi/lib/python3.6/site-packages/rosapi/proxy.py
[8.011s] -- Symlinking: /home/rosbot/dev_ws/install/rosapi/lib/python3.6/site-packages/rosapi/stringify_field_types.py
[8.044s] -- Symlinking: /home/rosbot/dev_ws/install/rosapi/share/ament_index/resource_index/package_run_dependencies/rosapi
[8.077s] -- Symlinking: /home/rosbot/dev_ws/install/rosapi/share/ament_index/resource_index/parent_prefix_path/rosapi
[8.109s] -- Symlinking: /home/rosbot/dev_ws/install/rosapi/share/rosapi/environment/ament_prefix_path.sh
[8.142s] -- Symlinking: /home/rosbot/dev_ws/install/rosapi/share/rosapi/environment/ament_prefix_path.dsv
[8.175s] -- Symlinking: /home/rosbot/dev_ws/install/rosapi/share/rosapi/environment/path.sh
[8.207s] -- Symlinking: /home/rosbot/dev_ws/install/rosapi/share/rosapi/environment/path.dsv
[8.240s] -- Symlinking: /home/rosbot/dev_ws/install/rosapi/share/rosapi/local_setup.bash
[8.273s] -- Symlinking: /home/rosbot/dev_ws/install/rosapi/share/rosapi/local_setup.sh
[8.306s] -- Symlinking: /home/rosbot/dev_ws/install/rosapi/share/rosapi/local_setup.zsh
[8.339s] -- Symlinking: /home/rosbot/dev_ws/install/rosapi/share/rosapi/local_setup.dsv
[8.372s] -- Symlinking: /home/rosbot/dev_ws/install/rosapi/share/rosapi/package.dsv
[8.405s] -- Symlinking: /home/rosbot/dev_ws/install/rosapi/share/ament_index/resource_index/packages/rosapi
[8.439s] -- Symlinking: /home/rosbot/dev_ws/install/rosapi/share/rosapi/cmake/rosapiConfig.cmake
[8.471s] -- Symlinking: /home/rosbot/dev_ws/install/rosapi/share/rosapi/cmake/rosapiConfig-version.cmake
[8.504s] -- Symlinking: /home/rosbot/dev_ws/install/rosapi/share/rosapi/package.xml
[8.537s] -- Symlinking: /home/rosbot/dev_ws/install/rosapi/lib/rosapi/rosapi_node
[8.571s] -- Symlinking: /home/rosbot/dev_ws/install/rosapi/share/rosapi/mapping_rules.yaml
[8.769s] Listing '/home/rosbot/dev_ws/install/rosapi/lib/python3.6/site-packages/rosapi'...
[8.769s] Compiling '/home/rosbot/dev_ws/install/rosapi/lib/python3.6/site-packages/rosapi/__init__.py'...
[8.770s] Compiling '/home/rosbot/dev_ws/install/rosapi/lib/python3.6/site-packages/rosapi/glob_helper.py'...
[8.771s] Compiling '/home/rosbot/dev_ws/install/rosapi/lib/python3.6/site-packages/rosapi/objectutils.py'...
[8.771s] Compiling '/home/rosbot/dev_ws/install/rosapi/lib/python3.6/site-packages/rosapi/params.py'...
[8.772s] Compiling '/home/rosbot/dev_ws/install/rosapi/lib/python3.6/site-packages/rosapi/proxy.py'...
[8.772s] Compiling '/home/rosbot/dev_ws/install/rosapi/lib/python3.6/site-packages/rosapi/stringify_field_types.py'...
[8.809s] Invoked command in '/home/rosbot/dev_ws/build/rosapi' returned '0': AMENT_PREFIX_PATH=/home/rosbot/dev_ws/install/rosbridge_library:/home/rosbot/dev_ws/install/rosapi_msgs:${AMENT_PREFIX_PATH} CMAKE_PREFIX_PATH=/home/rosbot/dev_ws/install/rosbridge_library:/home/rosbot/dev_ws/install/rosapi_msgs:/opt/ros/eloquent LD_LIBRARY_PATH=/home/rosbot/dev_ws/install/rosapi_msgs/lib:${LD_LIBRARY_PATH} PYTHONPATH=/home/rosbot/dev_ws/install/rosbridge_library/lib/python3.6/site-packages:/home/rosbot/dev_ws/install/rosapi_msgs/lib/python3.6/site-packages:${PYTHONPATH} /usr/bin/cmake --build /home/rosbot/dev_ws/build/rosapi --target install -- -j4 -l4
