[6.194s] Invoking command in '/home/rosbot/dev_ws/build/my_package': PYTHONPATH=/home/rosbot/dev_ws/install/my_package/lib/python3.6/site-packages:${PYTHONPATH} /usr/bin/python3 setup.py develop --prefix /home/rosbot/dev_ws/install/my_package --editable --build-directory /home/rosbot/dev_ws/build/my_package/build --no-deps install_data --install-dir /home/rosbot/dev_ws/install/my_package
[7.656s] /home/rosbot/.local/lib/python3.6/site-packages/setuptools/dist.py:726: UserWarning: Usage of dash-separated 'script-dir' will not be supported in future versions. Please use the underscore name 'script_dir' instead
[7.689s]   % (opt, underscore_opt)
[7.701s] /home/rosbot/.local/lib/python3.6/site-packages/setuptools/dist.py:726: UserWarning: Usage of dash-separated 'install-scripts' will not be supported in future versions. Please use the underscore name 'install_scripts' instead
[7.722s]   % (opt, underscore_opt)
[7.842s] running develop
[7.843s] /home/rosbot/.local/lib/python3.6/site-packages/setuptools/command/easy_install.py:159: EasyInstallDeprecationWarning: easy_install command is deprecated. Use build and pip and other standards-based tools.
[7.844s]   EasyInstallDeprecationWarning,
[7.850s] /home/rosbot/.local/lib/python3.6/site-packages/setuptools/command/install.py:37: SetuptoolsDeprecationWarning: setup.py install is deprecated. Use build and pip and other standards-based tools.
[7.850s]   setuptools.SetuptoolsDeprecationWarning,
[8.182s] /home/rosbot/.local/lib/python3.6/site-packages/pkg_resources/__init__.py:119: PkgResourcesDeprecationWarning: 0.18ubuntu0.18.04.1 is an invalid version and will not be supported in a future release
[8.182s]   PkgResourcesDeprecationWarning,
[8.762s] running egg_info
[8.771s] writing my_package.egg-info/PKG-INFO
[8.774s] writing dependency_links to my_package.egg-info/dependency_links.txt
[8.776s] writing entry points to my_package.egg-info/entry_points.txt
[8.778s] writing requirements to my_package.egg-info/requires.txt
[8.786s] writing top-level names to my_package.egg-info/top_level.txt
[8.808s] reading manifest file 'my_package.egg-info/SOURCES.txt'
[8.847s] writing manifest file 'my_package.egg-info/SOURCES.txt'
[8.866s] running build_ext
[8.867s] Creating /home/rosbot/dev_ws/install/my_package/lib/python3.6/site-packages/my-package.egg-link (link to .)
[8.871s] Installing my_node script to /home/rosbot/dev_ws/install/my_package/lib/my_package
[8.874s] 
[8.876s] Installed /home/rosbot/dev_ws/build/my_package
[8.877s] running install_data
[8.909s] Invoked command in '/home/rosbot/dev_ws/build/my_package' returned '0': PYTHONPATH=/home/rosbot/dev_ws/install/my_package/lib/python3.6/site-packages:${PYTHONPATH} /usr/bin/python3 setup.py develop --prefix /home/rosbot/dev_ws/install/my_package --editable --build-directory /home/rosbot/dev_ws/build/my_package/build --no-deps install_data --install-dir /home/rosbot/dev_ws/install/my_package
