[0.786s] Invoking command in '/home/rosbot/dev_ws/build/rosapi_msgs': CMAKE_PREFIX_PATH=/opt/ros/eloquent /usr/bin/cmake --build /home/rosbot/dev_ws/build/rosapi_msgs -- -j4 -l4
[2.890s] [  0%] Built target rosapi_msgs__cpp
[2.893s] [ 12%] Built target rosapi_msgs__rosidl_generator_c
[2.895s] [ 25%] Built target rosapi_msgs__rosidl_typesupport_introspection_cpp
[2.895s] [ 39%] Built target rosapi_msgs__rosidl_typesupport_introspection_c
[2.896s] [ 49%] Built target rosapi_msgs__rosidl_typesupport_fastrtps_cpp
[2.896s] [ 61%] Built target rosapi_msgs__rosidl_typesupport_cpp
[2.897s] [ 73%] Built target rosapi_msgs__rosidl_typesupport_fastrtps_c
[2.897s] [ 86%] Built target rosapi_msgs__rosidl_typesupport_c
[2.898s] [ 86%] Built target rosapi_msgs
[2.899s] [ 86%] Built target rosapi_msgs__py
[2.899s] [ 98%] Built target rosapi_msgs__python
[2.900s] [ 99%] Built target rosapi_msgs__rosidl_typesupport_fastrtps_c__pyext
[2.900s] [100%] Built target rosapi_msgs__rosidl_typesupport_c__pyext
[2.928s] Invoked command in '/home/rosbot/dev_ws/build/rosapi_msgs' returned '0': CMAKE_PREFIX_PATH=/opt/ros/eloquent /usr/bin/cmake --build /home/rosbot/dev_ws/build/rosapi_msgs -- -j4 -l4
[5.350s] Invoking command in '/home/rosbot/dev_ws/build/rosapi_msgs': CMAKE_PREFIX_PATH=/opt/ros/eloquent /usr/bin/cmake --build /home/rosbot/dev_ws/build/rosapi_msgs --target install -- -j4 -l4
[5.668s] [  0%] Built target rosapi_msgs__cpp
[5.681s] [ 12%] Built target rosapi_msgs__rosidl_generator_c
[5.903s] [ 25%] Built target rosapi_msgs__rosidl_typesupport_introspection_cpp
[5.939s] [ 37%] Built target rosapi_msgs__rosidl_typesupport_introspection_c
[6.005s] [ 49%] Built target rosapi_msgs__rosidl_typesupport_fastrtps_cpp
[6.241s] [ 61%] Built target rosapi_msgs__rosidl_typesupport_cpp
[6.323s] [ 73%] Built target rosapi_msgs__rosidl_typesupport_fastrtps_c
[6.593s] [ 86%] Built target rosapi_msgs__rosidl_typesupport_c
[6.690s] [ 86%] Built target rosapi_msgs
[6.792s] [ 86%] Built target rosapi_msgs__py
[7.064s] [ 98%] Built target rosapi_msgs__python
[7.314s] [ 99%] Built target rosapi_msgs__rosidl_typesupport_fastrtps_c__pyext
[7.322s] [100%] Built target rosapi_msgs__rosidl_typesupport_c__pyext
[7.447s] [36mInstall the project...[0m
[7.487s] -- Install configuration: ""
[7.491s] -- Execute custom install script
[7.494s] -- Up-to-date symlink: /home/rosbot/dev_ws/install/rosapi_msgs/share/ament_index/resource_index/rosidl_interfaces/rosapi_msgs
[7.501s] -- Up-to-date symlink: /home/rosbot/dev_ws/install/rosapi_msgs/include/rosapi_msgs/msg/type_def.hpp
[7.502s] -- Up-to-date symlink: /home/rosbot/dev_ws/install/rosapi_msgs/include/rosapi_msgs/msg/type_def__struct.hpp
[7.503s] -- Up-to-date symlink: /home/rosbot/dev_ws/install/rosapi_msgs/include/rosapi_msgs/msg/type_def__traits.hpp
[7.504s] -- Up-to-date symlink: /home/rosbot/dev_ws/install/rosapi_msgs/include/rosapi_msgs/srv/delete_param.hpp
[7.505s] -- Up-to-date symlink: /home/rosbot/dev_ws/install/rosapi_msgs/include/rosapi_msgs/srv/delete_param__struct.hpp
[7.507s] -- Up-to-date symlink: /home/rosbot/dev_ws/install/rosapi_msgs/include/rosapi_msgs/srv/delete_param__traits.hpp
[7.508s] -- Up-to-date symlink: /home/rosbot/dev_ws/install/rosapi_msgs/include/rosapi_msgs/srv/get_action_servers.hpp
[7.508s] -- Up-to-date symlink: /home/rosbot/dev_ws/install/rosapi_msgs/include/rosapi_msgs/srv/get_action_servers__struct.hpp
[7.509s] -- Up-to-date symlink: /home/rosbot/dev_ws/install/rosapi_msgs/include/rosapi_msgs/srv/get_action_servers__traits.hpp
[7.510s] -- Up-to-date symlink: /home/rosbot/dev_ws/install/rosapi_msgs/include/rosapi_msgs/srv/get_param.hpp
[7.513s] -- Up-to-date symlink: /home/rosbot/dev_ws/install/rosapi_msgs/include/rosapi_msgs/srv/get_param__struct.hpp
[7.514s] -- Up-to-date symlink: /home/rosbot/dev_ws/install/rosapi_msgs/include/rosapi_msgs/srv/get_param__traits.hpp
[7.515s] -- Up-to-date symlink: /home/rosbot/dev_ws/install/rosapi_msgs/include/rosapi_msgs/srv/get_param_names.hpp
[7.516s] -- Up-to-date symlink: /home/rosbot/dev_ws/install/rosapi_msgs/include/rosapi_msgs/srv/get_param_names__struct.hpp
[7.517s] -- Up-to-date symlink: /home/rosbot/dev_ws/install/rosapi_msgs/include/rosapi_msgs/srv/get_param_names__traits.hpp
[7.527s] -- Up-to-date symlink: /home/rosbot/dev_ws/install/rosapi_msgs/include/rosapi_msgs/srv/get_ros_version.hpp
[7.527s] -- Up-to-date symlink: /home/rosbot/dev_ws/install/rosapi_msgs/include/rosapi_msgs/srv/get_ros_version__struct.hpp
[7.528s] -- Up-to-date symlink: /home/rosbot/dev_ws/install/rosapi_msgs/include/rosapi_msgs/srv/get_ros_version__traits.hpp
[7.529s] -- Up-to-date symlink: /home/rosbot/dev_ws/install/rosapi_msgs/include/rosapi_msgs/srv/get_time.hpp
[7.529s] -- Up-to-date symlink: /home/rosbot/dev_ws/install/rosapi_msgs/include/rosapi_msgs/srv/get_time__struct.hpp
[7.530s] -- Up-to-date symlink: /home/rosbot/dev_ws/install/rosapi_msgs/include/rosapi_msgs/srv/get_time__traits.hpp
[7.530s] -- Up-to-date symlink: /home/rosbot/dev_ws/install/rosapi_msgs/include/rosapi_msgs/srv/has_param.hpp
[7.531s] -- Up-to-date symlink: /home/rosbot/dev_ws/install/rosapi_msgs/include/rosapi_msgs/srv/has_param__struct.hpp
[7.531s] -- Up-to-date symlink: /home/rosbot/dev_ws/install/rosapi_msgs/include/rosapi_msgs/srv/has_param__traits.hpp
[7.532s] -- Up-to-date symlink: /home/rosbot/dev_ws/install/rosapi_msgs/include/rosapi_msgs/srv/message_details.hpp
[7.532s] -- Up-to-date symlink: /home/rosbot/dev_ws/install/rosapi_msgs/include/rosapi_msgs/srv/message_details__struct.hpp
[7.533s] -- Up-to-date symlink: /home/rosbot/dev_ws/install/rosapi_msgs/include/rosapi_msgs/srv/message_details__traits.hpp
[7.533s] -- Up-to-date symlink: /home/rosbot/dev_ws/install/rosapi_msgs/include/rosapi_msgs/srv/node_details.hpp
[7.535s] -- Up-to-date symlink: /home/rosbot/dev_ws/install/rosapi_msgs/include/rosapi_msgs/srv/node_details__struct.hpp
[7.535s] -- Up-to-date symlink: /home/rosbot/dev_ws/install/rosapi_msgs/include/rosapi_msgs/srv/node_details__traits.hpp
[7.546s] -- Up-to-date symlink: /home/rosbot/dev_ws/install/rosapi_msgs/include/rosapi_msgs/srv/nodes.hpp
[7.547s] -- Up-to-date symlink: /home/rosbot/dev_ws/install/rosapi_msgs/include/rosapi_msgs/srv/nodes__struct.hpp
[7.548s] -- Up-to-date symlink: /home/rosbot/dev_ws/install/rosapi_msgs/include/rosapi_msgs/srv/nodes__traits.hpp
[7.549s] -- Up-to-date symlink: /home/rosbot/dev_ws/install/rosapi_msgs/include/rosapi_msgs/srv/publishers.hpp
[7.549s] -- Up-to-date symlink: /home/rosbot/dev_ws/install/rosapi_msgs/include/rosapi_msgs/srv/publishers__struct.hpp
[7.550s] -- Up-to-date symlink: /home/rosbot/dev_ws/install/rosapi_msgs/include/rosapi_msgs/srv/publishers__traits.hpp
[7.551s] -- Up-to-date symlink: /home/rosbot/dev_ws/install/rosapi_msgs/include/rosapi_msgs/srv/service_node.hpp
[7.552s] -- Up-to-date symlink: /home/rosbot/dev_ws/install/rosapi_msgs/include/rosapi_msgs/srv/service_node__struct.hpp
[7.552s] -- Up-to-date symlink: /home/rosbot/dev_ws/install/rosapi_msgs/include/rosapi_msgs/srv/service_node__traits.hpp
[7.553s] -- Up-to-date symlink: /home/rosbot/dev_ws/install/rosapi_msgs/include/rosapi_msgs/srv/service_providers.hpp
[7.554s] -- Up-to-date symlink: /home/rosbot/dev_ws/install/rosapi_msgs/include/rosapi_msgs/srv/service_providers__struct.hpp
[7.554s] -- Up-to-date symlink: /home/rosbot/dev_ws/install/rosapi_msgs/include/rosapi_msgs/srv/service_providers__traits.hpp
[7.556s] -- Up-to-date symlink: /home/rosbot/dev_ws/install/rosapi_msgs/include/rosapi_msgs/srv/service_request_details.hpp
[7.557s] -- Up-to-date symlink: /home/rosbot/dev_ws/install/rosapi_msgs/include/rosapi_msgs/srv/service_request_details__struct.hpp
[7.560s] -- Up-to-date symlink: /home/rosbot/dev_ws/install/rosapi_msgs/include/rosapi_msgs/srv/service_request_details__traits.hpp
[7.563s] -- Up-to-date symlink: /home/rosbot/dev_ws/install/rosapi_msgs/include/rosapi_msgs/srv/service_response_details.hpp
[7.564s] -- Up-to-date symlink: /home/rosbot/dev_ws/install/rosapi_msgs/include/rosapi_msgs/srv/service_response_details__struct.hpp
[7.565s] -- Up-to-date symlink: /home/rosbot/dev_ws/install/rosapi_msgs/include/rosapi_msgs/srv/service_response_details__traits.hpp
[7.566s] -- Up-to-date symlink: /home/rosbot/dev_ws/install/rosapi_msgs/include/rosapi_msgs/srv/service_type.hpp
[7.567s] -- Up-to-date symlink: /home/rosbot/dev_ws/install/rosapi_msgs/include/rosapi_msgs/srv/service_type__struct.hpp
[7.568s] -- Up-to-date symlink: /home/rosbot/dev_ws/install/rosapi_msgs/include/rosapi_msgs/srv/service_type__traits.hpp
[7.569s] -- Up-to-date symlink: /home/rosbot/dev_ws/install/rosapi_msgs/include/rosapi_msgs/srv/services.hpp
[7.571s] -- Up-to-date symlink: /home/rosbot/dev_ws/install/rosapi_msgs/include/rosapi_msgs/srv/services__struct.hpp
[7.572s] -- Up-to-date symlink: /home/rosbot/dev_ws/install/rosapi_msgs/include/rosapi_msgs/srv/services__traits.hpp
[7.574s] -- Up-to-date symlink: /home/rosbot/dev_ws/install/rosapi_msgs/include/rosapi_msgs/srv/services_for_type.hpp
[7.576s] -- Up-to-date symlink: /home/rosbot/dev_ws/install/rosapi_msgs/include/rosapi_msgs/srv/services_for_type__struct.hpp
[7.578s] -- Up-to-date symlink: /home/rosbot/dev_ws/install/rosapi_msgs/include/rosapi_msgs/srv/services_for_type__traits.hpp
[7.580s] -- Up-to-date symlink: /home/rosbot/dev_ws/install/rosapi_msgs/include/rosapi_msgs/srv/set_param.hpp
[7.581s] -- Up-to-date symlink: /home/rosbot/dev_ws/install/rosapi_msgs/include/rosapi_msgs/srv/set_param__struct.hpp
[7.583s] -- Up-to-date symlink: /home/rosbot/dev_ws/install/rosapi_msgs/include/rosapi_msgs/srv/set_param__traits.hpp
[7.584s] -- Up-to-date symlink: /home/rosbot/dev_ws/install/rosapi_msgs/include/rosapi_msgs/srv/subscribers.hpp
[7.586s] -- Up-to-date symlink: /home/rosbot/dev_ws/install/rosapi_msgs/include/rosapi_msgs/srv/subscribers__struct.hpp
[7.587s] -- Up-to-date symlink: /home/rosbot/dev_ws/install/rosapi_msgs/include/rosapi_msgs/srv/subscribers__traits.hpp
[7.588s] -- Up-to-date symlink: /home/rosbot/dev_ws/install/rosapi_msgs/include/rosapi_msgs/srv/topic_type.hpp
[7.590s] -- Up-to-date symlink: /home/rosbot/dev_ws/install/rosapi_msgs/include/rosapi_msgs/srv/topic_type__struct.hpp
[7.591s] -- Up-to-date symlink: /home/rosbot/dev_ws/install/rosapi_msgs/include/rosapi_msgs/srv/topic_type__traits.hpp
[7.593s] -- Up-to-date symlink: /home/rosbot/dev_ws/install/rosapi_msgs/include/rosapi_msgs/srv/topics.hpp
[7.595s] -- Up-to-date symlink: /home/rosbot/dev_ws/install/rosapi_msgs/include/rosapi_msgs/srv/topics__struct.hpp
[7.601s] -- Up-to-date symlink: /home/rosbot/dev_ws/install/rosapi_msgs/include/rosapi_msgs/srv/topics__traits.hpp
[7.603s] -- Up-to-date symlink: /home/rosbot/dev_ws/install/rosapi_msgs/include/rosapi_msgs/srv/topics_and_raw_types.hpp
[7.605s] -- Up-to-date symlink: /home/rosbot/dev_ws/install/rosapi_msgs/include/rosapi_msgs/srv/topics_and_raw_types__struct.hpp
[7.609s] -- Up-to-date symlink: /home/rosbot/dev_ws/install/rosapi_msgs/include/rosapi_msgs/srv/topics_and_raw_types__traits.hpp
[7.611s] -- Up-to-date symlink: /home/rosbot/dev_ws/install/rosapi_msgs/include/rosapi_msgs/srv/topics_for_type.hpp
[7.613s] -- Up-to-date symlink: /home/rosbot/dev_ws/install/rosapi_msgs/include/rosapi_msgs/srv/topics_for_type__struct.hpp
[7.615s] -- Up-to-date symlink: /home/rosbot/dev_ws/install/rosapi_msgs/include/rosapi_msgs/srv/topics_for_type__traits.hpp
[7.632s] -- Up-to-date symlink: /home/rosbot/dev_ws/install/rosapi_msgs/include/rosapi_msgs/msg/rosidl_generator_c__visibility_control.h
[7.635s] -- Up-to-date symlink: /home/rosbot/dev_ws/install/rosapi_msgs/include/rosapi_msgs/msg/type_def.h
[7.637s] -- Up-to-date symlink: /home/rosbot/dev_ws/install/rosapi_msgs/include/rosapi_msgs/msg/type_def__functions.h
[7.639s] -- Up-to-date symlink: /home/rosbot/dev_ws/install/rosapi_msgs/include/rosapi_msgs/msg/type_def__struct.h
[7.643s] -- Up-to-date symlink: /home/rosbot/dev_ws/install/rosapi_msgs/include/rosapi_msgs/msg/type_def__type_support.h
[7.646s] -- Up-to-date symlink: /home/rosbot/dev_ws/install/rosapi_msgs/include/rosapi_msgs/srv/delete_param.h
[7.648s] -- Up-to-date symlink: /home/rosbot/dev_ws/install/rosapi_msgs/include/rosapi_msgs/srv/delete_param__functions.h
[7.652s] -- Up-to-date symlink: /home/rosbot/dev_ws/install/rosapi_msgs/include/rosapi_msgs/srv/delete_param__struct.h
[7.655s] -- Up-to-date symlink: /home/rosbot/dev_ws/install/rosapi_msgs/include/rosapi_msgs/srv/delete_param__type_support.h
[7.658s] -- Up-to-date symlink: /home/rosbot/dev_ws/install/rosapi_msgs/include/rosapi_msgs/srv/get_action_servers.h
[7.660s] -- Up-to-date symlink: /home/rosbot/dev_ws/install/rosapi_msgs/include/rosapi_msgs/srv/get_action_servers__functions.h
[7.666s] -- Up-to-date symlink: /home/rosbot/dev_ws/install/rosapi_msgs/include/rosapi_msgs/srv/get_action_servers__struct.h
[7.667s] -- Up-to-date symlink: /home/rosbot/dev_ws/install/rosapi_msgs/include/rosapi_msgs/srv/get_action_servers__type_support.h
[7.670s] -- Up-to-date symlink: /home/rosbot/dev_ws/install/rosapi_msgs/include/rosapi_msgs/srv/get_param.h
[7.671s] -- Up-to-date symlink: /home/rosbot/dev_ws/install/rosapi_msgs/include/rosapi_msgs/srv/get_param__functions.h
[7.673s] -- Up-to-date symlink: /home/rosbot/dev_ws/install/rosapi_msgs/include/rosapi_msgs/srv/get_param__struct.h
[7.674s] -- Up-to-date symlink: /home/rosbot/dev_ws/install/rosapi_msgs/include/rosapi_msgs/srv/get_param__type_support.h
[7.681s] -- Up-to-date symlink: /home/rosbot/dev_ws/install/rosapi_msgs/include/rosapi_msgs/srv/get_param_names.h
[7.685s] -- Up-to-date symlink: /home/rosbot/dev_ws/install/rosapi_msgs/include/rosapi_msgs/srv/get_param_names__functions.h
[7.688s] -- Up-to-date symlink: /home/rosbot/dev_ws/install/rosapi_msgs/include/rosapi_msgs/srv/get_param_names__struct.h
[7.693s] -- Up-to-date symlink: /home/rosbot/dev_ws/install/rosapi_msgs/include/rosapi_msgs/srv/get_param_names__type_support.h
[7.695s] -- Up-to-date symlink: /home/rosbot/dev_ws/install/rosapi_msgs/include/rosapi_msgs/srv/get_ros_version.h
[7.696s] -- Up-to-date symlink: /home/rosbot/dev_ws/install/rosapi_msgs/include/rosapi_msgs/srv/get_ros_version__functions.h
[7.698s] -- Up-to-date symlink: /home/rosbot/dev_ws/install/rosapi_msgs/include/rosapi_msgs/srv/get_ros_version__struct.h
[7.701s] -- Up-to-date symlink: /home/rosbot/dev_ws/install/rosapi_msgs/include/rosapi_msgs/srv/get_ros_version__type_support.h
[7.703s] -- Up-to-date symlink: /home/rosbot/dev_ws/install/rosapi_msgs/include/rosapi_msgs/srv/get_time.h
[7.708s] -- Up-to-date symlink: /home/rosbot/dev_ws/install/rosapi_msgs/include/rosapi_msgs/srv/get_time__functions.h
[7.711s] -- Up-to-date symlink: /home/rosbot/dev_ws/install/rosapi_msgs/include/rosapi_msgs/srv/get_time__struct.h
[7.719s] -- Up-to-date symlink: /home/rosbot/dev_ws/install/rosapi_msgs/include/rosapi_msgs/srv/get_time__type_support.h
[7.724s] -- Up-to-date symlink: /home/rosbot/dev_ws/install/rosapi_msgs/include/rosapi_msgs/srv/has_param.h
[7.728s] -- Up-to-date symlink: /home/rosbot/dev_ws/install/rosapi_msgs/include/rosapi_msgs/srv/has_param__functions.h
[7.731s] -- Up-to-date symlink: /home/rosbot/dev_ws/install/rosapi_msgs/include/rosapi_msgs/srv/has_param__struct.h
[7.738s] -- Up-to-date symlink: /home/rosbot/dev_ws/install/rosapi_msgs/include/rosapi_msgs/srv/has_param__type_support.h
[7.739s] -- Up-to-date symlink: /home/rosbot/dev_ws/install/rosapi_msgs/include/rosapi_msgs/srv/message_details.h
[7.742s] -- Up-to-date symlink: /home/rosbot/dev_ws/install/rosapi_msgs/include/rosapi_msgs/srv/message_details__functions.h
[7.744s] -- Up-to-date symlink: /home/rosbot/dev_ws/install/rosapi_msgs/include/rosapi_msgs/srv/message_details__struct.h
[7.748s] -- Up-to-date symlink: /home/rosbot/dev_ws/install/rosapi_msgs/include/rosapi_msgs/srv/message_details__type_support.h
[7.753s] -- Up-to-date symlink: /home/rosbot/dev_ws/install/rosapi_msgs/include/rosapi_msgs/srv/node_details.h
[7.755s] -- Up-to-date symlink: /home/rosbot/dev_ws/install/rosapi_msgs/include/rosapi_msgs/srv/node_details__functions.h
[7.760s] -- Up-to-date symlink: /home/rosbot/dev_ws/install/rosapi_msgs/include/rosapi_msgs/srv/node_details__struct.h
[7.764s] -- Up-to-date symlink: /home/rosbot/dev_ws/install/rosapi_msgs/include/rosapi_msgs/srv/node_details__type_support.h
[7.767s] -- Up-to-date symlink: /home/rosbot/dev_ws/install/rosapi_msgs/include/rosapi_msgs/srv/nodes.h
[7.773s] -- Up-to-date symlink: /home/rosbot/dev_ws/install/rosapi_msgs/include/rosapi_msgs/srv/nodes__functions.h
[7.784s] -- Up-to-date symlink: /home/rosbot/dev_ws/install/rosapi_msgs/include/rosapi_msgs/srv/nodes__struct.h
[7.789s] -- Up-to-date symlink: /home/rosbot/dev_ws/install/rosapi_msgs/include/rosapi_msgs/srv/nodes__type_support.h
[7.792s] -- Up-to-date symlink: /home/rosbot/dev_ws/install/rosapi_msgs/include/rosapi_msgs/srv/publishers.h
[7.799s] -- Up-to-date symlink: /home/rosbot/dev_ws/install/rosapi_msgs/include/rosapi_msgs/srv/publishers__functions.h
[7.802s] -- Up-to-date symlink: /home/rosbot/dev_ws/install/rosapi_msgs/include/rosapi_msgs/srv/publishers__struct.h
[7.806s] -- Up-to-date symlink: /home/rosbot/dev_ws/install/rosapi_msgs/include/rosapi_msgs/srv/publishers__type_support.h
[7.812s] -- Up-to-date symlink: /home/rosbot/dev_ws/install/rosapi_msgs/include/rosapi_msgs/srv/service_node.h
[7.816s] -- Up-to-date symlink: /home/rosbot/dev_ws/install/rosapi_msgs/include/rosapi_msgs/srv/service_node__functions.h
[7.821s] -- Up-to-date symlink: /home/rosbot/dev_ws/install/rosapi_msgs/include/rosapi_msgs/srv/service_node__struct.h
[7.828s] -- Up-to-date symlink: /home/rosbot/dev_ws/install/rosapi_msgs/include/rosapi_msgs/srv/service_node__type_support.h
[7.832s] -- Up-to-date symlink: /home/rosbot/dev_ws/install/rosapi_msgs/include/rosapi_msgs/srv/service_providers.h
[7.837s] -- Up-to-date symlink: /home/rosbot/dev_ws/install/rosapi_msgs/include/rosapi_msgs/srv/service_providers__functions.h
[7.840s] -- Up-to-date symlink: /home/rosbot/dev_ws/install/rosapi_msgs/include/rosapi_msgs/srv/service_providers__struct.h
[7.844s] -- Up-to-date symlink: /home/rosbot/dev_ws/install/rosapi_msgs/include/rosapi_msgs/srv/service_providers__type_support.h
[7.847s] -- Up-to-date symlink: /home/rosbot/dev_ws/install/rosapi_msgs/include/rosapi_msgs/srv/service_request_details.h
[7.850s] -- Up-to-date symlink: /home/rosbot/dev_ws/install/rosapi_msgs/include/rosapi_msgs/srv/service_request_details__functions.h
[7.853s] -- Up-to-date symlink: /home/rosbot/dev_ws/install/rosapi_msgs/include/rosapi_msgs/srv/service_request_details__struct.h
[7.857s] -- Up-to-date symlink: /home/rosbot/dev_ws/install/rosapi_msgs/include/rosapi_msgs/srv/service_request_details__type_support.h
[7.859s] -- Up-to-date symlink: /home/rosbot/dev_ws/install/rosapi_msgs/include/rosapi_msgs/srv/service_response_details.h
[7.861s] -- Up-to-date symlink: /home/rosbot/dev_ws/install/rosapi_msgs/include/rosapi_msgs/srv/service_response_details__functions.h
[7.864s] -- Up-to-date symlink: /home/rosbot/dev_ws/install/rosapi_msgs/include/rosapi_msgs/srv/service_response_details__struct.h
[7.866s] -- Up-to-date symlink: /home/rosbot/dev_ws/install/rosapi_msgs/include/rosapi_msgs/srv/service_response_details__type_support.h
[7.870s] -- Up-to-date symlink: /home/rosbot/dev_ws/install/rosapi_msgs/include/rosapi_msgs/srv/service_type.h
[7.876s] -- Up-to-date symlink: /home/rosbot/dev_ws/install/rosapi_msgs/include/rosapi_msgs/srv/service_type__functions.h
[7.886s] -- Up-to-date symlink: /home/rosbot/dev_ws/install/rosapi_msgs/include/rosapi_msgs/srv/service_type__struct.h
[7.893s] -- Up-to-date symlink: /home/rosbot/dev_ws/install/rosapi_msgs/include/rosapi_msgs/srv/service_type__type_support.h
[7.898s] -- Up-to-date symlink: /home/rosbot/dev_ws/install/rosapi_msgs/include/rosapi_msgs/srv/services.h
[7.901s] -- Up-to-date symlink: /home/rosbot/dev_ws/install/rosapi_msgs/include/rosapi_msgs/srv/services__functions.h
[7.906s] -- Up-to-date symlink: /home/rosbot/dev_ws/install/rosapi_msgs/include/rosapi_msgs/srv/services__struct.h
[7.911s] -- Up-to-date symlink: /home/rosbot/dev_ws/install/rosapi_msgs/include/rosapi_msgs/srv/services__type_support.h
[7.915s] -- Up-to-date symlink: /home/rosbot/dev_ws/install/rosapi_msgs/include/rosapi_msgs/srv/services_for_type.h
[7.918s] -- Up-to-date symlink: /home/rosbot/dev_ws/install/rosapi_msgs/include/rosapi_msgs/srv/services_for_type__functions.h
[7.923s] -- Up-to-date symlink: /home/rosbot/dev_ws/install/rosapi_msgs/include/rosapi_msgs/srv/services_for_type__struct.h
[7.928s] -- Up-to-date symlink: /home/rosbot/dev_ws/install/rosapi_msgs/include/rosapi_msgs/srv/services_for_type__type_support.h
[7.933s] -- Up-to-date symlink: /home/rosbot/dev_ws/install/rosapi_msgs/include/rosapi_msgs/srv/set_param.h
[7.935s] -- Up-to-date symlink: /home/rosbot/dev_ws/install/rosapi_msgs/include/rosapi_msgs/srv/set_param__functions.h
[7.939s] -- Up-to-date symlink: /home/rosbot/dev_ws/install/rosapi_msgs/include/rosapi_msgs/srv/set_param__struct.h
[7.947s] -- Up-to-date symlink: /home/rosbot/dev_ws/install/rosapi_msgs/include/rosapi_msgs/srv/set_param__type_support.h
[7.949s] -- Up-to-date symlink: /home/rosbot/dev_ws/install/rosapi_msgs/include/rosapi_msgs/srv/subscribers.h
[7.952s] -- Up-to-date symlink: /home/rosbot/dev_ws/install/rosapi_msgs/include/rosapi_msgs/srv/subscribers__functions.h
[7.958s] -- Up-to-date symlink: /home/rosbot/dev_ws/install/rosapi_msgs/include/rosapi_msgs/srv/subscribers__struct.h
[7.963s] -- Up-to-date symlink: /home/rosbot/dev_ws/install/rosapi_msgs/include/rosapi_msgs/srv/subscribers__type_support.h
[7.965s] -- Up-to-date symlink: /home/rosbot/dev_ws/install/rosapi_msgs/include/rosapi_msgs/srv/topic_type.h
[7.970s] -- Up-to-date symlink: /home/rosbot/dev_ws/install/rosapi_msgs/include/rosapi_msgs/srv/topic_type__functions.h
[7.973s] -- Up-to-date symlink: /home/rosbot/dev_ws/install/rosapi_msgs/include/rosapi_msgs/srv/topic_type__struct.h
[7.974s] -- Up-to-date symlink: /home/rosbot/dev_ws/install/rosapi_msgs/include/rosapi_msgs/srv/topic_type__type_support.h
[7.980s] -- Up-to-date symlink: /home/rosbot/dev_ws/install/rosapi_msgs/include/rosapi_msgs/srv/topics.h
[7.992s] -- Up-to-date symlink: /home/rosbot/dev_ws/install/rosapi_msgs/include/rosapi_msgs/srv/topics__functions.h
[7.994s] -- Up-to-date symlink: /home/rosbot/dev_ws/install/rosapi_msgs/include/rosapi_msgs/srv/topics__struct.h
[7.999s] -- Up-to-date symlink: /home/rosbot/dev_ws/install/rosapi_msgs/include/rosapi_msgs/srv/topics__type_support.h
[8.010s] -- Up-to-date symlink: /home/rosbot/dev_ws/install/rosapi_msgs/include/rosapi_msgs/srv/topics_and_raw_types.h
[8.011s] -- Up-to-date symlink: /home/rosbot/dev_ws/install/rosapi_msgs/include/rosapi_msgs/srv/topics_and_raw_types__functions.h
[8.012s] -- Up-to-date symlink: /home/rosbot/dev_ws/install/rosapi_msgs/include/rosapi_msgs/srv/topics_and_raw_types__struct.h
[8.013s] -- Up-to-date symlink: /home/rosbot/dev_ws/install/rosapi_msgs/include/rosapi_msgs/srv/topics_and_raw_types__type_support.h
[8.015s] -- Up-to-date symlink: /home/rosbot/dev_ws/install/rosapi_msgs/include/rosapi_msgs/srv/topics_for_type.h
[8.016s] -- Up-to-date symlink: /home/rosbot/dev_ws/install/rosapi_msgs/include/rosapi_msgs/srv/topics_for_type__functions.h
[8.017s] -- Up-to-date symlink: /home/rosbot/dev_ws/install/rosapi_msgs/include/rosapi_msgs/srv/topics_for_type__struct.h
[8.018s] -- Up-to-date symlink: /home/rosbot/dev_ws/install/rosapi_msgs/include/rosapi_msgs/srv/topics_for_type__type_support.h
[8.019s] -- Up-to-date symlink: /home/rosbot/dev_ws/install/rosapi_msgs/share/rosapi_msgs/environment/library_path.sh
[8.020s] -- Up-to-date symlink: /home/rosbot/dev_ws/install/rosapi_msgs/share/rosapi_msgs/environment/library_path.dsv
[8.021s] -- Up-to-date symlink: /home/rosbot/dev_ws/install/rosapi_msgs/lib/librosapi_msgs__rosidl_generator_c.so
[8.021s] -- Up-to-date symlink: /home/rosbot/dev_ws/install/rosapi_msgs/lib/librosapi_msgs__rosidl_typesupport_c.so
[8.029s] -- Up-to-date symlink: /home/rosbot/dev_ws/install/rosapi_msgs/lib/librosapi_msgs__rosidl_typesupport_cpp.so
[8.033s] -- Up-to-date symlink: /home/rosbot/dev_ws/install/rosapi_msgs/include/rosapi_msgs/msg/rosidl_typesupport_introspection_c__visibility_control.h
[8.034s] -- Up-to-date symlink: /home/rosbot/dev_ws/install/rosapi_msgs/include/rosapi_msgs/msg/type_def__rosidl_typesupport_introspection_c.h
[8.035s] -- Up-to-date symlink: /home/rosbot/dev_ws/install/rosapi_msgs/include/rosapi_msgs/srv/delete_param__rosidl_typesupport_introspection_c.h
[8.036s] -- Up-to-date symlink: /home/rosbot/dev_ws/install/rosapi_msgs/include/rosapi_msgs/srv/get_action_servers__rosidl_typesupport_introspection_c.h
[8.037s] -- Up-to-date symlink: /home/rosbot/dev_ws/install/rosapi_msgs/include/rosapi_msgs/srv/get_param__rosidl_typesupport_introspection_c.h
[8.039s] -- Up-to-date symlink: /home/rosbot/dev_ws/install/rosapi_msgs/include/rosapi_msgs/srv/get_param_names__rosidl_typesupport_introspection_c.h
[8.039s] -- Up-to-date symlink: /home/rosbot/dev_ws/install/rosapi_msgs/include/rosapi_msgs/srv/get_ros_version__rosidl_typesupport_introspection_c.h
[8.040s] -- Up-to-date symlink: /home/rosbot/dev_ws/install/rosapi_msgs/include/rosapi_msgs/srv/get_time__rosidl_typesupport_introspection_c.h
[8.042s] -- Up-to-date symlink: /home/rosbot/dev_ws/install/rosapi_msgs/include/rosapi_msgs/srv/has_param__rosidl_typesupport_introspection_c.h
[8.043s] -- Up-to-date symlink: /home/rosbot/dev_ws/install/rosapi_msgs/include/rosapi_msgs/srv/message_details__rosidl_typesupport_introspection_c.h
[8.044s] -- Up-to-date symlink: /home/rosbot/dev_ws/install/rosapi_msgs/include/rosapi_msgs/srv/node_details__rosidl_typesupport_introspection_c.h
[8.045s] -- Up-to-date symlink: /home/rosbot/dev_ws/install/rosapi_msgs/include/rosapi_msgs/srv/nodes__rosidl_typesupport_introspection_c.h
[8.046s] -- Up-to-date symlink: /home/rosbot/dev_ws/install/rosapi_msgs/include/rosapi_msgs/srv/publishers__rosidl_typesupport_introspection_c.h
[8.048s] -- Up-to-date symlink: /home/rosbot/dev_ws/install/rosapi_msgs/include/rosapi_msgs/srv/service_node__rosidl_typesupport_introspection_c.h
[8.049s] -- Up-to-date symlink: /home/rosbot/dev_ws/install/rosapi_msgs/include/rosapi_msgs/srv/service_providers__rosidl_typesupport_introspection_c.h
[8.051s] -- Up-to-date symlink: /home/rosbot/dev_ws/install/rosapi_msgs/include/rosapi_msgs/srv/service_request_details__rosidl_typesupport_introspection_c.h
[8.054s] -- Up-to-date symlink: /home/rosbot/dev_ws/install/rosapi_msgs/include/rosapi_msgs/srv/service_response_details__rosidl_typesupport_introspection_c.h
[8.055s] -- Up-to-date symlink: /home/rosbot/dev_ws/install/rosapi_msgs/include/rosapi_msgs/srv/service_type__rosidl_typesupport_introspection_c.h
[8.057s] -- Up-to-date symlink: /home/rosbot/dev_ws/install/rosapi_msgs/include/rosapi_msgs/srv/services__rosidl_typesupport_introspection_c.h
[8.058s] -- Up-to-date symlink: /home/rosbot/dev_ws/install/rosapi_msgs/include/rosapi_msgs/srv/services_for_type__rosidl_typesupport_introspection_c.h
[8.060s] -- Up-to-date symlink: /home/rosbot/dev_ws/install/rosapi_msgs/include/rosapi_msgs/srv/set_param__rosidl_typesupport_introspection_c.h
[8.060s] -- Up-to-date symlink: /home/rosbot/dev_ws/install/rosapi_msgs/include/rosapi_msgs/srv/subscribers__rosidl_typesupport_introspection_c.h
[8.066s] -- Up-to-date symlink: /home/rosbot/dev_ws/install/rosapi_msgs/include/rosapi_msgs/srv/topic_type__rosidl_typesupport_introspection_c.h
[8.067s] -- Up-to-date symlink: /home/rosbot/dev_ws/install/rosapi_msgs/include/rosapi_msgs/srv/topics__rosidl_typesupport_introspection_c.h
[8.069s] -- Up-to-date symlink: /home/rosbot/dev_ws/install/rosapi_msgs/include/rosapi_msgs/srv/topics_and_raw_types__rosidl_typesupport_introspection_c.h
[8.072s] -- Up-to-date symlink: /home/rosbot/dev_ws/install/rosapi_msgs/include/rosapi_msgs/srv/topics_for_type__rosidl_typesupport_introspection_c.h
[8.074s] -- Up-to-date symlink: /home/rosbot/dev_ws/install/rosapi_msgs/lib/librosapi_msgs__rosidl_typesupport_introspection_c.so
[8.078s] -- Up-to-date symlink: /home/rosbot/dev_ws/install/rosapi_msgs/include/rosapi_msgs/msg/type_def__rosidl_typesupport_introspection_cpp.hpp
[8.079s] -- Up-to-date symlink: /home/rosbot/dev_ws/install/rosapi_msgs/include/rosapi_msgs/srv/delete_param__rosidl_typesupport_introspection_cpp.hpp
[8.079s] -- Up-to-date symlink: /home/rosbot/dev_ws/install/rosapi_msgs/include/rosapi_msgs/srv/get_action_servers__rosidl_typesupport_introspection_cpp.hpp
[8.081s] -- Up-to-date symlink: /home/rosbot/dev_ws/install/rosapi_msgs/include/rosapi_msgs/srv/get_param__rosidl_typesupport_introspection_cpp.hpp
[8.083s] -- Up-to-date symlink: /home/rosbot/dev_ws/install/rosapi_msgs/include/rosapi_msgs/srv/get_param_names__rosidl_typesupport_introspection_cpp.hpp
[8.085s] -- Up-to-date symlink: /home/rosbot/dev_ws/install/rosapi_msgs/include/rosapi_msgs/srv/get_ros_version__rosidl_typesupport_introspection_cpp.hpp
[8.087s] -- Up-to-date symlink: /home/rosbot/dev_ws/install/rosapi_msgs/include/rosapi_msgs/srv/get_time__rosidl_typesupport_introspection_cpp.hpp
[8.088s] -- Up-to-date symlink: /home/rosbot/dev_ws/install/rosapi_msgs/include/rosapi_msgs/srv/has_param__rosidl_typesupport_introspection_cpp.hpp
[8.089s] -- Up-to-date symlink: /home/rosbot/dev_ws/install/rosapi_msgs/include/rosapi_msgs/srv/message_details__rosidl_typesupport_introspection_cpp.hpp
[8.090s] -- Up-to-date symlink: /home/rosbot/dev_ws/install/rosapi_msgs/include/rosapi_msgs/srv/node_details__rosidl_typesupport_introspection_cpp.hpp
[8.091s] -- Up-to-date symlink: /home/rosbot/dev_ws/install/rosapi_msgs/include/rosapi_msgs/srv/nodes__rosidl_typesupport_introspection_cpp.hpp
[8.093s] -- Up-to-date symlink: /home/rosbot/dev_ws/install/rosapi_msgs/include/rosapi_msgs/srv/publishers__rosidl_typesupport_introspection_cpp.hpp
[8.093s] -- Up-to-date symlink: /home/rosbot/dev_ws/install/rosapi_msgs/include/rosapi_msgs/srv/service_node__rosidl_typesupport_introspection_cpp.hpp
[8.095s] -- Up-to-date symlink: /home/rosbot/dev_ws/install/rosapi_msgs/include/rosapi_msgs/srv/service_providers__rosidl_typesupport_introspection_cpp.hpp
[8.096s] -- Up-to-date symlink: /home/rosbot/dev_ws/install/rosapi_msgs/include/rosapi_msgs/srv/service_request_details__rosidl_typesupport_introspection_cpp.hpp
[8.097s] -- Up-to-date symlink: /home/rosbot/dev_ws/install/rosapi_msgs/include/rosapi_msgs/srv/service_response_details__rosidl_typesupport_introspection_cpp.hpp
[8.097s] -- Up-to-date symlink: /home/rosbot/dev_ws/install/rosapi_msgs/include/rosapi_msgs/srv/service_type__rosidl_typesupport_introspection_cpp.hpp
[8.099s] -- Up-to-date symlink: /home/rosbot/dev_ws/install/rosapi_msgs/include/rosapi_msgs/srv/services__rosidl_typesupport_introspection_cpp.hpp
[8.100s] -- Up-to-date symlink: /home/rosbot/dev_ws/install/rosapi_msgs/include/rosapi_msgs/srv/services_for_type__rosidl_typesupport_introspection_cpp.hpp
[8.100s] -- Up-to-date symlink: /home/rosbot/dev_ws/install/rosapi_msgs/include/rosapi_msgs/srv/set_param__rosidl_typesupport_introspection_cpp.hpp
[8.101s] -- Up-to-date symlink: /home/rosbot/dev_ws/install/rosapi_msgs/include/rosapi_msgs/srv/subscribers__rosidl_typesupport_introspection_cpp.hpp
[8.103s] -- Up-to-date symlink: /home/rosbot/dev_ws/install/rosapi_msgs/include/rosapi_msgs/srv/topic_type__rosidl_typesupport_introspection_cpp.hpp
[8.104s] -- Up-to-date symlink: /home/rosbot/dev_ws/install/rosapi_msgs/include/rosapi_msgs/srv/topics__rosidl_typesupport_introspection_cpp.hpp
[8.105s] -- Up-to-date symlink: /home/rosbot/dev_ws/install/rosapi_msgs/include/rosapi_msgs/srv/topics_and_raw_types__rosidl_typesupport_introspection_cpp.hpp
[8.106s] -- Up-to-date symlink: /home/rosbot/dev_ws/install/rosapi_msgs/include/rosapi_msgs/srv/topics_for_type__rosidl_typesupport_introspection_cpp.hpp
[8.107s] -- Up-to-date symlink: /home/rosbot/dev_ws/install/rosapi_msgs/lib/librosapi_msgs__rosidl_typesupport_introspection_cpp.so
[8.113s] -- Up-to-date symlink: /home/rosbot/dev_ws/install/rosapi_msgs/include/rosapi_msgs/msg/rosidl_typesupport_fastrtps_c__visibility_control.h
[8.113s] -- Up-to-date symlink: /home/rosbot/dev_ws/install/rosapi_msgs/include/rosapi_msgs/msg/type_def__rosidl_typesupport_fastrtps_c.h
[8.114s] -- Up-to-date symlink: /home/rosbot/dev_ws/install/rosapi_msgs/include/rosapi_msgs/srv/delete_param__rosidl_typesupport_fastrtps_c.h
[8.116s] -- Up-to-date symlink: /home/rosbot/dev_ws/install/rosapi_msgs/include/rosapi_msgs/srv/get_action_servers__rosidl_typesupport_fastrtps_c.h
[8.117s] -- Up-to-date symlink: /home/rosbot/dev_ws/install/rosapi_msgs/include/rosapi_msgs/srv/get_param__rosidl_typesupport_fastrtps_c.h
[8.117s] -- Up-to-date symlink: /home/rosbot/dev_ws/install/rosapi_msgs/include/rosapi_msgs/srv/get_param_names__rosidl_typesupport_fastrtps_c.h
[8.119s] -- Up-to-date symlink: /home/rosbot/dev_ws/install/rosapi_msgs/include/rosapi_msgs/srv/get_ros_version__rosidl_typesupport_fastrtps_c.h
[8.119s] -- Up-to-date symlink: /home/rosbot/dev_ws/install/rosapi_msgs/include/rosapi_msgs/srv/get_time__rosidl_typesupport_fastrtps_c.h
[8.131s] -- Up-to-date symlink: /home/rosbot/dev_ws/install/rosapi_msgs/include/rosapi_msgs/srv/has_param__rosidl_typesupport_fastrtps_c.h
[8.132s] -- Up-to-date symlink: /home/rosbot/dev_ws/install/rosapi_msgs/include/rosapi_msgs/srv/message_details__rosidl_typesupport_fastrtps_c.h
[8.134s] -- Up-to-date symlink: /home/rosbot/dev_ws/install/rosapi_msgs/include/rosapi_msgs/srv/node_details__rosidl_typesupport_fastrtps_c.h
[8.135s] -- Up-to-date symlink: /home/rosbot/dev_ws/install/rosapi_msgs/include/rosapi_msgs/srv/nodes__rosidl_typesupport_fastrtps_c.h
[8.135s] -- Up-to-date symlink: /home/rosbot/dev_ws/install/rosapi_msgs/include/rosapi_msgs/srv/publishers__rosidl_typesupport_fastrtps_c.h
[8.137s] -- Up-to-date symlink: /home/rosbot/dev_ws/install/rosapi_msgs/include/rosapi_msgs/srv/service_node__rosidl_typesupport_fastrtps_c.h
[8.138s] -- Up-to-date symlink: /home/rosbot/dev_ws/install/rosapi_msgs/include/rosapi_msgs/srv/service_providers__rosidl_typesupport_fastrtps_c.h
[8.138s] -- Up-to-date symlink: /home/rosbot/dev_ws/install/rosapi_msgs/include/rosapi_msgs/srv/service_request_details__rosidl_typesupport_fastrtps_c.h
[8.139s] -- Up-to-date symlink: /home/rosbot/dev_ws/install/rosapi_msgs/include/rosapi_msgs/srv/service_response_details__rosidl_typesupport_fastrtps_c.h
[8.141s] -- Up-to-date symlink: /home/rosbot/dev_ws/install/rosapi_msgs/include/rosapi_msgs/srv/service_type__rosidl_typesupport_fastrtps_c.h
[8.142s] -- Up-to-date symlink: /home/rosbot/dev_ws/install/rosapi_msgs/include/rosapi_msgs/srv/services__rosidl_typesupport_fastrtps_c.h
[8.142s] -- Up-to-date symlink: /home/rosbot/dev_ws/install/rosapi_msgs/include/rosapi_msgs/srv/services_for_type__rosidl_typesupport_fastrtps_c.h
[8.144s] -- Up-to-date symlink: /home/rosbot/dev_ws/install/rosapi_msgs/include/rosapi_msgs/srv/set_param__rosidl_typesupport_fastrtps_c.h
[8.145s] -- Up-to-date symlink: /home/rosbot/dev_ws/install/rosapi_msgs/include/rosapi_msgs/srv/subscribers__rosidl_typesupport_fastrtps_c.h
[8.145s] -- Up-to-date symlink: /home/rosbot/dev_ws/install/rosapi_msgs/include/rosapi_msgs/srv/topic_type__rosidl_typesupport_fastrtps_c.h
[8.147s] -- Up-to-date symlink: /home/rosbot/dev_ws/install/rosapi_msgs/include/rosapi_msgs/srv/topics__rosidl_typesupport_fastrtps_c.h
[8.148s] -- Up-to-date symlink: /home/rosbot/dev_ws/install/rosapi_msgs/include/rosapi_msgs/srv/topics_and_raw_types__rosidl_typesupport_fastrtps_c.h
[8.149s] -- Up-to-date symlink: /home/rosbot/dev_ws/install/rosapi_msgs/include/rosapi_msgs/srv/topics_for_type__rosidl_typesupport_fastrtps_c.h
[8.150s] -- Up-to-date symlink: /home/rosbot/dev_ws/install/rosapi_msgs/lib/librosapi_msgs__rosidl_typesupport_fastrtps_c.so
[8.156s] -- Up-to-date symlink: /home/rosbot/dev_ws/install/rosapi_msgs/include/rosapi_msgs/msg/rosidl_typesupport_fastrtps_cpp__visibility_control.h
[8.156s] -- Up-to-date symlink: /home/rosbot/dev_ws/install/rosapi_msgs/include/rosapi_msgs/msg/type_def__rosidl_typesupport_fastrtps_cpp.hpp
[8.158s] -- Up-to-date symlink: /home/rosbot/dev_ws/install/rosapi_msgs/include/rosapi_msgs/srv/delete_param__rosidl_typesupport_fastrtps_cpp.hpp
[8.159s] -- Up-to-date symlink: /home/rosbot/dev_ws/install/rosapi_msgs/include/rosapi_msgs/srv/get_action_servers__rosidl_typesupport_fastrtps_cpp.hpp
[8.159s] -- Up-to-date symlink: /home/rosbot/dev_ws/install/rosapi_msgs/include/rosapi_msgs/srv/get_param__rosidl_typesupport_fastrtps_cpp.hpp
[8.161s] -- Up-to-date symlink: /home/rosbot/dev_ws/install/rosapi_msgs/include/rosapi_msgs/srv/get_param_names__rosidl_typesupport_fastrtps_cpp.hpp
[8.162s] -- Up-to-date symlink: /home/rosbot/dev_ws/install/rosapi_msgs/include/rosapi_msgs/srv/get_ros_version__rosidl_typesupport_fastrtps_cpp.hpp
[8.163s] -- Up-to-date symlink: /home/rosbot/dev_ws/install/rosapi_msgs/include/rosapi_msgs/srv/get_time__rosidl_typesupport_fastrtps_cpp.hpp
[8.163s] -- Up-to-date symlink: /home/rosbot/dev_ws/install/rosapi_msgs/include/rosapi_msgs/srv/has_param__rosidl_typesupport_fastrtps_cpp.hpp
[8.164s] -- Up-to-date symlink: /home/rosbot/dev_ws/install/rosapi_msgs/include/rosapi_msgs/srv/message_details__rosidl_typesupport_fastrtps_cpp.hpp
[8.165s] -- Up-to-date symlink: /home/rosbot/dev_ws/install/rosapi_msgs/include/rosapi_msgs/srv/node_details__rosidl_typesupport_fastrtps_cpp.hpp
[8.166s] -- Up-to-date symlink: /home/rosbot/dev_ws/install/rosapi_msgs/include/rosapi_msgs/srv/nodes__rosidl_typesupport_fastrtps_cpp.hpp
[8.168s] -- Up-to-date symlink: /home/rosbot/dev_ws/install/rosapi_msgs/include/rosapi_msgs/srv/publishers__rosidl_typesupport_fastrtps_cpp.hpp
[8.169s] -- Up-to-date symlink: /home/rosbot/dev_ws/install/rosapi_msgs/include/rosapi_msgs/srv/service_node__rosidl_typesupport_fastrtps_cpp.hpp
[8.170s] -- Up-to-date symlink: /home/rosbot/dev_ws/install/rosapi_msgs/include/rosapi_msgs/srv/service_providers__rosidl_typesupport_fastrtps_cpp.hpp
[8.172s] -- Up-to-date symlink: /home/rosbot/dev_ws/install/rosapi_msgs/include/rosapi_msgs/srv/service_request_details__rosidl_typesupport_fastrtps_cpp.hpp
[8.173s] -- Up-to-date symlink: /home/rosbot/dev_ws/install/rosapi_msgs/include/rosapi_msgs/srv/service_response_details__rosidl_typesupport_fastrtps_cpp.hpp
[8.174s] -- Up-to-date symlink: /home/rosbot/dev_ws/install/rosapi_msgs/include/rosapi_msgs/srv/service_type__rosidl_typesupport_fastrtps_cpp.hpp
[8.175s] -- Up-to-date symlink: /home/rosbot/dev_ws/install/rosapi_msgs/include/rosapi_msgs/srv/services__rosidl_typesupport_fastrtps_cpp.hpp
[8.176s] -- Up-to-date symlink: /home/rosbot/dev_ws/install/rosapi_msgs/include/rosapi_msgs/srv/services_for_type__rosidl_typesupport_fastrtps_cpp.hpp
[8.177s] -- Up-to-date symlink: /home/rosbot/dev_ws/install/rosapi_msgs/include/rosapi_msgs/srv/set_param__rosidl_typesupport_fastrtps_cpp.hpp
[8.180s] -- Up-to-date symlink: /home/rosbot/dev_ws/install/rosapi_msgs/include/rosapi_msgs/srv/subscribers__rosidl_typesupport_fastrtps_cpp.hpp
[8.182s] -- Up-to-date symlink: /home/rosbot/dev_ws/install/rosapi_msgs/include/rosapi_msgs/srv/topic_type__rosidl_typesupport_fastrtps_cpp.hpp
[8.183s] -- Up-to-date symlink: /home/rosbot/dev_ws/install/rosapi_msgs/include/rosapi_msgs/srv/topics__rosidl_typesupport_fastrtps_cpp.hpp
[8.185s] -- Up-to-date symlink: /home/rosbot/dev_ws/install/rosapi_msgs/include/rosapi_msgs/srv/topics_and_raw_types__rosidl_typesupport_fastrtps_cpp.hpp
[8.187s] -- Up-to-date symlink: /home/rosbot/dev_ws/install/rosapi_msgs/include/rosapi_msgs/srv/topics_for_type__rosidl_typesupport_fastrtps_cpp.hpp
[8.189s] -- Up-to-date symlink: /home/rosbot/dev_ws/install/rosapi_msgs/lib/librosapi_msgs__rosidl_typesupport_fastrtps_cpp.so
[8.190s] -- Up-to-date symlink: /home/rosbot/dev_ws/install/rosapi_msgs/share/rosapi_msgs/environment/pythonpath.sh
[8.192s] -- Up-to-date symlink: /home/rosbot/dev_ws/install/rosapi_msgs/share/rosapi_msgs/environment/pythonpath.dsv
[8.193s] -- Up-to-date symlink: /home/rosbot/dev_ws/install/rosapi_msgs/lib/python3.6/site-packages/rosapi_msgs/__init__.py
[8.197s] -- Up-to-date symlink: /home/rosbot/dev_ws/install/rosapi_msgs/lib/python3.6/site-packages/rosapi_msgs/msg/__init__.py
[8.198s] -- Up-to-date symlink: /home/rosbot/dev_ws/install/rosapi_msgs/lib/python3.6/site-packages/rosapi_msgs/msg/_type_def.py
[8.199s] -- Up-to-date symlink: /home/rosbot/dev_ws/install/rosapi_msgs/lib/python3.6/site-packages/rosapi_msgs/srv/__init__.py
[8.200s] -- Up-to-date symlink: /home/rosbot/dev_ws/install/rosapi_msgs/lib/python3.6/site-packages/rosapi_msgs/srv/_delete_param.py
[8.201s] -- Up-to-date symlink: /home/rosbot/dev_ws/install/rosapi_msgs/lib/python3.6/site-packages/rosapi_msgs/srv/_get_action_servers.py
[8.203s] -- Up-to-date symlink: /home/rosbot/dev_ws/install/rosapi_msgs/lib/python3.6/site-packages/rosapi_msgs/srv/_get_param.py
[8.205s] -- Up-to-date symlink: /home/rosbot/dev_ws/install/rosapi_msgs/lib/python3.6/site-packages/rosapi_msgs/srv/_get_param_names.py
[8.206s] -- Up-to-date symlink: /home/rosbot/dev_ws/install/rosapi_msgs/lib/python3.6/site-packages/rosapi_msgs/srv/_get_ros_version.py
[8.208s] -- Up-to-date symlink: /home/rosbot/dev_ws/install/rosapi_msgs/lib/python3.6/site-packages/rosapi_msgs/srv/_get_time.py
[8.209s] -- Up-to-date symlink: /home/rosbot/dev_ws/install/rosapi_msgs/lib/python3.6/site-packages/rosapi_msgs/srv/_has_param.py
[8.211s] -- Up-to-date symlink: /home/rosbot/dev_ws/install/rosapi_msgs/lib/python3.6/site-packages/rosapi_msgs/srv/_message_details.py
[8.213s] -- Up-to-date symlink: /home/rosbot/dev_ws/install/rosapi_msgs/lib/python3.6/site-packages/rosapi_msgs/srv/_node_details.py
[8.214s] -- Up-to-date symlink: /home/rosbot/dev_ws/install/rosapi_msgs/lib/python3.6/site-packages/rosapi_msgs/srv/_nodes.py
[8.215s] -- Up-to-date symlink: /home/rosbot/dev_ws/install/rosapi_msgs/lib/python3.6/site-packages/rosapi_msgs/srv/_publishers.py
[8.216s] -- Up-to-date symlink: /home/rosbot/dev_ws/install/rosapi_msgs/lib/python3.6/site-packages/rosapi_msgs/srv/_service_node.py
[8.217s] -- Up-to-date symlink: /home/rosbot/dev_ws/install/rosapi_msgs/lib/python3.6/site-packages/rosapi_msgs/srv/_service_providers.py
[8.219s] -- Up-to-date symlink: /home/rosbot/dev_ws/install/rosapi_msgs/lib/python3.6/site-packages/rosapi_msgs/srv/_service_request_details.py
[8.220s] -- Up-to-date symlink: /home/rosbot/dev_ws/install/rosapi_msgs/lib/python3.6/site-packages/rosapi_msgs/srv/_service_response_details.py
[8.221s] -- Up-to-date symlink: /home/rosbot/dev_ws/install/rosapi_msgs/lib/python3.6/site-packages/rosapi_msgs/srv/_service_type.py
[8.223s] -- Up-to-date symlink: /home/rosbot/dev_ws/install/rosapi_msgs/lib/python3.6/site-packages/rosapi_msgs/srv/_services.py
[8.224s] -- Up-to-date symlink: /home/rosbot/dev_ws/install/rosapi_msgs/lib/python3.6/site-packages/rosapi_msgs/srv/_services_for_type.py
[8.225s] -- Up-to-date symlink: /home/rosbot/dev_ws/install/rosapi_msgs/lib/python3.6/site-packages/rosapi_msgs/srv/_set_param.py
[8.227s] -- Up-to-date symlink: /home/rosbot/dev_ws/install/rosapi_msgs/lib/python3.6/site-packages/rosapi_msgs/srv/_subscribers.py
[8.228s] -- Up-to-date symlink: /home/rosbot/dev_ws/install/rosapi_msgs/lib/python3.6/site-packages/rosapi_msgs/srv/_topic_type.py
[8.229s] -- Up-to-date symlink: /home/rosbot/dev_ws/install/rosapi_msgs/lib/python3.6/site-packages/rosapi_msgs/srv/_topics.py
[8.229s] -- Up-to-date symlink: /home/rosbot/dev_ws/install/rosapi_msgs/lib/python3.6/site-packages/rosapi_msgs/srv/_topics_and_raw_types.py
[8.230s] -- Up-to-date symlink: /home/rosbot/dev_ws/install/rosapi_msgs/lib/python3.6/site-packages/rosapi_msgs/srv/_topics_for_type.py
[8.231s] -- Up-to-date symlink: /home/rosbot/dev_ws/install/rosapi_msgs/lib/python3.6/site-packages/rosapi_msgs/rosapi_msgs_s__rosidl_typesupport_c.cpython-36m-aarch64-linux-gnu.so
[8.231s] -- Up-to-date symlink: /home/rosbot/dev_ws/install/rosapi_msgs/lib/python3.6/site-packages/rosapi_msgs/rosapi_msgs_s__rosidl_typesupport_fastrtps_c.cpython-36m-aarch64-linux-gnu.so
[8.232s] -- Up-to-date symlink: /home/rosbot/dev_ws/install/rosapi_msgs/lib/librosapi_msgs__python.so
[8.233s] -- Up-to-date symlink: /home/rosbot/dev_ws/install/rosapi_msgs/share/rosapi_msgs/msg/TypeDef.idl
[8.235s] -- Up-to-date symlink: /home/rosbot/dev_ws/install/rosapi_msgs/share/rosapi_msgs/srv/DeleteParam.idl
[8.237s] -- Up-to-date symlink: /home/rosbot/dev_ws/install/rosapi_msgs/share/rosapi_msgs/srv/GetActionServers.idl
[8.238s] -- Up-to-date symlink: /home/rosbot/dev_ws/install/rosapi_msgs/share/rosapi_msgs/srv/GetParam.idl
[8.239s] -- Up-to-date symlink: /home/rosbot/dev_ws/install/rosapi_msgs/share/rosapi_msgs/srv/GetParamNames.idl
[8.241s] -- Up-to-date symlink: /home/rosbot/dev_ws/install/rosapi_msgs/share/rosapi_msgs/srv/GetROSVersion.idl
[8.242s] -- Up-to-date symlink: /home/rosbot/dev_ws/install/rosapi_msgs/share/rosapi_msgs/srv/GetTime.idl
[8.243s] -- Up-to-date symlink: /home/rosbot/dev_ws/install/rosapi_msgs/share/rosapi_msgs/srv/HasParam.idl
[8.245s] -- Up-to-date symlink: /home/rosbot/dev_ws/install/rosapi_msgs/share/rosapi_msgs/srv/MessageDetails.idl
[8.247s] -- Up-to-date symlink: /home/rosbot/dev_ws/install/rosapi_msgs/share/rosapi_msgs/srv/Nodes.idl
[8.248s] -- Up-to-date symlink: /home/rosbot/dev_ws/install/rosapi_msgs/share/rosapi_msgs/srv/NodeDetails.idl
[8.249s] -- Up-to-date symlink: /home/rosbot/dev_ws/install/rosapi_msgs/share/rosapi_msgs/srv/Publishers.idl
[8.251s] -- Up-to-date symlink: /home/rosbot/dev_ws/install/rosapi_msgs/share/rosapi_msgs/srv/ServiceNode.idl
[8.253s] -- Up-to-date symlink: /home/rosbot/dev_ws/install/rosapi_msgs/share/rosapi_msgs/srv/ServiceProviders.idl
[8.255s] -- Up-to-date symlink: /home/rosbot/dev_ws/install/rosapi_msgs/share/rosapi_msgs/srv/ServiceRequestDetails.idl
[8.257s] -- Up-to-date symlink: /home/rosbot/dev_ws/install/rosapi_msgs/share/rosapi_msgs/srv/ServiceResponseDetails.idl
[8.260s] -- Up-to-date symlink: /home/rosbot/dev_ws/install/rosapi_msgs/share/rosapi_msgs/srv/Services.idl
[8.260s] -- Up-to-date symlink: /home/rosbot/dev_ws/install/rosapi_msgs/share/rosapi_msgs/srv/ServicesForType.idl
[8.262s] -- Up-to-date symlink: /home/rosbot/dev_ws/install/rosapi_msgs/share/rosapi_msgs/srv/ServiceType.idl
[8.263s] -- Up-to-date symlink: /home/rosbot/dev_ws/install/rosapi_msgs/share/rosapi_msgs/srv/SetParam.idl
[8.264s] -- Up-to-date symlink: /home/rosbot/dev_ws/install/rosapi_msgs/share/rosapi_msgs/srv/Subscribers.idl
[8.264s] -- Up-to-date symlink: /home/rosbot/dev_ws/install/rosapi_msgs/share/rosapi_msgs/srv/Topics.idl
[8.265s] -- Up-to-date symlink: /home/rosbot/dev_ws/install/rosapi_msgs/share/rosapi_msgs/srv/TopicsAndRawTypes.idl
[8.267s] -- Up-to-date symlink: /home/rosbot/dev_ws/install/rosapi_msgs/share/rosapi_msgs/srv/TopicsForType.idl
[8.269s] -- Up-to-date symlink: /home/rosbot/dev_ws/install/rosapi_msgs/share/rosapi_msgs/srv/TopicType.idl
[8.272s] -- Up-to-date symlink: /home/rosbot/dev_ws/install/rosapi_msgs/share/rosapi_msgs/msg/TypeDef.msg
[8.273s] -- Up-to-date symlink: /home/rosbot/dev_ws/install/rosapi_msgs/share/rosapi_msgs/srv/DeleteParam.srv
[8.275s] -- Up-to-date symlink: /home/rosbot/dev_ws/install/rosapi_msgs/share/rosapi_msgs/srv/DeleteParam_Request.msg
[8.277s] -- Up-to-date symlink: /home/rosbot/dev_ws/install/rosapi_msgs/share/rosapi_msgs/srv/DeleteParam_Response.msg
[8.278s] -- Up-to-date symlink: /home/rosbot/dev_ws/install/rosapi_msgs/share/rosapi_msgs/srv/GetActionServers.srv
[8.286s] -- Up-to-date symlink: /home/rosbot/dev_ws/install/rosapi_msgs/share/rosapi_msgs/srv/GetActionServers_Request.msg
[8.297s] -- Up-to-date symlink: /home/rosbot/dev_ws/install/rosapi_msgs/share/rosapi_msgs/srv/GetActionServers_Response.msg
[8.299s] -- Up-to-date symlink: /home/rosbot/dev_ws/install/rosapi_msgs/share/rosapi_msgs/srv/GetParam.srv
[8.301s] -- Up-to-date symlink: /home/rosbot/dev_ws/install/rosapi_msgs/share/rosapi_msgs/srv/GetParam_Request.msg
[8.314s] -- Up-to-date symlink: /home/rosbot/dev_ws/install/rosapi_msgs/share/rosapi_msgs/srv/GetParam_Response.msg
[8.316s] -- Up-to-date symlink: /home/rosbot/dev_ws/install/rosapi_msgs/share/rosapi_msgs/srv/GetParamNames.srv
[8.319s] -- Up-to-date symlink: /home/rosbot/dev_ws/install/rosapi_msgs/share/rosapi_msgs/srv/GetParamNames_Request.msg
[8.320s] -- Up-to-date symlink: /home/rosbot/dev_ws/install/rosapi_msgs/share/rosapi_msgs/srv/GetParamNames_Response.msg
[8.321s] -- Up-to-date symlink: /home/rosbot/dev_ws/install/rosapi_msgs/share/rosapi_msgs/srv/GetROSVersion.srv
[8.341s] -- Up-to-date symlink: /home/rosbot/dev_ws/install/rosapi_msgs/share/rosapi_msgs/srv/GetROSVersion_Request.msg
[8.342s] -- Up-to-date symlink: /home/rosbot/dev_ws/install/rosapi_msgs/share/rosapi_msgs/srv/GetROSVersion_Response.msg
[8.360s] -- Up-to-date symlink: /home/rosbot/dev_ws/install/rosapi_msgs/share/rosapi_msgs/srv/GetTime.srv
[8.382s] -- Up-to-date symlink: /home/rosbot/dev_ws/install/rosapi_msgs/share/rosapi_msgs/srv/GetTime_Request.msg
[8.410s] -- Up-to-date symlink: /home/rosbot/dev_ws/install/rosapi_msgs/share/rosapi_msgs/srv/GetTime_Response.msg
[8.413s] -- Up-to-date symlink: /home/rosbot/dev_ws/install/rosapi_msgs/share/rosapi_msgs/srv/HasParam.srv
[8.420s] -- Up-to-date symlink: /home/rosbot/dev_ws/install/rosapi_msgs/share/rosapi_msgs/srv/HasParam_Request.msg
[8.428s] -- Up-to-date symlink: /home/rosbot/dev_ws/install/rosapi_msgs/share/rosapi_msgs/srv/HasParam_Response.msg
[8.430s] -- Up-to-date symlink: /home/rosbot/dev_ws/install/rosapi_msgs/share/rosapi_msgs/srv/MessageDetails.srv
[8.433s] -- Up-to-date symlink: /home/rosbot/dev_ws/install/rosapi_msgs/share/rosapi_msgs/srv/MessageDetails_Request.msg
[8.462s] -- Up-to-date symlink: /home/rosbot/dev_ws/install/rosapi_msgs/share/rosapi_msgs/srv/MessageDetails_Response.msg
[8.484s] -- Up-to-date symlink: /home/rosbot/dev_ws/install/rosapi_msgs/share/rosapi_msgs/srv/Nodes.srv
[8.518s] -- Up-to-date symlink: /home/rosbot/dev_ws/install/rosapi_msgs/share/rosapi_msgs/srv/Nodes_Request.msg
[8.519s] -- Up-to-date symlink: /home/rosbot/dev_ws/install/rosapi_msgs/share/rosapi_msgs/srv/Nodes_Response.msg
[8.522s] -- Up-to-date symlink: /home/rosbot/dev_ws/install/rosapi_msgs/share/rosapi_msgs/srv/NodeDetails.srv
[8.527s] -- Up-to-date symlink: /home/rosbot/dev_ws/install/rosapi_msgs/share/rosapi_msgs/srv/NodeDetails_Request.msg
[8.543s] -- Up-to-date symlink: /home/rosbot/dev_ws/install/rosapi_msgs/share/rosapi_msgs/srv/NodeDetails_Response.msg
[8.592s] -- Up-to-date symlink: /home/rosbot/dev_ws/install/rosapi_msgs/share/rosapi_msgs/srv/Publishers.srv
[8.609s] -- Up-to-date symlink: /home/rosbot/dev_ws/install/rosapi_msgs/share/rosapi_msgs/srv/Publishers_Request.msg
[8.612s] -- Up-to-date symlink: /home/rosbot/dev_ws/install/rosapi_msgs/share/rosapi_msgs/srv/Publishers_Response.msg
[8.614s] -- Up-to-date symlink: /home/rosbot/dev_ws/install/rosapi_msgs/share/rosapi_msgs/srv/ServiceNode.srv
[8.616s] -- Up-to-date symlink: /home/rosbot/dev_ws/install/rosapi_msgs/share/rosapi_msgs/srv/ServiceNode_Request.msg
[8.618s] -- Up-to-date symlink: /home/rosbot/dev_ws/install/rosapi_msgs/share/rosapi_msgs/srv/ServiceNode_Response.msg
[8.650s] -- Up-to-date symlink: /home/rosbot/dev_ws/install/rosapi_msgs/share/rosapi_msgs/srv/ServiceProviders.srv
[8.682s] -- Up-to-date symlink: /home/rosbot/dev_ws/install/rosapi_msgs/share/rosapi_msgs/srv/ServiceProviders_Request.msg
[8.686s] -- Up-to-date symlink: /home/rosbot/dev_ws/install/rosapi_msgs/share/rosapi_msgs/srv/ServiceProviders_Response.msg
[8.688s] -- Up-to-date symlink: /home/rosbot/dev_ws/install/rosapi_msgs/share/rosapi_msgs/srv/ServiceRequestDetails.srv
[8.690s] -- Up-to-date symlink: /home/rosbot/dev_ws/install/rosapi_msgs/share/rosapi_msgs/srv/ServiceRequestDetails_Request.msg
[8.692s] -- Up-to-date symlink: /home/rosbot/dev_ws/install/rosapi_msgs/share/rosapi_msgs/srv/ServiceRequestDetails_Response.msg
[8.705s] -- Up-to-date symlink: /home/rosbot/dev_ws/install/rosapi_msgs/share/rosapi_msgs/srv/ServiceResponseDetails.srv
[8.748s] -- Up-to-date symlink: /home/rosbot/dev_ws/install/rosapi_msgs/share/rosapi_msgs/srv/ServiceResponseDetails_Request.msg
[8.760s] -- Up-to-date symlink: /home/rosbot/dev_ws/install/rosapi_msgs/share/rosapi_msgs/srv/ServiceResponseDetails_Response.msg
[8.765s] -- Up-to-date symlink: /home/rosbot/dev_ws/install/rosapi_msgs/share/rosapi_msgs/srv/Services.srv
[8.768s] -- Up-to-date symlink: /home/rosbot/dev_ws/install/rosapi_msgs/share/rosapi_msgs/srv/Services_Request.msg
[8.771s] -- Up-to-date symlink: /home/rosbot/dev_ws/install/rosapi_msgs/share/rosapi_msgs/srv/Services_Response.msg
[8.772s] -- Up-to-date symlink: /home/rosbot/dev_ws/install/rosapi_msgs/share/rosapi_msgs/srv/ServicesForType.srv
[8.775s] -- Up-to-date symlink: /home/rosbot/dev_ws/install/rosapi_msgs/share/rosapi_msgs/srv/ServicesForType_Request.msg
[8.776s] -- Up-to-date symlink: /home/rosbot/dev_ws/install/rosapi_msgs/share/rosapi_msgs/srv/ServicesForType_Response.msg
[8.777s] -- Up-to-date symlink: /home/rosbot/dev_ws/install/rosapi_msgs/share/rosapi_msgs/srv/ServiceType.srv
[8.779s] -- Up-to-date symlink: /home/rosbot/dev_ws/install/rosapi_msgs/share/rosapi_msgs/srv/ServiceType_Request.msg
[8.782s] -- Up-to-date symlink: /home/rosbot/dev_ws/install/rosapi_msgs/share/rosapi_msgs/srv/ServiceType_Response.msg
[8.784s] -- Up-to-date symlink: /home/rosbot/dev_ws/install/rosapi_msgs/share/rosapi_msgs/srv/SetParam.srv
[8.785s] -- Up-to-date symlink: /home/rosbot/dev_ws/install/rosapi_msgs/share/rosapi_msgs/srv/SetParam_Request.msg
[8.791s] -- Up-to-date symlink: /home/rosbot/dev_ws/install/rosapi_msgs/share/rosapi_msgs/srv/SetParam_Response.msg
[8.793s] -- Up-to-date symlink: /home/rosbot/dev_ws/install/rosapi_msgs/share/rosapi_msgs/srv/Subscribers.srv
[8.794s] -- Up-to-date symlink: /home/rosbot/dev_ws/install/rosapi_msgs/share/rosapi_msgs/srv/Subscribers_Request.msg
[8.795s] -- Up-to-date symlink: /home/rosbot/dev_ws/install/rosapi_msgs/share/rosapi_msgs/srv/Subscribers_Response.msg
[8.796s] -- Up-to-date symlink: /home/rosbot/dev_ws/install/rosapi_msgs/share/rosapi_msgs/srv/Topics.srv
[8.797s] -- Up-to-date symlink: /home/rosbot/dev_ws/install/rosapi_msgs/share/rosapi_msgs/srv/Topics_Request.msg
[8.798s] -- Up-to-date symlink: /home/rosbot/dev_ws/install/rosapi_msgs/share/rosapi_msgs/srv/Topics_Response.msg
[8.800s] -- Up-to-date symlink: /home/rosbot/dev_ws/install/rosapi_msgs/share/rosapi_msgs/srv/TopicsAndRawTypes.srv
[8.802s] -- Up-to-date symlink: /home/rosbot/dev_ws/install/rosapi_msgs/share/rosapi_msgs/srv/TopicsAndRawTypes_Request.msg
[8.804s] -- Up-to-date symlink: /home/rosbot/dev_ws/install/rosapi_msgs/share/rosapi_msgs/srv/TopicsAndRawTypes_Response.msg
[8.806s] -- Up-to-date symlink: /home/rosbot/dev_ws/install/rosapi_msgs/share/rosapi_msgs/srv/TopicsForType.srv
[8.886s] -- Up-to-date symlink: /home/rosbot/dev_ws/install/rosapi_msgs/share/rosapi_msgs/srv/TopicsForType_Request.msg
[8.898s] -- Up-to-date symlink: /home/rosbot/dev_ws/install/rosapi_msgs/share/rosapi_msgs/srv/TopicsForType_Response.msg
[8.900s] -- Up-to-date symlink: /home/rosbot/dev_ws/install/rosapi_msgs/share/rosapi_msgs/srv/TopicType.srv
[8.902s] -- Up-to-date symlink: /home/rosbot/dev_ws/install/rosapi_msgs/share/rosapi_msgs/srv/TopicType_Request.msg
[8.904s] -- Up-to-date symlink: /home/rosbot/dev_ws/install/rosapi_msgs/share/rosapi_msgs/srv/TopicType_Response.msg
[8.905s] -- Up-to-date symlink: /home/rosbot/dev_ws/install/rosapi_msgs/share/ament_index/resource_index/package_run_dependencies/rosapi_msgs
[8.915s] -- Up-to-date symlink: /home/rosbot/dev_ws/install/rosapi_msgs/share/ament_index/resource_index/parent_prefix_path/rosapi_msgs
[8.918s] -- Up-to-date symlink: /home/rosbot/dev_ws/install/rosapi_msgs/share/rosapi_msgs/environment/ament_prefix_path.sh
[8.919s] -- Up-to-date symlink: /home/rosbot/dev_ws/install/rosapi_msgs/share/rosapi_msgs/environment/ament_prefix_path.dsv
[8.922s] -- Up-to-date symlink: /home/rosbot/dev_ws/install/rosapi_msgs/share/rosapi_msgs/environment/path.sh
[8.923s] -- Up-to-date symlink: /home/rosbot/dev_ws/install/rosapi_msgs/share/rosapi_msgs/environment/path.dsv
[8.925s] -- Up-to-date symlink: /home/rosbot/dev_ws/install/rosapi_msgs/share/rosapi_msgs/local_setup.bash
[8.926s] -- Up-to-date symlink: /home/rosbot/dev_ws/install/rosapi_msgs/share/rosapi_msgs/local_setup.sh
[8.930s] -- Up-to-date symlink: /home/rosbot/dev_ws/install/rosapi_msgs/share/rosapi_msgs/local_setup.zsh
[8.933s] -- Up-to-date symlink: /home/rosbot/dev_ws/install/rosapi_msgs/share/rosapi_msgs/local_setup.dsv
[8.957s] -- Symlinking: /home/rosbot/dev_ws/install/rosapi_msgs/share/rosapi_msgs/package.dsv
[9.192s] -- Up-to-date symlink: /home/rosbot/dev_ws/install/rosapi_msgs/share/ament_index/resource_index/packages/rosapi_msgs
[9.194s] -- Up-to-date symlink: /home/rosbot/dev_ws/install/rosapi_msgs/share/rosapi_msgs/cmake/rosidl_cmake-extras.cmake
[9.196s] -- Up-to-date symlink: /home/rosbot/dev_ws/install/rosapi_msgs/share/rosapi_msgs/cmake/ament_cmake_export_dependencies-extras.cmake
[9.228s] -- Up-to-date symlink: /home/rosbot/dev_ws/install/rosapi_msgs/share/rosapi_msgs/cmake/ament_cmake_export_include_directories-extras.cmake
[9.251s] -- Up-to-date symlink: /home/rosbot/dev_ws/install/rosapi_msgs/share/rosapi_msgs/cmake/ament_cmake_export_libraries-extras.cmake
[9.274s] -- Up-to-date symlink: /home/rosbot/dev_ws/install/rosapi_msgs/share/rosapi_msgs/cmake/rosapi_msgsConfig.cmake
[9.275s] -- Up-to-date symlink: /home/rosbot/dev_ws/install/rosapi_msgs/share/rosapi_msgs/cmake/rosapi_msgsConfig-version.cmake
[9.279s] -- Up-to-date symlink: /home/rosbot/dev_ws/install/rosapi_msgs/share/rosapi_msgs/package.xml
[9.399s] Invoked command in '/home/rosbot/dev_ws/build/rosapi_msgs' returned '0': CMAKE_PREFIX_PATH=/opt/ros/eloquent /usr/bin/cmake --build /home/rosbot/dev_ws/build/rosapi_msgs --target install -- -j4 -l4
