[0.319s] Invoking command in '/home/rosbot/dev_ws/build/interfaces': CMAKE_PREFIX_PATH=/opt/ros/eloquent /usr/bin/cmake --build /home/rosbot/dev_ws/build/interfaces -- -j4 -l4
[0.759s] [  3%] Built target interfaces__cpp
[0.791s] [ 13%] Built target interfaces__rosidl_generator_c
[0.995s] [ 24%] Built target interfaces__rosidl_typesupport_fastrtps_cpp
[1.040s] [ 34%] Built target interfaces__rosidl_typesupport_introspection_cpp
[1.065s] [ 44%] Built target interfaces__rosidl_typesupport_introspection_c
[1.144s] [ 55%] Built target interfaces__rosidl_typesupport_fastrtps_c
[1.335s] [ 65%] Built target interfaces__rosidl_typesupport_cpp
[1.668s] [ 75%] Built target interfaces__rosidl_typesupport_c
[1.757s] [ 75%] Built target interfaces
[1.877s] [ 79%] Built target interfaces__py
[2.025s] [ 86%] Built target interfaces__python
[2.026s] [ 93%] Built target interfaces__rosidl_typesupport_fastrtps_c__pyext
[2.028s] [100%] Built target interfaces__rosidl_typesupport_c__pyext
[2.729s] Invoked command in '/home/rosbot/dev_ws/build/interfaces' returned '0': CMAKE_PREFIX_PATH=/opt/ros/eloquent /usr/bin/cmake --build /home/rosbot/dev_ws/build/interfaces -- -j4 -l4
[3.042s] Invoking command in '/home/rosbot/dev_ws/build/interfaces': CMAKE_PREFIX_PATH=/opt/ros/eloquent /usr/bin/cmake --build /home/rosbot/dev_ws/build/interfaces --target install -- -j4 -l4
[4.883s] [  3%] Built target interfaces__cpp
[4.884s] [ 13%] Built target interfaces__rosidl_generator_c
[4.885s] [ 24%] Built target interfaces__rosidl_typesupport_introspection_cpp
[4.886s] [ 34%] Built target interfaces__rosidl_typesupport_fastrtps_cpp
[4.886s] [ 44%] Built target interfaces__rosidl_typesupport_introspection_c
[4.887s] [ 55%] Built target interfaces__rosidl_typesupport_fastrtps_c
[4.888s] [ 65%] Built target interfaces__rosidl_typesupport_cpp
[4.890s] [ 75%] Built target interfaces__rosidl_typesupport_c
[4.902s] [ 75%] Built target interfaces
[4.930s] [ 79%] Built target interfaces__py
[4.951s] [ 86%] Built target interfaces__python
[4.977s] [ 93%] Built target interfaces__rosidl_typesupport_c__pyext
[4.999s] [100%] Built target interfaces__rosidl_typesupport_fastrtps_c__pyext
[5.020s] [36mInstall the project...[0m
[5.042s] -- Install configuration: ""
[5.042s] -- Execute custom install script
[5.043s] -- Up-to-date symlink: /home/rosbot/dev_ws/install/interfaces/share/ament_index/resource_index/rosidl_interfaces/interfaces
[5.044s] -- Up-to-date symlink: /home/rosbot/dev_ws/install/interfaces/lib/libinterfaces__rosidl_typesupport_c.so
[5.045s] -- Up-to-date symlink: /home/rosbot/dev_ws/install/interfaces/share/interfaces/environment/library_path.sh
[5.046s] -- Up-to-date symlink: /home/rosbot/dev_ws/install/interfaces/share/interfaces/environment/library_path.dsv
[5.046s] -- Up-to-date symlink: /home/rosbot/dev_ws/install/interfaces/lib/libinterfaces__rosidl_typesupport_cpp.so
[5.047s] -- Up-to-date symlink: /home/rosbot/dev_ws/install/interfaces/include/interfaces/msg/rosidl_typesupport_fastrtps_c__visibility_control.h
[5.050s] -- Up-to-date symlink: /home/rosbot/dev_ws/install/interfaces/include/interfaces/msg/vector2__rosidl_typesupport_fastrtps_c.h
[5.051s] -- Up-to-date symlink: /home/rosbot/dev_ws/install/interfaces/lib/libinterfaces__rosidl_typesupport_fastrtps_c.so
[5.055s] -- Up-to-date symlink: /home/rosbot/dev_ws/install/interfaces/include/interfaces/msg/rosidl_generator_c__visibility_control.h
[5.056s] -- Up-to-date symlink: /home/rosbot/dev_ws/install/interfaces/include/interfaces/msg/vector2.h
[5.056s] -- Up-to-date symlink: /home/rosbot/dev_ws/install/interfaces/include/interfaces/msg/vector2__functions.h
[5.057s] -- Up-to-date symlink: /home/rosbot/dev_ws/install/interfaces/include/interfaces/msg/vector2__struct.h
[5.058s] -- Up-to-date symlink: /home/rosbot/dev_ws/install/interfaces/include/interfaces/msg/vector2__type_support.h
[5.058s] -- Up-to-date symlink: /home/rosbot/dev_ws/install/interfaces/lib/libinterfaces__rosidl_generator_c.so
[5.059s] -- Up-to-date symlink: /home/rosbot/dev_ws/install/interfaces/include/interfaces/msg/rosidl_typesupport_fastrtps_cpp__visibility_control.h
[5.060s] -- Up-to-date symlink: /home/rosbot/dev_ws/install/interfaces/include/interfaces/msg/vector2__rosidl_typesupport_fastrtps_cpp.hpp
[5.060s] -- Up-to-date symlink: /home/rosbot/dev_ws/install/interfaces/lib/libinterfaces__rosidl_typesupport_fastrtps_cpp.so
[5.061s] -- Up-to-date symlink: /home/rosbot/dev_ws/install/interfaces/include/interfaces/msg/vector2.hpp
[5.062s] -- Up-to-date symlink: /home/rosbot/dev_ws/install/interfaces/include/interfaces/msg/vector2__struct.hpp
[5.063s] -- Up-to-date symlink: /home/rosbot/dev_ws/install/interfaces/include/interfaces/msg/vector2__traits.hpp
[5.064s] -- Up-to-date symlink: /home/rosbot/dev_ws/install/interfaces/include/interfaces/msg/rosidl_typesupport_introspection_c__visibility_control.h
[5.064s] -- Up-to-date symlink: /home/rosbot/dev_ws/install/interfaces/include/interfaces/msg/vector2__rosidl_typesupport_introspection_c.h
[5.066s] -- Up-to-date symlink: /home/rosbot/dev_ws/install/interfaces/lib/libinterfaces__rosidl_typesupport_introspection_c.so
[5.082s] -- Up-to-date symlink: /home/rosbot/dev_ws/install/interfaces/include/interfaces/msg/vector2__rosidl_typesupport_introspection_cpp.hpp
[5.103s] -- Up-to-date symlink: /home/rosbot/dev_ws/install/interfaces/lib/libinterfaces__rosidl_typesupport_introspection_cpp.so
[5.124s] -- Up-to-date symlink: /home/rosbot/dev_ws/install/interfaces/share/interfaces/environment/pythonpath.sh
[5.135s] -- Up-to-date symlink: /home/rosbot/dev_ws/install/interfaces/share/interfaces/environment/pythonpath.dsv
[5.136s] -- Up-to-date symlink: /home/rosbot/dev_ws/install/interfaces/lib/python3.6/site-packages/interfaces/__init__.py
[5.137s] -- Up-to-date symlink: /home/rosbot/dev_ws/install/interfaces/lib/python3.6/site-packages/interfaces/msg/__init__.py
[5.139s] -- Up-to-date symlink: /home/rosbot/dev_ws/install/interfaces/lib/python3.6/site-packages/interfaces/msg/_vector2.py
[5.140s] -- Up-to-date symlink: /home/rosbot/dev_ws/install/interfaces/lib/python3.6/site-packages/interfaces/interfaces_s__rosidl_typesupport_c.cpython-36m-aarch64-linux-gnu.so
[5.141s] -- Up-to-date symlink: /home/rosbot/dev_ws/install/interfaces/lib/python3.6/site-packages/interfaces/interfaces_s__rosidl_typesupport_fastrtps_c.cpython-36m-aarch64-linux-gnu.so
[5.142s] -- Up-to-date symlink: /home/rosbot/dev_ws/install/interfaces/lib/libinterfaces__python.so
[5.143s] -- Up-to-date symlink: /home/rosbot/dev_ws/install/interfaces/share/interfaces/msg/Vector2.idl
[5.144s] -- Up-to-date symlink: /home/rosbot/dev_ws/install/interfaces/share/interfaces/msg/Vector2.msg
[5.146s] -- Up-to-date symlink: /home/rosbot/dev_ws/install/interfaces/share/ament_index/resource_index/package_run_dependencies/interfaces
[5.147s] -- Up-to-date symlink: /home/rosbot/dev_ws/install/interfaces/share/ament_index/resource_index/parent_prefix_path/interfaces
[5.148s] -- Up-to-date symlink: /home/rosbot/dev_ws/install/interfaces/share/interfaces/environment/ament_prefix_path.sh
[5.169s] -- Up-to-date symlink: /home/rosbot/dev_ws/install/interfaces/share/interfaces/environment/ament_prefix_path.dsv
[5.190s] -- Up-to-date symlink: /home/rosbot/dev_ws/install/interfaces/share/interfaces/environment/path.sh
[5.211s] -- Up-to-date symlink: /home/rosbot/dev_ws/install/interfaces/share/interfaces/environment/path.dsv
[5.215s] -- Up-to-date symlink: /home/rosbot/dev_ws/install/interfaces/share/interfaces/local_setup.bash
[5.217s] -- Up-to-date symlink: /home/rosbot/dev_ws/install/interfaces/share/interfaces/local_setup.sh
[5.218s] -- Up-to-date symlink: /home/rosbot/dev_ws/install/interfaces/share/interfaces/local_setup.zsh
[5.220s] -- Up-to-date symlink: /home/rosbot/dev_ws/install/interfaces/share/interfaces/local_setup.dsv
[5.220s] -- Symlinking: /home/rosbot/dev_ws/install/interfaces/share/interfaces/package.dsv
[5.223s] -- Up-to-date symlink: /home/rosbot/dev_ws/install/interfaces/share/ament_index/resource_index/packages/interfaces
[5.244s] -- Up-to-date symlink: /home/rosbot/dev_ws/install/interfaces/share/interfaces/cmake/rosidl_cmake-extras.cmake
[5.276s] -- Up-to-date symlink: /home/rosbot/dev_ws/install/interfaces/share/interfaces/cmake/ament_cmake_export_libraries-extras.cmake
[5.292s] -- Up-to-date symlink: /home/rosbot/dev_ws/install/interfaces/share/interfaces/cmake/ament_cmake_export_include_directories-extras.cmake
[5.294s] -- Up-to-date symlink: /home/rosbot/dev_ws/install/interfaces/share/interfaces/cmake/interfacesConfig.cmake
[5.296s] -- Up-to-date symlink: /home/rosbot/dev_ws/install/interfaces/share/interfaces/cmake/interfacesConfig-version.cmake
[5.297s] -- Up-to-date symlink: /home/rosbot/dev_ws/install/interfaces/share/interfaces/package.xml
[5.865s] Invoked command in '/home/rosbot/dev_ws/build/interfaces' returned '0': CMAKE_PREFIX_PATH=/opt/ros/eloquent /usr/bin/cmake --build /home/rosbot/dev_ws/build/interfaces --target install -- -j4 -l4
