[0.158s] Invoking command in '/home/rosbot/dev_ws/build/interfaces': CMAKE_PREFIX_PATH=/opt/ros/eloquent /usr/bin/cmake --build /home/rosbot/dev_ws/build/interfaces -- -j4 -l4
[0.408s] [ 10%] Built target interfaces__rosidl_generator_c
[0.456s] [ 13%] Built target interfaces__cpp
[0.592s] [ 24%] Built target interfaces__rosidl_typesupport_introspection_c
[0.661s] [ 34%] Built target interfaces__rosidl_typesupport_introspection_cpp
[0.680s] [ 44%] Built target interfaces__rosidl_typesupport_fastrtps_cpp
[0.869s] [ 55%] Built target interfaces__rosidl_typesupport_cpp
[0.883s] [ 65%] Built target interfaces__rosidl_typesupport_fastrtps_c
[1.170s] [ 75%] Built target interfaces__rosidl_typesupport_c
[1.241s] [ 75%] Built target interfaces
[1.426s] [ 79%] Built target interfaces__py
[1.904s] [ 86%] Built target interfaces__python
[1.982s] [ 93%] Built target interfaces__rosidl_typesupport_fastrtps_c__pyext
[1.984s] [100%] Built target interfaces__rosidl_typesupport_c__pyext
[2.777s] Invoked command in '/home/rosbot/dev_ws/build/interfaces' returned '0': CMAKE_PREFIX_PATH=/opt/ros/eloquent /usr/bin/cmake --build /home/rosbot/dev_ws/build/interfaces -- -j4 -l4
[3.086s] Invoking command in '/home/rosbot/dev_ws/build/interfaces': CMAKE_PREFIX_PATH=/opt/ros/eloquent /usr/bin/cmake --build /home/rosbot/dev_ws/build/interfaces --target install -- -j4 -l4
[4.924s] [  3%] Built target interfaces__cpp
[4.925s] [ 13%] Built target interfaces__rosidl_generator_c
[4.926s] [ 34%] Built target interfaces__rosidl_typesupport_introspection_c
[4.927s] [ 34%] Built target interfaces__rosidl_typesupport_introspection_cpp
[4.927s] [ 44%] Built target interfaces__rosidl_typesupport_fastrtps_cpp
[4.929s] [ 55%] Built target interfaces__rosidl_typesupport_fastrtps_c
[4.930s] [ 65%] Built target interfaces__rosidl_typesupport_cpp
[4.930s] [ 75%] Built target interfaces__rosidl_typesupport_c
[4.933s] [ 75%] Built target interfaces
[4.950s] [ 79%] Built target interfaces__py
[4.955s] [ 86%] Built target interfaces__python
[4.977s] [ 93%] Built target interfaces__rosidl_typesupport_c__pyext
[4.998s] [100%] Built target interfaces__rosidl_typesupport_fastrtps_c__pyext
[5.036s] [36mInstall the project...[0m
[5.057s] -- Install configuration: ""
[5.078s] -- Execute custom install script
[5.086s] -- Up-to-date symlink: /home/rosbot/dev_ws/install/interfaces/share/ament_index/resource_index/rosidl_interfaces/interfaces
[5.086s] -- Up-to-date symlink: /home/rosbot/dev_ws/install/interfaces/lib/libinterfaces__rosidl_typesupport_c.so
[5.087s] -- Up-to-date symlink: /home/rosbot/dev_ws/install/interfaces/share/interfaces/environment/library_path.sh
[5.088s] -- Up-to-date symlink: /home/rosbot/dev_ws/install/interfaces/share/interfaces/environment/library_path.dsv
[5.088s] -- Up-to-date symlink: /home/rosbot/dev_ws/install/interfaces/lib/libinterfaces__rosidl_typesupport_cpp.so
[5.089s] -- Up-to-date symlink: /home/rosbot/dev_ws/install/interfaces/include/interfaces/msg/rosidl_typesupport_fastrtps_c__visibility_control.h
[5.089s] -- Up-to-date symlink: /home/rosbot/dev_ws/install/interfaces/include/interfaces/msg/vector2__rosidl_typesupport_fastrtps_c.h
[5.090s] -- Up-to-date symlink: /home/rosbot/dev_ws/install/interfaces/lib/libinterfaces__rosidl_typesupport_fastrtps_c.so
[5.090s] -- Up-to-date symlink: /home/rosbot/dev_ws/install/interfaces/include/interfaces/msg/rosidl_generator_c__visibility_control.h
[5.091s] -- Up-to-date symlink: /home/rosbot/dev_ws/install/interfaces/include/interfaces/msg/vector2.h
[5.092s] -- Up-to-date symlink: /home/rosbot/dev_ws/install/interfaces/include/interfaces/msg/vector2__functions.h
[5.092s] -- Up-to-date symlink: /home/rosbot/dev_ws/install/interfaces/include/interfaces/msg/vector2__struct.h
[5.093s] -- Up-to-date symlink: /home/rosbot/dev_ws/install/interfaces/include/interfaces/msg/vector2__type_support.h
[5.093s] -- Up-to-date symlink: /home/rosbot/dev_ws/install/interfaces/lib/libinterfaces__rosidl_generator_c.so
[5.094s] -- Up-to-date symlink: /home/rosbot/dev_ws/install/interfaces/include/interfaces/msg/rosidl_typesupport_fastrtps_cpp__visibility_control.h
[5.102s] -- Up-to-date symlink: /home/rosbot/dev_ws/install/interfaces/include/interfaces/msg/vector2__rosidl_typesupport_fastrtps_cpp.hpp
[5.103s] -- Up-to-date symlink: /home/rosbot/dev_ws/install/interfaces/lib/libinterfaces__rosidl_typesupport_fastrtps_cpp.so
[5.105s] -- Up-to-date symlink: /home/rosbot/dev_ws/install/interfaces/include/interfaces/msg/vector2.hpp
[5.106s] -- Up-to-date symlink: /home/rosbot/dev_ws/install/interfaces/include/interfaces/msg/vector2__struct.hpp
[5.107s] -- Up-to-date symlink: /home/rosbot/dev_ws/install/interfaces/include/interfaces/msg/vector2__traits.hpp
[5.107s] -- Up-to-date symlink: /home/rosbot/dev_ws/install/interfaces/include/interfaces/msg/rosidl_typesupport_introspection_c__visibility_control.h
[5.108s] -- Up-to-date symlink: /home/rosbot/dev_ws/install/interfaces/include/interfaces/msg/vector2__rosidl_typesupport_introspection_c.h
[5.109s] -- Up-to-date symlink: /home/rosbot/dev_ws/install/interfaces/lib/libinterfaces__rosidl_typesupport_introspection_c.so
[5.109s] -- Up-to-date symlink: /home/rosbot/dev_ws/install/interfaces/include/interfaces/msg/vector2__rosidl_typesupport_introspection_cpp.hpp
[5.110s] -- Up-to-date symlink: /home/rosbot/dev_ws/install/interfaces/lib/libinterfaces__rosidl_typesupport_introspection_cpp.so
[5.110s] -- Up-to-date symlink: /home/rosbot/dev_ws/install/interfaces/share/interfaces/environment/pythonpath.sh
[5.111s] -- Up-to-date symlink: /home/rosbot/dev_ws/install/interfaces/share/interfaces/environment/pythonpath.dsv
[5.111s] -- Up-to-date symlink: /home/rosbot/dev_ws/install/interfaces/lib/python3.6/site-packages/interfaces/__init__.py
[5.112s] -- Up-to-date symlink: /home/rosbot/dev_ws/install/interfaces/lib/python3.6/site-packages/interfaces/msg/__init__.py
[5.112s] -- Up-to-date symlink: /home/rosbot/dev_ws/install/interfaces/lib/python3.6/site-packages/interfaces/msg/_vector2.py
[5.113s] -- Up-to-date symlink: /home/rosbot/dev_ws/install/interfaces/lib/python3.6/site-packages/interfaces/interfaces_s__rosidl_typesupport_c.cpython-36m-aarch64-linux-gnu.so
[5.114s] -- Up-to-date symlink: /home/rosbot/dev_ws/install/interfaces/lib/python3.6/site-packages/interfaces/interfaces_s__rosidl_typesupport_fastrtps_c.cpython-36m-aarch64-linux-gnu.so
[5.117s] -- Up-to-date symlink: /home/rosbot/dev_ws/install/interfaces/lib/libinterfaces__python.so
[5.118s] -- Up-to-date symlink: /home/rosbot/dev_ws/install/interfaces/share/interfaces/msg/Vector2.idl
[5.118s] -- Up-to-date symlink: /home/rosbot/dev_ws/install/interfaces/share/interfaces/msg/Vector2.msg
[5.119s] -- Up-to-date symlink: /home/rosbot/dev_ws/install/interfaces/share/ament_index/resource_index/package_run_dependencies/interfaces
[5.120s] -- Up-to-date symlink: /home/rosbot/dev_ws/install/interfaces/share/ament_index/resource_index/parent_prefix_path/interfaces
[5.141s] -- Up-to-date symlink: /home/rosbot/dev_ws/install/interfaces/share/interfaces/environment/ament_prefix_path.sh
[5.162s] -- Up-to-date symlink: /home/rosbot/dev_ws/install/interfaces/share/interfaces/environment/ament_prefix_path.dsv
[5.183s] -- Up-to-date symlink: /home/rosbot/dev_ws/install/interfaces/share/interfaces/environment/path.sh
[5.188s] -- Up-to-date symlink: /home/rosbot/dev_ws/install/interfaces/share/interfaces/environment/path.dsv
[5.189s] -- Up-to-date symlink: /home/rosbot/dev_ws/install/interfaces/share/interfaces/local_setup.bash
[5.191s] -- Up-to-date symlink: /home/rosbot/dev_ws/install/interfaces/share/interfaces/local_setup.sh
[5.192s] -- Up-to-date symlink: /home/rosbot/dev_ws/install/interfaces/share/interfaces/local_setup.zsh
[5.193s] -- Up-to-date symlink: /home/rosbot/dev_ws/install/interfaces/share/interfaces/local_setup.dsv
[5.194s] -- Symlinking: /home/rosbot/dev_ws/install/interfaces/share/interfaces/package.dsv
[5.195s] -- Up-to-date symlink: /home/rosbot/dev_ws/install/interfaces/share/ament_index/resource_index/packages/interfaces
[5.196s] -- Up-to-date symlink: /home/rosbot/dev_ws/install/interfaces/share/interfaces/cmake/rosidl_cmake-extras.cmake
[5.197s] -- Up-to-date symlink: /home/rosbot/dev_ws/install/interfaces/share/interfaces/cmake/ament_cmake_export_libraries-extras.cmake
[5.197s] -- Up-to-date symlink: /home/rosbot/dev_ws/install/interfaces/share/interfaces/cmake/ament_cmake_export_include_directories-extras.cmake
[5.198s] -- Up-to-date symlink: /home/rosbot/dev_ws/install/interfaces/share/interfaces/cmake/interfacesConfig.cmake
[5.200s] -- Up-to-date symlink: /home/rosbot/dev_ws/install/interfaces/share/interfaces/cmake/interfacesConfig-version.cmake
[5.201s] -- Up-to-date symlink: /home/rosbot/dev_ws/install/interfaces/share/interfaces/package.xml
[5.944s] Invoked command in '/home/rosbot/dev_ws/build/interfaces' returned '0': CMAKE_PREFIX_PATH=/opt/ros/eloquent /usr/bin/cmake --build /home/rosbot/dev_ws/build/interfaces --target install -- -j4 -l4
