[7.369s] Invoking command in '/home/rosbot/dev_ws/build/py_pubsub': PYTHONPATH=/home/rosbot/dev_ws/install/py_pubsub/lib/python3.6/site-packages:${PYTHONPATH} /usr/bin/python3 setup.py develop --prefix /home/rosbot/dev_ws/install/py_pubsub --editable --build-directory /home/rosbot/dev_ws/build/py_pubsub/build --no-deps install_data --install-dir /home/rosbot/dev_ws/install/py_pubsub
[8.687s] /home/rosbot/.local/lib/python3.6/site-packages/setuptools/dist.py:726: UserWarning: Usage of dash-separated 'script-dir' will not be supported in future versions. Please use the underscore name 'script_dir' instead
[8.688s]   % (opt, underscore_opt)
[8.689s] /home/rosbot/.local/lib/python3.6/site-packages/setuptools/dist.py:726: UserWarning: Usage of dash-separated 'install-scripts' will not be supported in future versions. Please use the underscore name 'install_scripts' instead
[8.690s]   % (opt, underscore_opt)
[8.956s] running develop
[8.957s] /home/rosbot/.local/lib/python3.6/site-packages/setuptools/command/easy_install.py:159: EasyInstallDeprecationWarning: easy_install command is deprecated. Use build and pip and other standards-based tools.
[8.958s]   EasyInstallDeprecationWarning,
[8.961s] /home/rosbot/.local/lib/python3.6/site-packages/setuptools/command/install.py:37: SetuptoolsDeprecationWarning: setup.py install is deprecated. Use build and pip and other standards-based tools.
[8.961s]   setuptools.SetuptoolsDeprecationWarning,
[9.220s] /home/rosbot/.local/lib/python3.6/site-packages/pkg_resources/__init__.py:119: PkgResourcesDeprecationWarning: 0.18ubuntu0.18.04.1 is an invalid version and will not be supported in a future release
[9.221s]   PkgResourcesDeprecationWarning,
[9.696s] running egg_info
[9.698s] writing py_pubsub.egg-info/PKG-INFO
[9.707s] writing dependency_links to py_pubsub.egg-info/dependency_links.txt
[9.719s] writing entry points to py_pubsub.egg-info/entry_points.txt
[9.721s] writing requirements to py_pubsub.egg-info/requires.txt
[9.725s] writing top-level names to py_pubsub.egg-info/top_level.txt
[9.728s] reading manifest file 'py_pubsub.egg-info/SOURCES.txt'
[9.733s] writing manifest file 'py_pubsub.egg-info/SOURCES.txt'
[9.752s] running build_ext
[9.754s] Creating /home/rosbot/dev_ws/install/py_pubsub/lib/python3.6/site-packages/py-pubsub.egg-link (link to .)
[9.755s] Installing listener script to /home/rosbot/dev_ws/install/py_pubsub/lib/py_pubsub
[9.757s] Installing talker script to /home/rosbot/dev_ws/install/py_pubsub/lib/py_pubsub
[9.758s] 
[9.760s] Installed /home/rosbot/dev_ws/build/py_pubsub
[9.761s] running install_data
[10.556s] Invoked command in '/home/rosbot/dev_ws/build/py_pubsub' returned '0': PYTHONPATH=/home/rosbot/dev_ws/install/py_pubsub/lib/python3.6/site-packages:${PYTHONPATH} /usr/bin/python3 setup.py develop --prefix /home/rosbot/dev_ws/install/py_pubsub --editable --build-directory /home/rosbot/dev_ws/build/py_pubsub/build --no-deps install_data --install-dir /home/rosbot/dev_ws/install/py_pubsub
