[0.161s] Invoking command in '/home/rosbot/dev_ws/build/rosbridge_server': AMENT_PREFIX_PATH=/home/rosbot/dev_ws/install/rosapi:/home/rosbot/dev_ws/install/rosbridge_library:/home/rosbot/dev_ws/install/rosbridge_msgs:/home/rosbot/dev_ws/install/rosapi_msgs:${AMENT_PREFIX_PATH} CMAKE_PREFIX_PATH=/home/rosbot/dev_ws/install/rosapi:/home/rosbot/dev_ws/install/rosbridge_library:/home/rosbot/dev_ws/install/rosbridge_msgs:/home/rosbot/dev_ws/install/rosapi_msgs:/opt/ros/eloquent LD_LIBRARY_PATH=/home/rosbot/dev_ws/install/rosbridge_msgs/lib:/home/rosbot/dev_ws/install/rosapi_msgs/lib:${LD_LIBRARY_PATH} PYTHONPATH=/home/rosbot/dev_ws/install/rosapi/lib/python3.6/site-packages:/home/rosbot/dev_ws/install/rosbridge_library/lib/python3.6/site-packages:/home/rosbot/dev_ws/install/rosbridge_msgs/lib/python3.6/site-packages:/home/rosbot/dev_ws/install/rosapi_msgs/lib/python3.6/site-packages:${PYTHONPATH} /usr/bin/cmake --build /home/rosbot/dev_ws/build/rosbridge_server -- -j4 -l4
[0.371s] Invoked command in '/home/rosbot/dev_ws/build/rosbridge_server' returned '0': AMENT_PREFIX_PATH=/home/rosbot/dev_ws/install/rosapi:/home/rosbot/dev_ws/install/rosbridge_library:/home/rosbot/dev_ws/install/rosbridge_msgs:/home/rosbot/dev_ws/install/rosapi_msgs:${AMENT_PREFIX_PATH} CMAKE_PREFIX_PATH=/home/rosbot/dev_ws/install/rosapi:/home/rosbot/dev_ws/install/rosbridge_library:/home/rosbot/dev_ws/install/rosbridge_msgs:/home/rosbot/dev_ws/install/rosapi_msgs:/opt/ros/eloquent LD_LIBRARY_PATH=/home/rosbot/dev_ws/install/rosbridge_msgs/lib:/home/rosbot/dev_ws/install/rosapi_msgs/lib:${LD_LIBRARY_PATH} PYTHONPATH=/home/rosbot/dev_ws/install/rosapi/lib/python3.6/site-packages:/home/rosbot/dev_ws/install/rosbridge_library/lib/python3.6/site-packages:/home/rosbot/dev_ws/install/rosbridge_msgs/lib/python3.6/site-packages:/home/rosbot/dev_ws/install/rosapi_msgs/lib/python3.6/site-packages:${PYTHONPATH} /usr/bin/cmake --build /home/rosbot/dev_ws/build/rosbridge_server -- -j4 -l4
[0.453s] Invoking command in '/home/rosbot/dev_ws/build/rosbridge_server': AMENT_PREFIX_PATH=/home/rosbot/dev_ws/install/rosapi:/home/rosbot/dev_ws/install/rosbridge_library:/home/rosbot/dev_ws/install/rosbridge_msgs:/home/rosbot/dev_ws/install/rosapi_msgs:${AMENT_PREFIX_PATH} CMAKE_PREFIX_PATH=/home/rosbot/dev_ws/install/rosapi:/home/rosbot/dev_ws/install/rosbridge_library:/home/rosbot/dev_ws/install/rosbridge_msgs:/home/rosbot/dev_ws/install/rosapi_msgs:/opt/ros/eloquent LD_LIBRARY_PATH=/home/rosbot/dev_ws/install/rosbridge_msgs/lib:/home/rosbot/dev_ws/install/rosapi_msgs/lib:${LD_LIBRARY_PATH} PYTHONPATH=/home/rosbot/dev_ws/install/rosapi/lib/python3.6/site-packages:/home/rosbot/dev_ws/install/rosbridge_library/lib/python3.6/site-packages:/home/rosbot/dev_ws/install/rosbridge_msgs/lib/python3.6/site-packages:/home/rosbot/dev_ws/install/rosapi_msgs/lib/python3.6/site-packages:${PYTHONPATH} /usr/bin/cmake --build /home/rosbot/dev_ws/build/rosbridge_server --target install -- -j4 -l4
[0.638s] [36mInstall the project...[0m
[0.673s] -- Install configuration: ""
[0.675s] -- Execute custom install script
[0.676s] -- Up-to-date symlink: /home/rosbot/dev_ws/install/rosbridge_server/share/rosbridge_server/environment/pythonpath.sh
[0.678s] -- Up-to-date symlink: /home/rosbot/dev_ws/install/rosbridge_server/share/rosbridge_server/environment/pythonpath.dsv
[0.680s] -- Up-to-date symlink: /home/rosbot/dev_ws/install/rosbridge_server/lib/python3.6/site-packages/rosbridge_server/__init__.py
[0.681s] -- Up-to-date symlink: /home/rosbot/dev_ws/install/rosbridge_server/lib/python3.6/site-packages/rosbridge_server/client_mananger.py
[0.682s] -- Up-to-date symlink: /home/rosbot/dev_ws/install/rosbridge_server/lib/python3.6/site-packages/rosbridge_server/websocket_handler.py
[0.684s] -- Up-to-date symlink: /home/rosbot/dev_ws/install/rosbridge_server/share/ament_index/resource_index/package_run_dependencies/rosbridge_server
[0.685s] -- Up-to-date symlink: /home/rosbot/dev_ws/install/rosbridge_server/share/ament_index/resource_index/parent_prefix_path/rosbridge_server
[0.686s] -- Up-to-date symlink: /home/rosbot/dev_ws/install/rosbridge_server/share/rosbridge_server/environment/ament_prefix_path.sh
[0.688s] -- Up-to-date symlink: /home/rosbot/dev_ws/install/rosbridge_server/share/rosbridge_server/environment/ament_prefix_path.dsv
[0.689s] -- Up-to-date symlink: /home/rosbot/dev_ws/install/rosbridge_server/share/rosbridge_server/environment/path.sh
[0.690s] -- Up-to-date symlink: /home/rosbot/dev_ws/install/rosbridge_server/share/rosbridge_server/environment/path.dsv
[0.691s] -- Up-to-date symlink: /home/rosbot/dev_ws/install/rosbridge_server/share/rosbridge_server/local_setup.bash
[0.693s] -- Up-to-date symlink: /home/rosbot/dev_ws/install/rosbridge_server/share/rosbridge_server/local_setup.sh
[0.694s] -- Up-to-date symlink: /home/rosbot/dev_ws/install/rosbridge_server/share/rosbridge_server/local_setup.zsh
[0.695s] -- Up-to-date symlink: /home/rosbot/dev_ws/install/rosbridge_server/share/rosbridge_server/local_setup.dsv
[0.696s] -- Symlinking: /home/rosbot/dev_ws/install/rosbridge_server/share/rosbridge_server/package.dsv
[0.734s] -- Up-to-date symlink: /home/rosbot/dev_ws/install/rosbridge_server/share/ament_index/resource_index/packages/rosbridge_server
[0.735s] -- Up-to-date symlink: /home/rosbot/dev_ws/install/rosbridge_server/share/rosbridge_server/cmake/rosbridge_serverConfig.cmake
[0.736s] -- Up-to-date symlink: /home/rosbot/dev_ws/install/rosbridge_server/share/rosbridge_server/cmake/rosbridge_serverConfig-version.cmake
[0.737s] -- Up-to-date symlink: /home/rosbot/dev_ws/install/rosbridge_server/share/rosbridge_server/package.xml
[0.738s] -- Up-to-date symlink: /home/rosbot/dev_ws/install/rosbridge_server/lib/rosbridge_server/rosbridge_websocket.py
[0.739s] -- Up-to-date symlink: /home/rosbot/dev_ws/install/rosbridge_server/lib/rosbridge_server/rosbridge_websocket
[0.741s] -- Up-to-date symlink: /home/rosbot/dev_ws/install/rosbridge_server/share/rosbridge_server/launch/rosbridge_websocket_launch.xml
[0.917s] Listing '/home/rosbot/dev_ws/install/rosbridge_server/lib/python3.6/site-packages/rosbridge_server'...
[1.113s] Invoked command in '/home/rosbot/dev_ws/build/rosbridge_server' returned '0': AMENT_PREFIX_PATH=/home/rosbot/dev_ws/install/rosapi:/home/rosbot/dev_ws/install/rosbridge_library:/home/rosbot/dev_ws/install/rosbridge_msgs:/home/rosbot/dev_ws/install/rosapi_msgs:${AMENT_PREFIX_PATH} CMAKE_PREFIX_PATH=/home/rosbot/dev_ws/install/rosapi:/home/rosbot/dev_ws/install/rosbridge_library:/home/rosbot/dev_ws/install/rosbridge_msgs:/home/rosbot/dev_ws/install/rosapi_msgs:/opt/ros/eloquent LD_LIBRARY_PATH=/home/rosbot/dev_ws/install/rosbridge_msgs/lib:/home/rosbot/dev_ws/install/rosapi_msgs/lib:${LD_LIBRARY_PATH} PYTHONPATH=/home/rosbot/dev_ws/install/rosapi/lib/python3.6/site-packages:/home/rosbot/dev_ws/install/rosbridge_library/lib/python3.6/site-packages:/home/rosbot/dev_ws/install/rosbridge_msgs/lib/python3.6/site-packages:/home/rosbot/dev_ws/install/rosapi_msgs/lib/python3.6/site-packages:${PYTHONPATH} /usr/bin/cmake --build /home/rosbot/dev_ws/build/rosbridge_server --target install -- -j4 -l4
