/home/rosbot/.local/lib/python3.6/site-packages/setuptools/dist.py:726: UserWarning: Usage of dash-separated 'script-dir' will not be supported in future versions. Please use the underscore name 'script_dir' instead
  % (opt, underscore_opt)
/home/rosbot/.local/lib/python3.6/site-packages/setuptools/dist.py:726: UserWarning: Usage of dash-separated 'install-scripts' will not be supported in future versions. Please use the underscore name 'install_scripts' instead
  % (opt, underscore_opt)
running develop
/home/rosbot/.local/lib/python3.6/site-packages/setuptools/command/easy_install.py:159: EasyInstallDeprecationWarning: easy_install command is deprecated. Use build and pip and other standards-based tools.
  EasyInstallDeprecationWarning,
/home/rosbot/.local/lib/python3.6/site-packages/setuptools/command/install.py:37: SetuptoolsDeprecationWarning: setup.py install is deprecated. Use build and pip and other standards-based tools.
  setuptools.SetuptoolsDeprecationWarning,
/home/rosbot/.local/lib/python3.6/site-packages/pkg_resources/__init__.py:119: PkgResourcesDeprecationWarning: 0.18ubuntu0.18.04.1 is an invalid version and will not be supported in a future release
  PkgResourcesDeprecationWarning,
running egg_info
creating py_pubsub.egg-info
writing py_pubsub.egg-info/PKG-INFO
writing dependency_links to py_pubsub.egg-info/dependency_links.txt
writing entry points to py_pubsub.egg-info/entry_points.txt
writing requirements to py_pubsub.egg-info/requires.txt
writing top-level names to py_pubsub.egg-info/top_level.txt
writing manifest file 'py_pubsub.egg-info/SOURCES.txt'
reading manifest file 'py_pubsub.egg-info/SOURCES.txt'
writing manifest file 'py_pubsub.egg-info/SOURCES.txt'
running build_ext
Creating /home/rosbot/dev_ws/install/py_pubsub/lib/python3.6/site-packages/py-pubsub.egg-link (link to .)
Installing listener script to /home/rosbot/dev_ws/install/py_pubsub/lib/py_pubsub
Installing talker script to /home/rosbot/dev_ws/install/py_pubsub/lib/py_pubsub

Installed /home/rosbot/dev_ws/build/py_pubsub
running install_data
creating /home/rosbot/dev_ws/install/py_pubsub/share/ament_index
creating /home/rosbot/dev_ws/install/py_pubsub/share/ament_index/resource_index
creating /home/rosbot/dev_ws/install/py_pubsub/share/ament_index/resource_index/packages
copying resource/py_pubsub -> /home/rosbot/dev_ws/install/py_pubsub/share/ament_index/resource_index/packages
copying package.xml -> /home/rosbot/dev_ws/install/py_pubsub/share/py_pubsub
