[5.037s] Invoking command in '/home/rosbot/dev_ws/build/py_pubsub': PYTHONPATH=/home/rosbot/dev_ws/install/py_pubsub/lib/python3.6/site-packages:${PYTHONPATH} /usr/bin/python3 setup.py develop --prefix /home/rosbot/dev_ws/install/py_pubsub --editable --build-directory /home/rosbot/dev_ws/build/py_pubsub/build --no-deps install_data --install-dir /home/rosbot/dev_ws/install/py_pubsub
[6.511s] /home/rosbot/.local/lib/python3.6/site-packages/setuptools/dist.py:726: UserWarning: Usage of dash-separated 'script-dir' will not be supported in future versions. Please use the underscore name 'script_dir' instead
[6.533s]   % (opt, underscore_opt)
[6.544s] /home/rosbot/.local/lib/python3.6/site-packages/setuptools/dist.py:726: UserWarning: Usage of dash-separated 'install-scripts' will not be supported in future versions. Please use the underscore name 'install_scripts' instead
[6.564s]   % (opt, underscore_opt)
[6.756s] running develop
[6.762s] /home/rosbot/.local/lib/python3.6/site-packages/setuptools/command/easy_install.py:159: EasyInstallDeprecationWarning: easy_install command is deprecated. Use build and pip and other standards-based tools.
[6.778s]   EasyInstallDeprecationWarning,
[6.784s] /home/rosbot/.local/lib/python3.6/site-packages/setuptools/command/install.py:37: SetuptoolsDeprecationWarning: setup.py install is deprecated. Use build and pip and other standards-based tools.
[6.785s]   setuptools.SetuptoolsDeprecationWarning,
[7.037s] /home/rosbot/.local/lib/python3.6/site-packages/pkg_resources/__init__.py:119: PkgResourcesDeprecationWarning: 0.18ubuntu0.18.04.1 is an invalid version and will not be supported in a future release
[7.038s]   PkgResourcesDeprecationWarning,
[7.583s] running egg_info
[7.584s] writing py_pubsub.egg-info/PKG-INFO
[7.585s] writing dependency_links to py_pubsub.egg-info/dependency_links.txt
[7.586s] writing entry points to py_pubsub.egg-info/entry_points.txt
[7.587s] writing requirements to py_pubsub.egg-info/requires.txt
[7.588s] writing top-level names to py_pubsub.egg-info/top_level.txt
[7.593s] reading manifest file 'py_pubsub.egg-info/SOURCES.txt'
[7.598s] writing manifest file 'py_pubsub.egg-info/SOURCES.txt'
[7.606s] running build_ext
[7.607s] Creating /home/rosbot/dev_ws/install/py_pubsub/lib/python3.6/site-packages/py-pubsub.egg-link (link to .)
[7.611s] Installing listener script to /home/rosbot/dev_ws/install/py_pubsub/lib/py_pubsub
[7.612s] Installing talker script to /home/rosbot/dev_ws/install/py_pubsub/lib/py_pubsub
[7.613s] 
[7.613s] Installed /home/rosbot/dev_ws/build/py_pubsub
[7.614s] running install_data
[7.756s] Invoked command in '/home/rosbot/dev_ws/build/py_pubsub' returned '0': PYTHONPATH=/home/rosbot/dev_ws/install/py_pubsub/lib/python3.6/site-packages:${PYTHONPATH} /usr/bin/python3 setup.py develop --prefix /home/rosbot/dev_ws/install/py_pubsub --editable --build-directory /home/rosbot/dev_ws/build/py_pubsub/build --no-deps install_data --install-dir /home/rosbot/dev_ws/install/py_pubsub
