[0.732s] Invoking command in '/home/rosbot/dev_ws/build/rosapi_msgs': CMAKE_PREFIX_PATH=/opt/ros/eloquent /usr/bin/cmake --build /home/rosbot/dev_ws/build/rosapi_msgs -- -j4 -l4
[2.757s] [  0%] Built target rosapi_msgs__cpp
[2.758s] [ 12%] Built target rosapi_msgs__rosidl_generator_c
[2.759s] [ 24%] Built target rosapi_msgs__rosidl_typesupport_fastrtps_cpp
[2.760s] [ 37%] Built target rosapi_msgs__rosidl_typesupport_introspection_cpp
[2.761s] [ 49%] Built target rosapi_msgs__rosidl_typesupport_introspection_c
[2.763s] [ 61%] Built target rosapi_msgs__rosidl_typesupport_cpp
[2.768s] [ 73%] Built target rosapi_msgs__rosidl_typesupport_fastrtps_c
[2.769s] [ 86%] Built target rosapi_msgs__rosidl_typesupport_c
[2.769s] [ 86%] Built target rosapi_msgs
[2.770s] [ 86%] Built target rosapi_msgs__py
[2.771s] [ 98%] Built target rosapi_msgs__python
[2.771s] [ 99%] Built target rosapi_msgs__rosidl_typesupport_fastrtps_c__pyext
[2.772s] [100%] Built target rosapi_msgs__rosidl_typesupport_c__pyext
[2.793s] Invoked command in '/home/rosbot/dev_ws/build/rosapi_msgs' returned '0': CMAKE_PREFIX_PATH=/opt/ros/eloquent /usr/bin/cmake --build /home/rosbot/dev_ws/build/rosapi_msgs -- -j4 -l4
[5.101s] Invoking command in '/home/rosbot/dev_ws/build/rosapi_msgs': CMAKE_PREFIX_PATH=/opt/ros/eloquent /usr/bin/cmake --build /home/rosbot/dev_ws/build/rosapi_msgs --target install -- -j4 -l4
[5.436s] [  0%] Built target rosapi_msgs__cpp
[5.520s] [ 12%] Built target rosapi_msgs__rosidl_generator_c
[5.647s] [ 25%] Built target rosapi_msgs__rosidl_typesupport_introspection_cpp
[5.745s] [ 37%] Built target rosapi_msgs__rosidl_typesupport_introspection_c
[5.821s] [ 49%] Built target rosapi_msgs__rosidl_typesupport_fastrtps_cpp
[6.145s] [ 61%] Built target rosapi_msgs__rosidl_typesupport_fastrtps_c
[6.229s] [ 73%] Built target rosapi_msgs__rosidl_typesupport_cpp
[6.324s] [ 86%] Built target rosapi_msgs__rosidl_typesupport_c
[6.390s] [ 86%] Built target rosapi_msgs
[6.480s] [ 86%] Built target rosapi_msgs__py
[6.728s] [ 98%] Built target rosapi_msgs__python
[6.962s] [ 99%] Built target rosapi_msgs__rosidl_typesupport_fastrtps_c__pyext
[6.968s] [100%] Built target rosapi_msgs__rosidl_typesupport_c__pyext
[7.076s] [36mInstall the project...[0m
[7.140s] -- Install configuration: ""
[7.153s] -- Execute custom install script
[7.160s] -- Up-to-date symlink: /home/rosbot/dev_ws/install/rosapi_msgs/share/ament_index/resource_index/rosidl_interfaces/rosapi_msgs
[7.166s] -- Up-to-date symlink: /home/rosbot/dev_ws/install/rosapi_msgs/include/rosapi_msgs/msg/type_def.hpp
[7.178s] -- Up-to-date symlink: /home/rosbot/dev_ws/install/rosapi_msgs/include/rosapi_msgs/msg/type_def__struct.hpp
[7.179s] -- Up-to-date symlink: /home/rosbot/dev_ws/install/rosapi_msgs/include/rosapi_msgs/msg/type_def__traits.hpp
[7.179s] -- Up-to-date symlink: /home/rosbot/dev_ws/install/rosapi_msgs/include/rosapi_msgs/srv/delete_param.hpp
[7.184s] -- Up-to-date symlink: /home/rosbot/dev_ws/install/rosapi_msgs/include/rosapi_msgs/srv/delete_param__struct.hpp
[7.186s] -- Up-to-date symlink: /home/rosbot/dev_ws/install/rosapi_msgs/include/rosapi_msgs/srv/delete_param__traits.hpp
[7.186s] -- Up-to-date symlink: /home/rosbot/dev_ws/install/rosapi_msgs/include/rosapi_msgs/srv/get_action_servers.hpp
[7.192s] -- Up-to-date symlink: /home/rosbot/dev_ws/install/rosapi_msgs/include/rosapi_msgs/srv/get_action_servers__struct.hpp
[7.193s] -- Up-to-date symlink: /home/rosbot/dev_ws/install/rosapi_msgs/include/rosapi_msgs/srv/get_action_servers__traits.hpp
[7.194s] -- Up-to-date symlink: /home/rosbot/dev_ws/install/rosapi_msgs/include/rosapi_msgs/srv/get_param.hpp
[7.195s] -- Up-to-date symlink: /home/rosbot/dev_ws/install/rosapi_msgs/include/rosapi_msgs/srv/get_param__struct.hpp
[7.202s] -- Up-to-date symlink: /home/rosbot/dev_ws/install/rosapi_msgs/include/rosapi_msgs/srv/get_param__traits.hpp
[7.215s] -- Up-to-date symlink: /home/rosbot/dev_ws/install/rosapi_msgs/include/rosapi_msgs/srv/get_param_names.hpp
[7.216s] -- Up-to-date symlink: /home/rosbot/dev_ws/install/rosapi_msgs/include/rosapi_msgs/srv/get_param_names__struct.hpp
[7.217s] -- Up-to-date symlink: /home/rosbot/dev_ws/install/rosapi_msgs/include/rosapi_msgs/srv/get_param_names__traits.hpp
[7.218s] -- Up-to-date symlink: /home/rosbot/dev_ws/install/rosapi_msgs/include/rosapi_msgs/srv/get_ros_version.hpp
[7.219s] -- Up-to-date symlink: /home/rosbot/dev_ws/install/rosapi_msgs/include/rosapi_msgs/srv/get_ros_version__struct.hpp
[7.220s] -- Up-to-date symlink: /home/rosbot/dev_ws/install/rosapi_msgs/include/rosapi_msgs/srv/get_ros_version__traits.hpp
[7.221s] -- Up-to-date symlink: /home/rosbot/dev_ws/install/rosapi_msgs/include/rosapi_msgs/srv/get_time.hpp
[7.223s] -- Up-to-date symlink: /home/rosbot/dev_ws/install/rosapi_msgs/include/rosapi_msgs/srv/get_time__struct.hpp
[7.224s] -- Up-to-date symlink: /home/rosbot/dev_ws/install/rosapi_msgs/include/rosapi_msgs/srv/get_time__traits.hpp
[7.237s] -- Up-to-date symlink: /home/rosbot/dev_ws/install/rosapi_msgs/include/rosapi_msgs/srv/has_param.hpp
[7.238s] -- Up-to-date symlink: /home/rosbot/dev_ws/install/rosapi_msgs/include/rosapi_msgs/srv/has_param__struct.hpp
[7.240s] -- Up-to-date symlink: /home/rosbot/dev_ws/install/rosapi_msgs/include/rosapi_msgs/srv/has_param__traits.hpp
[7.241s] -- Up-to-date symlink: /home/rosbot/dev_ws/install/rosapi_msgs/include/rosapi_msgs/srv/message_details.hpp
[7.249s] -- Up-to-date symlink: /home/rosbot/dev_ws/install/rosapi_msgs/include/rosapi_msgs/srv/message_details__struct.hpp
[7.250s] -- Up-to-date symlink: /home/rosbot/dev_ws/install/rosapi_msgs/include/rosapi_msgs/srv/message_details__traits.hpp
[7.252s] -- Up-to-date symlink: /home/rosbot/dev_ws/install/rosapi_msgs/include/rosapi_msgs/srv/node_details.hpp
[7.253s] -- Up-to-date symlink: /home/rosbot/dev_ws/install/rosapi_msgs/include/rosapi_msgs/srv/node_details__struct.hpp
[7.263s] -- Up-to-date symlink: /home/rosbot/dev_ws/install/rosapi_msgs/include/rosapi_msgs/srv/node_details__traits.hpp
[7.265s] -- Up-to-date symlink: /home/rosbot/dev_ws/install/rosapi_msgs/include/rosapi_msgs/srv/nodes.hpp
[7.265s] -- Up-to-date symlink: /home/rosbot/dev_ws/install/rosapi_msgs/include/rosapi_msgs/srv/nodes__struct.hpp
[7.268s] -- Up-to-date symlink: /home/rosbot/dev_ws/install/rosapi_msgs/include/rosapi_msgs/srv/nodes__traits.hpp
[7.269s] -- Up-to-date symlink: /home/rosbot/dev_ws/install/rosapi_msgs/include/rosapi_msgs/srv/publishers.hpp
[7.271s] -- Up-to-date symlink: /home/rosbot/dev_ws/install/rosapi_msgs/include/rosapi_msgs/srv/publishers__struct.hpp
[7.271s] -- Up-to-date symlink: /home/rosbot/dev_ws/install/rosapi_msgs/include/rosapi_msgs/srv/publishers__traits.hpp
[7.279s] -- Up-to-date symlink: /home/rosbot/dev_ws/install/rosapi_msgs/include/rosapi_msgs/srv/service_node.hpp
[7.280s] -- Up-to-date symlink: /home/rosbot/dev_ws/install/rosapi_msgs/include/rosapi_msgs/srv/service_node__struct.hpp
[7.281s] -- Up-to-date symlink: /home/rosbot/dev_ws/install/rosapi_msgs/include/rosapi_msgs/srv/service_node__traits.hpp
[7.283s] -- Up-to-date symlink: /home/rosbot/dev_ws/install/rosapi_msgs/include/rosapi_msgs/srv/service_providers.hpp
[7.284s] -- Up-to-date symlink: /home/rosbot/dev_ws/install/rosapi_msgs/include/rosapi_msgs/srv/service_providers__struct.hpp
[7.291s] -- Up-to-date symlink: /home/rosbot/dev_ws/install/rosapi_msgs/include/rosapi_msgs/srv/service_providers__traits.hpp
[7.292s] -- Up-to-date symlink: /home/rosbot/dev_ws/install/rosapi_msgs/include/rosapi_msgs/srv/service_request_details.hpp
[7.293s] -- Up-to-date symlink: /home/rosbot/dev_ws/install/rosapi_msgs/include/rosapi_msgs/srv/service_request_details__struct.hpp
[7.294s] -- Up-to-date symlink: /home/rosbot/dev_ws/install/rosapi_msgs/include/rosapi_msgs/srv/service_request_details__traits.hpp
[7.299s] -- Up-to-date symlink: /home/rosbot/dev_ws/install/rosapi_msgs/include/rosapi_msgs/srv/service_response_details.hpp
[7.301s] -- Up-to-date symlink: /home/rosbot/dev_ws/install/rosapi_msgs/include/rosapi_msgs/srv/service_response_details__struct.hpp
[7.302s] -- Up-to-date symlink: /home/rosbot/dev_ws/install/rosapi_msgs/include/rosapi_msgs/srv/service_response_details__traits.hpp
[7.303s] -- Up-to-date symlink: /home/rosbot/dev_ws/install/rosapi_msgs/include/rosapi_msgs/srv/service_type.hpp
[7.304s] -- Up-to-date symlink: /home/rosbot/dev_ws/install/rosapi_msgs/include/rosapi_msgs/srv/service_type__struct.hpp
[7.315s] -- Up-to-date symlink: /home/rosbot/dev_ws/install/rosapi_msgs/include/rosapi_msgs/srv/service_type__traits.hpp
[7.316s] -- Up-to-date symlink: /home/rosbot/dev_ws/install/rosapi_msgs/include/rosapi_msgs/srv/services.hpp
[7.317s] -- Up-to-date symlink: /home/rosbot/dev_ws/install/rosapi_msgs/include/rosapi_msgs/srv/services__struct.hpp
[7.317s] -- Up-to-date symlink: /home/rosbot/dev_ws/install/rosapi_msgs/include/rosapi_msgs/srv/services__traits.hpp
[7.318s] -- Up-to-date symlink: /home/rosbot/dev_ws/install/rosapi_msgs/include/rosapi_msgs/srv/services_for_type.hpp
[7.319s] -- Up-to-date symlink: /home/rosbot/dev_ws/install/rosapi_msgs/include/rosapi_msgs/srv/services_for_type__struct.hpp
[7.320s] -- Up-to-date symlink: /home/rosbot/dev_ws/install/rosapi_msgs/include/rosapi_msgs/srv/services_for_type__traits.hpp
[7.321s] -- Up-to-date symlink: /home/rosbot/dev_ws/install/rosapi_msgs/include/rosapi_msgs/srv/set_param.hpp
[7.321s] -- Up-to-date symlink: /home/rosbot/dev_ws/install/rosapi_msgs/include/rosapi_msgs/srv/set_param__struct.hpp
[7.328s] -- Up-to-date symlink: /home/rosbot/dev_ws/install/rosapi_msgs/include/rosapi_msgs/srv/set_param__traits.hpp
[7.329s] -- Up-to-date symlink: /home/rosbot/dev_ws/install/rosapi_msgs/include/rosapi_msgs/srv/subscribers.hpp
[7.330s] -- Up-to-date symlink: /home/rosbot/dev_ws/install/rosapi_msgs/include/rosapi_msgs/srv/subscribers__struct.hpp
[7.331s] -- Up-to-date symlink: /home/rosbot/dev_ws/install/rosapi_msgs/include/rosapi_msgs/srv/subscribers__traits.hpp
[7.340s] -- Up-to-date symlink: /home/rosbot/dev_ws/install/rosapi_msgs/include/rosapi_msgs/srv/topic_type.hpp
[7.340s] -- Up-to-date symlink: /home/rosbot/dev_ws/install/rosapi_msgs/include/rosapi_msgs/srv/topic_type__struct.hpp
[7.341s] -- Up-to-date symlink: /home/rosbot/dev_ws/install/rosapi_msgs/include/rosapi_msgs/srv/topic_type__traits.hpp
[7.342s] -- Up-to-date symlink: /home/rosbot/dev_ws/install/rosapi_msgs/include/rosapi_msgs/srv/topics.hpp
[7.344s] -- Up-to-date symlink: /home/rosbot/dev_ws/install/rosapi_msgs/include/rosapi_msgs/srv/topics__struct.hpp
[7.356s] -- Up-to-date symlink: /home/rosbot/dev_ws/install/rosapi_msgs/include/rosapi_msgs/srv/topics__traits.hpp
[7.358s] -- Up-to-date symlink: /home/rosbot/dev_ws/install/rosapi_msgs/include/rosapi_msgs/srv/topics_and_raw_types.hpp
[7.358s] -- Up-to-date symlink: /home/rosbot/dev_ws/install/rosapi_msgs/include/rosapi_msgs/srv/topics_and_raw_types__struct.hpp
[7.360s] -- Up-to-date symlink: /home/rosbot/dev_ws/install/rosapi_msgs/include/rosapi_msgs/srv/topics_and_raw_types__traits.hpp
[7.360s] -- Up-to-date symlink: /home/rosbot/dev_ws/install/rosapi_msgs/include/rosapi_msgs/srv/topics_for_type.hpp
[7.362s] -- Up-to-date symlink: /home/rosbot/dev_ws/install/rosapi_msgs/include/rosapi_msgs/srv/topics_for_type__struct.hpp
[7.363s] -- Up-to-date symlink: /home/rosbot/dev_ws/install/rosapi_msgs/include/rosapi_msgs/srv/topics_for_type__traits.hpp
[7.375s] -- Up-to-date symlink: /home/rosbot/dev_ws/install/rosapi_msgs/include/rosapi_msgs/msg/rosidl_generator_c__visibility_control.h
[7.377s] -- Up-to-date symlink: /home/rosbot/dev_ws/install/rosapi_msgs/include/rosapi_msgs/msg/type_def.h
[7.378s] -- Up-to-date symlink: /home/rosbot/dev_ws/install/rosapi_msgs/include/rosapi_msgs/msg/type_def__functions.h
[7.379s] -- Up-to-date symlink: /home/rosbot/dev_ws/install/rosapi_msgs/include/rosapi_msgs/msg/type_def__struct.h
[7.387s] -- Up-to-date symlink: /home/rosbot/dev_ws/install/rosapi_msgs/include/rosapi_msgs/msg/type_def__type_support.h
[7.389s] -- Up-to-date symlink: /home/rosbot/dev_ws/install/rosapi_msgs/include/rosapi_msgs/srv/delete_param.h
[7.390s] -- Up-to-date symlink: /home/rosbot/dev_ws/install/rosapi_msgs/include/rosapi_msgs/srv/delete_param__functions.h
[7.391s] -- Up-to-date symlink: /home/rosbot/dev_ws/install/rosapi_msgs/include/rosapi_msgs/srv/delete_param__struct.h
[7.392s] -- Up-to-date symlink: /home/rosbot/dev_ws/install/rosapi_msgs/include/rosapi_msgs/srv/delete_param__type_support.h
[7.393s] -- Up-to-date symlink: /home/rosbot/dev_ws/install/rosapi_msgs/include/rosapi_msgs/srv/get_action_servers.h
[7.394s] -- Up-to-date symlink: /home/rosbot/dev_ws/install/rosapi_msgs/include/rosapi_msgs/srv/get_action_servers__functions.h
[7.401s] -- Up-to-date symlink: /home/rosbot/dev_ws/install/rosapi_msgs/include/rosapi_msgs/srv/get_action_servers__struct.h
[7.403s] -- Up-to-date symlink: /home/rosbot/dev_ws/install/rosapi_msgs/include/rosapi_msgs/srv/get_action_servers__type_support.h
[7.403s] -- Up-to-date symlink: /home/rosbot/dev_ws/install/rosapi_msgs/include/rosapi_msgs/srv/get_param.h
[7.407s] -- Up-to-date symlink: /home/rosbot/dev_ws/install/rosapi_msgs/include/rosapi_msgs/srv/get_param__functions.h
[7.407s] -- Up-to-date symlink: /home/rosbot/dev_ws/install/rosapi_msgs/include/rosapi_msgs/srv/get_param__struct.h
[7.408s] -- Up-to-date symlink: /home/rosbot/dev_ws/install/rosapi_msgs/include/rosapi_msgs/srv/get_param__type_support.h
[7.409s] -- Up-to-date symlink: /home/rosbot/dev_ws/install/rosapi_msgs/include/rosapi_msgs/srv/get_param_names.h
[7.410s] -- Up-to-date symlink: /home/rosbot/dev_ws/install/rosapi_msgs/include/rosapi_msgs/srv/get_param_names__functions.h
[7.410s] -- Up-to-date symlink: /home/rosbot/dev_ws/install/rosapi_msgs/include/rosapi_msgs/srv/get_param_names__struct.h
[7.412s] -- Up-to-date symlink: /home/rosbot/dev_ws/install/rosapi_msgs/include/rosapi_msgs/srv/get_param_names__type_support.h
[7.412s] -- Up-to-date symlink: /home/rosbot/dev_ws/install/rosapi_msgs/include/rosapi_msgs/srv/get_ros_version.h
[7.413s] -- Up-to-date symlink: /home/rosbot/dev_ws/install/rosapi_msgs/include/rosapi_msgs/srv/get_ros_version__functions.h
[7.414s] -- Up-to-date symlink: /home/rosbot/dev_ws/install/rosapi_msgs/include/rosapi_msgs/srv/get_ros_version__struct.h
[7.415s] -- Up-to-date symlink: /home/rosbot/dev_ws/install/rosapi_msgs/include/rosapi_msgs/srv/get_ros_version__type_support.h
[7.415s] -- Up-to-date symlink: /home/rosbot/dev_ws/install/rosapi_msgs/include/rosapi_msgs/srv/get_time.h
[7.417s] -- Up-to-date symlink: /home/rosbot/dev_ws/install/rosapi_msgs/include/rosapi_msgs/srv/get_time__functions.h
[7.417s] -- Up-to-date symlink: /home/rosbot/dev_ws/install/rosapi_msgs/include/rosapi_msgs/srv/get_time__struct.h
[7.419s] -- Up-to-date symlink: /home/rosbot/dev_ws/install/rosapi_msgs/include/rosapi_msgs/srv/get_time__type_support.h
[7.420s] -- Up-to-date symlink: /home/rosbot/dev_ws/install/rosapi_msgs/include/rosapi_msgs/srv/has_param.h
[7.421s] -- Up-to-date symlink: /home/rosbot/dev_ws/install/rosapi_msgs/include/rosapi_msgs/srv/has_param__functions.h
[7.422s] -- Up-to-date symlink: /home/rosbot/dev_ws/install/rosapi_msgs/include/rosapi_msgs/srv/has_param__struct.h
[7.425s] -- Up-to-date symlink: /home/rosbot/dev_ws/install/rosapi_msgs/include/rosapi_msgs/srv/has_param__type_support.h
[7.426s] -- Up-to-date symlink: /home/rosbot/dev_ws/install/rosapi_msgs/include/rosapi_msgs/srv/message_details.h
[7.427s] -- Up-to-date symlink: /home/rosbot/dev_ws/install/rosapi_msgs/include/rosapi_msgs/srv/message_details__functions.h
[7.427s] -- Up-to-date symlink: /home/rosbot/dev_ws/install/rosapi_msgs/include/rosapi_msgs/srv/message_details__struct.h
[7.428s] -- Up-to-date symlink: /home/rosbot/dev_ws/install/rosapi_msgs/include/rosapi_msgs/srv/message_details__type_support.h
[7.429s] -- Up-to-date symlink: /home/rosbot/dev_ws/install/rosapi_msgs/include/rosapi_msgs/srv/node_details.h
[7.430s] -- Up-to-date symlink: /home/rosbot/dev_ws/install/rosapi_msgs/include/rosapi_msgs/srv/node_details__functions.h
[7.431s] -- Up-to-date symlink: /home/rosbot/dev_ws/install/rosapi_msgs/include/rosapi_msgs/srv/node_details__struct.h
[7.432s] -- Up-to-date symlink: /home/rosbot/dev_ws/install/rosapi_msgs/include/rosapi_msgs/srv/node_details__type_support.h
[7.433s] -- Up-to-date symlink: /home/rosbot/dev_ws/install/rosapi_msgs/include/rosapi_msgs/srv/nodes.h
[7.434s] -- Up-to-date symlink: /home/rosbot/dev_ws/install/rosapi_msgs/include/rosapi_msgs/srv/nodes__functions.h
[7.435s] -- Up-to-date symlink: /home/rosbot/dev_ws/install/rosapi_msgs/include/rosapi_msgs/srv/nodes__struct.h
[7.436s] -- Up-to-date symlink: /home/rosbot/dev_ws/install/rosapi_msgs/include/rosapi_msgs/srv/nodes__type_support.h
[7.437s] -- Up-to-date symlink: /home/rosbot/dev_ws/install/rosapi_msgs/include/rosapi_msgs/srv/publishers.h
[7.438s] -- Up-to-date symlink: /home/rosbot/dev_ws/install/rosapi_msgs/include/rosapi_msgs/srv/publishers__functions.h
[7.439s] -- Up-to-date symlink: /home/rosbot/dev_ws/install/rosapi_msgs/include/rosapi_msgs/srv/publishers__struct.h
[7.440s] -- Up-to-date symlink: /home/rosbot/dev_ws/install/rosapi_msgs/include/rosapi_msgs/srv/publishers__type_support.h
[7.441s] -- Up-to-date symlink: /home/rosbot/dev_ws/install/rosapi_msgs/include/rosapi_msgs/srv/service_node.h
[7.442s] -- Up-to-date symlink: /home/rosbot/dev_ws/install/rosapi_msgs/include/rosapi_msgs/srv/service_node__functions.h
[7.444s] -- Up-to-date symlink: /home/rosbot/dev_ws/install/rosapi_msgs/include/rosapi_msgs/srv/service_node__struct.h
[7.444s] -- Up-to-date symlink: /home/rosbot/dev_ws/install/rosapi_msgs/include/rosapi_msgs/srv/service_node__type_support.h
[7.445s] -- Up-to-date symlink: /home/rosbot/dev_ws/install/rosapi_msgs/include/rosapi_msgs/srv/service_providers.h
[7.445s] -- Up-to-date symlink: /home/rosbot/dev_ws/install/rosapi_msgs/include/rosapi_msgs/srv/service_providers__functions.h
[7.446s] -- Up-to-date symlink: /home/rosbot/dev_ws/install/rosapi_msgs/include/rosapi_msgs/srv/service_providers__struct.h
[7.447s] -- Up-to-date symlink: /home/rosbot/dev_ws/install/rosapi_msgs/include/rosapi_msgs/srv/service_providers__type_support.h
[7.452s] -- Up-to-date symlink: /home/rosbot/dev_ws/install/rosapi_msgs/include/rosapi_msgs/srv/service_request_details.h
[7.454s] -- Up-to-date symlink: /home/rosbot/dev_ws/install/rosapi_msgs/include/rosapi_msgs/srv/service_request_details__functions.h
[7.455s] -- Up-to-date symlink: /home/rosbot/dev_ws/install/rosapi_msgs/include/rosapi_msgs/srv/service_request_details__struct.h
[7.456s] -- Up-to-date symlink: /home/rosbot/dev_ws/install/rosapi_msgs/include/rosapi_msgs/srv/service_request_details__type_support.h
[7.458s] -- Up-to-date symlink: /home/rosbot/dev_ws/install/rosapi_msgs/include/rosapi_msgs/srv/service_response_details.h
[7.459s] -- Up-to-date symlink: /home/rosbot/dev_ws/install/rosapi_msgs/include/rosapi_msgs/srv/service_response_details__functions.h
[7.462s] -- Up-to-date symlink: /home/rosbot/dev_ws/install/rosapi_msgs/include/rosapi_msgs/srv/service_response_details__struct.h
[7.465s] -- Up-to-date symlink: /home/rosbot/dev_ws/install/rosapi_msgs/include/rosapi_msgs/srv/service_response_details__type_support.h
[7.466s] -- Up-to-date symlink: /home/rosbot/dev_ws/install/rosapi_msgs/include/rosapi_msgs/srv/service_type.h
[7.467s] -- Up-to-date symlink: /home/rosbot/dev_ws/install/rosapi_msgs/include/rosapi_msgs/srv/service_type__functions.h
[7.467s] -- Up-to-date symlink: /home/rosbot/dev_ws/install/rosapi_msgs/include/rosapi_msgs/srv/service_type__struct.h
[7.468s] -- Up-to-date symlink: /home/rosbot/dev_ws/install/rosapi_msgs/include/rosapi_msgs/srv/service_type__type_support.h
[7.471s] -- Up-to-date symlink: /home/rosbot/dev_ws/install/rosapi_msgs/include/rosapi_msgs/srv/services.h
[7.473s] -- Up-to-date symlink: /home/rosbot/dev_ws/install/rosapi_msgs/include/rosapi_msgs/srv/services__functions.h
[7.473s] -- Up-to-date symlink: /home/rosbot/dev_ws/install/rosapi_msgs/include/rosapi_msgs/srv/services__struct.h
[7.475s] -- Up-to-date symlink: /home/rosbot/dev_ws/install/rosapi_msgs/include/rosapi_msgs/srv/services__type_support.h
[7.475s] -- Up-to-date symlink: /home/rosbot/dev_ws/install/rosapi_msgs/include/rosapi_msgs/srv/services_for_type.h
[7.476s] -- Up-to-date symlink: /home/rosbot/dev_ws/install/rosapi_msgs/include/rosapi_msgs/srv/services_for_type__functions.h
[7.477s] -- Up-to-date symlink: /home/rosbot/dev_ws/install/rosapi_msgs/include/rosapi_msgs/srv/services_for_type__struct.h
[7.478s] -- Up-to-date symlink: /home/rosbot/dev_ws/install/rosapi_msgs/include/rosapi_msgs/srv/services_for_type__type_support.h
[7.479s] -- Up-to-date symlink: /home/rosbot/dev_ws/install/rosapi_msgs/include/rosapi_msgs/srv/set_param.h
[7.480s] -- Up-to-date symlink: /home/rosbot/dev_ws/install/rosapi_msgs/include/rosapi_msgs/srv/set_param__functions.h
[7.481s] -- Up-to-date symlink: /home/rosbot/dev_ws/install/rosapi_msgs/include/rosapi_msgs/srv/set_param__struct.h
[7.481s] -- Up-to-date symlink: /home/rosbot/dev_ws/install/rosapi_msgs/include/rosapi_msgs/srv/set_param__type_support.h
[7.482s] -- Up-to-date symlink: /home/rosbot/dev_ws/install/rosapi_msgs/include/rosapi_msgs/srv/subscribers.h
[7.486s] -- Up-to-date symlink: /home/rosbot/dev_ws/install/rosapi_msgs/include/rosapi_msgs/srv/subscribers__functions.h
[7.486s] -- Up-to-date symlink: /home/rosbot/dev_ws/install/rosapi_msgs/include/rosapi_msgs/srv/subscribers__struct.h
[7.487s] -- Up-to-date symlink: /home/rosbot/dev_ws/install/rosapi_msgs/include/rosapi_msgs/srv/subscribers__type_support.h
[7.489s] -- Up-to-date symlink: /home/rosbot/dev_ws/install/rosapi_msgs/include/rosapi_msgs/srv/topic_type.h
[7.491s] -- Up-to-date symlink: /home/rosbot/dev_ws/install/rosapi_msgs/include/rosapi_msgs/srv/topic_type__functions.h
[7.496s] -- Up-to-date symlink: /home/rosbot/dev_ws/install/rosapi_msgs/include/rosapi_msgs/srv/topic_type__struct.h
[7.496s] -- Up-to-date symlink: /home/rosbot/dev_ws/install/rosapi_msgs/include/rosapi_msgs/srv/topic_type__type_support.h
[7.498s] -- Up-to-date symlink: /home/rosbot/dev_ws/install/rosapi_msgs/include/rosapi_msgs/srv/topics.h
[7.498s] -- Up-to-date symlink: /home/rosbot/dev_ws/install/rosapi_msgs/include/rosapi_msgs/srv/topics__functions.h
[7.500s] -- Up-to-date symlink: /home/rosbot/dev_ws/install/rosapi_msgs/include/rosapi_msgs/srv/topics__struct.h
[7.501s] -- Up-to-date symlink: /home/rosbot/dev_ws/install/rosapi_msgs/include/rosapi_msgs/srv/topics__type_support.h
[7.502s] -- Up-to-date symlink: /home/rosbot/dev_ws/install/rosapi_msgs/include/rosapi_msgs/srv/topics_and_raw_types.h
[7.503s] -- Up-to-date symlink: /home/rosbot/dev_ws/install/rosapi_msgs/include/rosapi_msgs/srv/topics_and_raw_types__functions.h
[7.504s] -- Up-to-date symlink: /home/rosbot/dev_ws/install/rosapi_msgs/include/rosapi_msgs/srv/topics_and_raw_types__struct.h
[7.505s] -- Up-to-date symlink: /home/rosbot/dev_ws/install/rosapi_msgs/include/rosapi_msgs/srv/topics_and_raw_types__type_support.h
[7.509s] -- Up-to-date symlink: /home/rosbot/dev_ws/install/rosapi_msgs/include/rosapi_msgs/srv/topics_for_type.h
[7.510s] -- Up-to-date symlink: /home/rosbot/dev_ws/install/rosapi_msgs/include/rosapi_msgs/srv/topics_for_type__functions.h
[7.510s] -- Up-to-date symlink: /home/rosbot/dev_ws/install/rosapi_msgs/include/rosapi_msgs/srv/topics_for_type__struct.h
[7.511s] -- Up-to-date symlink: /home/rosbot/dev_ws/install/rosapi_msgs/include/rosapi_msgs/srv/topics_for_type__type_support.h
[7.512s] -- Up-to-date symlink: /home/rosbot/dev_ws/install/rosapi_msgs/share/rosapi_msgs/environment/library_path.sh
[7.512s] -- Up-to-date symlink: /home/rosbot/dev_ws/install/rosapi_msgs/share/rosapi_msgs/environment/library_path.dsv
[7.513s] -- Up-to-date symlink: /home/rosbot/dev_ws/install/rosapi_msgs/lib/librosapi_msgs__rosidl_generator_c.so
[7.514s] -- Up-to-date symlink: /home/rosbot/dev_ws/install/rosapi_msgs/lib/librosapi_msgs__rosidl_typesupport_c.so
[7.515s] -- Up-to-date symlink: /home/rosbot/dev_ws/install/rosapi_msgs/lib/librosapi_msgs__rosidl_typesupport_cpp.so
[7.522s] -- Up-to-date symlink: /home/rosbot/dev_ws/install/rosapi_msgs/include/rosapi_msgs/msg/rosidl_typesupport_introspection_c__visibility_control.h
[7.523s] -- Up-to-date symlink: /home/rosbot/dev_ws/install/rosapi_msgs/include/rosapi_msgs/msg/type_def__rosidl_typesupport_introspection_c.h
[7.524s] -- Up-to-date symlink: /home/rosbot/dev_ws/install/rosapi_msgs/include/rosapi_msgs/srv/delete_param__rosidl_typesupport_introspection_c.h
[7.525s] -- Up-to-date symlink: /home/rosbot/dev_ws/install/rosapi_msgs/include/rosapi_msgs/srv/get_action_servers__rosidl_typesupport_introspection_c.h
[7.526s] -- Up-to-date symlink: /home/rosbot/dev_ws/install/rosapi_msgs/include/rosapi_msgs/srv/get_param__rosidl_typesupport_introspection_c.h
[7.527s] -- Up-to-date symlink: /home/rosbot/dev_ws/install/rosapi_msgs/include/rosapi_msgs/srv/get_param_names__rosidl_typesupport_introspection_c.h
[7.532s] -- Up-to-date symlink: /home/rosbot/dev_ws/install/rosapi_msgs/include/rosapi_msgs/srv/get_ros_version__rosidl_typesupport_introspection_c.h
[7.533s] -- Up-to-date symlink: /home/rosbot/dev_ws/install/rosapi_msgs/include/rosapi_msgs/srv/get_time__rosidl_typesupport_introspection_c.h
[7.534s] -- Up-to-date symlink: /home/rosbot/dev_ws/install/rosapi_msgs/include/rosapi_msgs/srv/has_param__rosidl_typesupport_introspection_c.h
[7.534s] -- Up-to-date symlink: /home/rosbot/dev_ws/install/rosapi_msgs/include/rosapi_msgs/srv/message_details__rosidl_typesupport_introspection_c.h
[7.536s] -- Up-to-date symlink: /home/rosbot/dev_ws/install/rosapi_msgs/include/rosapi_msgs/srv/node_details__rosidl_typesupport_introspection_c.h
[7.536s] -- Up-to-date symlink: /home/rosbot/dev_ws/install/rosapi_msgs/include/rosapi_msgs/srv/nodes__rosidl_typesupport_introspection_c.h
[7.537s] -- Up-to-date symlink: /home/rosbot/dev_ws/install/rosapi_msgs/include/rosapi_msgs/srv/publishers__rosidl_typesupport_introspection_c.h
[7.538s] -- Up-to-date symlink: /home/rosbot/dev_ws/install/rosapi_msgs/include/rosapi_msgs/srv/service_node__rosidl_typesupport_introspection_c.h
[7.539s] -- Up-to-date symlink: /home/rosbot/dev_ws/install/rosapi_msgs/include/rosapi_msgs/srv/service_providers__rosidl_typesupport_introspection_c.h
[7.543s] -- Up-to-date symlink: /home/rosbot/dev_ws/install/rosapi_msgs/include/rosapi_msgs/srv/service_request_details__rosidl_typesupport_introspection_c.h
[7.552s] -- Up-to-date symlink: /home/rosbot/dev_ws/install/rosapi_msgs/include/rosapi_msgs/srv/service_response_details__rosidl_typesupport_introspection_c.h
[7.552s] -- Up-to-date symlink: /home/rosbot/dev_ws/install/rosapi_msgs/include/rosapi_msgs/srv/service_type__rosidl_typesupport_introspection_c.h
[7.554s] -- Up-to-date symlink: /home/rosbot/dev_ws/install/rosapi_msgs/include/rosapi_msgs/srv/services__rosidl_typesupport_introspection_c.h
[7.563s] -- Up-to-date symlink: /home/rosbot/dev_ws/install/rosapi_msgs/include/rosapi_msgs/srv/services_for_type__rosidl_typesupport_introspection_c.h
[7.563s] -- Up-to-date symlink: /home/rosbot/dev_ws/install/rosapi_msgs/include/rosapi_msgs/srv/set_param__rosidl_typesupport_introspection_c.h
[7.564s] -- Up-to-date symlink: /home/rosbot/dev_ws/install/rosapi_msgs/include/rosapi_msgs/srv/subscribers__rosidl_typesupport_introspection_c.h
[7.565s] -- Up-to-date symlink: /home/rosbot/dev_ws/install/rosapi_msgs/include/rosapi_msgs/srv/topic_type__rosidl_typesupport_introspection_c.h
[7.565s] -- Up-to-date symlink: /home/rosbot/dev_ws/install/rosapi_msgs/include/rosapi_msgs/srv/topics__rosidl_typesupport_introspection_c.h
[7.566s] -- Up-to-date symlink: /home/rosbot/dev_ws/install/rosapi_msgs/include/rosapi_msgs/srv/topics_and_raw_types__rosidl_typesupport_introspection_c.h
[7.566s] -- Up-to-date symlink: /home/rosbot/dev_ws/install/rosapi_msgs/include/rosapi_msgs/srv/topics_for_type__rosidl_typesupport_introspection_c.h
[7.568s] -- Up-to-date symlink: /home/rosbot/dev_ws/install/rosapi_msgs/lib/librosapi_msgs__rosidl_typesupport_introspection_c.so
[7.573s] -- Up-to-date symlink: /home/rosbot/dev_ws/install/rosapi_msgs/include/rosapi_msgs/msg/type_def__rosidl_typesupport_introspection_cpp.hpp
[7.575s] -- Up-to-date symlink: /home/rosbot/dev_ws/install/rosapi_msgs/include/rosapi_msgs/srv/delete_param__rosidl_typesupport_introspection_cpp.hpp
[7.577s] -- Up-to-date symlink: /home/rosbot/dev_ws/install/rosapi_msgs/include/rosapi_msgs/srv/get_action_servers__rosidl_typesupport_introspection_cpp.hpp
[7.578s] -- Up-to-date symlink: /home/rosbot/dev_ws/install/rosapi_msgs/include/rosapi_msgs/srv/get_param__rosidl_typesupport_introspection_cpp.hpp
[7.579s] -- Up-to-date symlink: /home/rosbot/dev_ws/install/rosapi_msgs/include/rosapi_msgs/srv/get_param_names__rosidl_typesupport_introspection_cpp.hpp
[7.580s] -- Up-to-date symlink: /home/rosbot/dev_ws/install/rosapi_msgs/include/rosapi_msgs/srv/get_ros_version__rosidl_typesupport_introspection_cpp.hpp
[7.582s] -- Up-to-date symlink: /home/rosbot/dev_ws/install/rosapi_msgs/include/rosapi_msgs/srv/get_time__rosidl_typesupport_introspection_cpp.hpp
[7.584s] -- Up-to-date symlink: /home/rosbot/dev_ws/install/rosapi_msgs/include/rosapi_msgs/srv/has_param__rosidl_typesupport_introspection_cpp.hpp
[7.586s] -- Up-to-date symlink: /home/rosbot/dev_ws/install/rosapi_msgs/include/rosapi_msgs/srv/message_details__rosidl_typesupport_introspection_cpp.hpp
[7.587s] -- Up-to-date symlink: /home/rosbot/dev_ws/install/rosapi_msgs/include/rosapi_msgs/srv/node_details__rosidl_typesupport_introspection_cpp.hpp
[7.589s] -- Up-to-date symlink: /home/rosbot/dev_ws/install/rosapi_msgs/include/rosapi_msgs/srv/nodes__rosidl_typesupport_introspection_cpp.hpp
[7.590s] -- Up-to-date symlink: /home/rosbot/dev_ws/install/rosapi_msgs/include/rosapi_msgs/srv/publishers__rosidl_typesupport_introspection_cpp.hpp
[7.592s] -- Up-to-date symlink: /home/rosbot/dev_ws/install/rosapi_msgs/include/rosapi_msgs/srv/service_node__rosidl_typesupport_introspection_cpp.hpp
[7.593s] -- Up-to-date symlink: /home/rosbot/dev_ws/install/rosapi_msgs/include/rosapi_msgs/srv/service_providers__rosidl_typesupport_introspection_cpp.hpp
[7.594s] -- Up-to-date symlink: /home/rosbot/dev_ws/install/rosapi_msgs/include/rosapi_msgs/srv/service_request_details__rosidl_typesupport_introspection_cpp.hpp
[7.595s] -- Up-to-date symlink: /home/rosbot/dev_ws/install/rosapi_msgs/include/rosapi_msgs/srv/service_response_details__rosidl_typesupport_introspection_cpp.hpp
[7.596s] -- Up-to-date symlink: /home/rosbot/dev_ws/install/rosapi_msgs/include/rosapi_msgs/srv/service_type__rosidl_typesupport_introspection_cpp.hpp
[7.597s] -- Up-to-date symlink: /home/rosbot/dev_ws/install/rosapi_msgs/include/rosapi_msgs/srv/services__rosidl_typesupport_introspection_cpp.hpp
[7.599s] -- Up-to-date symlink: /home/rosbot/dev_ws/install/rosapi_msgs/include/rosapi_msgs/srv/services_for_type__rosidl_typesupport_introspection_cpp.hpp
[7.599s] -- Up-to-date symlink: /home/rosbot/dev_ws/install/rosapi_msgs/include/rosapi_msgs/srv/set_param__rosidl_typesupport_introspection_cpp.hpp
[7.611s] -- Up-to-date symlink: /home/rosbot/dev_ws/install/rosapi_msgs/include/rosapi_msgs/srv/subscribers__rosidl_typesupport_introspection_cpp.hpp
[7.612s] -- Up-to-date symlink: /home/rosbot/dev_ws/install/rosapi_msgs/include/rosapi_msgs/srv/topic_type__rosidl_typesupport_introspection_cpp.hpp
[7.612s] -- Up-to-date symlink: /home/rosbot/dev_ws/install/rosapi_msgs/include/rosapi_msgs/srv/topics__rosidl_typesupport_introspection_cpp.hpp
[7.614s] -- Up-to-date symlink: /home/rosbot/dev_ws/install/rosapi_msgs/include/rosapi_msgs/srv/topics_and_raw_types__rosidl_typesupport_introspection_cpp.hpp
[7.614s] -- Up-to-date symlink: /home/rosbot/dev_ws/install/rosapi_msgs/include/rosapi_msgs/srv/topics_for_type__rosidl_typesupport_introspection_cpp.hpp
[7.616s] -- Up-to-date symlink: /home/rosbot/dev_ws/install/rosapi_msgs/lib/librosapi_msgs__rosidl_typesupport_introspection_cpp.so
[7.631s] -- Up-to-date symlink: /home/rosbot/dev_ws/install/rosapi_msgs/include/rosapi_msgs/msg/rosidl_typesupport_fastrtps_c__visibility_control.h
[7.632s] -- Up-to-date symlink: /home/rosbot/dev_ws/install/rosapi_msgs/include/rosapi_msgs/msg/type_def__rosidl_typesupport_fastrtps_c.h
[7.633s] -- Up-to-date symlink: /home/rosbot/dev_ws/install/rosapi_msgs/include/rosapi_msgs/srv/delete_param__rosidl_typesupport_fastrtps_c.h
[7.644s] -- Up-to-date symlink: /home/rosbot/dev_ws/install/rosapi_msgs/include/rosapi_msgs/srv/get_action_servers__rosidl_typesupport_fastrtps_c.h
[7.646s] -- Up-to-date symlink: /home/rosbot/dev_ws/install/rosapi_msgs/include/rosapi_msgs/srv/get_param__rosidl_typesupport_fastrtps_c.h
[7.647s] -- Up-to-date symlink: /home/rosbot/dev_ws/install/rosapi_msgs/include/rosapi_msgs/srv/get_param_names__rosidl_typesupport_fastrtps_c.h
[7.648s] -- Up-to-date symlink: /home/rosbot/dev_ws/install/rosapi_msgs/include/rosapi_msgs/srv/get_ros_version__rosidl_typesupport_fastrtps_c.h
[7.649s] -- Up-to-date symlink: /home/rosbot/dev_ws/install/rosapi_msgs/include/rosapi_msgs/srv/get_time__rosidl_typesupport_fastrtps_c.h
[7.654s] -- Up-to-date symlink: /home/rosbot/dev_ws/install/rosapi_msgs/include/rosapi_msgs/srv/has_param__rosidl_typesupport_fastrtps_c.h
[7.656s] -- Up-to-date symlink: /home/rosbot/dev_ws/install/rosapi_msgs/include/rosapi_msgs/srv/message_details__rosidl_typesupport_fastrtps_c.h
[7.658s] -- Up-to-date symlink: /home/rosbot/dev_ws/install/rosapi_msgs/include/rosapi_msgs/srv/node_details__rosidl_typesupport_fastrtps_c.h
[7.659s] -- Up-to-date symlink: /home/rosbot/dev_ws/install/rosapi_msgs/include/rosapi_msgs/srv/nodes__rosidl_typesupport_fastrtps_c.h
[7.660s] -- Up-to-date symlink: /home/rosbot/dev_ws/install/rosapi_msgs/include/rosapi_msgs/srv/publishers__rosidl_typesupport_fastrtps_c.h
[7.661s] -- Up-to-date symlink: /home/rosbot/dev_ws/install/rosapi_msgs/include/rosapi_msgs/srv/service_node__rosidl_typesupport_fastrtps_c.h
[7.662s] -- Up-to-date symlink: /home/rosbot/dev_ws/install/rosapi_msgs/include/rosapi_msgs/srv/service_providers__rosidl_typesupport_fastrtps_c.h
[7.668s] -- Up-to-date symlink: /home/rosbot/dev_ws/install/rosapi_msgs/include/rosapi_msgs/srv/service_request_details__rosidl_typesupport_fastrtps_c.h
[7.668s] -- Up-to-date symlink: /home/rosbot/dev_ws/install/rosapi_msgs/include/rosapi_msgs/srv/service_response_details__rosidl_typesupport_fastrtps_c.h
[7.680s] -- Up-to-date symlink: /home/rosbot/dev_ws/install/rosapi_msgs/include/rosapi_msgs/srv/service_type__rosidl_typesupport_fastrtps_c.h
[7.681s] -- Up-to-date symlink: /home/rosbot/dev_ws/install/rosapi_msgs/include/rosapi_msgs/srv/services__rosidl_typesupport_fastrtps_c.h
[7.683s] -- Up-to-date symlink: /home/rosbot/dev_ws/install/rosapi_msgs/include/rosapi_msgs/srv/services_for_type__rosidl_typesupport_fastrtps_c.h
[7.685s] -- Up-to-date symlink: /home/rosbot/dev_ws/install/rosapi_msgs/include/rosapi_msgs/srv/set_param__rosidl_typesupport_fastrtps_c.h
[7.685s] -- Up-to-date symlink: /home/rosbot/dev_ws/install/rosapi_msgs/include/rosapi_msgs/srv/subscribers__rosidl_typesupport_fastrtps_c.h
[7.688s] -- Up-to-date symlink: /home/rosbot/dev_ws/install/rosapi_msgs/include/rosapi_msgs/srv/topic_type__rosidl_typesupport_fastrtps_c.h
[7.689s] -- Up-to-date symlink: /home/rosbot/dev_ws/install/rosapi_msgs/include/rosapi_msgs/srv/topics__rosidl_typesupport_fastrtps_c.h
[7.698s] -- Up-to-date symlink: /home/rosbot/dev_ws/install/rosapi_msgs/include/rosapi_msgs/srv/topics_and_raw_types__rosidl_typesupport_fastrtps_c.h
[7.704s] -- Up-to-date symlink: /home/rosbot/dev_ws/install/rosapi_msgs/include/rosapi_msgs/srv/topics_for_type__rosidl_typesupport_fastrtps_c.h
[7.705s] -- Up-to-date symlink: /home/rosbot/dev_ws/install/rosapi_msgs/lib/librosapi_msgs__rosidl_typesupport_fastrtps_c.so
[7.715s] -- Up-to-date symlink: /home/rosbot/dev_ws/install/rosapi_msgs/include/rosapi_msgs/msg/rosidl_typesupport_fastrtps_cpp__visibility_control.h
[7.722s] -- Up-to-date symlink: /home/rosbot/dev_ws/install/rosapi_msgs/include/rosapi_msgs/msg/type_def__rosidl_typesupport_fastrtps_cpp.hpp
[7.723s] -- Up-to-date symlink: /home/rosbot/dev_ws/install/rosapi_msgs/include/rosapi_msgs/srv/delete_param__rosidl_typesupport_fastrtps_cpp.hpp
[7.724s] -- Up-to-date symlink: /home/rosbot/dev_ws/install/rosapi_msgs/include/rosapi_msgs/srv/get_action_servers__rosidl_typesupport_fastrtps_cpp.hpp
[7.724s] -- Up-to-date symlink: /home/rosbot/dev_ws/install/rosapi_msgs/include/rosapi_msgs/srv/get_param__rosidl_typesupport_fastrtps_cpp.hpp
[7.725s] -- Up-to-date symlink: /home/rosbot/dev_ws/install/rosapi_msgs/include/rosapi_msgs/srv/get_param_names__rosidl_typesupport_fastrtps_cpp.hpp
[7.725s] -- Up-to-date symlink: /home/rosbot/dev_ws/install/rosapi_msgs/include/rosapi_msgs/srv/get_ros_version__rosidl_typesupport_fastrtps_cpp.hpp
[7.726s] -- Up-to-date symlink: /home/rosbot/dev_ws/install/rosapi_msgs/include/rosapi_msgs/srv/get_time__rosidl_typesupport_fastrtps_cpp.hpp
[7.727s] -- Up-to-date symlink: /home/rosbot/dev_ws/install/rosapi_msgs/include/rosapi_msgs/srv/has_param__rosidl_typesupport_fastrtps_cpp.hpp
[7.727s] -- Up-to-date symlink: /home/rosbot/dev_ws/install/rosapi_msgs/include/rosapi_msgs/srv/message_details__rosidl_typesupport_fastrtps_cpp.hpp
[7.728s] -- Up-to-date symlink: /home/rosbot/dev_ws/install/rosapi_msgs/include/rosapi_msgs/srv/node_details__rosidl_typesupport_fastrtps_cpp.hpp
[7.729s] -- Up-to-date symlink: /home/rosbot/dev_ws/install/rosapi_msgs/include/rosapi_msgs/srv/nodes__rosidl_typesupport_fastrtps_cpp.hpp
[7.729s] -- Up-to-date symlink: /home/rosbot/dev_ws/install/rosapi_msgs/include/rosapi_msgs/srv/publishers__rosidl_typesupport_fastrtps_cpp.hpp
[7.730s] -- Up-to-date symlink: /home/rosbot/dev_ws/install/rosapi_msgs/include/rosapi_msgs/srv/service_node__rosidl_typesupport_fastrtps_cpp.hpp
[7.730s] -- Up-to-date symlink: /home/rosbot/dev_ws/install/rosapi_msgs/include/rosapi_msgs/srv/service_providers__rosidl_typesupport_fastrtps_cpp.hpp
[7.731s] -- Up-to-date symlink: /home/rosbot/dev_ws/install/rosapi_msgs/include/rosapi_msgs/srv/service_request_details__rosidl_typesupport_fastrtps_cpp.hpp
[7.732s] -- Up-to-date symlink: /home/rosbot/dev_ws/install/rosapi_msgs/include/rosapi_msgs/srv/service_response_details__rosidl_typesupport_fastrtps_cpp.hpp
[7.732s] -- Up-to-date symlink: /home/rosbot/dev_ws/install/rosapi_msgs/include/rosapi_msgs/srv/service_type__rosidl_typesupport_fastrtps_cpp.hpp
[7.733s] -- Up-to-date symlink: /home/rosbot/dev_ws/install/rosapi_msgs/include/rosapi_msgs/srv/services__rosidl_typesupport_fastrtps_cpp.hpp
[7.733s] -- Up-to-date symlink: /home/rosbot/dev_ws/install/rosapi_msgs/include/rosapi_msgs/srv/services_for_type__rosidl_typesupport_fastrtps_cpp.hpp
[7.734s] -- Up-to-date symlink: /home/rosbot/dev_ws/install/rosapi_msgs/include/rosapi_msgs/srv/set_param__rosidl_typesupport_fastrtps_cpp.hpp
[7.737s] -- Up-to-date symlink: /home/rosbot/dev_ws/install/rosapi_msgs/include/rosapi_msgs/srv/subscribers__rosidl_typesupport_fastrtps_cpp.hpp
[7.737s] -- Up-to-date symlink: /home/rosbot/dev_ws/install/rosapi_msgs/include/rosapi_msgs/srv/topic_type__rosidl_typesupport_fastrtps_cpp.hpp
[7.738s] -- Up-to-date symlink: /home/rosbot/dev_ws/install/rosapi_msgs/include/rosapi_msgs/srv/topics__rosidl_typesupport_fastrtps_cpp.hpp
[7.740s] -- Up-to-date symlink: /home/rosbot/dev_ws/install/rosapi_msgs/include/rosapi_msgs/srv/topics_and_raw_types__rosidl_typesupport_fastrtps_cpp.hpp
[7.741s] -- Up-to-date symlink: /home/rosbot/dev_ws/install/rosapi_msgs/include/rosapi_msgs/srv/topics_for_type__rosidl_typesupport_fastrtps_cpp.hpp
[7.742s] -- Up-to-date symlink: /home/rosbot/dev_ws/install/rosapi_msgs/lib/librosapi_msgs__rosidl_typesupport_fastrtps_cpp.so
[7.743s] -- Up-to-date symlink: /home/rosbot/dev_ws/install/rosapi_msgs/share/rosapi_msgs/environment/pythonpath.sh
[7.743s] -- Up-to-date symlink: /home/rosbot/dev_ws/install/rosapi_msgs/share/rosapi_msgs/environment/pythonpath.dsv
[7.746s] -- Up-to-date symlink: /home/rosbot/dev_ws/install/rosapi_msgs/lib/python3.6/site-packages/rosapi_msgs/__init__.py
[7.758s] -- Up-to-date symlink: /home/rosbot/dev_ws/install/rosapi_msgs/lib/python3.6/site-packages/rosapi_msgs/msg/__init__.py
[7.759s] -- Up-to-date symlink: /home/rosbot/dev_ws/install/rosapi_msgs/lib/python3.6/site-packages/rosapi_msgs/msg/_type_def.py
[7.763s] -- Up-to-date symlink: /home/rosbot/dev_ws/install/rosapi_msgs/lib/python3.6/site-packages/rosapi_msgs/srv/__init__.py
[7.764s] -- Up-to-date symlink: /home/rosbot/dev_ws/install/rosapi_msgs/lib/python3.6/site-packages/rosapi_msgs/srv/_delete_param.py
[7.765s] -- Up-to-date symlink: /home/rosbot/dev_ws/install/rosapi_msgs/lib/python3.6/site-packages/rosapi_msgs/srv/_get_action_servers.py
[7.769s] -- Up-to-date symlink: /home/rosbot/dev_ws/install/rosapi_msgs/lib/python3.6/site-packages/rosapi_msgs/srv/_get_param.py
[7.788s] -- Up-to-date symlink: /home/rosbot/dev_ws/install/rosapi_msgs/lib/python3.6/site-packages/rosapi_msgs/srv/_get_param_names.py
[7.800s] -- Up-to-date symlink: /home/rosbot/dev_ws/install/rosapi_msgs/lib/python3.6/site-packages/rosapi_msgs/srv/_get_ros_version.py
[7.801s] -- Up-to-date symlink: /home/rosbot/dev_ws/install/rosapi_msgs/lib/python3.6/site-packages/rosapi_msgs/srv/_get_time.py
[7.802s] -- Up-to-date symlink: /home/rosbot/dev_ws/install/rosapi_msgs/lib/python3.6/site-packages/rosapi_msgs/srv/_has_param.py
[7.802s] -- Up-to-date symlink: /home/rosbot/dev_ws/install/rosapi_msgs/lib/python3.6/site-packages/rosapi_msgs/srv/_message_details.py
[7.819s] -- Up-to-date symlink: /home/rosbot/dev_ws/install/rosapi_msgs/lib/python3.6/site-packages/rosapi_msgs/srv/_node_details.py
[7.841s] -- Up-to-date symlink: /home/rosbot/dev_ws/install/rosapi_msgs/lib/python3.6/site-packages/rosapi_msgs/srv/_nodes.py
[7.842s] -- Up-to-date symlink: /home/rosbot/dev_ws/install/rosapi_msgs/lib/python3.6/site-packages/rosapi_msgs/srv/_publishers.py
[7.843s] -- Up-to-date symlink: /home/rosbot/dev_ws/install/rosapi_msgs/lib/python3.6/site-packages/rosapi_msgs/srv/_service_node.py
[7.843s] -- Up-to-date symlink: /home/rosbot/dev_ws/install/rosapi_msgs/lib/python3.6/site-packages/rosapi_msgs/srv/_service_providers.py
[7.844s] -- Up-to-date symlink: /home/rosbot/dev_ws/install/rosapi_msgs/lib/python3.6/site-packages/rosapi_msgs/srv/_service_request_details.py
[7.844s] -- Up-to-date symlink: /home/rosbot/dev_ws/install/rosapi_msgs/lib/python3.6/site-packages/rosapi_msgs/srv/_service_response_details.py
[7.845s] -- Up-to-date symlink: /home/rosbot/dev_ws/install/rosapi_msgs/lib/python3.6/site-packages/rosapi_msgs/srv/_service_type.py
[7.846s] -- Up-to-date symlink: /home/rosbot/dev_ws/install/rosapi_msgs/lib/python3.6/site-packages/rosapi_msgs/srv/_services.py
[7.846s] -- Up-to-date symlink: /home/rosbot/dev_ws/install/rosapi_msgs/lib/python3.6/site-packages/rosapi_msgs/srv/_services_for_type.py
[7.847s] -- Up-to-date symlink: /home/rosbot/dev_ws/install/rosapi_msgs/lib/python3.6/site-packages/rosapi_msgs/srv/_set_param.py
[7.848s] -- Up-to-date symlink: /home/rosbot/dev_ws/install/rosapi_msgs/lib/python3.6/site-packages/rosapi_msgs/srv/_subscribers.py
[7.848s] -- Up-to-date symlink: /home/rosbot/dev_ws/install/rosapi_msgs/lib/python3.6/site-packages/rosapi_msgs/srv/_topic_type.py
[7.849s] -- Up-to-date symlink: /home/rosbot/dev_ws/install/rosapi_msgs/lib/python3.6/site-packages/rosapi_msgs/srv/_topics.py
[7.850s] -- Up-to-date symlink: /home/rosbot/dev_ws/install/rosapi_msgs/lib/python3.6/site-packages/rosapi_msgs/srv/_topics_and_raw_types.py
[7.850s] -- Up-to-date symlink: /home/rosbot/dev_ws/install/rosapi_msgs/lib/python3.6/site-packages/rosapi_msgs/srv/_topics_for_type.py
[7.851s] -- Up-to-date symlink: /home/rosbot/dev_ws/install/rosapi_msgs/lib/python3.6/site-packages/rosapi_msgs/rosapi_msgs_s__rosidl_typesupport_c.cpython-36m-aarch64-linux-gnu.so
[7.852s] -- Up-to-date symlink: /home/rosbot/dev_ws/install/rosapi_msgs/lib/python3.6/site-packages/rosapi_msgs/rosapi_msgs_s__rosidl_typesupport_fastrtps_c.cpython-36m-aarch64-linux-gnu.so
[7.852s] -- Up-to-date symlink: /home/rosbot/dev_ws/install/rosapi_msgs/lib/librosapi_msgs__python.so
[7.853s] -- Up-to-date symlink: /home/rosbot/dev_ws/install/rosapi_msgs/share/rosapi_msgs/msg/TypeDef.idl
[7.854s] -- Up-to-date symlink: /home/rosbot/dev_ws/install/rosapi_msgs/share/rosapi_msgs/srv/DeleteParam.idl
[7.854s] -- Up-to-date symlink: /home/rosbot/dev_ws/install/rosapi_msgs/share/rosapi_msgs/srv/GetActionServers.idl
[7.855s] -- Up-to-date symlink: /home/rosbot/dev_ws/install/rosapi_msgs/share/rosapi_msgs/srv/GetParam.idl
[7.856s] -- Up-to-date symlink: /home/rosbot/dev_ws/install/rosapi_msgs/share/rosapi_msgs/srv/GetParamNames.idl
[7.856s] -- Up-to-date symlink: /home/rosbot/dev_ws/install/rosapi_msgs/share/rosapi_msgs/srv/GetROSVersion.idl
[7.858s] -- Up-to-date symlink: /home/rosbot/dev_ws/install/rosapi_msgs/share/rosapi_msgs/srv/GetTime.idl
[7.858s] -- Up-to-date symlink: /home/rosbot/dev_ws/install/rosapi_msgs/share/rosapi_msgs/srv/HasParam.idl
[7.859s] -- Up-to-date symlink: /home/rosbot/dev_ws/install/rosapi_msgs/share/rosapi_msgs/srv/MessageDetails.idl
[7.860s] -- Up-to-date symlink: /home/rosbot/dev_ws/install/rosapi_msgs/share/rosapi_msgs/srv/Nodes.idl
[7.860s] -- Up-to-date symlink: /home/rosbot/dev_ws/install/rosapi_msgs/share/rosapi_msgs/srv/NodeDetails.idl
[7.861s] -- Up-to-date symlink: /home/rosbot/dev_ws/install/rosapi_msgs/share/rosapi_msgs/srv/Publishers.idl
[7.862s] -- Up-to-date symlink: /home/rosbot/dev_ws/install/rosapi_msgs/share/rosapi_msgs/srv/ServiceNode.idl
[7.862s] -- Up-to-date symlink: /home/rosbot/dev_ws/install/rosapi_msgs/share/rosapi_msgs/srv/ServiceProviders.idl
[7.863s] -- Up-to-date symlink: /home/rosbot/dev_ws/install/rosapi_msgs/share/rosapi_msgs/srv/ServiceRequestDetails.idl
[7.864s] -- Up-to-date symlink: /home/rosbot/dev_ws/install/rosapi_msgs/share/rosapi_msgs/srv/ServiceResponseDetails.idl
[7.864s] -- Up-to-date symlink: /home/rosbot/dev_ws/install/rosapi_msgs/share/rosapi_msgs/srv/Services.idl
[7.865s] -- Up-to-date symlink: /home/rosbot/dev_ws/install/rosapi_msgs/share/rosapi_msgs/srv/ServicesForType.idl
[7.866s] -- Up-to-date symlink: /home/rosbot/dev_ws/install/rosapi_msgs/share/rosapi_msgs/srv/ServiceType.idl
[7.866s] -- Up-to-date symlink: /home/rosbot/dev_ws/install/rosapi_msgs/share/rosapi_msgs/srv/SetParam.idl
[7.879s] -- Up-to-date symlink: /home/rosbot/dev_ws/install/rosapi_msgs/share/rosapi_msgs/srv/Subscribers.idl
[7.880s] -- Up-to-date symlink: /home/rosbot/dev_ws/install/rosapi_msgs/share/rosapi_msgs/srv/Topics.idl
[7.891s] -- Up-to-date symlink: /home/rosbot/dev_ws/install/rosapi_msgs/share/rosapi_msgs/srv/TopicsAndRawTypes.idl
[7.897s] -- Up-to-date symlink: /home/rosbot/dev_ws/install/rosapi_msgs/share/rosapi_msgs/srv/TopicsForType.idl
[7.897s] -- Up-to-date symlink: /home/rosbot/dev_ws/install/rosapi_msgs/share/rosapi_msgs/srv/TopicType.idl
[7.898s] -- Up-to-date symlink: /home/rosbot/dev_ws/install/rosapi_msgs/share/rosapi_msgs/msg/TypeDef.msg
[7.899s] -- Up-to-date symlink: /home/rosbot/dev_ws/install/rosapi_msgs/share/rosapi_msgs/srv/DeleteParam.srv
[7.899s] -- Up-to-date symlink: /home/rosbot/dev_ws/install/rosapi_msgs/share/rosapi_msgs/srv/DeleteParam_Request.msg
[7.900s] -- Up-to-date symlink: /home/rosbot/dev_ws/install/rosapi_msgs/share/rosapi_msgs/srv/DeleteParam_Response.msg
[7.900s] -- Up-to-date symlink: /home/rosbot/dev_ws/install/rosapi_msgs/share/rosapi_msgs/srv/GetActionServers.srv
[7.901s] -- Up-to-date symlink: /home/rosbot/dev_ws/install/rosapi_msgs/share/rosapi_msgs/srv/GetActionServers_Request.msg
[7.902s] -- Up-to-date symlink: /home/rosbot/dev_ws/install/rosapi_msgs/share/rosapi_msgs/srv/GetActionServers_Response.msg
[7.902s] -- Up-to-date symlink: /home/rosbot/dev_ws/install/rosapi_msgs/share/rosapi_msgs/srv/GetParam.srv
[7.903s] -- Up-to-date symlink: /home/rosbot/dev_ws/install/rosapi_msgs/share/rosapi_msgs/srv/GetParam_Request.msg
[7.903s] -- Up-to-date symlink: /home/rosbot/dev_ws/install/rosapi_msgs/share/rosapi_msgs/srv/GetParam_Response.msg
[7.904s] -- Up-to-date symlink: /home/rosbot/dev_ws/install/rosapi_msgs/share/rosapi_msgs/srv/GetParamNames.srv
[7.904s] -- Up-to-date symlink: /home/rosbot/dev_ws/install/rosapi_msgs/share/rosapi_msgs/srv/GetParamNames_Request.msg
[7.905s] -- Up-to-date symlink: /home/rosbot/dev_ws/install/rosapi_msgs/share/rosapi_msgs/srv/GetParamNames_Response.msg
[7.906s] -- Up-to-date symlink: /home/rosbot/dev_ws/install/rosapi_msgs/share/rosapi_msgs/srv/GetROSVersion.srv
[7.906s] -- Up-to-date symlink: /home/rosbot/dev_ws/install/rosapi_msgs/share/rosapi_msgs/srv/GetROSVersion_Request.msg
[7.907s] -- Up-to-date symlink: /home/rosbot/dev_ws/install/rosapi_msgs/share/rosapi_msgs/srv/GetROSVersion_Response.msg
[7.907s] -- Up-to-date symlink: /home/rosbot/dev_ws/install/rosapi_msgs/share/rosapi_msgs/srv/GetTime.srv
[7.908s] -- Up-to-date symlink: /home/rosbot/dev_ws/install/rosapi_msgs/share/rosapi_msgs/srv/GetTime_Request.msg
[7.909s] -- Up-to-date symlink: /home/rosbot/dev_ws/install/rosapi_msgs/share/rosapi_msgs/srv/GetTime_Response.msg
[7.909s] -- Up-to-date symlink: /home/rosbot/dev_ws/install/rosapi_msgs/share/rosapi_msgs/srv/HasParam.srv
[7.910s] -- Up-to-date symlink: /home/rosbot/dev_ws/install/rosapi_msgs/share/rosapi_msgs/srv/HasParam_Request.msg
[7.923s] -- Up-to-date symlink: /home/rosbot/dev_ws/install/rosapi_msgs/share/rosapi_msgs/srv/HasParam_Response.msg
[7.925s] -- Up-to-date symlink: /home/rosbot/dev_ws/install/rosapi_msgs/share/rosapi_msgs/srv/MessageDetails.srv
[7.926s] -- Up-to-date symlink: /home/rosbot/dev_ws/install/rosapi_msgs/share/rosapi_msgs/srv/MessageDetails_Request.msg
[7.926s] -- Up-to-date symlink: /home/rosbot/dev_ws/install/rosapi_msgs/share/rosapi_msgs/srv/MessageDetails_Response.msg
[7.927s] -- Up-to-date symlink: /home/rosbot/dev_ws/install/rosapi_msgs/share/rosapi_msgs/srv/Nodes.srv
[7.927s] -- Up-to-date symlink: /home/rosbot/dev_ws/install/rosapi_msgs/share/rosapi_msgs/srv/Nodes_Request.msg
[7.928s] -- Up-to-date symlink: /home/rosbot/dev_ws/install/rosapi_msgs/share/rosapi_msgs/srv/Nodes_Response.msg
[7.928s] -- Up-to-date symlink: /home/rosbot/dev_ws/install/rosapi_msgs/share/rosapi_msgs/srv/NodeDetails.srv
[7.929s] -- Up-to-date symlink: /home/rosbot/dev_ws/install/rosapi_msgs/share/rosapi_msgs/srv/NodeDetails_Request.msg
[7.929s] -- Up-to-date symlink: /home/rosbot/dev_ws/install/rosapi_msgs/share/rosapi_msgs/srv/NodeDetails_Response.msg
[7.930s] -- Up-to-date symlink: /home/rosbot/dev_ws/install/rosapi_msgs/share/rosapi_msgs/srv/Publishers.srv
[7.930s] -- Up-to-date symlink: /home/rosbot/dev_ws/install/rosapi_msgs/share/rosapi_msgs/srv/Publishers_Request.msg
[7.931s] -- Up-to-date symlink: /home/rosbot/dev_ws/install/rosapi_msgs/share/rosapi_msgs/srv/Publishers_Response.msg
[7.931s] -- Up-to-date symlink: /home/rosbot/dev_ws/install/rosapi_msgs/share/rosapi_msgs/srv/ServiceNode.srv
[7.932s] -- Up-to-date symlink: /home/rosbot/dev_ws/install/rosapi_msgs/share/rosapi_msgs/srv/ServiceNode_Request.msg
[7.932s] -- Up-to-date symlink: /home/rosbot/dev_ws/install/rosapi_msgs/share/rosapi_msgs/srv/ServiceNode_Response.msg
[7.933s] -- Up-to-date symlink: /home/rosbot/dev_ws/install/rosapi_msgs/share/rosapi_msgs/srv/ServiceProviders.srv
[7.933s] -- Up-to-date symlink: /home/rosbot/dev_ws/install/rosapi_msgs/share/rosapi_msgs/srv/ServiceProviders_Request.msg
[7.934s] -- Up-to-date symlink: /home/rosbot/dev_ws/install/rosapi_msgs/share/rosapi_msgs/srv/ServiceProviders_Response.msg
[7.934s] -- Up-to-date symlink: /home/rosbot/dev_ws/install/rosapi_msgs/share/rosapi_msgs/srv/ServiceRequestDetails.srv
[7.935s] -- Up-to-date symlink: /home/rosbot/dev_ws/install/rosapi_msgs/share/rosapi_msgs/srv/ServiceRequestDetails_Request.msg
[7.951s] -- Up-to-date symlink: /home/rosbot/dev_ws/install/rosapi_msgs/share/rosapi_msgs/srv/ServiceRequestDetails_Response.msg
[7.952s] -- Up-to-date symlink: /home/rosbot/dev_ws/install/rosapi_msgs/share/rosapi_msgs/srv/ServiceResponseDetails.srv
[7.952s] -- Up-to-date symlink: /home/rosbot/dev_ws/install/rosapi_msgs/share/rosapi_msgs/srv/ServiceResponseDetails_Request.msg
[7.953s] -- Up-to-date symlink: /home/rosbot/dev_ws/install/rosapi_msgs/share/rosapi_msgs/srv/ServiceResponseDetails_Response.msg
[7.953s] -- Up-to-date symlink: /home/rosbot/dev_ws/install/rosapi_msgs/share/rosapi_msgs/srv/Services.srv
[7.954s] -- Up-to-date symlink: /home/rosbot/dev_ws/install/rosapi_msgs/share/rosapi_msgs/srv/Services_Request.msg
[7.955s] -- Up-to-date symlink: /home/rosbot/dev_ws/install/rosapi_msgs/share/rosapi_msgs/srv/Services_Response.msg
[7.955s] -- Up-to-date symlink: /home/rosbot/dev_ws/install/rosapi_msgs/share/rosapi_msgs/srv/ServicesForType.srv
[7.956s] -- Up-to-date symlink: /home/rosbot/dev_ws/install/rosapi_msgs/share/rosapi_msgs/srv/ServicesForType_Request.msg
[7.956s] -- Up-to-date symlink: /home/rosbot/dev_ws/install/rosapi_msgs/share/rosapi_msgs/srv/ServicesForType_Response.msg
[7.957s] -- Up-to-date symlink: /home/rosbot/dev_ws/install/rosapi_msgs/share/rosapi_msgs/srv/ServiceType.srv
[7.958s] -- Up-to-date symlink: /home/rosbot/dev_ws/install/rosapi_msgs/share/rosapi_msgs/srv/ServiceType_Request.msg
[7.959s] -- Up-to-date symlink: /home/rosbot/dev_ws/install/rosapi_msgs/share/rosapi_msgs/srv/ServiceType_Response.msg
[7.959s] -- Up-to-date symlink: /home/rosbot/dev_ws/install/rosapi_msgs/share/rosapi_msgs/srv/SetParam.srv
[7.960s] -- Up-to-date symlink: /home/rosbot/dev_ws/install/rosapi_msgs/share/rosapi_msgs/srv/SetParam_Request.msg
[7.961s] -- Up-to-date symlink: /home/rosbot/dev_ws/install/rosapi_msgs/share/rosapi_msgs/srv/SetParam_Response.msg
[7.961s] -- Up-to-date symlink: /home/rosbot/dev_ws/install/rosapi_msgs/share/rosapi_msgs/srv/Subscribers.srv
[7.962s] -- Up-to-date symlink: /home/rosbot/dev_ws/install/rosapi_msgs/share/rosapi_msgs/srv/Subscribers_Request.msg
[7.962s] -- Up-to-date symlink: /home/rosbot/dev_ws/install/rosapi_msgs/share/rosapi_msgs/srv/Subscribers_Response.msg
[7.963s] -- Up-to-date symlink: /home/rosbot/dev_ws/install/rosapi_msgs/share/rosapi_msgs/srv/Topics.srv
[7.963s] -- Up-to-date symlink: /home/rosbot/dev_ws/install/rosapi_msgs/share/rosapi_msgs/srv/Topics_Request.msg
[7.964s] -- Up-to-date symlink: /home/rosbot/dev_ws/install/rosapi_msgs/share/rosapi_msgs/srv/Topics_Response.msg
[7.964s] -- Up-to-date symlink: /home/rosbot/dev_ws/install/rosapi_msgs/share/rosapi_msgs/srv/TopicsAndRawTypes.srv
[7.966s] -- Up-to-date symlink: /home/rosbot/dev_ws/install/rosapi_msgs/share/rosapi_msgs/srv/TopicsAndRawTypes_Request.msg
[7.975s] -- Up-to-date symlink: /home/rosbot/dev_ws/install/rosapi_msgs/share/rosapi_msgs/srv/TopicsAndRawTypes_Response.msg
[8.035s] -- Up-to-date symlink: /home/rosbot/dev_ws/install/rosapi_msgs/share/rosapi_msgs/srv/TopicsForType.srv
[8.049s] -- Up-to-date symlink: /home/rosbot/dev_ws/install/rosapi_msgs/share/rosapi_msgs/srv/TopicsForType_Request.msg
[8.050s] -- Up-to-date symlink: /home/rosbot/dev_ws/install/rosapi_msgs/share/rosapi_msgs/srv/TopicsForType_Response.msg
[8.051s] -- Up-to-date symlink: /home/rosbot/dev_ws/install/rosapi_msgs/share/rosapi_msgs/srv/TopicType.srv
[8.061s] -- Up-to-date symlink: /home/rosbot/dev_ws/install/rosapi_msgs/share/rosapi_msgs/srv/TopicType_Request.msg
[8.063s] -- Up-to-date symlink: /home/rosbot/dev_ws/install/rosapi_msgs/share/rosapi_msgs/srv/TopicType_Response.msg
[8.065s] -- Up-to-date symlink: /home/rosbot/dev_ws/install/rosapi_msgs/share/ament_index/resource_index/package_run_dependencies/rosapi_msgs
[8.067s] -- Up-to-date symlink: /home/rosbot/dev_ws/install/rosapi_msgs/share/ament_index/resource_index/parent_prefix_path/rosapi_msgs
[8.088s] -- Up-to-date symlink: /home/rosbot/dev_ws/install/rosapi_msgs/share/rosapi_msgs/environment/ament_prefix_path.sh
[8.110s] -- Up-to-date symlink: /home/rosbot/dev_ws/install/rosapi_msgs/share/rosapi_msgs/environment/ament_prefix_path.dsv
[8.131s] -- Up-to-date symlink: /home/rosbot/dev_ws/install/rosapi_msgs/share/rosapi_msgs/environment/path.sh
[8.134s] -- Up-to-date symlink: /home/rosbot/dev_ws/install/rosapi_msgs/share/rosapi_msgs/environment/path.dsv
[8.137s] -- Up-to-date symlink: /home/rosbot/dev_ws/install/rosapi_msgs/share/rosapi_msgs/local_setup.bash
[8.138s] -- Up-to-date symlink: /home/rosbot/dev_ws/install/rosapi_msgs/share/rosapi_msgs/local_setup.sh
[8.139s] -- Up-to-date symlink: /home/rosbot/dev_ws/install/rosapi_msgs/share/rosapi_msgs/local_setup.zsh
[8.139s] -- Up-to-date symlink: /home/rosbot/dev_ws/install/rosapi_msgs/share/rosapi_msgs/local_setup.dsv
[8.142s] -- Symlinking: /home/rosbot/dev_ws/install/rosapi_msgs/share/rosapi_msgs/package.dsv
[8.234s] -- Up-to-date symlink: /home/rosbot/dev_ws/install/rosapi_msgs/share/ament_index/resource_index/packages/rosapi_msgs
[8.255s] -- Up-to-date symlink: /home/rosbot/dev_ws/install/rosapi_msgs/share/rosapi_msgs/cmake/rosidl_cmake-extras.cmake
[8.271s] -- Up-to-date symlink: /home/rosbot/dev_ws/install/rosapi_msgs/share/rosapi_msgs/cmake/ament_cmake_export_dependencies-extras.cmake
[8.282s] -- Up-to-date symlink: /home/rosbot/dev_ws/install/rosapi_msgs/share/rosapi_msgs/cmake/ament_cmake_export_include_directories-extras.cmake
[8.287s] -- Up-to-date symlink: /home/rosbot/dev_ws/install/rosapi_msgs/share/rosapi_msgs/cmake/ament_cmake_export_libraries-extras.cmake
[8.288s] -- Up-to-date symlink: /home/rosbot/dev_ws/install/rosapi_msgs/share/rosapi_msgs/cmake/rosapi_msgsConfig.cmake
[8.291s] -- Up-to-date symlink: /home/rosbot/dev_ws/install/rosapi_msgs/share/rosapi_msgs/cmake/rosapi_msgsConfig-version.cmake
[8.293s] -- Up-to-date symlink: /home/rosbot/dev_ws/install/rosapi_msgs/share/rosapi_msgs/package.xml
[8.715s] Invoked command in '/home/rosbot/dev_ws/build/rosapi_msgs' returned '0': CMAKE_PREFIX_PATH=/opt/ros/eloquent /usr/bin/cmake --build /home/rosbot/dev_ws/build/rosapi_msgs --target install -- -j4 -l4
