[7.101s] Invoking command in '/home/rosbot/dev_ws/build/py_pubsub': PYTHONPATH=/home/rosbot/dev_ws/install/py_pubsub/lib/python3.6/site-packages:${PYTHONPATH} /usr/bin/python3 setup.py develop --prefix /home/rosbot/dev_ws/install/py_pubsub --editable --build-directory /home/rosbot/dev_ws/build/py_pubsub/build --no-deps install_data --install-dir /home/rosbot/dev_ws/install/py_pubsub
[8.878s] /home/rosbot/.local/lib/python3.6/site-packages/setuptools/dist.py:726: UserWarning: Usage of dash-separated 'script-dir' will not be supported in future versions. Please use the underscore name 'script_dir' instead
[8.879s]   % (opt, underscore_opt)
[8.880s] /home/rosbot/.local/lib/python3.6/site-packages/setuptools/dist.py:726: UserWarning: Usage of dash-separated 'install-scripts' will not be supported in future versions. Please use the underscore name 'install_scripts' instead
[8.881s]   % (opt, underscore_opt)
[9.178s] running develop
[9.179s] /home/rosbot/.local/lib/python3.6/site-packages/setuptools/command/easy_install.py:159: EasyInstallDeprecationWarning: easy_install command is deprecated. Use build and pip and other standards-based tools.
[9.180s]   EasyInstallDeprecationWarning,
[9.185s] /home/rosbot/.local/lib/python3.6/site-packages/setuptools/command/install.py:37: SetuptoolsDeprecationWarning: setup.py install is deprecated. Use build and pip and other standards-based tools.
[9.186s]   setuptools.SetuptoolsDeprecationWarning,
[9.542s] /home/rosbot/.local/lib/python3.6/site-packages/pkg_resources/__init__.py:119: PkgResourcesDeprecationWarning: 0.18ubuntu0.18.04.1 is an invalid version and will not be supported in a future release
[9.543s]   PkgResourcesDeprecationWarning,
[10.100s] running egg_info
[10.101s] writing py_pubsub.egg-info/PKG-INFO
[10.102s] writing dependency_links to py_pubsub.egg-info/dependency_links.txt
[10.102s] writing entry points to py_pubsub.egg-info/entry_points.txt
[10.103s] writing requirements to py_pubsub.egg-info/requires.txt
[10.104s] writing top-level names to py_pubsub.egg-info/top_level.txt
[10.118s] reading manifest file 'py_pubsub.egg-info/SOURCES.txt'
[10.124s] writing manifest file 'py_pubsub.egg-info/SOURCES.txt'
[10.144s] running build_ext
[10.145s] Creating /home/rosbot/dev_ws/install/py_pubsub/lib/python3.6/site-packages/py-pubsub.egg-link (link to .)
[10.156s] Installing listener script to /home/rosbot/dev_ws/install/py_pubsub/lib/py_pubsub
[10.156s] Installing talker script to /home/rosbot/dev_ws/install/py_pubsub/lib/py_pubsub
[10.166s] 
[10.167s] Installed /home/rosbot/dev_ws/build/py_pubsub
[10.168s] running install_data
[10.346s] Invoked command in '/home/rosbot/dev_ws/build/py_pubsub' returned '0': PYTHONPATH=/home/rosbot/dev_ws/install/py_pubsub/lib/python3.6/site-packages:${PYTHONPATH} /usr/bin/python3 setup.py develop --prefix /home/rosbot/dev_ws/install/py_pubsub --editable --build-directory /home/rosbot/dev_ws/build/py_pubsub/build --no-deps install_data --install-dir /home/rosbot/dev_ws/install/py_pubsub
